#
# There is insufficient memory for the Java Runtime Environment to continue.
# Native memory allocation (malloc) failed to allocate 904016 bytes for Chunk::new
# Possible reasons:
#   The system is out of physical RAM or swap space
#   The process is running with CompressedOops enabled, and the Java Heap may be blocking the growth of the native heap
# Possible solutions:
#   Reduce memory load on the system
#   Increase physical memory or swap space
#   Check if swap backing store is full
#   Decrease Java heap size (-Xmx/-Xms)
#   Decrease number of Java threads
#   Decrease Java thread stack sizes (-Xss)
#   Set larger code cache with -XX:ReservedCodeCacheSize=
#   JVM is running with Unscaled Compressed Oops mode in which the Java heap is
#     placed in the first 4GB address space. The Java Heap base address is the
#     maximum limit for the native heap growth. Please use -XX:HeapBaseMinAddress
#     to set the Java Heap base and to place the Java Heap above 4GB virtual address.
# This output file may be truncated or incomplete.
#
#  Out of Memory Error (./src/hotspot/share/memory/arena.cpp:197), pid=13748, tid=14352
#
# JRE version: OpenJDK Runtime Environment (11.0.11+9) (build 11.0.11+9-b60-7590822)
# Java VM: OpenJDK 64-Bit Server VM (11.0.11+9-b60-7590822, mixed mode, tiered, compressed oops, g1 gc, windows-amd64)
# No core dump will be written. Minidumps are not enabled by default on client versions of Windows
#

---------------  S U M M A R Y ------------

Command Line: --add-opens=java.base/java.util=ALL-UNNAMED --add-opens=java.base/java.lang=ALL-UNNAMED --add-opens=java.base/java.lang.invoke=ALL-UNNAMED --add-opens=java.base/java.util=ALL-UNNAMED --add-opens=java.prefs/java.util.prefs=ALL-UNNAMED --add-opens=java.prefs/java.util.prefs=ALL-UNNAMED --add-opens=java.base/java.nio.charset=ALL-UNNAMED --add-opens=java.base/java.net=ALL-UNNAMED --add-opens=java.base/java.util.concurrent.atomic=ALL-UNNAMED -Xmx2048m -Dfile.encoding=UTF-8 -Duser.country=US -Duser.language=en -Duser.variant org.gradle.launcher.daemon.bootstrap.GradleDaemon 7.2

Host: Intel(R) Core(TM) i7-8550U CPU @ 1.80GHz, 8 cores, 7G,  Windows 10 , 64 bit Build 19041 (10.0.19041.1566)
Time: Sat Apr  9 01:18:10 2022 Arab Standard Time elapsed time: 264.813337 seconds (0d 0h 4m 24s)

---------------  T H R E A D  ---------------

Current thread (0x0000020e0097e000):  JavaThread "C2 CompilerThread1" daemon [_thread_in_native, id=14352, stack(0x00000046cad00000,0x00000046cae00000)]


Current CompileTask:
C2: 264813 9306       4       java.lang.reflect.AccessibleObject::checkCanSetAccessible (386 bytes)

Stack: [0x00000046cad00000,0x00000046cae00000]
Native frames: (J=compiled Java code, j=interpreted, Vv=VM code, C=native code)
V  [jvm.dll+0x5f214a]
V  [jvm.dll+0x726fb5]
V  [jvm.dll+0x7285cd]
V  [jvm.dll+0x728c83]
V  [jvm.dll+0x243278]
V  [jvm.dll+0xbc53c]
V  [jvm.dll+0xbca3c]
V  [jvm.dll+0x353e3b]
V  [jvm.dll+0x19875c]
V  [jvm.dll+0x1fc2ee]
V  [jvm.dll+0x1fb3d4]
V  [jvm.dll+0x183d6c]
V  [jvm.dll+0x209a57]
V  [jvm.dll+0x2082a1]
V  [jvm.dll+0x6ef58f]
V  [jvm.dll+0x6e80b5]
V  [jvm.dll+0x5f1036]
C  [ucrtbase.dll+0x21bb2]
C  [KERNEL32.DLL+0x17034]
C  [ntdll.dll+0x52651]


---------------  P R O C E S S  ---------------

Threads class SMR info:
_java_thread_list=0x0000020e005bc910, length=133, elements={
0x0000020e616bb800, 0x0000020e7c293000, 0x0000020e7c2a1000, 0x0000020e7cc12800,
0x0000020e7c2ad000, 0x0000020e7c2b0000, 0x0000020e7c2c0000, 0x0000020e7c2c1000,
0x0000020e7c2c3000, 0x0000020e7cd5f800, 0x0000020e00221000, 0x0000020e7e5d4800,
0x0000020e7ce07800, 0x0000020e0088c800, 0x0000020e7e741000, 0x0000020e00415800,
0x0000020e0068d800, 0x0000020e7edbb800, 0x0000020e7e01e000, 0x0000020e7ceee000,
0x0000020e7ceed000, 0x0000020e7cef2000, 0x0000020e7cef1000, 0x0000020e7cef2800,
0x0000020e7ceef800, 0x0000020e7cef3800, 0x0000020e7ceee800, 0x0000020e7cef0000,
0x0000020e03483000, 0x0000020e03480800, 0x0000020e03484000, 0x0000020e0347f000,
0x0000020e03487000, 0x0000020e03481800, 0x0000020e03488000, 0x0000020e03482000,
0x0000020e0348a800, 0x0000020e0348d800, 0x0000020e03488800, 0x0000020e03489800,
0x0000020e0348b000, 0x0000020e0348c000, 0x0000020e0348d000, 0x0000020e7e271800,
0x0000020e7e270800, 0x0000020e7e272800, 0x0000020e7e26e800, 0x0000020e7e274000,
0x0000020e7e273000, 0x0000020e7e275000, 0x0000020e7e270000, 0x0000020e7e26f000,
0x0000020e7e275800, 0x0000020e7e279000, 0x0000020e7e277800, 0x0000020e7e276800,
0x0000020e7e27b800, 0x0000020e7e27c000, 0x0000020e7e278000, 0x0000020e7e27a800,
0x0000020e7e279800, 0x0000020e7e27d000, 0x0000020e02149800, 0x0000020e02148800,
0x0000020e0214a800, 0x0000020e0214b000, 0x0000020e02147000, 0x0000020e0214d800,
0x0000020e0214c000, 0x0000020e0214d000, 0x0000020e02148000, 0x0000020e02153800,
0x0000020e02152800, 0x0000020e02150000, 0x0000020e02151000, 0x0000020e02151800,
0x0000020e02154000, 0x0000020e0214e800, 0x0000020e02155000, 0x0000020e0214f000,
0x0000020e02156000, 0x0000020e7db79000, 0x0000020e7db79800, 0x0000020e7db75800,
0x0000020e7db78000, 0x0000020e7db76800, 0x0000020e7db75000, 0x0000020e7db77800,
0x0000020e7db74000, 0x0000020e7db80800, 0x0000020e7db7e000, 0x0000020e7db7e800,
0x0000020e7db7c000, 0x0000020e7db7f800, 0x0000020e7db7a800, 0x0000020e7db7b800,
0x0000020e7db81000, 0x0000020e7db82000, 0x0000020e7db82800, 0x0000020e7db7d000,
0x0000020e00a2e800, 0x0000020e00a30000, 0x0000020e00a2a800, 0x0000020e00a2f800,
0x0000020e00a2c000, 0x0000020e00a2d000, 0x0000020e00a2b800, 0x0000020e00a31000,
0x0000020e00a2e000, 0x0000020e00a34800, 0x0000020e00a35000, 0x0000020e00a37800,
0x0000020e00a32000, 0x0000020e00a36000, 0x0000020e00a38800, 0x0000020e00a37000,
0x0000020e00a32800, 0x0000020e00a39000, 0x0000020e00a33800, 0x0000020e7e289000,
0x0000020e7e288000, 0x0000020e0097e000, 0x0000020e7e286800, 0x0000020e7e28d000,
0x0000020e7e291000, 0x0000020e7e28b800, 0x0000020e7e28e800, 0x0000020e7e292000,
0x0000020e7e28c800, 0x0000020e7e290800, 0x0000020e7e295000, 0x0000020e7e293000,
0x0000020e7e28a800
}

Java Threads: ( => current thread )
  0x0000020e616bb800 JavaThread "main" [_thread_blocked, id=10660, stack(0x00000046c3a00000,0x00000046c3b00000)]
  0x0000020e7c293000 JavaThread "Reference Handler" daemon [_thread_blocked, id=15280, stack(0x00000046c4100000,0x00000046c4200000)]
  0x0000020e7c2a1000 JavaThread "Finalizer" daemon [_thread_blocked, id=14632, stack(0x00000046c4200000,0x00000046c4300000)]
  0x0000020e7cc12800 JavaThread "Signal Dispatcher" daemon [_thread_blocked, id=11096, stack(0x00000046c4300000,0x00000046c4400000)]
  0x0000020e7c2ad000 JavaThread "Attach Listener" daemon [_thread_blocked, id=15268, stack(0x00000046c4400000,0x00000046c4500000)]
  0x0000020e7c2b0000 JavaThread "Service Thread" daemon [_thread_blocked, id=11208, stack(0x00000046c4500000,0x00000046c4600000)]
  0x0000020e7c2c0000 JavaThread "C2 CompilerThread0" daemon [_thread_in_native, id=14840, stack(0x00000046c4600000,0x00000046c4700000)]
  0x0000020e7c2c1000 JavaThread "C1 CompilerThread0" daemon [_thread_blocked, id=15540, stack(0x00000046c4700000,0x00000046c4800000)]
  0x0000020e7c2c3000 JavaThread "Sweeper thread" daemon [_thread_blocked, id=13432, stack(0x00000046c4800000,0x00000046c4900000)]
  0x0000020e7cd5f800 JavaThread "Common-Cleaner" daemon [_thread_blocked, id=14536, stack(0x00000046c4900000,0x00000046c4a00000)]
  0x0000020e00221000 JavaThread "Daemon health stats" [_thread_blocked, id=8352, stack(0x00000046c4f00000,0x00000046c5000000)]
  0x0000020e7e5d4800 JavaThread "Incoming local TCP Connector on port 55575" [_thread_in_native, id=12888, stack(0x00000046c3700000,0x00000046c3800000)]
  0x0000020e7ce07800 JavaThread "Daemon periodic checks" [_thread_blocked, id=2924, stack(0x00000046c3800000,0x00000046c3900000)]
  0x0000020e0088c800 JavaThread "Daemon" [_thread_blocked, id=11224, stack(0x00000046c3900000,0x00000046c3a00000)]
  0x0000020e7e741000 JavaThread "Handler for socket connection from /127.0.0.1:55575 to /127.0.0.1:55576" [_thread_in_native, id=12232, stack(0x00000046c4b00000,0x00000046c4c00000)]
  0x0000020e00415800 JavaThread "Cancel handler" [_thread_blocked, id=13652, stack(0x00000046c4e00000,0x00000046c4f00000)]
  0x0000020e0068d800 JavaThread "Daemon worker" [_thread_blocked, id=6916, stack(0x00000046c5000000,0x00000046c5100000)]
  0x0000020e7edbb800 JavaThread "Asynchronous log dispatcher for DefaultDaemonConnection: socket connection from /127.0.0.1:55575 to /127.0.0.1:55576" [_thread_blocked, id=12076, stack(0x00000046c5100000,0x00000046c5200000)]
  0x0000020e7e01e000 JavaThread "Stdin handler" [_thread_blocked, id=10796, stack(0x00000046c5200000,0x00000046c5300000)]
  0x0000020e7ceee000 JavaThread "Daemon client event forwarder" [_thread_blocked, id=14104, stack(0x00000046c5300000,0x00000046c5400000)]
  0x0000020e7ceed000 JavaThread "Cache worker for journal cache (C:\Users\Admin\.gradle\caches\journal-1)" [_thread_blocked, id=11620, stack(0x00000046c5900000,0x00000046c5a00000)]
  0x0000020e7cef2000 JavaThread "File lock request listener" [_thread_in_native, id=1728, stack(0x00000046c5a00000,0x00000046c5b00000)]
  0x0000020e7cef1000 JavaThread "Cache worker for file hash cache (C:\Users\Admin\.gradle\caches\7.2\fileHashes)" [_thread_blocked, id=496, stack(0x00000046c5b00000,0x00000046c5c00000)]
  0x0000020e7cef2800 JavaThread "Cache worker for file hash cache (C:\Users\Admin\login2\.gradle\7.2\fileHashes)" [_thread_blocked, id=3892, stack(0x00000046c5d00000,0x00000046c5e00000)]
  0x0000020e7ceef800 JavaThread "File watcher server" daemon [_thread_in_native, id=8036, stack(0x00000046c6000000,0x00000046c6100000)]
  0x0000020e7cef3800 JavaThread "File watcher consumer" daemon [_thread_blocked, id=15084, stack(0x00000046c6100000,0x00000046c6200000)]
  0x0000020e7ceee800 JavaThread "Cache worker for checksums cache (C:\Users\Admin\login2\.gradle\checksums)" [_thread_blocked, id=14092, stack(0x00000046c6200000,0x00000046c6300000)]
  0x0000020e7cef0000 JavaThread "Cache worker for cache directory md-supplier (C:\Users\Admin\.gradle\caches\7.2\md-supplier)" [_thread_blocked, id=9988, stack(0x00000046c6300000,0x00000046c6400000)]
  0x0000020e03483000 JavaThread "Cache worker for cache directory md-rule (C:\Users\Admin\.gradle\caches\7.2\md-rule)" [_thread_blocked, id=14768, stack(0x00000046c6400000,0x00000046c6500000)]
  0x0000020e03480800 JavaThread "Cache worker for execution history cache (C:\Users\Admin\.gradle\caches\7.2\executionHistory)" [_thread_blocked, id=2704, stack(0x00000046c6500000,0x00000046c6600000)]
  0x0000020e03484000 JavaThread "jar transforms" [_thread_blocked, id=4796, stack(0x00000046c6600000,0x00000046c6700000)]
  0x0000020e0347f000 JavaThread "Cache worker for file content cache (C:\Users\Admin\.gradle\caches\7.2\fileContent)" [_thread_blocked, id=7280, stack(0x00000046c6700000,0x00000046c6800000)]
  0x0000020e03487000 JavaThread "jar transforms Thread 2" [_thread_blocked, id=14132, stack(0x00000046c6800000,0x00000046c6900000)]
  0x0000020e03481800 JavaThread "Cache worker for dependencies-accessors (C:\Users\Admin\login2\.gradle\7.2\dependencies-accessors)" [_thread_blocked, id=16376, stack(0x00000046c6900000,0x00000046c6a00000)]
  0x0000020e03488000 JavaThread "jar transforms Thread 3" [_thread_blocked, id=3600, stack(0x00000046c6a00000,0x00000046c6b00000)]
  0x0000020e03482000 JavaThread "Cache worker for Build Output Cleanup Cache (C:\Users\Admin\login2\.gradle\buildOutputCleanup)" [_thread_blocked, id=14156, stack(0x00000046c5f00000,0x00000046c6000000)]
  0x0000020e0348a800 JavaThread "Unconstrained build operations" [_thread_blocked, id=14084, stack(0x00000046c5e00000,0x00000046c5f00000)]
  0x0000020e0348d800 JavaThread "Unconstrained build operations Thread 2" [_thread_blocked, id=4284, stack(0x00000046c6b00000,0x00000046c6c00000)]
  0x0000020e03488800 JavaThread "Unconstrained build operations Thread 3" [_thread_blocked, id=752, stack(0x00000046c6c00000,0x00000046c6d00000)]
  0x0000020e03489800 JavaThread "Unconstrained build operations Thread 4" [_thread_blocked, id=1220, stack(0x00000046c6d00000,0x00000046c6e00000)]
  0x0000020e0348b000 JavaThread "Unconstrained build operations Thread 5" [_thread_blocked, id=12648, stack(0x00000046c6e00000,0x00000046c6f00000)]
  0x0000020e0348c000 JavaThread "Unconstrained build operations Thread 6" [_thread_blocked, id=5928, stack(0x00000046c6f00000,0x00000046c7000000)]
  0x0000020e0348d000 JavaThread "Unconstrained build operations Thread 7" [_thread_blocked, id=13416, stack(0x00000046c7000000,0x00000046c7100000)]
  0x0000020e7e271800 JavaThread "Unconstrained build operations Thread 8" [_thread_blocked, id=4100, stack(0x00000046c7100000,0x00000046c7200000)]
  0x0000020e7e270800 JavaThread "Unconstrained build operations Thread 9" [_thread_blocked, id=9944, stack(0x00000046c7200000,0x00000046c7300000)]
  0x0000020e7e272800 JavaThread "Unconstrained build operations Thread 10" [_thread_blocked, id=15404, stack(0x00000046c7300000,0x00000046c7400000)]
  0x0000020e7e26e800 JavaThread "Unconstrained build operations Thread 11" [_thread_blocked, id=10148, stack(0x00000046c7400000,0x00000046c7500000)]
  0x0000020e7e274000 JavaThread "Unconstrained build operations Thread 12" [_thread_blocked, id=592, stack(0x00000046c7500000,0x00000046c7600000)]
  0x0000020e7e273000 JavaThread "Unconstrained build operations Thread 13" [_thread_blocked, id=10176, stack(0x00000046c7600000,0x00000046c7700000)]
  0x0000020e7e275000 JavaThread "Unconstrained build operations Thread 14" [_thread_blocked, id=12072, stack(0x00000046c7700000,0x00000046c7800000)]
  0x0000020e7e270000 JavaThread "Unconstrained build operations Thread 15" [_thread_blocked, id=12644, stack(0x00000046c7800000,0x00000046c7900000)]
  0x0000020e7e26f000 JavaThread "Unconstrained build operations Thread 16" [_thread_blocked, id=6612, stack(0x00000046c7900000,0x00000046c7a00000)]
  0x0000020e7e275800 JavaThread "Unconstrained build operations Thread 17" [_thread_blocked, id=760, stack(0x00000046c7a00000,0x00000046c7b00000)]
  0x0000020e7e279000 JavaThread "Unconstrained build operations Thread 18" [_thread_blocked, id=13484, stack(0x00000046c7b00000,0x00000046c7c00000)]
  0x0000020e7e277800 JavaThread "Unconstrained build operations Thread 19" [_thread_blocked, id=12056, stack(0x00000046c7c00000,0x00000046c7d00000)]
  0x0000020e7e276800 JavaThread "Unconstrained build operations Thread 20" [_thread_blocked, id=16036, stack(0x00000046c7d00000,0x00000046c7e00000)]
  0x0000020e7e27b800 JavaThread "Unconstrained build operations Thread 21" [_thread_blocked, id=10636, stack(0x00000046c7e00000,0x00000046c7f00000)]
  0x0000020e7e27c000 JavaThread "Unconstrained build operations Thread 22" [_thread_blocked, id=10072, stack(0x00000046c7f00000,0x00000046c8000000)]
  0x0000020e7e278000 JavaThread "Unconstrained build operations Thread 23" [_thread_blocked, id=4728, stack(0x00000046c8000000,0x00000046c8100000)]
  0x0000020e7e27a800 JavaThread "Unconstrained build operations Thread 24" [_thread_blocked, id=3920, stack(0x00000046c8100000,0x00000046c8200000)]
  0x0000020e7e279800 JavaThread "Unconstrained build operations Thread 25" [_thread_blocked, id=5132, stack(0x00000046c8200000,0x00000046c8300000)]
  0x0000020e7e27d000 JavaThread "Unconstrained build operations Thread 26" [_thread_blocked, id=15864, stack(0x00000046c8300000,0x00000046c8400000)]
  0x0000020e02149800 JavaThread "Unconstrained build operations Thread 27" [_thread_blocked, id=3168, stack(0x00000046c8400000,0x00000046c8500000)]
  0x0000020e02148800 JavaThread "Unconstrained build operations Thread 28" [_thread_blocked, id=7636, stack(0x00000046c8500000,0x00000046c8600000)]
  0x0000020e0214a800 JavaThread "Unconstrained build operations Thread 29" [_thread_blocked, id=9284, stack(0x00000046c8600000,0x00000046c8700000)]
  0x0000020e0214b000 JavaThread "Unconstrained build operations Thread 30" [_thread_blocked, id=15364, stack(0x00000046c8700000,0x00000046c8800000)]
  0x0000020e02147000 JavaThread "Unconstrained build operations Thread 31" [_thread_blocked, id=13796, stack(0x00000046c8800000,0x00000046c8900000)]
  0x0000020e0214d800 JavaThread "Unconstrained build operations Thread 32" [_thread_blocked, id=15352, stack(0x00000046c8900000,0x00000046c8a00000)]
  0x0000020e0214c000 JavaThread "Unconstrained build operations Thread 33" [_thread_blocked, id=15584, stack(0x00000046c8a00000,0x00000046c8b00000)]
  0x0000020e0214d000 JavaThread "Unconstrained build operations Thread 34" [_thread_blocked, id=8436, stack(0x00000046c8b00000,0x00000046c8c00000)]
  0x0000020e02148000 JavaThread "Unconstrained build operations Thread 35" [_thread_blocked, id=16164, stack(0x00000046c8c00000,0x00000046c8d00000)]
  0x0000020e02153800 JavaThread "Unconstrained build operations Thread 36" [_thread_blocked, id=10708, stack(0x00000046c8d00000,0x00000046c8e00000)]
  0x0000020e02152800 JavaThread "Unconstrained build operations Thread 37" [_thread_blocked, id=3848, stack(0x00000046c8e00000,0x00000046c8f00000)]
  0x0000020e02150000 JavaThread "Unconstrained build operations Thread 38" [_thread_blocked, id=14560, stack(0x00000046c8f00000,0x00000046c9000000)]
  0x0000020e02151000 JavaThread "Unconstrained build operations Thread 39" [_thread_blocked, id=432, stack(0x00000046c9000000,0x00000046c9100000)]
  0x0000020e02151800 JavaThread "Unconstrained build operations Thread 40" [_thread_blocked, id=15932, stack(0x00000046c9100000,0x00000046c9200000)]
  0x0000020e02154000 JavaThread "Unconstrained build operations Thread 41" [_thread_blocked, id=8612, stack(0x00000046c9200000,0x00000046c9300000)]
  0x0000020e0214e800 JavaThread "Unconstrained build operations Thread 42" [_thread_blocked, id=7128, stack(0x00000046c9300000,0x00000046c9400000)]
  0x0000020e02155000 JavaThread "Unconstrained build operations Thread 43" [_thread_blocked, id=15680, stack(0x00000046c9400000,0x00000046c9500000)]
  0x0000020e0214f000 JavaThread "Unconstrained build operations Thread 44" [_thread_blocked, id=9820, stack(0x00000046c9500000,0x00000046c9600000)]
  0x0000020e02156000 JavaThread "Unconstrained build operations Thread 45" [_thread_blocked, id=13720, stack(0x00000046c9600000,0x00000046c9700000)]
  0x0000020e7db79000 JavaThread "Unconstrained build operations Thread 46" [_thread_blocked, id=6380, stack(0x00000046c9700000,0x00000046c9800000)]
  0x0000020e7db79800 JavaThread "Unconstrained build operations Thread 47" [_thread_blocked, id=5684, stack(0x00000046c9800000,0x00000046c9900000)]
  0x0000020e7db75800 JavaThread "Unconstrained build operations Thread 48" [_thread_blocked, id=15792, stack(0x00000046c9900000,0x00000046c9a00000)]
  0x0000020e7db78000 JavaThread "Unconstrained build operations Thread 49" [_thread_blocked, id=13536, stack(0x00000046c9a00000,0x00000046c9b00000)]
  0x0000020e7db76800 JavaThread "Unconstrained build operations Thread 50" [_thread_blocked, id=9440, stack(0x00000046c9b00000,0x00000046c9c00000)]
  0x0000020e7db75000 JavaThread "Unconstrained build operations Thread 51" [_thread_blocked, id=15400, stack(0x00000046c9c00000,0x00000046c9d00000)]
  0x0000020e7db77800 JavaThread "Unconstrained build operations Thread 52" [_thread_blocked, id=3840, stack(0x00000046c9d00000,0x00000046c9e00000)]
  0x0000020e7db74000 JavaThread "Unconstrained build operations Thread 53" [_thread_blocked, id=8032, stack(0x00000046c9e00000,0x00000046c9f00000)]
  0x0000020e7db80800 JavaThread "Unconstrained build operations Thread 54" [_thread_blocked, id=2560, stack(0x00000046c9f00000,0x00000046ca000000)]
  0x0000020e7db7e000 JavaThread "Unconstrained build operations Thread 55" [_thread_blocked, id=1428, stack(0x00000046ca000000,0x00000046ca100000)]
  0x0000020e7db7e800 JavaThread "Unconstrained build operations Thread 56" [_thread_blocked, id=3540, stack(0x00000046ca100000,0x00000046ca200000)]
  0x0000020e7db7c000 JavaThread "Unconstrained build operations Thread 57" [_thread_blocked, id=13428, stack(0x00000046ca200000,0x00000046ca300000)]
  0x0000020e7db7f800 JavaThread "Unconstrained build operations Thread 58" [_thread_blocked, id=15252, stack(0x00000046ca300000,0x00000046ca400000)]
  0x0000020e7db7a800 JavaThread "Unconstrained build operations Thread 59" [_thread_blocked, id=3472, stack(0x00000046ca400000,0x00000046ca500000)]
  0x0000020e7db7b800 JavaThread "Unconstrained build operations Thread 60" [_thread_blocked, id=1632, stack(0x00000046ca500000,0x00000046ca600000)]
  0x0000020e7db81000 JavaThread "Unconstrained build operations Thread 61" [_thread_blocked, id=16260, stack(0x00000046ca600000,0x00000046ca700000)]
  0x0000020e7db82000 JavaThread "Unconstrained build operations Thread 62" [_thread_blocked, id=13260, stack(0x00000046ca700000,0x00000046ca800000)]
  0x0000020e7db82800 JavaThread "Unconstrained build operations Thread 63" [_thread_blocked, id=14916, stack(0x00000046ca800000,0x00000046ca900000)]
  0x0000020e7db7d000 JavaThread "Unconstrained build operations Thread 64" [_thread_blocked, id=9460, stack(0x00000046ca900000,0x00000046caa00000)]
  0x0000020e00a2e800 JavaThread "Unconstrained build operations Thread 65" [_thread_blocked, id=12160, stack(0x00000046caa00000,0x00000046cab00000)]
  0x0000020e00a30000 JavaThread "Unconstrained build operations Thread 66" [_thread_blocked, id=16300, stack(0x00000046cab00000,0x00000046cac00000)]
  0x0000020e00a2a800 JavaThread "Unconstrained build operations Thread 67" [_thread_blocked, id=5236, stack(0x00000046cac00000,0x00000046cad00000)]
  0x0000020e00a2f800 JavaThread "Unconstrained build operations Thread 68" [_thread_blocked, id=2956, stack(0x00000046cae00000,0x00000046caf00000)]
  0x0000020e00a2c000 JavaThread "Unconstrained build operations Thread 69" [_thread_blocked, id=11156, stack(0x00000046caf00000,0x00000046cb000000)]
  0x0000020e00a2d000 JavaThread "Unconstrained build operations Thread 70" [_thread_blocked, id=4612, stack(0x00000046cb000000,0x00000046cb100000)]
  0x0000020e00a2b800 JavaThread "Unconstrained build operations Thread 71" [_thread_blocked, id=14568, stack(0x00000046cb100000,0x00000046cb200000)]
  0x0000020e00a31000 JavaThread "Unconstrained build operations Thread 72" [_thread_blocked, id=15504, stack(0x00000046cb200000,0x00000046cb300000)]
  0x0000020e00a2e000 JavaThread "Unconstrained build operations Thread 73" [_thread_blocked, id=14760, stack(0x00000046cb300000,0x00000046cb400000)]
  0x0000020e00a34800 JavaThread "Unconstrained build operations Thread 74" [_thread_blocked, id=3444, stack(0x00000046cb400000,0x00000046cb500000)]
  0x0000020e00a35000 JavaThread "Unconstrained build operations Thread 75" [_thread_blocked, id=4604, stack(0x00000046cb500000,0x00000046cb600000)]
  0x0000020e00a37800 JavaThread "Unconstrained build operations Thread 76" [_thread_blocked, id=16168, stack(0x00000046cb600000,0x00000046cb700000)]
  0x0000020e00a32000 JavaThread "Unconstrained build operations Thread 77" [_thread_blocked, id=15428, stack(0x00000046cb700000,0x00000046cb800000)]
  0x0000020e00a36000 JavaThread "Unconstrained build operations Thread 78" [_thread_blocked, id=3700, stack(0x00000046cb800000,0x00000046cb900000)]
  0x0000020e00a38800 JavaThread "Unconstrained build operations Thread 79" [_thread_blocked, id=12096, stack(0x00000046cb900000,0x00000046cba00000)]
  0x0000020e00a37000 JavaThread "Unconstrained build operations Thread 80" [_thread_blocked, id=3208, stack(0x00000046cba00000,0x00000046cbb00000)]
  0x0000020e00a32800 JavaThread "jar transforms Thread 4" [_thread_blocked, id=2136, stack(0x00000046cbc00000,0x00000046cbd00000)]
  0x0000020e00a39000 JavaThread "jar transforms Thread 5" [_thread_blocked, id=15980, stack(0x00000046cbd00000,0x00000046cbe00000)]
  0x0000020e00a33800 JavaThread "jar transforms Thread 6" [_thread_blocked, id=15292, stack(0x00000046cbe00000,0x00000046cbf00000)]
  0x0000020e7e289000 JavaThread "jar transforms Thread 7" [_thread_blocked, id=1052, stack(0x00000046cbf00000,0x00000046cc000000)]
  0x0000020e7e288000 JavaThread "jar transforms Thread 8" [_thread_blocked, id=1824, stack(0x00000046cc000000,0x00000046cc100000)]
=>0x0000020e0097e000 JavaThread "C2 CompilerThread1" daemon [_thread_in_native, id=14352, stack(0x00000046cad00000,0x00000046cae00000)]
  0x0000020e7e286800 JavaThread "Memory manager" [_thread_blocked, id=4676, stack(0x00000046cc100000,0x00000046cc200000)]
  0x0000020e7e28d000 JavaThread "build event listener" [_thread_blocked, id=2320, stack(0x00000046cc200000,0x00000046cc300000)]
  0x0000020e7e291000 JavaThread "Execution worker for ':'" [_thread_blocked, id=12188, stack(0x00000046cc300000,0x00000046cc400000)]
  0x0000020e7e28b800 JavaThread "Execution worker for ':' Thread 2" [_thread_blocked, id=3404, stack(0x00000046cc400000,0x00000046cc500000)]
  0x0000020e7e28e800 JavaThread "Execution worker for ':' Thread 3" [_thread_blocked, id=12224, stack(0x00000046cc500000,0x00000046cc600000)]
  0x0000020e7e292000 JavaThread "Execution worker for ':' Thread 4" [_thread_blocked, id=9540, stack(0x00000046cc600000,0x00000046cc700000)]
  0x0000020e7e28c800 JavaThread "Execution worker for ':' Thread 5" [_thread_blocked, id=9888, stack(0x00000046cc700000,0x00000046cc800000)]
  0x0000020e7e290800 JavaThread "Execution worker for ':' Thread 6" [_thread_blocked, id=15144, stack(0x00000046cc800000,0x00000046cc900000)]
  0x0000020e7e295000 JavaThread "Execution worker for ':' Thread 7" [_thread_blocked, id=7644, stack(0x00000046cc900000,0x00000046cca00000)]
  0x0000020e7e293000 JavaThread "Cache worker for execution history cache (C:\Users\Admin\login2\.gradle\7.2\executionHistory)" [_thread_blocked, id=13280, stack(0x00000046cca00000,0x00000046ccb00000)]
  0x0000020e7e28a800 JavaThread "C2 CompilerThread2" daemon [_thread_in_native, id=4924, stack(0x00000046cbb00000,0x00000046cbc00000)]

Other Threads:
  0x0000020e7c291000 VMThread "VM Thread" [stack: 0x00000046c4000000,0x00000046c4100000] [id=14068]
  0x0000020e7cd84800 WatcherThread [stack: 0x00000046c4a00000,0x00000046c4b00000] [id=11092]
  0x0000020e616d5000 GCTaskThread "GC Thread#0" [stack: 0x00000046c3b00000,0x00000046c3c00000] [id=524]
  0x0000020e7d881800 GCTaskThread "GC Thread#1" [stack: 0x00000046c4c00000,0x00000046c4d00000] [id=11536]
  0x0000020e7d8b9000 GCTaskThread "GC Thread#2" [stack: 0x00000046c4d00000,0x00000046c4e00000] [id=6056]
  0x0000020e7e6c1000 GCTaskThread "GC Thread#3" [stack: 0x00000046c5400000,0x00000046c5500000] [id=12144]
  0x0000020e7e2c0800 GCTaskThread "GC Thread#4" [stack: 0x00000046c5500000,0x00000046c5600000] [id=7892]
  0x0000020e7de59800 GCTaskThread "GC Thread#5" [stack: 0x00000046c5600000,0x00000046c5700000] [id=14884]
  0x0000020e7d405000 GCTaskThread "GC Thread#6" [stack: 0x00000046c5700000,0x00000046c5800000] [id=3908]
  0x0000020e7db5a000 GCTaskThread "GC Thread#7" [stack: 0x00000046c5800000,0x00000046c5900000] [id=14448]
  0x0000020e61706800 ConcurrentGCThread "G1 Main Marker" [stack: 0x00000046c3c00000,0x00000046c3d00000] [id=5140]
  0x0000020e61709800 ConcurrentGCThread "G1 Conc#0" [stack: 0x00000046c3d00000,0x00000046c3e00000] [id=3520]
  0x0000020e7d5b8000 ConcurrentGCThread "G1 Conc#1" [stack: 0x00000046c5c00000,0x00000046c5d00000] [id=12428]
  0x0000020e7c0e0800 ConcurrentGCThread "G1 Refine#0" [stack: 0x00000046c3e00000,0x00000046c3f00000] [id=13268]
  0x0000020e7c0e1800 ConcurrentGCThread "G1 Young RemSet Sampling" [stack: 0x00000046c3f00000,0x00000046c4000000] [id=11240]

Threads with active compile tasks:
C2 CompilerThread1 264970 9306       4       java.lang.reflect.AccessibleObject::checkCanSetAccessible (386 bytes)
C2 CompilerThread2 264970 9200   !   4       java.nio.file.FileTreeWalker::next (144 bytes)

VM state:not at safepoint (normal execution)

VM Mutex/Monitor currently owned by a thread:  ([mutex/lock_event])
[0x0000020e616b8740] CodeCache_lock - owner thread: 0x0000000000000000

Heap address: 0x0000000080000000, size: 2048 MB, Compressed Oops mode: 32-bit
Narrow klass base: 0x0000000000000000, Narrow klass shift: 3
Compressed class space size: 1073741824 Address: 0x0000000100000000

Heap:
 garbage-first heap   total 129024K, used 72563K [0x0000000080000000, 0x0000000100000000)
  region size 1024K, 4 young (4096K), 3 survivors (3072K)
 Metaspace       used 81055K, capacity 83174K, committed 83536K, reserved 1132544K
  class space    used 10622K, capacity 11413K, committed 11520K, reserved 1048576K
Heap Regions: E=young(eden), S=young(survivor), O=old, HS=humongous(starts), HC=humongous(continues), CS=collection set, F=free, A=archive, TAMS=top-at-mark-start (previous, next)
|   0|0x0000000080000000, 0x0000000080100000, 0x0000000080100000|100%| O|  |TAMS 0x0000000080100000, 0x0000000080100000| Untracked 
|   1|0x0000000080100000, 0x0000000080200000, 0x0000000080200000|100%| O|  |TAMS 0x0000000080200000, 0x0000000080200000| Untracked 
|   2|0x0000000080200000, 0x0000000080300000, 0x0000000080300000|100%| O|  |TAMS 0x0000000080300000, 0x0000000080300000| Untracked 
|   3|0x0000000080300000, 0x0000000080400000, 0x0000000080400000|100%|HS|  |TAMS 0x0000000080400000, 0x0000000080400000| Complete 
|   4|0x0000000080400000, 0x0000000080500000, 0x0000000080500000|100%|HC|  |TAMS 0x0000000080500000, 0x0000000080500000| Complete 
|   5|0x0000000080500000, 0x0000000080600000, 0x0000000080600000|100%|HC|  |TAMS 0x0000000080600000, 0x0000000080600000| Complete 
|   6|0x0000000080600000, 0x0000000080700000, 0x0000000080700000|100%| O|  |TAMS 0x0000000080700000, 0x0000000080700000| Untracked 
|   7|0x0000000080700000, 0x0000000080800000, 0x0000000080800000|100%| O|  |TAMS 0x0000000080800000, 0x0000000080800000| Untracked 
|   8|0x0000000080800000, 0x0000000080900000, 0x0000000080900000|100%| O|  |TAMS 0x0000000080900000, 0x0000000080900000| Untracked 
|   9|0x0000000080900000, 0x0000000080a00000, 0x0000000080a00000|100%| O|  |TAMS 0x0000000080a00000, 0x0000000080a00000| Untracked 
|  10|0x0000000080a00000, 0x0000000080b00000, 0x0000000080b00000|100%| O|  |TAMS 0x0000000080b00000, 0x0000000080b00000| Untracked 
|  11|0x0000000080b00000, 0x0000000080c00000, 0x0000000080c00000|100%| O|  |TAMS 0x0000000080c00000, 0x0000000080c00000| Untracked 
|  12|0x0000000080c00000, 0x0000000080d00000, 0x0000000080d00000|100%| O|  |TAMS 0x0000000080d00000, 0x0000000080d00000| Untracked 
|  13|0x0000000080d00000, 0x0000000080e00000, 0x0000000080e00000|100%| O|  |TAMS 0x0000000080e00000, 0x0000000080e00000| Untracked 
|  14|0x0000000080e00000, 0x0000000080f00000, 0x0000000080f00000|100%| O|  |TAMS 0x0000000080f00000, 0x0000000080f00000| Untracked 
|  15|0x0000000080f00000, 0x0000000081000000, 0x0000000081000000|100%| O|  |TAMS 0x0000000081000000, 0x0000000081000000| Untracked 
|  16|0x0000000081000000, 0x0000000081100000, 0x0000000081100000|100%|HS|  |TAMS 0x0000000081100000, 0x0000000081100000| Complete 
|  17|0x0000000081100000, 0x0000000081200000, 0x0000000081200000|100%| O|  |TAMS 0x0000000081200000, 0x0000000081200000| Untracked 
|  18|0x0000000081200000, 0x0000000081300000, 0x0000000081300000|100%| O|  |TAMS 0x0000000081300000, 0x0000000081300000| Untracked 
|  19|0x0000000081300000, 0x0000000081400000, 0x0000000081400000|100%| O|  |TAMS 0x0000000081400000, 0x0000000081400000| Untracked 
|  20|0x0000000081400000, 0x0000000081500000, 0x0000000081500000|100%| O|  |TAMS 0x0000000081500000, 0x0000000081500000| Untracked 
|  21|0x0000000081500000, 0x0000000081600000, 0x0000000081600000|100%| O|  |TAMS 0x0000000081600000, 0x0000000081600000| Untracked 
|  22|0x0000000081600000, 0x0000000081700000, 0x0000000081700000|100%| O|  |TAMS 0x0000000081700000, 0x0000000081700000| Untracked 
|  23|0x0000000081700000, 0x0000000081800000, 0x0000000081800000|100%| O|  |TAMS 0x0000000081800000, 0x0000000081800000| Untracked 
|  24|0x0000000081800000, 0x0000000081900000, 0x0000000081900000|100%| O|  |TAMS 0x0000000081900000, 0x0000000081900000| Untracked 
|  25|0x0000000081900000, 0x0000000081a00000, 0x0000000081a00000|100%| O|  |TAMS 0x0000000081a00000, 0x0000000081a00000| Untracked 
|  26|0x0000000081a00000, 0x0000000081b00000, 0x0000000081b00000|100%| O|  |TAMS 0x0000000081b00000, 0x0000000081b00000| Untracked 
|  27|0x0000000081b00000, 0x0000000081c00000, 0x0000000081c00000|100%| O|  |TAMS 0x0000000081c00000, 0x0000000081c00000| Untracked 
|  28|0x0000000081c00000, 0x0000000081d00000, 0x0000000081d00000|100%|HS|  |TAMS 0x0000000081d00000, 0x0000000081d00000| Complete 
|  29|0x0000000081d00000, 0x0000000081e00000, 0x0000000081e00000|100%|HS|  |TAMS 0x0000000081e00000, 0x0000000081e00000| Complete 
|  30|0x0000000081e00000, 0x0000000081f00000, 0x0000000081f00000|100%|HS|  |TAMS 0x0000000081f00000, 0x0000000081f00000| Complete 
|  31|0x0000000081f00000, 0x0000000082000000, 0x0000000082000000|100%|HC|  |TAMS 0x0000000082000000, 0x0000000082000000| Complete 
|  32|0x0000000082000000, 0x0000000082100000, 0x0000000082100000|100%| O|  |TAMS 0x0000000082100000, 0x0000000082100000| Untracked 
|  33|0x0000000082100000, 0x0000000082200000, 0x0000000082200000|100%| O|  |TAMS 0x0000000082200000, 0x0000000082200000| Untracked 
|  34|0x0000000082200000, 0x0000000082300000, 0x0000000082300000|100%| O|  |TAMS 0x0000000082300000, 0x0000000082300000| Untracked 
|  35|0x0000000082300000, 0x0000000082400000, 0x0000000082400000|100%| O|  |TAMS 0x0000000082400000, 0x0000000082400000| Untracked 
|  36|0x0000000082400000, 0x0000000082500000, 0x0000000082500000|100%| O|  |TAMS 0x0000000082500000, 0x0000000082500000| Untracked 
|  37|0x0000000082500000, 0x0000000082600000, 0x0000000082600000|100%| O|  |TAMS 0x0000000082600000, 0x0000000082600000| Untracked 
|  38|0x0000000082600000, 0x0000000082700000, 0x0000000082700000|100%| O|  |TAMS 0x0000000082700000, 0x0000000082700000| Untracked 
|  39|0x0000000082700000, 0x0000000082800000, 0x0000000082800000|100%| O|  |TAMS 0x0000000082800000, 0x0000000082800000| Untracked 
|  40|0x0000000082800000, 0x0000000082900000, 0x0000000082900000|100%| O|  |TAMS 0x0000000082900000, 0x0000000082900000| Untracked 
|  41|0x0000000082900000, 0x0000000082a00000, 0x0000000082a00000|100%| O|  |TAMS 0x0000000082a00000, 0x0000000082a00000| Untracked 
|  42|0x0000000082a00000, 0x0000000082b00000, 0x0000000082b00000|100%| O|  |TAMS 0x0000000082b00000, 0x0000000082b00000| Untracked 
|  43|0x0000000082b00000, 0x0000000082c00000, 0x0000000082c00000|100%| O|  |TAMS 0x0000000082c00000, 0x0000000082c00000| Untracked 
|  44|0x0000000082c00000, 0x0000000082d00000, 0x0000000082d00000|100%| O|  |TAMS 0x0000000082d00000, 0x0000000082d00000| Untracked 
|  45|0x0000000082d00000, 0x0000000082e00000, 0x0000000082e00000|100%| O|  |TAMS 0x0000000082e00000, 0x0000000082e00000| Untracked 
|  46|0x0000000082e00000, 0x0000000082f00000, 0x0000000082f00000|100%| O|  |TAMS 0x0000000082f00000, 0x0000000082f00000| Untracked 
|  47|0x0000000082f00000, 0x0000000083000000, 0x0000000083000000|100%| O|  |TAMS 0x0000000083000000, 0x0000000083000000| Untracked 
|  48|0x0000000083000000, 0x0000000083100000, 0x0000000083100000|100%| O|  |TAMS 0x0000000083100000, 0x0000000083100000| Untracked 
|  49|0x0000000083100000, 0x0000000083200000, 0x0000000083200000|100%| O|  |TAMS 0x0000000083200000, 0x0000000083200000| Untracked 
|  50|0x0000000083200000, 0x0000000083300000, 0x0000000083300000|100%| O|  |TAMS 0x0000000083300000, 0x0000000083300000| Untracked 
|  51|0x0000000083300000, 0x0000000083400000, 0x0000000083400000|100%| O|  |TAMS 0x0000000083400000, 0x0000000083400000| Untracked 
|  52|0x0000000083400000, 0x0000000083500000, 0x0000000083500000|100%| O|  |TAMS 0x0000000083500000, 0x0000000083500000| Untracked 
|  53|0x0000000083500000, 0x0000000083600000, 0x0000000083600000|100%| O|  |TAMS 0x0000000083600000, 0x0000000083600000| Untracked 
|  54|0x0000000083600000, 0x0000000083700000, 0x0000000083700000|100%| O|  |TAMS 0x0000000083700000, 0x0000000083700000| Untracked 
|  55|0x0000000083700000, 0x0000000083800000, 0x0000000083800000|100%| O|  |TAMS 0x0000000083800000, 0x0000000083800000| Untracked 
|  56|0x0000000083800000, 0x0000000083900000, 0x0000000083900000|100%| O|  |TAMS 0x0000000083900000, 0x0000000083900000| Untracked 
|  57|0x0000000083900000, 0x0000000083a00000, 0x0000000083a00000|100%| O|  |TAMS 0x0000000083a00000, 0x0000000083a00000| Untracked 
|  58|0x0000000083a00000, 0x0000000083b00000, 0x0000000083b00000|100%| O|  |TAMS 0x0000000083b00000, 0x0000000083b00000| Untracked 
|  59|0x0000000083b00000, 0x0000000083c00000, 0x0000000083c00000|100%| O|  |TAMS 0x0000000083c00000, 0x0000000083c00000| Untracked 
|  60|0x0000000083c00000, 0x0000000083d00000, 0x0000000083d00000|100%| O|  |TAMS 0x0000000083c24400, 0x0000000083d00000| Untracked 
|  61|0x0000000083d00000, 0x0000000083e00000, 0x0000000083e00000|100%| O|  |TAMS 0x0000000083d00000, 0x0000000083e00000| Untracked 
|  62|0x0000000083e00000, 0x0000000083f00000, 0x0000000083f00000|100%| O|  |TAMS 0x0000000083e00000, 0x0000000083f00000| Untracked 
|  63|0x0000000083f00000, 0x0000000084000000, 0x0000000084000000|100%| O|  |TAMS 0x0000000083f00000, 0x0000000084000000| Untracked 
|  64|0x0000000084000000, 0x0000000084100000, 0x0000000084100000|100%| O|  |TAMS 0x0000000084000000, 0x0000000084100000| Untracked 
|  65|0x0000000084100000, 0x0000000084200000, 0x0000000084200000|100%| O|  |TAMS 0x0000000084100000, 0x0000000084200000| Untracked 
|  66|0x0000000084200000, 0x0000000084300000, 0x0000000084300000|100%| O|  |TAMS 0x0000000084200000, 0x0000000084300000| Untracked 
|  67|0x0000000084300000, 0x0000000084400000, 0x0000000084400000|100%| O|  |TAMS 0x0000000084300000, 0x0000000084400000| Untracked 
|  68|0x0000000084400000, 0x0000000084473600, 0x0000000084500000| 45%| O|  |TAMS 0x0000000084400000, 0x0000000084473600| Untracked 
|  69|0x0000000084500000, 0x0000000084500000, 0x0000000084600000|  0%| F|  |TAMS 0x0000000084500000, 0x0000000084500000| Untracked 
|  70|0x0000000084600000, 0x0000000084600000, 0x0000000084700000|  0%| F|  |TAMS 0x0000000084600000, 0x0000000084600000| Untracked 
|  71|0x0000000084700000, 0x0000000084700000, 0x0000000084800000|  0%| F|  |TAMS 0x0000000084700000, 0x0000000084700000| Untracked 
|  72|0x0000000084800000, 0x0000000084800000, 0x0000000084900000|  0%| F|  |TAMS 0x0000000084800000, 0x0000000084800000| Untracked 
|  73|0x0000000084900000, 0x0000000084900000, 0x0000000084a00000|  0%| F|  |TAMS 0x0000000084900000, 0x0000000084900000| Untracked 
|  74|0x0000000084a00000, 0x0000000084a00000, 0x0000000084b00000|  0%| F|  |TAMS 0x0000000084a00000, 0x0000000084a00000| Untracked 
|  75|0x0000000084b00000, 0x0000000084b00000, 0x0000000084c00000|  0%| F|  |TAMS 0x0000000084b00000, 0x0000000084b00000| Untracked 
|  76|0x0000000084c00000, 0x0000000084c00000, 0x0000000084d00000|  0%| F|  |TAMS 0x0000000084c00000, 0x0000000084c00000| Untracked 
|  77|0x0000000084d00000, 0x0000000084d00000, 0x0000000084e00000|  0%| F|  |TAMS 0x0000000084d00000, 0x0000000084d00000| Untracked 
|  78|0x0000000084e00000, 0x0000000084e00000, 0x0000000084f00000|  0%| F|  |TAMS 0x0000000084e00000, 0x0000000084e00000| Untracked 
|  79|0x0000000084f00000, 0x0000000084f00000, 0x0000000085000000|  0%| F|  |TAMS 0x0000000084f00000, 0x0000000084f00000| Untracked 
|  80|0x0000000085000000, 0x0000000085000000, 0x0000000085100000|  0%| F|  |TAMS 0x0000000085000000, 0x0000000085000000| Untracked 
|  81|0x0000000085100000, 0x0000000085100000, 0x0000000085200000|  0%| F|  |TAMS 0x0000000085100000, 0x0000000085100000| Untracked 
|  82|0x0000000085200000, 0x0000000085200000, 0x0000000085300000|  0%| F|  |TAMS 0x0000000085200000, 0x0000000085200000| Untracked 
|  83|0x0000000085300000, 0x0000000085300000, 0x0000000085400000|  0%| F|  |TAMS 0x0000000085300000, 0x0000000085300000| Untracked 
|  84|0x0000000085400000, 0x0000000085400000, 0x0000000085500000|  0%| F|  |TAMS 0x0000000085400000, 0x0000000085400000| Untracked 
|  85|0x0000000085500000, 0x0000000085500000, 0x0000000085600000|  0%| F|  |TAMS 0x0000000085500000, 0x0000000085500000| Untracked 
|  86|0x0000000085600000, 0x0000000085600000, 0x0000000085700000|  0%| F|  |TAMS 0x0000000085600000, 0x0000000085600000| Untracked 
|  87|0x0000000085700000, 0x0000000085700000, 0x0000000085800000|  0%| F|  |TAMS 0x0000000085700000, 0x0000000085700000| Untracked 
|  88|0x0000000085800000, 0x0000000085800000, 0x0000000085900000|  0%| F|  |TAMS 0x0000000085800000, 0x0000000085800000| Untracked 
|  89|0x0000000085900000, 0x0000000085900000, 0x0000000085a00000|  0%| F|  |TAMS 0x0000000085900000, 0x0000000085900000| Untracked 
|  90|0x0000000085a00000, 0x0000000085a69640, 0x0000000085b00000| 41%| S|CS|TAMS 0x0000000085a00000, 0x0000000085a00000| Complete 
|  91|0x0000000085b00000, 0x0000000085c00000, 0x0000000085c00000|100%| S|CS|TAMS 0x0000000085b00000, 0x0000000085b00000| Complete 
|  92|0x0000000085c00000, 0x0000000085d00000, 0x0000000085d00000|100%| S|CS|TAMS 0x0000000085c00000, 0x0000000085c00000| Complete 
|  93|0x0000000085d00000, 0x0000000085d00000, 0x0000000085e00000|  0%| F|  |TAMS 0x0000000085d00000, 0x0000000085d00000| Untracked 
|  94|0x0000000085e00000, 0x0000000085e00000, 0x0000000085f00000|  0%| F|  |TAMS 0x0000000085e00000, 0x0000000085e00000| Untracked 
|  95|0x0000000085f00000, 0x0000000085f00000, 0x0000000086000000|  0%| F|  |TAMS 0x0000000085f00000, 0x0000000085f00000| Untracked 
|  96|0x0000000086000000, 0x0000000086000000, 0x0000000086100000|  0%| F|  |TAMS 0x0000000086000000, 0x0000000086000000| Untracked 
|  97|0x0000000086100000, 0x0000000086100000, 0x0000000086200000|  0%| F|  |TAMS 0x0000000086100000, 0x0000000086100000| Untracked 
|  98|0x0000000086200000, 0x0000000086200000, 0x0000000086300000|  0%| F|  |TAMS 0x0000000086200000, 0x0000000086200000| Untracked 
|  99|0x0000000086300000, 0x0000000086300000, 0x0000000086400000|  0%| F|  |TAMS 0x0000000086300000, 0x0000000086300000| Untracked 
| 100|0x0000000086400000, 0x0000000086400000, 0x0000000086500000|  0%| F|  |TAMS 0x0000000086400000, 0x0000000086400000| Untracked 
| 101|0x0000000086500000, 0x0000000086500000, 0x0000000086600000|  0%| F|  |TAMS 0x0000000086500000, 0x0000000086500000| Untracked 
| 102|0x0000000086600000, 0x0000000086600000, 0x0000000086700000|  0%| F|  |TAMS 0x0000000086600000, 0x0000000086600000| Untracked 
| 103|0x0000000086700000, 0x0000000086700000, 0x0000000086800000|  0%| F|  |TAMS 0x0000000086700000, 0x0000000086700000| Untracked 
| 104|0x0000000086800000, 0x0000000086800000, 0x0000000086900000|  0%| F|  |TAMS 0x0000000086800000, 0x0000000086800000| Untracked 
| 105|0x0000000086900000, 0x0000000086900000, 0x0000000086a00000|  0%| F|  |TAMS 0x0000000086900000, 0x0000000086900000| Untracked 
| 106|0x0000000086a00000, 0x0000000086a00000, 0x0000000086b00000|  0%| F|  |TAMS 0x0000000086a00000, 0x0000000086a00000| Untracked 
| 107|0x0000000086b00000, 0x0000000086b00000, 0x0000000086c00000|  0%| F|  |TAMS 0x0000000086b00000, 0x0000000086b00000| Untracked 
| 108|0x0000000086c00000, 0x0000000086c00000, 0x0000000086d00000|  0%| F|  |TAMS 0x0000000086c00000, 0x0000000086c00000| Untracked 
| 109|0x0000000086d00000, 0x0000000086d00000, 0x0000000086e00000|  0%| F|  |TAMS 0x0000000086d00000, 0x0000000086d00000| Untracked 
| 110|0x0000000086e00000, 0x0000000086e00000, 0x0000000086f00000|  0%| F|  |TAMS 0x0000000086e00000, 0x0000000086e00000| Untracked 
| 111|0x0000000086f00000, 0x0000000086f00000, 0x0000000087000000|  0%| F|  |TAMS 0x0000000086f00000, 0x0000000086f00000| Untracked 
| 112|0x0000000087000000, 0x0000000087000000, 0x0000000087100000|  0%| F|  |TAMS 0x0000000087000000, 0x0000000087000000| Untracked 
| 113|0x0000000087100000, 0x0000000087100000, 0x0000000087200000|  0%| F|  |TAMS 0x0000000087100000, 0x0000000087100000| Untracked 
| 114|0x0000000087200000, 0x0000000087200000, 0x0000000087300000|  0%| F|  |TAMS 0x0000000087200000, 0x0000000087200000| Untracked 
| 115|0x0000000087300000, 0x0000000087300000, 0x0000000087400000|  0%| F|  |TAMS 0x0000000087300000, 0x0000000087300000| Untracked 
| 116|0x0000000087400000, 0x0000000087400000, 0x0000000087500000|  0%| F|  |TAMS 0x0000000087400000, 0x0000000087400000| Untracked 
| 117|0x0000000087500000, 0x0000000087500000, 0x0000000087600000|  0%| F|  |TAMS 0x0000000087500000, 0x0000000087500000| Untracked 
| 118|0x0000000087600000, 0x0000000087600000, 0x0000000087700000|  0%| F|  |TAMS 0x0000000087600000, 0x0000000087600000| Untracked 
| 119|0x0000000087700000, 0x0000000087700000, 0x0000000087800000|  0%| F|  |TAMS 0x0000000087700000, 0x0000000087700000| Untracked 
| 120|0x0000000087800000, 0x0000000087800000, 0x0000000087900000|  0%| F|  |TAMS 0x0000000087800000, 0x0000000087800000| Untracked 
| 121|0x0000000087900000, 0x0000000087900000, 0x0000000087a00000|  0%| F|  |TAMS 0x0000000087900000, 0x0000000087900000| Untracked 
| 122|0x0000000087a00000, 0x0000000087a00000, 0x0000000087b00000|  0%| F|  |TAMS 0x0000000087a00000, 0x0000000087a00000| Untracked 
| 123|0x0000000087b00000, 0x0000000087b00000, 0x0000000087c00000|  0%| F|  |TAMS 0x0000000087b00000, 0x0000000087b00000| Untracked 
| 124|0x0000000087c00000, 0x0000000087c00000, 0x0000000087d00000|  0%| F|  |TAMS 0x0000000087c00000, 0x0000000087c00000| Untracked 
| 125|0x0000000087d00000, 0x0000000087d78d10, 0x0000000087e00000| 47%| E|  |TAMS 0x0000000087d00000, 0x0000000087d00000| Complete 

Card table byte_map: [0x0000020e75030000,0x0000020e75430000] _byte_map_base: 0x0000020e74c30000

Marking Bits (Prev, Next): (CMBitMap*) 0x0000020e616fd878, (CMBitMap*) 0x0000020e616fd8b0
 Prev Bits: [0x0000020e75830000, 0x0000020e77830000)
 Next Bits: [0x0000020e77830000, 0x0000020e79830000)

Polling page: 0x0000020e5fe10000

Metaspace:

Usage:
  Non-class:     70.14 MB capacity,    68.79 MB ( 98%) used,     1.13 MB (  2%) free+waste,   228.13 KB ( <1%) overhead. 
      Class:     11.15 MB capacity,    10.37 MB ( 93%) used,   684.72 KB (  6%) free+waste,   105.81 KB ( <1%) overhead. 
       Both:     81.29 MB capacity,    79.16 MB ( 97%) used,     1.80 MB (  2%) free+waste,   333.94 KB ( <1%) overhead. 

Virtual space:
  Non-class space:       82.00 MB reserved,      70.33 MB ( 86%) committed 
      Class space:        1.00 GB reserved,      11.25 MB (  1%) committed 
             Both:        1.08 GB reserved,      81.58 MB (  7%) committed 

Chunk freelists:
   Non-Class:  63.00 KB
       Class:  11.00 KB
        Both:  74.00 KB

MaxMetaspaceSize: 17179869184.00 GB
CompressedClassSpaceSize: 1.00 GB

CodeHeap 'non-profiled nmethods': size=120000Kb used=5975Kb max_used=5975Kb free=114025Kb
 bounds [0x0000020e6cc90000, 0x0000020e6d270000, 0x0000020e741c0000]
CodeHeap 'profiled nmethods': size=120000Kb used=20218Kb max_used=20218Kb free=99781Kb
 bounds [0x0000020e65760000, 0x0000020e66b20000, 0x0000020e6cc90000]
CodeHeap 'non-nmethods': size=5760Kb used=2275Kb max_used=2339Kb free=3484Kb
 bounds [0x0000020e651c0000, 0x0000020e65430000, 0x0000020e65760000]
 total_blobs=10092 nmethods=9219 adapters=784
 compilation: enabled
              stopped_count=0, restarted_count=0
 full_count=0

Compilation events (20 events):
Event: 264.509 Thread 0x0000020e7c2c1000 9326       3       java.io.ObjectOutputStream$BlockDataOutputStream::writeLong (48 bytes)
Event: 264.510 Thread 0x0000020e7c2c1000 nmethod 9326 0x0000020e66b18c10 code [0x0000020e66b18de0, 0x0000020e66b18fd8]
Event: 264.510 Thread 0x0000020e7c2c1000 9327       3       java.io.ObjectStreamClass::getSerialVersionUID (33 bytes)
Event: 264.511 Thread 0x0000020e7c2c1000 nmethod 9327 0x0000020e66b19110 code [0x0000020e66b19300, 0x0000020e66b19748]
Event: 264.511 Thread 0x0000020e7c2c1000 9328       3       java.io.Bits::putLong (86 bytes)
Event: 264.512 Thread 0x0000020e7c2c1000 nmethod 9328 0x0000020e66b19890 code [0x0000020e66b19a40, 0x0000020e66b19cb8]
Event: 264.551 Thread 0x0000020e7c2c0000 nmethod 9318% 0x0000020e6d25ec90 code [0x0000020e6d25ee80, 0x0000020e6d25fc38]
Event: 264.552 Thread 0x0000020e7c2c0000 9324       4       java.util.LinkedList::node (65 bytes)
Event: 264.559 Thread 0x0000020e7c2c0000 nmethod 9324 0x0000020e6d260290 code [0x0000020e6d260420, 0x0000020e6d260518]
Event: 264.560 Thread 0x0000020e7c2c0000 9330       4       java.math.BigInteger::getInt (63 bytes)
Event: 264.569 Thread 0x0000020e7c2c0000 nmethod 9330 0x0000020e6d260610 code [0x0000020e6d2607c0, 0x0000020e6d260968]
Event: 264.570 Thread 0x0000020e7c2c0000 9331       4       java.util.concurrent.locks.ReentrantLock$NonfairSync::tryAcquire (6 bytes)
Event: 264.579 Thread 0x0000020e7c2c0000 nmethod 9331 0x0000020e6d260b10 code [0x0000020e6d260ca0, 0x0000020e6d260e38]
Event: 264.692 Thread 0x0000020e7c2c0000 9332       4       com.esotericsoftware.kryo.io.Output::writeUtf8Length (405 bytes)
Event: 264.715 Thread 0x0000020e7c2c1000 9333       3       org.gradle.internal.serialize.InputStreamBackedDecoder::readString (8 bytes)
Event: 264.716 Thread 0x0000020e7c2c1000 nmethod 9333 0x0000020e66b19e10 code [0x0000020e66b19fe0, 0x0000020e66b1a168]
Event: 264.740 Thread 0x0000020e7c2c0000 nmethod 9332 0x0000020e6d260f10 code [0x0000020e6d2610e0, 0x0000020e6d2619b8]
Event: 264.740 Thread 0x0000020e7c2c0000 9334       4       com.google.common.util.concurrent.AbstractFuture::set (32 bytes)
Event: 264.754 Thread 0x0000020e7c2c0000 nmethod 9334 0x0000020e6d261d10 code [0x0000020e6d261ec0, 0x0000020e6d2621f8]
Event: 264.756 Thread 0x0000020e7c2c0000 9335   !   4       com.google.common.cache.LocalCache::processPendingNotifications (47 bytes)

GC Heap History (20 events):
Event: 242.868 GC heap before
{Heap before GC invocations=10 (full 0):
 garbage-first heap   total 129024K, used 100981K [0x0000000080000000, 0x0000000100000000)
  region size 1024K, 67 young (68608K), 3 survivors (3072K)
 Metaspace       used 48482K, capacity 49760K, committed 50000K, reserved 1093632K
  class space    used 6172K, capacity 6620K, committed 6656K, reserved 1048576K
}
Event: 242.883 GC heap after
{Heap after GC invocations=11 (full 0):
 garbage-first heap   total 129024K, used 43823K [0x0000000080000000, 0x0000000100000000)
  region size 1024K, 9 young (9216K), 9 survivors (9216K)
 Metaspace       used 48482K, capacity 49760K, committed 50000K, reserved 1093632K
  class space    used 6172K, capacity 6620K, committed 6656K, reserved 1048576K
}
Event: 245.421 GC heap before
{Heap before GC invocations=11 (full 0):
 garbage-first heap   total 129024K, used 97071K [0x0000000080000000, 0x0000000100000000)
  region size 1024K, 61 young (62464K), 9 survivors (9216K)
 Metaspace       used 56077K, capacity 57520K, committed 57680K, reserved 1099776K
  class space    used 7088K, capacity 7595K, committed 7680K, reserved 1048576K
}
Event: 245.443 GC heap after
{Heap after GC invocations=12 (full 0):
 garbage-first heap   total 129024K, used 46610K [0x0000000080000000, 0x0000000100000000)
  region size 1024K, 3 young (3072K), 3 survivors (3072K)
 Metaspace       used 56077K, capacity 57520K, committed 57680K, reserved 1099776K
  class space    used 7088K, capacity 7595K, committed 7680K, reserved 1048576K
}
Event: 246.299 GC heap before
{Heap before GC invocations=12 (full 0):
 garbage-first heap   total 129024K, used 62994K [0x0000000080000000, 0x0000000100000000)
  region size 1024K, 20 young (20480K), 3 survivors (3072K)
 Metaspace       used 58593K, capacity 60096K, committed 60240K, reserved 1101824K
  class space    used 7428K, capacity 7916K, committed 7936K, reserved 1048576K
}
Event: 246.315 GC heap after
{Heap after GC invocations=13 (full 0):
 garbage-first heap   total 129024K, used 47233K [0x0000000080000000, 0x0000000100000000)
  region size 1024K, 3 young (3072K), 3 survivors (3072K)
 Metaspace       used 58593K, capacity 60096K, committed 60240K, reserved 1101824K
  class space    used 7428K, capacity 7916K, committed 7936K, reserved 1048576K
}
Event: 248.929 GC heap before
{Heap before GC invocations=14 (full 0):
 garbage-first heap   total 129024K, used 98433K [0x0000000080000000, 0x0000000100000000)
  region size 1024K, 54 young (55296K), 3 survivors (3072K)
 Metaspace       used 63579K, capacity 65144K, committed 65360K, reserved 1105920K
  class space    used 8034K, capacity 8612K, committed 8704K, reserved 1048576K
}
Event: 248.944 GC heap after
{Heap after GC invocations=15 (full 0):
 garbage-first heap   total 129024K, used 51329K [0x0000000080000000, 0x0000000100000000)
  region size 1024K, 7 young (7168K), 7 survivors (7168K)
 Metaspace       used 63579K, capacity 65144K, committed 65360K, reserved 1105920K
  class space    used 8034K, capacity 8612K, committed 8704K, reserved 1048576K
}
Event: 250.693 GC heap before
{Heap before GC invocations=15 (full 0):
 garbage-first heap   total 129024K, used 101505K [0x0000000080000000, 0x0000000100000000)
  region size 1024K, 56 young (57344K), 7 survivors (7168K)
 Metaspace       used 64858K, capacity 66561K, committed 66896K, reserved 1107968K
  class space    used 8240K, capacity 8863K, committed 8960K, reserved 1048576K
}
Event: 250.714 GC heap after
{Heap after GC invocations=16 (full 0):
 garbage-first heap   total 129024K, used 55161K [0x0000000080000000, 0x0000000100000000)
  region size 1024K, 4 young (4096K), 4 survivors (4096K)
 Metaspace       used 64858K, capacity 66561K, committed 66896K, reserved 1107968K
  class space    used 8240K, capacity 8863K, committed 8960K, reserved 1048576K
}
Event: 253.234 GC heap before
{Heap before GC invocations=16 (full 0):
 garbage-first heap   total 129024K, used 103289K [0x0000000080000000, 0x0000000100000000)
  region size 1024K, 51 young (52224K), 4 survivors (4096K)
 Metaspace       used 70142K, capacity 71823K, committed 72016K, reserved 1112064K
  class space    used 9085K, capacity 9695K, committed 9728K, reserved 1048576K
}
Event: 253.251 GC heap after
{Heap after GC invocations=17 (full 0):
 garbage-first heap   total 129024K, used 57936K [0x0000000080000000, 0x0000000100000000)
  region size 1024K, 7 young (7168K), 7 survivors (7168K)
 Metaspace       used 70142K, capacity 71823K, committed 72016K, reserved 1112064K
  class space    used 9085K, capacity 9695K, committed 9728K, reserved 1048576K
}
Event: 254.534 GC heap before
{Heap before GC invocations=17 (full 0):
 garbage-first heap   total 129024K, used 104016K [0x0000000080000000, 0x0000000100000000)
  region size 1024K, 52 young (53248K), 7 survivors (7168K)
 Metaspace       used 71440K, capacity 73130K, committed 73296K, reserved 1112064K
  class space    used 9281K, capacity 9910K, committed 9984K, reserved 1048576K
}
Event: 254.555 GC heap after
{Heap after GC invocations=18 (full 0):
 garbage-first heap   total 129024K, used 61878K [0x0000000080000000, 0x0000000100000000)
  region size 1024K, 7 young (7168K), 7 survivors (7168K)
 Metaspace       used 71440K, capacity 73130K, committed 73296K, reserved 1112064K
  class space    used 9281K, capacity 9910K, committed 9984K, reserved 1048576K
}
Event: 256.529 GC heap before
{Heap before GC invocations=18 (full 0):
 garbage-first heap   total 129024K, used 104886K [0x0000000080000000, 0x0000000100000000)
  region size 1024K, 49 young (50176K), 7 survivors (7168K)
 Metaspace       used 75186K, capacity 77026K, committed 77264K, reserved 1116160K
  class space    used 9836K, capacity 10536K, committed 10624K, reserved 1048576K
}
Event: 256.547 GC heap after
{Heap after GC invocations=19 (full 0):
 garbage-first heap   total 129024K, used 64147K [0x0000000080000000, 0x0000000100000000)
  region size 1024K, 6 young (6144K), 6 survivors (6144K)
 Metaspace       used 75186K, capacity 77026K, committed 77264K, reserved 1116160K
  class space    used 9836K, capacity 10536K, committed 10624K, reserved 1048576K
}
Event: 258.830 GC heap before
{Heap before GC invocations=19 (full 0):
 garbage-first heap   total 129024K, used 106131K [0x0000000080000000, 0x0000000100000000)
  region size 1024K, 47 young (48128K), 6 survivors (6144K)
 Metaspace       used 79141K, capacity 81101K, committed 81360K, reserved 1120256K
  class space    used 10370K, capacity 11066K, committed 11136K, reserved 1048576K
}
Event: 258.849 GC heap after
{Heap after GC invocations=20 (full 0):
 garbage-first heap   total 129024K, used 67557K [0x0000000080000000, 0x0000000100000000)
  region size 1024K, 6 young (6144K), 6 survivors (6144K)
 Metaspace       used 79141K, capacity 81101K, committed 81360K, reserved 1120256K
  class space    used 10370K, capacity 11066K, committed 11136K, reserved 1048576K
}
Event: 262.780 GC heap before
{Heap before GC invocations=21 (full 0):
 garbage-first heap   total 129024K, used 105445K [0x0000000080000000, 0x0000000100000000)
  region size 1024K, 44 young (45056K), 6 survivors (6144K)
 Metaspace       used 80734K, capacity 82852K, committed 83024K, reserved 1120256K
  class space    used 10608K, capacity 11398K, committed 11520K, reserved 1048576K
}
Event: 262.801 GC heap after
{Heap after GC invocations=22 (full 0):
 garbage-first heap   total 129024K, used 70390K [0x0000000080000000, 0x0000000100000000)
  region size 1024K, 4 young (4096K), 4 survivors (4096K)
 Metaspace       used 80734K, capacity 82852K, committed 83024K, reserved 1120256K
  class space    used 10608K, capacity 11398K, committed 11520K, reserved 1048576K
}

Deoptimization events (20 events):
Event: 263.205 Thread 0x0000020e02154000 DEOPT PACKING pc=0x0000020e6cf87f84 sp=0x00000046c92fdc90
Event: 263.205 Thread 0x0000020e02154000 DEOPT UNPACKING pc=0x0000020e651e662f sp=0x00000046c92fdc28 mode 2
Event: 263.267 Thread 0x0000020e0348c000 Uncommon trap: trap_request=0xffffffd6 fr.pc=0x0000020e6d22a240 relative=0x0000000000000700
Event: 263.267 Thread 0x0000020e0348c000 Uncommon trap: reason=array_check action=maybe_recompile pc=0x0000020e6d22a240 method=java.util.TimSort.binarySort([Ljava/lang/Object;IIILjava/util/Comparator;)V @ 215 c2
Event: 263.267 Thread 0x0000020e0348c000 DEOPT PACKING pc=0x0000020e6d22a240 sp=0x00000046c6ffd3a0
Event: 263.268 Thread 0x0000020e0348c000 DEOPT UNPACKING pc=0x0000020e651e662f sp=0x00000046c6ffd348 mode 2
Event: 263.276 Thread 0x0000020e7db77800 Uncommon trap: trap_request=0xffffffd6 fr.pc=0x0000020e6d22a240 relative=0x0000000000000700
Event: 263.276 Thread 0x0000020e7db77800 Uncommon trap: reason=array_check action=maybe_recompile pc=0x0000020e6d22a240 method=java.util.TimSort.binarySort([Ljava/lang/Object;IIILjava/util/Comparator;)V @ 215 c2
Event: 263.276 Thread 0x0000020e7db77800 DEOPT PACKING pc=0x0000020e6d22a240 sp=0x00000046c9dfd840
Event: 263.277 Thread 0x0000020e7db77800 DEOPT UNPACKING pc=0x0000020e651e662f sp=0x00000046c9dfd7e8 mode 2
Event: 263.459 Thread 0x0000020e7e278000 DEOPT PACKING pc=0x0000020e6678f844 sp=0x00000046c80fd050
Event: 263.459 Thread 0x0000020e7e278000 DEOPT UNPACKING pc=0x0000020e651e6dde sp=0x00000046c80fc5f0 mode 0
Event: 263.729 Thread 0x0000020e0214f000 DEOPT PACKING pc=0x0000020e6678f844 sp=0x00000046c95fcc90
Event: 263.729 Thread 0x0000020e0214f000 DEOPT UNPACKING pc=0x0000020e651e6dde sp=0x00000046c95fc230 mode 0
Event: 264.010 Thread 0x0000020e0348b000 DEOPT PACKING pc=0x0000020e6678f844 sp=0x00000046c6efd0d0
Event: 264.010 Thread 0x0000020e0348b000 DEOPT UNPACKING pc=0x0000020e651e6dde sp=0x00000046c6efc670 mode 0
Event: 264.326 Thread 0x0000020e0068d800 Uncommon trap: trap_request=0xffffff4d fr.pc=0x0000020e6d2083e8 relative=0x0000000000000208
Event: 264.326 Thread 0x0000020e0068d800 Uncommon trap: reason=unstable_if action=reinterpret pc=0x0000020e6d2083e8 method=org.gradle.internal.file.DefaultFileHierarchySet$Node.isChildOfOrThis(Ljava/lang/String;I)Z @ 72 c2
Event: 264.326 Thread 0x0000020e0068d800 DEOPT PACKING pc=0x0000020e6d2083e8 sp=0x00000046c50f9830
Event: 264.326 Thread 0x0000020e0068d800 DEOPT UNPACKING pc=0x0000020e651e662f sp=0x00000046c50f97b8 mode 2

Classes redefined (0 events):
No events

Internal exceptions (20 events):
Event: 258.788 Thread 0x0000020e7ceee000 Exception <a 'java/lang/NoSuchMethodError'{0x0000000085688c90}: <clinit>> (0x0000000085688c90) thrown at [./src/hotspot/share/prims/jni.cpp, line 1362]
Event: 258.790 Thread 0x0000020e7ceee000 Exception <a 'java/lang/NoSuchMethodError'{0x0000000085694600}: <clinit>> (0x0000000085694600) thrown at [./src/hotspot/share/prims/jni.cpp, line 1362]
Event: 258.963 Thread 0x0000020e7ceee000 Exception <a 'java/lang/NoSuchMethodError'{0x0000000087c416e0}: <clinit>> (0x0000000087c416e0) thrown at [./src/hotspot/share/prims/jni.cpp, line 1362]
Event: 258.978 Thread 0x0000020e7e28d000 Exception <a 'java/lang/NoSuchMethodError'{0x0000000087ca81f8}: <clinit>> (0x0000000087ca81f8) thrown at [./src/hotspot/share/prims/jni.cpp, line 1362]
Event: 258.986 Thread 0x0000020e7e28d000 Exception <a 'java/lang/NoSuchMethodError'{0x0000000087cbd468}: <clinit>> (0x0000000087cbd468) thrown at [./src/hotspot/share/prims/jni.cpp, line 1362]
Event: 258.993 Thread 0x0000020e7e28d000 Exception <a 'java/lang/NoSuchMethodError'{0x0000000087ce2878}: <clinit>> (0x0000000087ce2878) thrown at [./src/hotspot/share/prims/jni.cpp, line 1362]
Event: 259.003 Thread 0x0000020e7e28d000 Exception <a 'java/lang/NoSuchMethodError'{0x0000000087cec888}: 'void java.lang.invoke.DirectMethodHandle$Holder.invokeSpecial(java.lang.Object, java.lang.Object, java.lang.Object, int)'> (0x0000000087cec888) thrown at [./src/hotspot/share/interpreter/linkResolver.cpp, line 773]
Event: 259.005 Thread 0x0000020e7ceee000 Exception <a 'java/lang/NoSuchMethodError'{0x0000000087b005f0}: <clinit>> (0x0000000087b005f0) thrown at [./src/hotspot/share/prims/jni.cpp, line 1362]
Event: 259.006 Thread 0x0000020e7ceee000 Exception <a 'java/lang/NoSuchMethodError'{0x0000000087b01d48}: <clinit>> (0x0000000087b01d48) thrown at [./src/hotspot/share/prims/jni.cpp, line 1362]
Event: 259.157 Thread 0x0000020e0068d800 Exception <a 'java/lang/IncompatibleClassChangeError'{0x0000000087d596e0}: Found class java.lang.Object, but interface was expected> (0x0000000087d596e0) thrown at [./src/hotspot/share/interpreter/linkResolver.cpp, line 839]
Event: 259.259 Thread 0x0000020e0068d800 Exception <a 'java/lang/NoSuchMethodError'{0x0000000087abc498}: 'java.lang.Object java.lang.invoke.DirectMethodHandle$Holder.invokeInterface(java.lang.Object, java.lang.Object, int)'> (0x0000000087abc498) thrown at [./src/hotspot/share/interpreter/linkResolver.cpp, line 773]
Event: 259.264 Thread 0x0000020e0068d800 Exception <a 'java/lang/NoSuchMethodError'{0x0000000087ad18c0}: 'void java.lang.invoke.DirectMethodHandle$Holder.invokeStatic(java.lang.Object, java.lang.Object, java.lang.Object, int)'> (0x0000000087ad18c0) thrown at [./src/hotspot/share/interpreter/linkResolver.cpp, line 773]
Event: 259.275 Thread 0x0000020e7ceee000 Exception <a 'java/lang/NoSuchMethodError'{0x000000008792abe0}: <clinit>> (0x000000008792abe0) thrown at [./src/hotspot/share/prims/jni.cpp, line 1362]
Event: 259.442 Thread 0x0000020e0068d800 Exception <a 'java/lang/IncompatibleClassChangeError'{0x00000000878b35e8}: Found class java.lang.Object, but interface was expected> (0x00000000878b35e8) thrown at [./src/hotspot/share/interpreter/linkResolver.cpp, line 839]
Event: 259.456 Thread 0x0000020e0068d800 Exception <a 'java/lang/IncompatibleClassChangeError'{0x00000000878dbb60}: Found class java.lang.Object, but interface was expected> (0x00000000878dbb60) thrown at [./src/hotspot/share/interpreter/linkResolver.cpp, line 839]
Event: 259.595 Thread 0x0000020e0068d800 Exception <a 'java/lang/NoSuchMethodError'{0x0000000087555638}: 'int java.lang.invoke.DirectMethodHandle$Holder.invokeStaticInit(java.lang.Object, java.lang.Object, java.lang.Object, java.lang.Object, java.lang.Object)'> (0x0000000087555638) thrown at [./src/hotspot/share/interpreter/linkResolver.cpp, line 773]
Event: 261.561 Thread 0x0000020e0068d800 Exception <a 'java/lang/NoSuchMethodError'{0x0000000086e9aeb8}: 'void java.lang.invoke.DirectMethodHandle$Holder.invokeStatic(java.lang.Object, java.lang.Object, java.lang.Object, java.lang.Object, int, java.lang.Object, java.lang.Object)'> (0x0000000086e9aeb8) thrown at [./src/hotspot/share/interpreter/linkResolver.cpp, line 773]
Event: 261.719 Thread 0x0000020e7e270800 Exception <a 'java/lang/NoSuchMethodError'{0x0000000086c0a968}: 'java.lang.Object java.lang.invoke.DirectMethodHandle$Holder.invokeSpecialIFC(java.lang.Object, java.lang.Object, java.lang.Object)'> (0x0000000086c0a968) thrown at [./src/hotspot/share/interpreter/linkResolver.cpp, line 773]
Event: 261.720 Thread 0x0000020e03489800 Exception <a 'java/lang/NoSuchMethodError'{0x00000000869c93c8}: 'java.lang.Object java.lang.invoke.DirectMethodHandle$Holder.invokeSpecialIFC(java.lang.Object, java.lang.Object, java.lang.Object)'> (0x00000000869c93c8) thrown at [./src/hotspot/share/interpreter/linkResolver.cpp, line 773]
Event: 263.163 Thread 0x0000020e7e279800 Exception <a 'java/lang/NoSuchMethodError'{0x00000000876245a0}: 'void java.lang.invoke.DirectMethodHandle$Holder.invokeVirtual(java.lang.Object, java.lang.Object)'> (0x00000000876245a0) thrown at [./src/hotspot/share/interpreter/linkResolver.cpp, line 773]

Events (20 events):
Event: 264.301 Executing VM operation: RevokeBias
Event: 264.301 Executing VM operation: RevokeBias done
Event: 264.301 Executing VM operation: RevokeBias
Event: 264.301 Executing VM operation: RevokeBias done
Event: 264.302 Executing VM operation: RevokeBias
Event: 264.302 Executing VM operation: RevokeBias done
Event: 264.302 Executing VM operation: RevokeBias
Event: 264.302 Executing VM operation: RevokeBias done
Event: 264.302 Executing VM operation: BulkRevokeBias
Event: 264.316 Executing VM operation: BulkRevokeBias done
Event: 264.338 loading class org/gradle/execution/plan/LocalTaskNode
Event: 264.338 loading class org/gradle/execution/plan/LocalTaskNode done
Event: 264.338 loading class org/gradle/execution/plan/LocalTaskNodeExecutor
Event: 264.338 loading class org/gradle/execution/plan/LocalTaskNodeExecutor done
Event: 264.340 loading class org/gradle/execution/plan/LocalTaskNode
Event: 264.340 loading class org/gradle/execution/plan/LocalTaskNode done
Event: 264.340 loading class org/gradle/execution/plan/LocalTaskNodeExecutor
Event: 264.340 loading class org/gradle/execution/plan/LocalTaskNodeExecutor done
Event: 264.461 loading class org/gradle/internal/snapshot/impl/SetValueSnapshot
Event: 264.461 loading class org/gradle/internal/snapshot/impl/SetValueSnapshot done


Dynamic libraries:
0x00007ff659580000 - 0x00007ff65958a000 	C:\01)androidstudiofiles\02)androidstudioinstallationfiles\jre\bin\java.exe
0x00007ffe0b530000 - 0x00007ffe0b725000 	C:\WINDOWS\SYSTEM32\ntdll.dll
0x00007ffe0a850000 - 0x00007ffe0a90e000 	C:\WINDOWS\System32\KERNEL32.DLL
0x00007ffe09160000 - 0x00007ffe09428000 	C:\WINDOWS\System32\KERNELBASE.dll
0x00007ffe08f70000 - 0x00007ffe09070000 	C:\WINDOWS\System32\ucrtbase.dll
0x00007ffdff640000 - 0x00007ffdff659000 	C:\01)androidstudiofiles\02)androidstudioinstallationfiles\jre\bin\jli.dll
0x00007ffe0a390000 - 0x00007ffe0a530000 	C:\WINDOWS\System32\USER32.dll
0x00007ffdef200000 - 0x00007ffdef49a000 	C:\WINDOWS\WinSxS\amd64_microsoft.windows.common-controls_6595b64144ccf1df_6.0.19041.1110_none_60b5254171f9507e\COMCTL32.dll
0x00007ffe08e80000 - 0x00007ffe08ea2000 	C:\WINDOWS\System32\win32u.dll
0x00007ffe09b20000 - 0x00007ffe09b4b000 	C:\WINDOWS\System32\GDI32.dll
0x00007ffe0a290000 - 0x00007ffe0a32e000 	C:\WINDOWS\System32\msvcrt.dll
0x00007ffe08d00000 - 0x00007ffe08e0b000 	C:\WINDOWS\System32\gdi32full.dll
0x00007ffe09070000 - 0x00007ffe0910d000 	C:\WINDOWS\System32\msvcp_win.dll
0x00007ffdff620000 - 0x00007ffdff637000 	C:\01)androidstudiofiles\02)androidstudioinstallationfiles\jre\bin\VCRUNTIME140.dll
0x00007ffe09e20000 - 0x00007ffe09e50000 	C:\WINDOWS\System32\IMM32.DLL
0x00007ffdff1f0000 - 0x00007ffdff28d000 	C:\01)androidstudiofiles\02)androidstudioinstallationfiles\jre\bin\msvcp140.dll
0x00007ffdb2460000 - 0x00007ffdb2f35000 	C:\01)androidstudiofiles\02)androidstudioinstallationfiles\jre\bin\server\jvm.dll
0x00007ffe09c30000 - 0x00007ffe09cde000 	C:\WINDOWS\System32\ADVAPI32.dll
0x00007ffe0a530000 - 0x00007ffe0a5cc000 	C:\WINDOWS\System32\sechost.dll
0x00007ffe0a910000 - 0x00007ffe0aa35000 	C:\WINDOWS\System32\RPCRT4.dll
0x00007ffe096a0000 - 0x00007ffe096a8000 	C:\WINDOWS\System32\PSAPI.DLL
0x00007ffde3c70000 - 0x00007ffde3c97000 	C:\WINDOWS\SYSTEM32\WINMM.dll
0x00007ffddf650000 - 0x00007ffddf659000 	C:\WINDOWS\SYSTEM32\WSOCK32.dll
0x00007ffdfd620000 - 0x00007ffdfd62a000 	C:\WINDOWS\SYSTEM32\VERSION.dll
0x00007ffe0a5d0000 - 0x00007ffe0a63b000 	C:\WINDOWS\System32\WS2_32.dll
0x00007ffe074f0000 - 0x00007ffe07502000 	C:\WINDOWS\SYSTEM32\kernel.appcore.dll
0x00007ffdd9c30000 - 0x00007ffdd9c41000 	C:\01)androidstudiofiles\02)androidstudioinstallationfiles\jre\bin\verify.dll
0x00007ffe03a10000 - 0x00007ffe03bf4000 	C:\WINDOWS\SYSTEM32\DBGHELP.DLL
0x00007ffde97e0000 - 0x00007ffde980c000 	C:\WINDOWS\SYSTEM32\dbgcore.DLL
0x00007ffe08eb0000 - 0x00007ffe08f32000 	C:\WINDOWS\System32\bcryptPrimitives.dll
0x00007ffdc50d0000 - 0x00007ffdc50f9000 	C:\01)androidstudiofiles\02)androidstudioinstallationfiles\jre\bin\java.dll
0x00007ffddbb80000 - 0x00007ffddbb8b000 	C:\01)androidstudiofiles\02)androidstudioinstallationfiles\jre\bin\jimage.dll
0x00007ffdced90000 - 0x00007ffdceda8000 	C:\01)androidstudiofiles\02)androidstudioinstallationfiles\jre\bin\zip.dll
0x00007ffe0aa40000 - 0x00007ffe0b184000 	C:\WINDOWS\System32\SHELL32.dll
0x00007ffe03ce0000 - 0x00007ffe04474000 	C:\WINDOWS\SYSTEM32\windows.storage.dll
0x00007ffe0b190000 - 0x00007ffe0b4e4000 	C:\WINDOWS\System32\combase.dll
0x00007ffe086b0000 - 0x00007ffe086dc000 	C:\WINDOWS\SYSTEM32\Wldp.dll
0x00007ffe0a1e0000 - 0x00007ffe0a28d000 	C:\WINDOWS\System32\SHCORE.dll
0x00007ffe0a330000 - 0x00007ffe0a385000 	C:\WINDOWS\System32\shlwapi.dll
0x00007ffe08b90000 - 0x00007ffe08baf000 	C:\WINDOWS\SYSTEM32\profapi.dll
0x00007ffdc50b0000 - 0x00007ffdc50ca000 	C:\01)androidstudiofiles\02)androidstudioinstallationfiles\jre\bin\net.dll
0x00007ffe02960000 - 0x00007ffe02a69000 	C:\WINDOWS\SYSTEM32\WINHTTP.dll
0x00007ffe08410000 - 0x00007ffe0847a000 	C:\WINDOWS\system32\mswsock.dll
0x00007ffdc5090000 - 0x00007ffdc50a4000 	C:\01)androidstudiofiles\02)androidstudioinstallationfiles\jre\bin\nio.dll
0x00007ffdee6d0000 - 0x00007ffdee6f7000 	C:\Users\Admin\.gradle\native\e1d6ef7f7dcc3fd88c89a11ec53ec762bb8ba0a96d01ffa2cd45eb1d1d8dd5c5\windows-amd64\native-platform.dll
0x00007ffdc82a0000 - 0x00007ffdc83e4000 	C:\Users\Admin\.gradle\native\5664cfc778a61ccfe75a443a1ab52a65af34e5dc3c78e0209fed803814484fcb\windows-amd64\native-platform-file-events.dll
0x00007ffdeedb0000 - 0x00007ffdeedba000 	C:\01)androidstudiofiles\02)androidstudioinstallationfiles\jre\bin\management.dll
0x00007ffdee1d0000 - 0x00007ffdee1dd000 	C:\01)androidstudiofiles\02)androidstudioinstallationfiles\jre\bin\management_ext.dll
0x00007ffe08600000 - 0x00007ffe08618000 	C:\WINDOWS\SYSTEM32\CRYPTSP.dll
0x00007ffe07d20000 - 0x00007ffe07d54000 	C:\WINDOWS\system32\rsaenh.dll
0x00007ffe08f40000 - 0x00007ffe08f67000 	C:\WINDOWS\System32\bcrypt.dll
0x00007ffe08b10000 - 0x00007ffe08b3e000 	C:\WINDOWS\SYSTEM32\USERENV.dll
0x00007ffe08620000 - 0x00007ffe0862c000 	C:\WINDOWS\SYSTEM32\CRYPTBASE.dll
0x00007ffe080b0000 - 0x00007ffe080eb000 	C:\WINDOWS\SYSTEM32\IPHLPAPI.DLL
0x00007ffe09c20000 - 0x00007ffe09c28000 	C:\WINDOWS\System32\NSI.dll
0x00007ffdf79e0000 - 0x00007ffdf79f7000 	C:\WINDOWS\SYSTEM32\dhcpcsvc6.DLL
0x00007ffdf62f0000 - 0x00007ffdf630d000 	C:\WINDOWS\SYSTEM32\dhcpcsvc.DLL
0x00007ffe080f0000 - 0x00007ffe081ba000 	C:\WINDOWS\SYSTEM32\DNSAPI.dll

dbghelp: loaded successfully - version: 4.0.5 - missing functions: none
symbol engine: initialized successfully - sym options: 0x614 - pdb path: .;C:\01)androidstudiofiles\02)androidstudioinstallationfiles\jre\bin;C:\WINDOWS\SYSTEM32;C:\WINDOWS\WinSxS\amd64_microsoft.windows.common-controls_6595b64144ccf1df_6.0.19041.1110_none_60b5254171f9507e;C:\01)androidstudiofiles\02)androidstudioinstallationfiles\jre\bin\server;C:\Users\Admin\.gradle\native\e1d6ef7f7dcc3fd88c89a11ec53ec762bb8ba0a96d01ffa2cd45eb1d1d8dd5c5\windows-amd64;C:\Users\Admin\.gradle\native\5664cfc778a61ccfe75a443a1ab52a65af34e5dc3c78e0209fed803814484fcb\windows-amd64

VM Arguments:
jvm_args: --add-opens=java.base/java.util=ALL-UNNAMED --add-opens=java.base/java.lang=ALL-UNNAMED --add-opens=java.base/java.lang.invoke=ALL-UNNAMED --add-opens=java.base/java.util=ALL-UNNAMED --add-opens=java.prefs/java.util.prefs=ALL-UNNAMED --add-opens=java.prefs/java.util.prefs=ALL-UNNAMED --add-opens=java.base/java.nio.charset=ALL-UNNAMED --add-opens=java.base/java.net=ALL-UNNAMED --add-opens=java.base/java.util.concurrent.atomic=ALL-UNNAMED -Xmx2048m -Dfile.encoding=UTF-8 -Duser.country=US -Duser.language=en -Duser.variant 
java_command: org.gradle.launcher.daemon.bootstrap.GradleDaemon 7.2
java_class_path (initial): C:\Users\Admin\.gradle\wrapper\dists\gradle-7.2-bin\2dnblmf4td7x66yl1d74lt32g\gradle-7.2\lib\gradle-launcher-7.2.jar
Launcher Type: SUN_STANDARD

[Global flags]
     intx CICompilerCount                          = 4                                         {product} {ergonomic}
     uint ConcGCThreads                            = 2                                         {product} {ergonomic}
     uint G1ConcRefinementThreads                  = 8                                         {product} {ergonomic}
   size_t G1HeapRegionSize                         = 1048576                                   {product} {ergonomic}
    uintx GCDrainStackTargetSize                   = 64                                        {product} {ergonomic}
   size_t InitialHeapSize                          = 132120576                                 {product} {ergonomic}
   size_t MarkStackSize                            = 4194304                                   {product} {ergonomic}
   size_t MaxHeapSize                              = 2147483648                                {product} {command line}
   size_t MaxNewSize                               = 1287651328                                {product} {ergonomic}
   size_t MinHeapDeltaBytes                        = 1048576                                   {product} {ergonomic}
    uintx NonNMethodCodeHeapSize                   = 5836300                                {pd product} {ergonomic}
    uintx NonProfiledCodeHeapSize                  = 122910970                              {pd product} {ergonomic}
    uintx ProfiledCodeHeapSize                     = 122910970                              {pd product} {ergonomic}
    uintx ReservedCodeCacheSize                    = 251658240                              {pd product} {ergonomic}
     bool SegmentedCodeCache                       = true                                      {product} {ergonomic}
     bool UseCompressedClassPointers               = true                                 {lp64_product} {ergonomic}
     bool UseCompressedOops                        = true                                 {lp64_product} {ergonomic}
     bool UseG1GC                                  = true                                      {product} {ergonomic}
     bool UseLargePagesIndividualAllocation        = false                                  {pd product} {ergonomic}

Logging:
Log output configuration:
 #0: stdout all=warning uptime,level,tags
 #1: stderr all=off uptime,level,tags

Environment Variables:
PATH=C:\Program Files (x86)\Common Files\Oracle\Java\javapath;C:\Program Files\Common Files\Oracle\Java\javapath;C:\ProgramData\Oracle\Java\javapath;C:\WINDOWS\system32;C:\WINDOWS;C:\WINDOWS\System32\Wbem;C:\WINDOWS\System32\WindowsPowerShell\v1.0\;C:\WINDOWS\System32\OpenSSH\;C:\Program Files\Java\jdk-14\bin;C:\Program Files\Git\cmd;C:\Program Files\nodejs\;C:\Users\Admin\AppData\Local\Microsoft\WindowsApps;C:\Users\Admin\AppData\Roaming\npm;
USERNAME=Admin
OS=Windows_NT
PROCESSOR_IDENTIFIER=Intel64 Family 6 Model 142 Stepping 10, GenuineIntel



---------------  S Y S T E M  ---------------

OS: Windows 10 , 64 bit Build 19041 (10.0.19041.1566)
OS uptime: 0 days 1:48 hours

CPU:total 8 (initial active 8) (4 cores per cpu, 2 threads per core) family 6 model 142 stepping 10 microcode 0xb4, cmov, cx8, fxsr, mmx, sse, sse2, sse3, ssse3, sse4.1, sse4.2, popcnt, avx, avx2, aes, clmul, erms, 3dnowpref, lzcnt, ht, tsc, tscinvbit, bmi1, bmi2, adx, fma

Memory: 4k page, system-wide physical 8026M (1005M free)
TotalPageFile size 9050M (AvailPageFile size 25M)
current process WorkingSet (physical memory assigned to process): 368M, peak: 405M
current process commit charge ("private bytes"): 415M, peak: 449M

vm_info: OpenJDK 64-Bit Server VM (11.0.11+9-b60-7590822) for windows-amd64 JRE (11.0.11+9-b60-7590822), built on Jul 29 2021 21:43:44 by "builder" with MS VC++ 14.0 (VS2015)

END.
