#
# There is insufficient memory for the Java Runtime Environment to continue.
# Native memory allocation (malloc) failed to allocate 1448976 bytes for Chunk::new
# Possible reasons:
#   The system is out of physical RAM or swap space
#   The process is running with CompressedOops enabled, and the Java Heap may be blocking the growth of the native heap
# Possible solutions:
#   Reduce memory load on the system
#   Increase physical memory or swap space
#   Check if swap backing store is full
#   Decrease Java heap size (-Xmx/-Xms)
#   Decrease number of Java threads
#   Decrease Java thread stack sizes (-Xss)
#   Set larger code cache with -XX:ReservedCodeCacheSize=
#   JVM is running with Unscaled Compressed Oops mode in which the Java heap is
#     placed in the first 4GB address space. The Java Heap base address is the
#     maximum limit for the native heap growth. Please use -XX:HeapBaseMinAddress
#     to set the Java Heap base and to place the Java Heap above 4GB virtual address.
# This output file may be truncated or incomplete.
#
#  Out of Memory Error (./src/hotspot/share/memory/arena.cpp:197), pid=8324, tid=14168
#
# JRE version: OpenJDK Runtime Environment (11.0.11+9) (build 11.0.11+9-b60-7590822)
# Java VM: OpenJDK 64-Bit Server VM (11.0.11+9-b60-7590822, mixed mode, tiered, compressed oops, g1 gc, windows-amd64)
# No core dump will be written. Minidumps are not enabled by default on client versions of Windows
#

---------------  S U M M A R Y ------------

Command Line: --add-opens=java.base/java.util=ALL-UNNAMED --add-opens=java.base/java.lang=ALL-UNNAMED --add-opens=java.base/java.lang.invoke=ALL-UNNAMED --add-opens=java.base/java.util=ALL-UNNAMED --add-opens=java.prefs/java.util.prefs=ALL-UNNAMED --add-opens=java.prefs/java.util.prefs=ALL-UNNAMED --add-opens=java.base/java.nio.charset=ALL-UNNAMED --add-opens=java.base/java.net=ALL-UNNAMED --add-opens=java.base/java.util.concurrent.atomic=ALL-UNNAMED -Xmx2048m -Dfile.encoding=UTF-8 -Duser.country=US -Duser.language=en -Duser.variant org.gradle.launcher.daemon.bootstrap.GradleDaemon 7.2

Host: Intel(R) Core(TM) i7-8550U CPU @ 1.80GHz, 8 cores, 7G,  Windows 10 , 64 bit Build 19041 (10.0.19041.1566)
Time: Fri Apr  8 03:44:41 2022 Arab Standard Time elapsed time: 202.927375 seconds (0d 0h 3m 22s)

---------------  T H R E A D  ---------------

Current thread (0x00000189fcb91000):  JavaThread "C2 CompilerThread1" daemon [_thread_in_native, id=14168, stack(0x00000023cd800000,0x00000023cd900000)]


Current CompileTask:
C2: 202927 7157 %     4       groovy.lang.MetaClassImpl::inheritInterfaceNewMetaMethods @ 100 (195 bytes)

Stack: [0x00000023cd800000,0x00000023cd900000]
Native frames: (J=compiled Java code, j=interpreted, Vv=VM code, C=native code)
V  [jvm.dll+0x5f214a]
V  [jvm.dll+0x726fb5]
V  [jvm.dll+0x7285cd]
V  [jvm.dll+0x728c83]
V  [jvm.dll+0x243278]
V  [jvm.dll+0xbc53c]
V  [jvm.dll+0xbca3c]
V  [jvm.dll+0x353e7d]
V  [jvm.dll+0x19875c]
V  [jvm.dll+0x1fc2ee]
V  [jvm.dll+0x1fb3d4]
V  [jvm.dll+0x183d6c]
V  [jvm.dll+0x209a57]
V  [jvm.dll+0x2082a1]
V  [jvm.dll+0x6ef58f]
V  [jvm.dll+0x6e80b5]
V  [jvm.dll+0x5f1036]
C  [ucrtbase.dll+0x21bb2]
C  [KERNEL32.DLL+0x17034]
C  [ntdll.dll+0x52651]


---------------  P R O C E S S  ---------------

Threads class SMR info:
_java_thread_list=0x000001899072b8b0, length=124, elements={
0x00000189edbbb800, 0x00000189fafef800, 0x00000189faffb000, 0x00000189fb008000,
0x00000189fb00a800, 0x00000189fb010000, 0x00000189fb019000, 0x00000189fb01d800,
0x00000189fb020800, 0x00000189fbad0800, 0x00000189fbacf000, 0x00000189fbad1800,
0x00000189fbad2800, 0x00000189fbad5000, 0x00000189fbad5800, 0x00000189fbad4000,
0x00000189fbad3000, 0x00000189fbad0000, 0x00000189fcbe3000, 0x00000189fcbe0000,
0x00000189fcbe0800, 0x00000189fcbdf000, 0x00000189fcbde800, 0x00000189fcbe2800,
0x00000189fcbe1800, 0x00000189fcbe9000, 0x00000189fcbe9800, 0x00000189fcbe5000,
0x00000189fcbe6800, 0x00000189fcbe5800, 0x00000189fcbe4000, 0x00000189fcbea800,
0x00000189fcbec000, 0x00000189fcbed000, 0x00000189fcbe8000, 0x00000189fcf2b800,
0x00000189fcf28000, 0x00000189fcf29000, 0x00000189fcf26800, 0x00000189fcf29800,
0x00000189fcf27000, 0x00000189fcf2a800, 0x00000189fcf25800, 0x00000189fcf2c000,
0x00000189ff151000, 0x00000189ff14b800, 0x00000189ff150000, 0x00000189ff152000,
0x00000189ff14c000, 0x00000189ff14f800, 0x00000189ff14e800, 0x00000189ff152800,
0x00000189ff14d000, 0x00000189ff153800, 0x00000189ff14d800, 0x00000189ff15a000,
0x00000189ff157800, 0x00000189ff158800, 0x00000189ff156000, 0x00000189ff159000,
0x00000189ff154800, 0x00000189ff156800, 0x00000189ff155000, 0x000001899188b800,
0x0000018991887000, 0x000001899188b000, 0x0000018991886000, 0x0000018991888800,
0x000001899188a000, 0x0000018991889000, 0x0000018991887800, 0x0000018991890000,
0x0000018991891800, 0x000001899188f000, 0x000001899188e000, 0x000001899188c800,
0x000001899188d800, 0x0000018991892000, 0x0000018991893000, 0x0000018991890800,
0x0000018991894000, 0x0000018991894800, 0x0000018991b88000, 0x0000018991b89000,
0x0000018991b89800, 0x0000018991b8a800, 0x0000018991b87000, 0x0000018991b8f800,
0x0000018991b90000, 0x0000018991b91000, 0x0000018991b8b000, 0x0000018991b92000,
0x0000018991b8c000, 0x0000018991b92800, 0x0000018991b8d800, 0x0000018991b8d000,
0x0000018991b93800, 0x0000018991b94000, 0x0000018991b8e800, 0x0000018991b95000,
0x0000018991b96000, 0x00000189902ac800, 0x00000189902ad000, 0x00000189902ae800,
0x00000189902af800, 0x00000189902ae000, 0x00000189902aa000, 0x00000189902b0800,
0x00000189902ab800, 0x00000189902aa800, 0x00000189902b7000, 0x00000189902b4800,
0x00000189902b5800, 0x00000189902b6000, 0x00000189902b2000, 0x00000189902b3000,
0x00000189902b1000, 0x00000189902b7800, 0x00000189902b8800, 0x00000189902b3800,
0x00000189fc211800, 0x00000189fc212000, 0x00000189fcb91000, 0x00000189931d2800
}

Java Threads: ( => current thread )
  0x00000189edbbb800 JavaThread "main" [_thread_blocked, id=2416, stack(0x00000023cad00000,0x00000023cae00000)]
  0x00000189fafef800 JavaThread "Reference Handler" daemon [_thread_blocked, id=11172, stack(0x00000023cb400000,0x00000023cb500000)]
  0x00000189faffb000 JavaThread "Finalizer" daemon [_thread_blocked, id=11280, stack(0x00000023cb500000,0x00000023cb600000)]
  0x00000189fb008000 JavaThread "Signal Dispatcher" daemon [_thread_blocked, id=8860, stack(0x00000023cb600000,0x00000023cb700000)]
  0x00000189fb00a800 JavaThread "Attach Listener" daemon [_thread_blocked, id=8848, stack(0x00000023cb700000,0x00000023cb800000)]
  0x00000189fb010000 JavaThread "Service Thread" daemon [_thread_blocked, id=3152, stack(0x00000023cb800000,0x00000023cb900000)]
  0x00000189fb019000 JavaThread "C2 CompilerThread0" daemon [_thread_in_native, id=3612, stack(0x00000023cb900000,0x00000023cba00000)]
  0x00000189fb01d800 JavaThread "C1 CompilerThread0" daemon [_thread_blocked, id=5112, stack(0x00000023cba00000,0x00000023cbb00000)]
  0x00000189fb020800 JavaThread "Sweeper thread" daemon [_thread_blocked, id=11024, stack(0x00000023cbb00000,0x00000023cbc00000)]
  0x00000189fbad0800 JavaThread "Common-Cleaner" daemon [_thread_blocked, id=8104, stack(0x00000023cbc00000,0x00000023cbd00000)]
  0x00000189fbacf000 JavaThread "Daemon health stats" [_thread_blocked, id=14260, stack(0x00000023cc200000,0x00000023cc300000)]
  0x00000189fbad1800 JavaThread "Incoming local TCP Connector on port 51675" [_thread_in_native, id=13788, stack(0x00000023caa00000,0x00000023cab00000)]
  0x00000189fbad2800 JavaThread "Daemon periodic checks" [_thread_blocked, id=9300, stack(0x00000023cab00000,0x00000023cac00000)]
  0x00000189fbad5000 JavaThread "Daemon" [_thread_blocked, id=6792, stack(0x00000023cac00000,0x00000023cad00000)]
  0x00000189fbad5800 JavaThread "Handler for socket connection from /127.0.0.1:51675 to /127.0.0.1:51677" [_thread_in_native, id=976, stack(0x00000023cbe00000,0x00000023cbf00000)]
  0x00000189fbad4000 JavaThread "Cancel handler" [_thread_blocked, id=1240, stack(0x00000023cc100000,0x00000023cc200000)]
  0x00000189fbad3000 JavaThread "Daemon worker" [_thread_in_Java, id=4472, stack(0x00000023cc300000,0x00000023cc400000)]
  0x00000189fbad0000 JavaThread "Asynchronous log dispatcher for DefaultDaemonConnection: socket connection from /127.0.0.1:51675 to /127.0.0.1:51677" [_thread_blocked, id=11944, stack(0x00000023cc400000,0x00000023cc500000)]
  0x00000189fcbe3000 JavaThread "Stdin handler" [_thread_blocked, id=3800, stack(0x00000023cc500000,0x00000023cc600000)]
  0x00000189fcbe0000 JavaThread "Daemon client event forwarder" [_thread_blocked, id=2928, stack(0x00000023cc600000,0x00000023cc700000)]
  0x00000189fcbe0800 JavaThread "Cache worker for journal cache (C:\Users\Admin\.gradle\caches\journal-1)" [_thread_blocked, id=9808, stack(0x00000023ccc00000,0x00000023ccd00000)]
  0x00000189fcbdf000 JavaThread "File lock request listener" [_thread_in_native, id=13364, stack(0x00000023ccd00000,0x00000023cce00000)]
  0x00000189fcbde800 JavaThread "Cache worker for file hash cache (C:\Users\Admin\.gradle\caches\7.2\fileHashes)" [_thread_blocked, id=3948, stack(0x00000023cce00000,0x00000023ccf00000)]
  0x00000189fcbe2800 JavaThread "Cache worker for file hash cache (C:\Users\Admin\login2\.gradle\7.2\fileHashes)" [_thread_blocked, id=13560, stack(0x00000023cd100000,0x00000023cd200000)]
  0x00000189fcbe1800 JavaThread "File watcher server" daemon [_thread_in_native, id=13304, stack(0x00000023cd200000,0x00000023cd300000)]
  0x00000189fcbe9000 JavaThread "File watcher consumer" daemon [_thread_blocked, id=8320, stack(0x00000023cd300000,0x00000023cd400000)]
  0x00000189fcbe9800 JavaThread "Cache worker for checksums cache (C:\Users\Admin\login2\.gradle\checksums)" [_thread_blocked, id=7796, stack(0x00000023cd400000,0x00000023cd500000)]
  0x00000189fcbe5000 JavaThread "Cache worker for cache directory md-supplier (C:\Users\Admin\.gradle\caches\7.2\md-supplier)" [_thread_blocked, id=1860, stack(0x00000023cd000000,0x00000023cd100000)]
  0x00000189fcbe6800 JavaThread "Cache worker for cache directory md-rule (C:\Users\Admin\.gradle\caches\7.2\md-rule)" [_thread_blocked, id=4492, stack(0x00000023cd600000,0x00000023cd700000)]
  0x00000189fcbe5800 JavaThread "Cache worker for execution history cache (C:\Users\Admin\.gradle\caches\7.2\executionHistory)" [_thread_blocked, id=1728, stack(0x00000023cd700000,0x00000023cd800000)]
  0x00000189fcbe4000 JavaThread "jar transforms" [_thread_blocked, id=5984, stack(0x00000023cd900000,0x00000023cda00000)]
  0x00000189fcbea800 JavaThread "Cache worker for file content cache (C:\Users\Admin\.gradle\caches\7.2\fileContent)" [_thread_blocked, id=11076, stack(0x00000023cda00000,0x00000023cdb00000)]
  0x00000189fcbec000 JavaThread "jar transforms Thread 2" [_thread_blocked, id=12324, stack(0x00000023cdb00000,0x00000023cdc00000)]
  0x00000189fcbed000 JavaThread "Cache worker for dependencies-accessors (C:\Users\Admin\login2\.gradle\7.2\dependencies-accessors)" [_thread_blocked, id=12804, stack(0x00000023cdc00000,0x00000023cdd00000)]
  0x00000189fcbe8000 JavaThread "jar transforms Thread 3" [_thread_blocked, id=1780, stack(0x00000023cdd00000,0x00000023cde00000)]
  0x00000189fcf2b800 JavaThread "Cache worker for Build Output Cleanup Cache (C:\Users\Admin\login2\.gradle\buildOutputCleanup)" [_thread_blocked, id=260, stack(0x00000023cd500000,0x00000023cd600000)]
  0x00000189fcf28000 JavaThread "Unconstrained build operations" [_thread_blocked, id=4164, stack(0x00000023cdf00000,0x00000023ce000000)]
  0x00000189fcf29000 JavaThread "Unconstrained build operations Thread 2" [_thread_blocked, id=12380, stack(0x00000023ce000000,0x00000023ce100000)]
  0x00000189fcf26800 JavaThread "Unconstrained build operations Thread 3" [_thread_blocked, id=6508, stack(0x00000023ce100000,0x00000023ce200000)]
  0x00000189fcf29800 JavaThread "Unconstrained build operations Thread 4" [_thread_blocked, id=11556, stack(0x00000023ce200000,0x00000023ce300000)]
  0x00000189fcf27000 JavaThread "Unconstrained build operations Thread 5" [_thread_blocked, id=11192, stack(0x00000023ce300000,0x00000023ce400000)]
  0x00000189fcf2a800 JavaThread "Unconstrained build operations Thread 6" [_thread_blocked, id=13932, stack(0x00000023ce400000,0x00000023ce500000)]
  0x00000189fcf25800 JavaThread "Unconstrained build operations Thread 7" [_thread_blocked, id=9536, stack(0x00000023ce500000,0x00000023ce600000)]
  0x00000189fcf2c000 JavaThread "Unconstrained build operations Thread 8" [_thread_blocked, id=8780, stack(0x00000023ce600000,0x00000023ce700000)]
  0x00000189ff151000 JavaThread "Unconstrained build operations Thread 9" [_thread_blocked, id=12556, stack(0x00000023ce700000,0x00000023ce800000)]
  0x00000189ff14b800 JavaThread "Unconstrained build operations Thread 10" [_thread_blocked, id=1648, stack(0x00000023ce800000,0x00000023ce900000)]
  0x00000189ff150000 JavaThread "Unconstrained build operations Thread 11" [_thread_blocked, id=8520, stack(0x00000023ce900000,0x00000023cea00000)]
  0x00000189ff152000 JavaThread "Unconstrained build operations Thread 12" [_thread_blocked, id=13164, stack(0x00000023cea00000,0x00000023ceb00000)]
  0x00000189ff14c000 JavaThread "Unconstrained build operations Thread 13" [_thread_blocked, id=1776, stack(0x00000023ceb00000,0x00000023cec00000)]
  0x00000189ff14f800 JavaThread "Unconstrained build operations Thread 14" [_thread_blocked, id=10608, stack(0x00000023cec00000,0x00000023ced00000)]
  0x00000189ff14e800 JavaThread "Unconstrained build operations Thread 15" [_thread_blocked, id=8820, stack(0x00000023ced00000,0x00000023cee00000)]
  0x00000189ff152800 JavaThread "Unconstrained build operations Thread 16" [_thread_blocked, id=12604, stack(0x00000023cee00000,0x00000023cef00000)]
  0x00000189ff14d000 JavaThread "Unconstrained build operations Thread 17" [_thread_blocked, id=3092, stack(0x00000023cef00000,0x00000023cf000000)]
  0x00000189ff153800 JavaThread "Unconstrained build operations Thread 18" [_thread_blocked, id=12668, stack(0x00000023cf000000,0x00000023cf100000)]
  0x00000189ff14d800 JavaThread "Unconstrained build operations Thread 19" [_thread_blocked, id=9288, stack(0x00000023cf100000,0x00000023cf200000)]
  0x00000189ff15a000 JavaThread "Unconstrained build operations Thread 20" [_thread_blocked, id=8840, stack(0x00000023cf200000,0x00000023cf300000)]
  0x00000189ff157800 JavaThread "Unconstrained build operations Thread 21" [_thread_blocked, id=10104, stack(0x00000023cf300000,0x00000023cf400000)]
  0x00000189ff158800 JavaThread "Unconstrained build operations Thread 22" [_thread_blocked, id=14284, stack(0x00000023cf400000,0x00000023cf500000)]
  0x00000189ff156000 JavaThread "Unconstrained build operations Thread 23" [_thread_blocked, id=1372, stack(0x00000023cf500000,0x00000023cf600000)]
  0x00000189ff159000 JavaThread "Unconstrained build operations Thread 24" [_thread_blocked, id=12308, stack(0x00000023cf600000,0x00000023cf700000)]
  0x00000189ff154800 JavaThread "Unconstrained build operations Thread 25" [_thread_blocked, id=1336, stack(0x00000023cf700000,0x00000023cf800000)]
  0x00000189ff156800 JavaThread "Unconstrained build operations Thread 26" [_thread_blocked, id=14288, stack(0x00000023cf800000,0x00000023cf900000)]
  0x00000189ff155000 JavaThread "Unconstrained build operations Thread 27" [_thread_blocked, id=12120, stack(0x00000023cf900000,0x00000023cfa00000)]
  0x000001899188b800 JavaThread "Unconstrained build operations Thread 28" [_thread_blocked, id=936, stack(0x00000023cfa00000,0x00000023cfb00000)]
  0x0000018991887000 JavaThread "Unconstrained build operations Thread 29" [_thread_blocked, id=1504, stack(0x00000023cfb00000,0x00000023cfc00000)]
  0x000001899188b000 JavaThread "Unconstrained build operations Thread 30" [_thread_blocked, id=13436, stack(0x00000023cfc00000,0x00000023cfd00000)]
  0x0000018991886000 JavaThread "Unconstrained build operations Thread 31" [_thread_blocked, id=8856, stack(0x00000023cfd00000,0x00000023cfe00000)]
  0x0000018991888800 JavaThread "Unconstrained build operations Thread 32" [_thread_blocked, id=5560, stack(0x00000023cfe00000,0x00000023cff00000)]
  0x000001899188a000 JavaThread "Unconstrained build operations Thread 33" [_thread_blocked, id=7140, stack(0x00000023cff00000,0x00000023d0000000)]
  0x0000018991889000 JavaThread "Unconstrained build operations Thread 34" [_thread_blocked, id=7524, stack(0x00000023d0000000,0x00000023d0100000)]
  0x0000018991887800 JavaThread "Unconstrained build operations Thread 35" [_thread_blocked, id=10056, stack(0x00000023d0100000,0x00000023d0200000)]
  0x0000018991890000 JavaThread "Unconstrained build operations Thread 36" [_thread_blocked, id=1308, stack(0x00000023d0200000,0x00000023d0300000)]
  0x0000018991891800 JavaThread "Unconstrained build operations Thread 37" [_thread_blocked, id=5012, stack(0x00000023d0300000,0x00000023d0400000)]
  0x000001899188f000 JavaThread "Unconstrained build operations Thread 38" [_thread_blocked, id=14220, stack(0x00000023d0400000,0x00000023d0500000)]
  0x000001899188e000 JavaThread "Unconstrained build operations Thread 39" [_thread_blocked, id=5664, stack(0x00000023d0500000,0x00000023d0600000)]
  0x000001899188c800 JavaThread "Unconstrained build operations Thread 40" [_thread_blocked, id=3840, stack(0x00000023d0600000,0x00000023d0700000)]
  0x000001899188d800 JavaThread "Unconstrained build operations Thread 41" [_thread_blocked, id=11500, stack(0x00000023d0700000,0x00000023d0800000)]
  0x0000018991892000 JavaThread "Unconstrained build operations Thread 42" [_thread_blocked, id=4052, stack(0x00000023d0800000,0x00000023d0900000)]
  0x0000018991893000 JavaThread "Unconstrained build operations Thread 43" [_thread_blocked, id=2480, stack(0x00000023d0900000,0x00000023d0a00000)]
  0x0000018991890800 JavaThread "Unconstrained build operations Thread 44" [_thread_blocked, id=9832, stack(0x00000023d0a00000,0x00000023d0b00000)]
  0x0000018991894000 JavaThread "Unconstrained build operations Thread 45" [_thread_blocked, id=11168, stack(0x00000023d0b00000,0x00000023d0c00000)]
  0x0000018991894800 JavaThread "Unconstrained build operations Thread 46" [_thread_blocked, id=11732, stack(0x00000023d0c00000,0x00000023d0d00000)]
  0x0000018991b88000 JavaThread "Unconstrained build operations Thread 47" [_thread_blocked, id=3696, stack(0x00000023d0d00000,0x00000023d0e00000)]
  0x0000018991b89000 JavaThread "Unconstrained build operations Thread 48" [_thread_blocked, id=13908, stack(0x00000023d0e00000,0x00000023d0f00000)]
  0x0000018991b89800 JavaThread "Unconstrained build operations Thread 49" [_thread_blocked, id=13608, stack(0x00000023d0f00000,0x00000023d1000000)]
  0x0000018991b8a800 JavaThread "Unconstrained build operations Thread 50" [_thread_blocked, id=3520, stack(0x00000023d1000000,0x00000023d1100000)]
  0x0000018991b87000 JavaThread "Unconstrained build operations Thread 51" [_thread_blocked, id=13080, stack(0x00000023d1100000,0x00000023d1200000)]
  0x0000018991b8f800 JavaThread "Unconstrained build operations Thread 52" [_thread_blocked, id=13824, stack(0x00000023d1200000,0x00000023d1300000)]
  0x0000018991b90000 JavaThread "Unconstrained build operations Thread 53" [_thread_blocked, id=3952, stack(0x00000023d1300000,0x00000023d1400000)]
  0x0000018991b91000 JavaThread "Unconstrained build operations Thread 54" [_thread_blocked, id=13888, stack(0x00000023d1400000,0x00000023d1500000)]
  0x0000018991b8b000 JavaThread "Unconstrained build operations Thread 55" [_thread_blocked, id=5388, stack(0x00000023d1500000,0x00000023d1600000)]
  0x0000018991b92000 JavaThread "Unconstrained build operations Thread 56" [_thread_blocked, id=3384, stack(0x00000023d1600000,0x00000023d1700000)]
  0x0000018991b8c000 JavaThread "Unconstrained build operations Thread 57" [_thread_blocked, id=12212, stack(0x00000023d1700000,0x00000023d1800000)]
  0x0000018991b92800 JavaThread "Unconstrained build operations Thread 58" [_thread_blocked, id=4444, stack(0x00000023d1800000,0x00000023d1900000)]
  0x0000018991b8d800 JavaThread "Unconstrained build operations Thread 59" [_thread_blocked, id=1832, stack(0x00000023d1900000,0x00000023d1a00000)]
  0x0000018991b8d000 JavaThread "Unconstrained build operations Thread 60" [_thread_blocked, id=7048, stack(0x00000023d1a00000,0x00000023d1b00000)]
  0x0000018991b93800 JavaThread "Unconstrained build operations Thread 61" [_thread_blocked, id=4640, stack(0x00000023d1b00000,0x00000023d1c00000)]
  0x0000018991b94000 JavaThread "Unconstrained build operations Thread 62" [_thread_blocked, id=7672, stack(0x00000023d1c00000,0x00000023d1d00000)]
  0x0000018991b8e800 JavaThread "Unconstrained build operations Thread 63" [_thread_blocked, id=7340, stack(0x00000023d1d00000,0x00000023d1e00000)]
  0x0000018991b95000 JavaThread "Unconstrained build operations Thread 64" [_thread_blocked, id=12240, stack(0x00000023d1e00000,0x00000023d1f00000)]
  0x0000018991b96000 JavaThread "Unconstrained build operations Thread 65" [_thread_blocked, id=1548, stack(0x00000023d1f00000,0x00000023d2000000)]
  0x00000189902ac800 JavaThread "Unconstrained build operations Thread 66" [_thread_blocked, id=10872, stack(0x00000023d2000000,0x00000023d2100000)]
  0x00000189902ad000 JavaThread "Unconstrained build operations Thread 67" [_thread_blocked, id=8208, stack(0x00000023d2100000,0x00000023d2200000)]
  0x00000189902ae800 JavaThread "Unconstrained build operations Thread 68" [_thread_blocked, id=8272, stack(0x00000023d2200000,0x00000023d2300000)]
  0x00000189902af800 JavaThread "Unconstrained build operations Thread 69" [_thread_blocked, id=11920, stack(0x00000023d2300000,0x00000023d2400000)]
  0x00000189902ae000 JavaThread "Unconstrained build operations Thread 70" [_thread_blocked, id=14280, stack(0x00000023d2400000,0x00000023d2500000)]
  0x00000189902aa000 JavaThread "Unconstrained build operations Thread 71" [_thread_blocked, id=12092, stack(0x00000023d2500000,0x00000023d2600000)]
  0x00000189902b0800 JavaThread "Unconstrained build operations Thread 72" [_thread_blocked, id=4976, stack(0x00000023d2600000,0x00000023d2700000)]
  0x00000189902ab800 JavaThread "Unconstrained build operations Thread 73" [_thread_blocked, id=13604, stack(0x00000023d2700000,0x00000023d2800000)]
  0x00000189902aa800 JavaThread "Unconstrained build operations Thread 74" [_thread_blocked, id=6716, stack(0x00000023d2800000,0x00000023d2900000)]
  0x00000189902b7000 JavaThread "Unconstrained build operations Thread 75" [_thread_blocked, id=7500, stack(0x00000023d2900000,0x00000023d2a00000)]
  0x00000189902b4800 JavaThread "Unconstrained build operations Thread 76" [_thread_blocked, id=5372, stack(0x00000023d2a00000,0x00000023d2b00000)]
  0x00000189902b5800 JavaThread "Unconstrained build operations Thread 77" [_thread_blocked, id=13236, stack(0x00000023d2b00000,0x00000023d2c00000)]
  0x00000189902b6000 JavaThread "Unconstrained build operations Thread 78" [_thread_blocked, id=14172, stack(0x00000023d2c00000,0x00000023d2d00000)]
  0x00000189902b2000 JavaThread "Unconstrained build operations Thread 79" [_thread_blocked, id=10180, stack(0x00000023d2d00000,0x00000023d2e00000)]
  0x00000189902b3000 JavaThread "Unconstrained build operations Thread 80" [_thread_blocked, id=3932, stack(0x00000023d2e00000,0x00000023d2f00000)]
  0x00000189902b1000 JavaThread "jar transforms Thread 4" [_thread_blocked, id=10876, stack(0x00000023d2f00000,0x00000023d3000000)]
  0x00000189902b7800 JavaThread "jar transforms Thread 5" [_thread_blocked, id=11232, stack(0x00000023d3000000,0x00000023d3100000)]
  0x00000189902b8800 JavaThread "jar transforms Thread 6" [_thread_blocked, id=11620, stack(0x00000023d3100000,0x00000023d3200000)]
  0x00000189902b3800 JavaThread "jar transforms Thread 7" [_thread_blocked, id=11060, stack(0x00000023d3200000,0x00000023d3300000)]
  0x00000189fc211800 JavaThread "jar transforms Thread 8" [_thread_blocked, id=11892, stack(0x00000023d3300000,0x00000023d3400000)]
  0x00000189fc212000 JavaThread "Memory manager" [_thread_blocked, id=9496, stack(0x00000023d3400000,0x00000023d3500000)]
=>0x00000189fcb91000 JavaThread "C2 CompilerThread1" daemon [_thread_in_native, id=14168, stack(0x00000023cd800000,0x00000023cd900000)]
  0x00000189931d2800 JavaThread "C2 CompilerThread2" daemon [_thread_in_native, id=10144, stack(0x00000023cde00000,0x00000023cdf00000)]

Other Threads:
  0x00000189fafed800 VMThread "VM Thread" [stack: 0x00000023cb300000,0x00000023cb400000] [id=5004]
  0x00000189fbaf7000 WatcherThread [stack: 0x00000023cbd00000,0x00000023cbe00000] [id=4832]
  0x00000189edbd4000 GCTaskThread "GC Thread#0" [stack: 0x00000023cae00000,0x00000023caf00000] [id=13292]
  0x00000189fc22a800 GCTaskThread "GC Thread#1" [stack: 0x00000023cbf00000,0x00000023cc000000] [id=12284]
  0x00000189fc68b000 GCTaskThread "GC Thread#2" [stack: 0x00000023cc000000,0x00000023cc100000] [id=10108]
  0x00000189fd7f0000 GCTaskThread "GC Thread#3" [stack: 0x00000023cc700000,0x00000023cc800000] [id=3060]
  0x00000189fde13000 GCTaskThread "GC Thread#4" [stack: 0x00000023cc800000,0x00000023cc900000] [id=8316]
  0x00000189fdc25800 GCTaskThread "GC Thread#5" [stack: 0x00000023cc900000,0x00000023cca00000] [id=14216]
  0x00000189fe587800 GCTaskThread "GC Thread#6" [stack: 0x00000023cca00000,0x00000023ccb00000] [id=11368]
  0x00000189fe133000 GCTaskThread "GC Thread#7" [stack: 0x00000023ccb00000,0x00000023ccc00000] [id=3792]
  0x00000189edc09000 ConcurrentGCThread "G1 Main Marker" [stack: 0x00000023caf00000,0x00000023cb000000] [id=9456]
  0x00000189edc0a000 ConcurrentGCThread "G1 Conc#0" [stack: 0x00000023cb000000,0x00000023cb100000] [id=1896]
  0x00000189fc399800 ConcurrentGCThread "G1 Conc#1" [stack: 0x00000023ccf00000,0x00000023cd000000] [id=11100]
  0x00000189fae40800 ConcurrentGCThread "G1 Refine#0" [stack: 0x00000023cb100000,0x00000023cb200000] [id=9488]
  0x00000189fae41800 ConcurrentGCThread "G1 Young RemSet Sampling" [stack: 0x00000023cb200000,0x00000023cb300000] [id=13140]

Threads with active compile tasks:
C2 CompilerThread0 203031 7410       4       java.beans.Introspector::decapitalize (68 bytes)
C2 CompilerThread1 203031 7157 %     4       groovy.lang.MetaClassImpl::inheritInterfaceNewMetaMethods @ 100 (195 bytes)
C2 CompilerThread2 203032 7402       4       org.objectweb.asm.Frame::putAbstractType (379 bytes)

VM state:not at safepoint (normal execution)

VM Mutex/Monitor currently owned by a thread: None

Heap address: 0x0000000080000000, size: 2048 MB, Compressed Oops mode: 32-bit
Narrow klass base: 0x0000000000000000, Narrow klass shift: 3
Compressed class space size: 1073741824 Address: 0x0000000100000000

Heap:
 garbage-first heap   total 129024K, used 87767K [0x0000000080000000, 0x0000000100000000)
  region size 1024K, 34 young (34816K), 6 survivors (6144K)
 Metaspace       used 72171K, capacity 73959K, committed 74192K, reserved 1114112K
  class space    used 9393K, capacity 10033K, committed 10060K, reserved 1048576K
Heap Regions: E=young(eden), S=young(survivor), O=old, HS=humongous(starts), HC=humongous(continues), CS=collection set, F=free, A=archive, TAMS=top-at-mark-start (previous, next)
|   0|0x0000000080000000, 0x0000000080100000, 0x0000000080100000|100%| O|  |TAMS 0x0000000080100000, 0x0000000080000000| Untracked 
|   1|0x0000000080100000, 0x0000000080200000, 0x0000000080200000|100%| O|  |TAMS 0x0000000080200000, 0x0000000080100000| Untracked 
|   2|0x0000000080200000, 0x0000000080300000, 0x0000000080300000|100%| O|  |TAMS 0x0000000080300000, 0x0000000080200000| Untracked 
|   3|0x0000000080300000, 0x0000000080400000, 0x0000000080400000|100%|HS|  |TAMS 0x0000000080400000, 0x0000000080300000| Complete 
|   4|0x0000000080400000, 0x0000000080500000, 0x0000000080500000|100%|HC|  |TAMS 0x0000000080500000, 0x0000000080400000| Complete 
|   5|0x0000000080500000, 0x0000000080600000, 0x0000000080600000|100%|HC|  |TAMS 0x0000000080600000, 0x0000000080500000| Complete 
|   6|0x0000000080600000, 0x0000000080700000, 0x0000000080700000|100%| O|  |TAMS 0x0000000080700000, 0x0000000080600000| Untracked 
|   7|0x0000000080700000, 0x0000000080800000, 0x0000000080800000|100%| O|  |TAMS 0x0000000080800000, 0x0000000080700000| Untracked 
|   8|0x0000000080800000, 0x0000000080900000, 0x0000000080900000|100%| O|  |TAMS 0x0000000080900000, 0x0000000080800000| Untracked 
|   9|0x0000000080900000, 0x0000000080a00000, 0x0000000080a00000|100%| O|  |TAMS 0x0000000080a00000, 0x0000000080900000| Untracked 
|  10|0x0000000080a00000, 0x0000000080b00000, 0x0000000080b00000|100%| O|  |TAMS 0x0000000080b00000, 0x0000000080a00000| Untracked 
|  11|0x0000000080b00000, 0x0000000080c00000, 0x0000000080c00000|100%| O|  |TAMS 0x0000000080c00000, 0x0000000080b00000| Untracked 
|  12|0x0000000080c00000, 0x0000000080d00000, 0x0000000080d00000|100%| O|  |TAMS 0x0000000080d00000, 0x0000000080c00000| Untracked 
|  13|0x0000000080d00000, 0x0000000080e00000, 0x0000000080e00000|100%| O|  |TAMS 0x0000000080e00000, 0x0000000080d00000| Untracked 
|  14|0x0000000080e00000, 0x0000000080f00000, 0x0000000080f00000|100%| O|  |TAMS 0x0000000080f00000, 0x0000000080e00000| Untracked 
|  15|0x0000000080f00000, 0x0000000081000000, 0x0000000081000000|100%| O|  |TAMS 0x0000000081000000, 0x0000000080f00000| Untracked 
|  16|0x0000000081000000, 0x0000000081100000, 0x0000000081100000|100%| O|  |TAMS 0x0000000081100000, 0x0000000081000000| Untracked 
|  17|0x0000000081100000, 0x0000000081200000, 0x0000000081200000|100%|HS|  |TAMS 0x0000000081200000, 0x0000000081100000| Complete 
|  18|0x0000000081200000, 0x0000000081300000, 0x0000000081300000|100%| O|  |TAMS 0x0000000081300000, 0x0000000081200000| Untracked 
|  19|0x0000000081300000, 0x0000000081400000, 0x0000000081400000|100%| O|  |TAMS 0x0000000081400000, 0x0000000081300000| Untracked 
|  20|0x0000000081400000, 0x0000000081500000, 0x0000000081500000|100%| O|  |TAMS 0x0000000081500000, 0x0000000081400000| Untracked 
|  21|0x0000000081500000, 0x0000000081600000, 0x0000000081600000|100%| O|  |TAMS 0x0000000081600000, 0x0000000081500000| Untracked 
|  22|0x0000000081600000, 0x0000000081700000, 0x0000000081700000|100%| O|  |TAMS 0x0000000081700000, 0x0000000081600000| Untracked 
|  23|0x0000000081700000, 0x0000000081800000, 0x0000000081800000|100%| O|  |TAMS 0x0000000081800000, 0x0000000081700000| Untracked 
|  24|0x0000000081800000, 0x0000000081900000, 0x0000000081900000|100%| O|  |TAMS 0x0000000081900000, 0x0000000081800000| Untracked 
|  25|0x0000000081900000, 0x0000000081a00000, 0x0000000081a00000|100%| O|  |TAMS 0x0000000081a00000, 0x0000000081900000| Untracked 
|  26|0x0000000081a00000, 0x0000000081b00000, 0x0000000081b00000|100%| O|  |TAMS 0x0000000081b00000, 0x0000000081a00000| Untracked 
|  27|0x0000000081b00000, 0x0000000081c00000, 0x0000000081c00000|100%| O|  |TAMS 0x0000000081c00000, 0x0000000081b00000| Untracked 
|  28|0x0000000081c00000, 0x0000000081d00000, 0x0000000081d00000|100%|HS|  |TAMS 0x0000000081d00000, 0x0000000081c00000| Complete 
|  29|0x0000000081d00000, 0x0000000081e00000, 0x0000000081e00000|100%|HS|  |TAMS 0x0000000081e00000, 0x0000000081d00000| Complete 
|  30|0x0000000081e00000, 0x0000000081f00000, 0x0000000081f00000|100%|HS|  |TAMS 0x0000000081f00000, 0x0000000081e00000| Complete 
|  31|0x0000000081f00000, 0x0000000082000000, 0x0000000082000000|100%|HC|  |TAMS 0x0000000082000000, 0x0000000081f00000| Complete 
|  32|0x0000000082000000, 0x0000000082100000, 0x0000000082100000|100%| O|  |TAMS 0x0000000082100000, 0x0000000082000000| Untracked 
|  33|0x0000000082100000, 0x0000000082200000, 0x0000000082200000|100%| O|  |TAMS 0x0000000082200000, 0x0000000082100000| Untracked 
|  34|0x0000000082200000, 0x0000000082300000, 0x0000000082300000|100%| O|  |TAMS 0x0000000082300000, 0x0000000082200000| Untracked 
|  35|0x0000000082300000, 0x0000000082400000, 0x0000000082400000|100%| O|  |TAMS 0x0000000082400000, 0x0000000082300000| Untracked 
|  36|0x0000000082400000, 0x0000000082500000, 0x0000000082500000|100%| O|  |TAMS 0x0000000082500000, 0x0000000082400000| Untracked 
|  37|0x0000000082500000, 0x0000000082600000, 0x0000000082600000|100%| O|  |TAMS 0x0000000082600000, 0x0000000082500000| Untracked 
|  38|0x0000000082600000, 0x0000000082700000, 0x0000000082700000|100%| O|  |TAMS 0x0000000082700000, 0x0000000082600000| Untracked 
|  39|0x0000000082700000, 0x0000000082800000, 0x0000000082800000|100%| O|  |TAMS 0x0000000082800000, 0x0000000082700000| Untracked 
|  40|0x0000000082800000, 0x0000000082900000, 0x0000000082900000|100%| O|  |TAMS 0x0000000082900000, 0x0000000082800000| Untracked 
|  41|0x0000000082900000, 0x0000000082a00000, 0x0000000082a00000|100%| O|  |TAMS 0x0000000082a00000, 0x0000000082900000| Untracked 
|  42|0x0000000082a00000, 0x0000000082b00000, 0x0000000082b00000|100%| O|  |TAMS 0x0000000082b00000, 0x0000000082a00000| Untracked 
|  43|0x0000000082b00000, 0x0000000082c00000, 0x0000000082c00000|100%| O|  |TAMS 0x0000000082c00000, 0x0000000082b00000| Untracked 
|  44|0x0000000082c00000, 0x0000000082d00000, 0x0000000082d00000|100%| O|  |TAMS 0x0000000082c67c00, 0x0000000082c00000| Untracked 
|  45|0x0000000082d00000, 0x0000000082e00000, 0x0000000082e00000|100%| O|  |TAMS 0x0000000082d00000, 0x0000000082d00000| Untracked 
|  46|0x0000000082e00000, 0x0000000082f00000, 0x0000000082f00000|100%| O|  |TAMS 0x0000000082e00000, 0x0000000082e00000| Untracked 
|  47|0x0000000082f00000, 0x0000000083000000, 0x0000000083000000|100%| O|  |TAMS 0x0000000082f00000, 0x0000000082f00000| Untracked 
|  48|0x0000000083000000, 0x0000000083100000, 0x0000000083100000|100%| O|  |TAMS 0x0000000083000000, 0x0000000083000000| Untracked 
|  49|0x0000000083100000, 0x0000000083200000, 0x0000000083200000|100%| O|  |TAMS 0x0000000083100000, 0x0000000083100000| Untracked 
|  50|0x0000000083200000, 0x0000000083300000, 0x0000000083300000|100%| O|  |TAMS 0x0000000083200000, 0x0000000083200000| Untracked 
|  51|0x0000000083300000, 0x0000000083400000, 0x0000000083400000|100%| O|  |TAMS 0x0000000083300000, 0x0000000083300000| Untracked 
|  52|0x0000000083400000, 0x00000000834df400, 0x0000000083500000| 87%| O|  |TAMS 0x0000000083400000, 0x0000000083400000| Untracked 
|  53|0x0000000083500000, 0x0000000083500000, 0x0000000083600000|  0%| F|  |TAMS 0x0000000083500000, 0x0000000083500000| Untracked 
|  54|0x0000000083600000, 0x0000000083600000, 0x0000000083700000|  0%| F|  |TAMS 0x0000000083600000, 0x0000000083600000| Untracked 
|  55|0x0000000083700000, 0x0000000083700000, 0x0000000083800000|  0%| F|  |TAMS 0x0000000083700000, 0x0000000083700000| Untracked 
|  56|0x0000000083800000, 0x0000000083800000, 0x0000000083900000|  0%| F|  |TAMS 0x0000000083800000, 0x0000000083800000| Untracked 
|  57|0x0000000083900000, 0x0000000083900000, 0x0000000083a00000|  0%| F|  |TAMS 0x0000000083900000, 0x0000000083900000| Untracked 
|  58|0x0000000083a00000, 0x0000000083a00000, 0x0000000083b00000|  0%| F|  |TAMS 0x0000000083a00000, 0x0000000083a00000| Untracked 
|  59|0x0000000083b00000, 0x0000000083b00000, 0x0000000083c00000|  0%| F|  |TAMS 0x0000000083b00000, 0x0000000083b00000| Untracked 
|  60|0x0000000083c00000, 0x0000000083c00000, 0x0000000083d00000|  0%| F|  |TAMS 0x0000000083c00000, 0x0000000083c00000| Untracked 
|  61|0x0000000083d00000, 0x0000000083d00000, 0x0000000083e00000|  0%| F|  |TAMS 0x0000000083d00000, 0x0000000083d00000| Untracked 
|  62|0x0000000083e00000, 0x0000000083e00000, 0x0000000083f00000|  0%| F|  |TAMS 0x0000000083e00000, 0x0000000083e00000| Untracked 
|  63|0x0000000083f00000, 0x0000000083f00000, 0x0000000084000000|  0%| F|  |TAMS 0x0000000083f00000, 0x0000000083f00000| Untracked 
|  64|0x0000000084000000, 0x0000000084000000, 0x0000000084100000|  0%| F|  |TAMS 0x0000000084000000, 0x0000000084000000| Untracked 
|  65|0x0000000084100000, 0x0000000084100000, 0x0000000084200000|  0%| F|  |TAMS 0x0000000084100000, 0x0000000084100000| Untracked 
|  66|0x0000000084200000, 0x0000000084200000, 0x0000000084300000|  0%| F|  |TAMS 0x0000000084200000, 0x0000000084200000| Untracked 
|  67|0x0000000084300000, 0x0000000084300000, 0x0000000084400000|  0%| F|  |TAMS 0x0000000084300000, 0x0000000084300000| Untracked 
|  68|0x0000000084400000, 0x0000000084400000, 0x0000000084500000|  0%| F|  |TAMS 0x0000000084400000, 0x0000000084400000| Untracked 
|  69|0x0000000084500000, 0x0000000084500000, 0x0000000084600000|  0%| F|  |TAMS 0x0000000084500000, 0x0000000084500000| Untracked 
|  70|0x0000000084600000, 0x0000000084600000, 0x0000000084700000|  0%| F|  |TAMS 0x0000000084600000, 0x0000000084600000| Untracked 
|  71|0x0000000084700000, 0x0000000084700000, 0x0000000084800000|  0%| F|  |TAMS 0x0000000084700000, 0x0000000084700000| Untracked 
|  72|0x0000000084800000, 0x0000000084800000, 0x0000000084900000|  0%| F|  |TAMS 0x0000000084800000, 0x0000000084800000| Untracked 
|  73|0x0000000084900000, 0x0000000084900000, 0x0000000084a00000|  0%| F|  |TAMS 0x0000000084900000, 0x0000000084900000| Untracked 
|  74|0x0000000084a00000, 0x0000000084a00000, 0x0000000084b00000|  0%| F|  |TAMS 0x0000000084a00000, 0x0000000084a00000| Untracked 
|  75|0x0000000084b00000, 0x0000000084bd69e0, 0x0000000084c00000| 83%| S|CS|TAMS 0x0000000084b00000, 0x0000000084b00000| Complete 
|  76|0x0000000084c00000, 0x0000000084d00000, 0x0000000084d00000|100%| S|CS|TAMS 0x0000000084c00000, 0x0000000084c00000| Complete 
|  77|0x0000000084d00000, 0x0000000084e00000, 0x0000000084e00000|100%| S|CS|TAMS 0x0000000084d00000, 0x0000000084d00000| Complete 
|  78|0x0000000084e00000, 0x0000000084e00000, 0x0000000084f00000|  0%| F|  |TAMS 0x0000000084e00000, 0x0000000084e00000| Untracked 
|  79|0x0000000084f00000, 0x0000000084f00000, 0x0000000085000000|  0%| F|  |TAMS 0x0000000084f00000, 0x0000000084f00000| Untracked 
|  80|0x0000000085000000, 0x0000000085100000, 0x0000000085100000|100%| S|CS|TAMS 0x0000000085000000, 0x0000000085000000| Complete 
|  81|0x0000000085100000, 0x0000000085200000, 0x0000000085200000|100%| S|CS|TAMS 0x0000000085100000, 0x0000000085100000| Complete 
|  82|0x0000000085200000, 0x0000000085300000, 0x0000000085300000|100%| S|CS|TAMS 0x0000000085200000, 0x0000000085200000| Complete 
|  83|0x0000000085300000, 0x0000000085300000, 0x0000000085400000|  0%| F|  |TAMS 0x0000000085300000, 0x0000000085300000| Untracked 
|  84|0x0000000085400000, 0x0000000085400000, 0x0000000085500000|  0%| F|  |TAMS 0x0000000085400000, 0x0000000085400000| Untracked 
|  85|0x0000000085500000, 0x0000000085500000, 0x0000000085600000|  0%| F|  |TAMS 0x0000000085500000, 0x0000000085500000| Untracked 
|  86|0x0000000085600000, 0x0000000085600000, 0x0000000085700000|  0%| F|  |TAMS 0x0000000085600000, 0x0000000085600000| Untracked 
|  87|0x0000000085700000, 0x0000000085700000, 0x0000000085800000|  0%| F|  |TAMS 0x0000000085700000, 0x0000000085700000| Untracked 
|  88|0x0000000085800000, 0x0000000085800000, 0x0000000085900000|  0%| F|  |TAMS 0x0000000085800000, 0x0000000085800000| Untracked 
|  89|0x0000000085900000, 0x0000000085900000, 0x0000000085a00000|  0%| F|  |TAMS 0x0000000085900000, 0x0000000085900000| Untracked 
|  90|0x0000000085a00000, 0x0000000085a00000, 0x0000000085b00000|  0%| F|  |TAMS 0x0000000085a00000, 0x0000000085a00000| Untracked 
|  91|0x0000000085b00000, 0x0000000085b00000, 0x0000000085c00000|  0%| F|  |TAMS 0x0000000085b00000, 0x0000000085b00000| Untracked 
|  92|0x0000000085c00000, 0x0000000085c00000, 0x0000000085d00000|  0%| F|  |TAMS 0x0000000085c00000, 0x0000000085c00000| Untracked 
|  93|0x0000000085d00000, 0x0000000085d00000, 0x0000000085e00000|  0%| F|  |TAMS 0x0000000085d00000, 0x0000000085d00000| Untracked 
|  94|0x0000000085e00000, 0x0000000085e00000, 0x0000000085f00000|  0%| F|  |TAMS 0x0000000085e00000, 0x0000000085e00000| Untracked 
|  95|0x0000000085f00000, 0x0000000085f00000, 0x0000000086000000|  0%| F|  |TAMS 0x0000000085f00000, 0x0000000085f00000| Untracked 
|  96|0x0000000086000000, 0x0000000086000000, 0x0000000086100000|  0%| F|  |TAMS 0x0000000086000000, 0x0000000086000000| Untracked 
|  97|0x0000000086100000, 0x0000000086100000, 0x0000000086200000|  0%| F|  |TAMS 0x0000000086100000, 0x0000000086100000| Untracked 
|  98|0x0000000086200000, 0x0000000086300000, 0x0000000086300000|100%| E|  |TAMS 0x0000000086200000, 0x0000000086200000| Complete 
|  99|0x0000000086300000, 0x0000000086400000, 0x0000000086400000|100%| E|CS|TAMS 0x0000000086300000, 0x0000000086300000| Complete 
| 100|0x0000000086400000, 0x0000000086500000, 0x0000000086500000|100%| E|CS|TAMS 0x0000000086400000, 0x0000000086400000| Complete 
| 101|0x0000000086500000, 0x0000000086600000, 0x0000000086600000|100%| E|CS|TAMS 0x0000000086500000, 0x0000000086500000| Complete 
| 102|0x0000000086600000, 0x0000000086700000, 0x0000000086700000|100%| E|CS|TAMS 0x0000000086600000, 0x0000000086600000| Complete 
| 103|0x0000000086700000, 0x0000000086800000, 0x0000000086800000|100%| E|CS|TAMS 0x0000000086700000, 0x0000000086700000| Complete 
| 104|0x0000000086800000, 0x0000000086900000, 0x0000000086900000|100%| E|CS|TAMS 0x0000000086800000, 0x0000000086800000| Complete 
| 105|0x0000000086900000, 0x0000000086a00000, 0x0000000086a00000|100%| E|CS|TAMS 0x0000000086900000, 0x0000000086900000| Complete 
| 106|0x0000000086a00000, 0x0000000086b00000, 0x0000000086b00000|100%| E|CS|TAMS 0x0000000086a00000, 0x0000000086a00000| Complete 
| 107|0x0000000086b00000, 0x0000000086c00000, 0x0000000086c00000|100%| E|CS|TAMS 0x0000000086b00000, 0x0000000086b00000| Complete 
| 108|0x0000000086c00000, 0x0000000086d00000, 0x0000000086d00000|100%| E|CS|TAMS 0x0000000086c00000, 0x0000000086c00000| Complete 
| 109|0x0000000086d00000, 0x0000000086e00000, 0x0000000086e00000|100%| E|CS|TAMS 0x0000000086d00000, 0x0000000086d00000| Complete 
| 110|0x0000000086e00000, 0x0000000086f00000, 0x0000000086f00000|100%| E|CS|TAMS 0x0000000086e00000, 0x0000000086e00000| Complete 
| 111|0x0000000086f00000, 0x0000000087000000, 0x0000000087000000|100%| E|CS|TAMS 0x0000000086f00000, 0x0000000086f00000| Complete 
| 112|0x0000000087000000, 0x0000000087100000, 0x0000000087100000|100%| E|CS|TAMS 0x0000000087000000, 0x0000000087000000| Complete 
| 113|0x0000000087100000, 0x0000000087200000, 0x0000000087200000|100%| E|CS|TAMS 0x0000000087100000, 0x0000000087100000| Complete 
| 114|0x0000000087200000, 0x0000000087300000, 0x0000000087300000|100%| E|CS|TAMS 0x0000000087200000, 0x0000000087200000| Complete 
| 115|0x0000000087300000, 0x0000000087400000, 0x0000000087400000|100%| E|CS|TAMS 0x0000000087300000, 0x0000000087300000| Complete 
| 116|0x0000000087400000, 0x0000000087500000, 0x0000000087500000|100%| E|CS|TAMS 0x0000000087400000, 0x0000000087400000| Complete 
| 117|0x0000000087500000, 0x0000000087600000, 0x0000000087600000|100%| E|CS|TAMS 0x0000000087500000, 0x0000000087500000| Complete 
| 118|0x0000000087600000, 0x0000000087700000, 0x0000000087700000|100%| E|CS|TAMS 0x0000000087600000, 0x0000000087600000| Complete 
| 119|0x0000000087700000, 0x0000000087800000, 0x0000000087800000|100%| E|CS|TAMS 0x0000000087700000, 0x0000000087700000| Complete 
| 120|0x0000000087800000, 0x0000000087900000, 0x0000000087900000|100%| E|CS|TAMS 0x0000000087800000, 0x0000000087800000| Complete 
| 121|0x0000000087900000, 0x0000000087a00000, 0x0000000087a00000|100%| E|CS|TAMS 0x0000000087900000, 0x0000000087900000| Complete 
| 122|0x0000000087a00000, 0x0000000087b00000, 0x0000000087b00000|100%| E|CS|TAMS 0x0000000087a00000, 0x0000000087a00000| Complete 
| 123|0x0000000087b00000, 0x0000000087c00000, 0x0000000087c00000|100%| E|CS|TAMS 0x0000000087b00000, 0x0000000087b00000| Complete 
| 124|0x0000000087c00000, 0x0000000087d00000, 0x0000000087d00000|100%| E|CS|TAMS 0x0000000087c00000, 0x0000000087c00000| Complete 
| 125|0x0000000087d00000, 0x0000000087e00000, 0x0000000087e00000|100%| E|CS|TAMS 0x0000000087d00000, 0x0000000087d00000| Complete 

Card table byte_map: [0x00000189f3d10000,0x00000189f4110000] _byte_map_base: 0x00000189f3910000

Marking Bits (Prev, Next): (CMBitMap*) 0x00000189edbff100, (CMBitMap*) 0x00000189edbff0c8
 Prev Bits: [0x00000189f6510000, 0x00000189f8510000)
 Next Bits: [0x00000189f4510000, 0x00000189f6510000)

Polling page: 0x00000189f2e70000

Metaspace:

Usage:
  Non-class:     62.49 MB capacity,    61.32 MB ( 98%) used,  1014.77 KB (  2%) free+waste,   183.00 KB ( <1%) overhead. 
      Class:      9.80 MB capacity,     9.18 MB ( 94%) used,   551.45 KB (  5%) free+waste,    85.69 KB ( <1%) overhead. 
       Both:     72.29 MB capacity,    70.50 MB ( 98%) used,     1.53 MB (  2%) free+waste,   268.69 KB ( <1%) overhead. 

Virtual space:
  Non-class space:       64.00 MB reserved,      62.63 MB ( 98%) committed 
      Class space:        1.00 GB reserved,       9.82 MB ( <1%) committed 
             Both:        1.06 GB reserved,      72.45 MB (  7%) committed 

Chunk freelists:
   Non-Class:  14.00 KB
       Class:  15.00 KB
        Both:  29.00 KB

MaxMetaspaceSize: 17179869184.00 GB
CompressedClassSpaceSize: 1.00 GB

CodeHeap 'non-profiled nmethods': size=120000Kb used=4542Kb max_used=4542Kb free=115457Kb
 bounds [0x0000018987ad0000, 0x0000018987f40000, 0x000001898f000000]
CodeHeap 'profiled nmethods': size=120000Kb used=15662Kb max_used=15662Kb free=104337Kb
 bounds [0x00000189805a0000, 0x00000189814f0000, 0x0000018987ad0000]
CodeHeap 'non-nmethods': size=5760Kb used=2266Kb max_used=2319Kb free=3493Kb
 bounds [0x0000018980000000, 0x0000018980270000, 0x00000189805a0000]
 total_blobs=8157 nmethods=7297 adapters=771
 compilation: enabled
              stopped_count=0, restarted_count=0
 full_count=0

Compilation events (20 events):
Event: 202.888 Thread 0x00000189fb01d800 7381       3       org.gradle.internal.instantiation.generator.ManagedObjectFactory::<init> (20 bytes)
Event: 202.888 Thread 0x00000189fb01d800 nmethod 7381 0x00000189814db690 code [0x00000189814db840, 0x00000189814dbab8]
Event: 202.888 Thread 0x00000189fb01d800 7382       1       org.gradle.api.internal.DefaultMutationGuard::access$000 (5 bytes)
Event: 202.889 Thread 0x00000189fb01d800 nmethod 7382 0x0000018987f34f10 code [0x0000018987f350c0, 0x0000018987f35158]
Event: 202.889 Thread 0x00000189fb01d800 7383       1       com.android.build.api.component.impl.ComponentImpl::getTaskContainer (5 bytes)
Event: 202.889 Thread 0x00000189fb01d800 nmethod 7383 0x0000018987f35210 code [0x0000018987f353c0, 0x0000018987f35478]
Event: 202.889 Thread 0x00000189fb019000 nmethod 7344 0x0000018987f35510 code [0x0000018987f356c0, 0x0000018987f35768]
Event: 202.889 Thread 0x00000189fb019000 7362       4       java.util.Arrays$ArrayItr::hasNext (18 bytes)
Event: 202.891 Thread 0x00000189fb019000 nmethod 7362 0x0000018987f35810 code [0x0000018987f359a0, 0x0000018987f35a38]
Event: 202.891 Thread 0x00000189fb019000 7343       4       org.objectweb.asm.ByteVector::put11 (52 bytes)
Event: 202.893 Thread 0x00000189931d2800 nmethod 7083 0x0000018987f35b10 code [0x0000018987f35ee0, 0x0000018987f38570]
Event: 202.896 Thread 0x00000189931d2800 7384       4       sun.reflect.generics.factory.CoreReflectionFactory::getDeclsLoader (85 bytes)
Event: 202.896 Thread 0x00000189fb019000 nmethod 7343 0x0000018987f39d90 code [0x0000018987f39f40, 0x0000018987f3a0a8]
Event: 202.899 Thread 0x00000189fb019000 7385       4       org.objectweb.asm.ByteVector::encodeUtf8 (337 bytes)
Event: 202.900 Thread 0x00000189fb01d800 7387       3       org.gradle.internal.instantiation.generator.AbstractClassGenerator$DslMixInPropertyType::addSetMethods (180 bytes)
Event: 202.903 Thread 0x00000189931d2800 nmethod 7384 0x0000018987f3a210 code [0x0000018987f3a3c0, 0x0000018987f3a4f8]
Event: 202.904 Thread 0x00000189931d2800 7386       4       org.objectweb.asm.Type::getType (122 bytes)
Event: 202.906 Thread 0x00000189fb01d800 nmethod 7387 0x00000189814dbb90 code [0x00000189814dbf00, 0x00000189814dd6c8]
Event: 202.914 Thread 0x00000189fb01d800 7389       3       org.gradle.internal.reflect.ClassInspector::visitGraph (98 bytes)
Event: 202.919 Thread 0x00000189fb01d800 nmethod 7389 0x00000189814dde10 code [0x00000189814de160, 0x00000189814df5c8]

GC Heap History (20 events):
Event: 183.171 GC heap before
{Heap before GC invocations=7 (full 0):
 garbage-first heap   total 129024K, used 27978K [0x0000000080000000, 0x0000000100000000)
  region size 1024K, 13 young (13312K), 6 survivors (6144K)
 Metaspace       used 35125K, capacity 35928K, committed 36048K, reserved 1081344K
  class space    used 4537K, capacity 4863K, committed 4940K, reserved 1048576K
}
Event: 183.201 GC heap after
{Heap after GC invocations=8 (full 0):
 garbage-first heap   total 129024K, used 23321K [0x0000000080000000, 0x0000000100000000)
  region size 1024K, 6 young (6144K), 6 survivors (6144K)
 Metaspace       used 35125K, capacity 35928K, committed 36048K, reserved 1081344K
  class space    used 4537K, capacity 4863K, committed 4940K, reserved 1048576K
}
Event: 185.553 GC heap before
{Heap before GC invocations=9 (full 0):
 garbage-first heap   total 129024K, used 85785K [0x0000000080000000, 0x0000000100000000)
  region size 1024K, 65 young (66560K), 6 survivors (6144K)
 Metaspace       used 39479K, capacity 40477K, committed 40656K, reserved 1085440K
  class space    used 5034K, capacity 5393K, committed 5452K, reserved 1048576K
}
Event: 185.576 GC heap after
{Heap after GC invocations=10 (full 0):
 garbage-first heap   total 129024K, used 27980K [0x0000000080000000, 0x0000000100000000)
  region size 1024K, 9 young (9216K), 9 survivors (9216K)
 Metaspace       used 39479K, capacity 40477K, committed 40656K, reserved 1085440K
  class space    used 5034K, capacity 5393K, committed 5452K, reserved 1048576K
}
Event: 188.040 GC heap before
{Heap before GC invocations=10 (full 0):
 garbage-first heap   total 129024K, used 88396K [0x0000000080000000, 0x0000000100000000)
  region size 1024K, 67 young (68608K), 9 survivors (9216K)
 Metaspace       used 44911K, capacity 45975K, committed 46288K, reserved 1089536K
  class space    used 5748K, capacity 6129K, committed 6220K, reserved 1048576K
}
Event: 188.061 GC heap after
{Heap after GC invocations=11 (full 0):
 garbage-first heap   total 129024K, used 30211K [0x0000000080000000, 0x0000000100000000)
  region size 1024K, 3 young (3072K), 3 survivors (3072K)
 Metaspace       used 44911K, capacity 45975K, committed 46288K, reserved 1089536K
  class space    used 5748K, capacity 6129K, committed 6220K, reserved 1048576K
}
Event: 190.248 GC heap before
{Heap before GC invocations=11 (full 0):
 garbage-first heap   total 129024K, used 90627K [0x0000000080000000, 0x0000000100000000)
  region size 1024K, 62 young (63488K), 3 survivors (3072K)
 Metaspace       used 47907K, capacity 49194K, committed 49232K, reserved 1091584K
  class space    used 6106K, capacity 6583K, committed 6604K, reserved 1048576K
}
Event: 190.261 GC heap after
{Heap after GC invocations=12 (full 0):
 garbage-first heap   total 129024K, used 32259K [0x0000000080000000, 0x0000000100000000)
  region size 1024K, 5 young (5120K), 5 survivors (5120K)
 Metaspace       used 47907K, capacity 49194K, committed 49232K, reserved 1091584K
  class space    used 6106K, capacity 6583K, committed 6604K, reserved 1048576K
}
Event: 193.059 GC heap before
{Heap before GC invocations=12 (full 0):
 garbage-first heap   total 129024K, used 97795K [0x0000000080000000, 0x0000000100000000)
  region size 1024K, 65 young (66560K), 5 survivors (5120K)
 Metaspace       used 53976K, capacity 55339K, committed 55376K, reserved 1097728K
  class space    used 6872K, capacity 7357K, committed 7372K, reserved 1048576K
}
Event: 193.078 GC heap after
{Heap after GC invocations=13 (full 0):
 garbage-first heap   total 129024K, used 44939K [0x0000000080000000, 0x0000000100000000)
  region size 1024K, 9 young (9216K), 9 survivors (9216K)
 Metaspace       used 53976K, capacity 55339K, committed 55376K, reserved 1097728K
  class space    used 6872K, capacity 7357K, committed 7372K, reserved 1048576K
}
Event: 194.584 GC heap before
{Heap before GC invocations=13 (full 0):
 garbage-first heap   total 129024K, used 76683K [0x0000000080000000, 0x0000000100000000)
  region size 1024K, 41 young (41984K), 9 survivors (9216K)
 Metaspace       used 58879K, capacity 60368K, committed 60496K, reserved 1101824K
  class space    used 7477K, capacity 8028K, committed 8140K, reserved 1048576K
}
Event: 194.623 GC heap after
{Heap after GC invocations=14 (full 0):
 garbage-first heap   total 129024K, used 47196K [0x0000000080000000, 0x0000000100000000)
  region size 1024K, 2 young (2048K), 2 survivors (2048K)
 Metaspace       used 58879K, capacity 60368K, committed 60496K, reserved 1101824K
  class space    used 7477K, capacity 8028K, committed 8140K, reserved 1048576K
}
Event: 197.016 GC heap before
{Heap before GC invocations=15 (full 0):
 garbage-first heap   total 129024K, used 91228K [0x0000000080000000, 0x0000000100000000)
  region size 1024K, 46 young (47104K), 2 survivors (2048K)
 Metaspace       used 63300K, capacity 64799K, committed 65104K, reserved 1105920K
  class space    used 7991K, capacity 8560K, committed 8652K, reserved 1048576K
}
Event: 197.028 GC heap after
{Heap after GC invocations=16 (full 0):
 garbage-first heap   total 129024K, used 50762K [0x0000000080000000, 0x0000000100000000)
  region size 1024K, 6 young (6144K), 6 survivors (6144K)
 Metaspace       used 63300K, capacity 64799K, committed 65104K, reserved 1105920K
  class space    used 7991K, capacity 8560K, committed 8652K, reserved 1048576K
}
Event: 198.636 GC heap before
{Heap before GC invocations=16 (full 0):
 garbage-first heap   total 129024K, used 95818K [0x0000000080000000, 0x0000000100000000)
  region size 1024K, 49 young (50176K), 6 survivors (6144K)
 Metaspace       used 64828K, capacity 66441K, committed 66640K, reserved 1107968K
  class space    used 8238K, capacity 8842K, committed 8908K, reserved 1048576K
}
Event: 198.654 GC heap after
{Heap after GC invocations=17 (full 0):
 garbage-first heap   total 129024K, used 54260K [0x0000000080000000, 0x0000000100000000)
  region size 1024K, 4 young (4096K), 4 survivors (4096K)
 Metaspace       used 64828K, capacity 66441K, committed 66640K, reserved 1107968K
  class space    used 8238K, capacity 8842K, committed 8908K, reserved 1048576K
}
Event: 200.564 GC heap before
{Heap before GC invocations=17 (full 0):
 garbage-first heap   total 129024K, used 97268K [0x0000000080000000, 0x0000000100000000)
  region size 1024K, 46 young (47104K), 4 survivors (4096K)
 Metaspace       used 68550K, capacity 70195K, committed 70352K, reserved 1110016K
  class space    used 8872K, capacity 9495K, committed 9548K, reserved 1048576K
}
Event: 200.577 GC heap after
{Heap after GC invocations=18 (full 0):
 garbage-first heap   total 129024K, used 57146K [0x0000000080000000, 0x0000000100000000)
  region size 1024K, 3 young (3072K), 3 survivors (3072K)
 Metaspace       used 68550K, capacity 70195K, committed 70352K, reserved 1110016K
  class space    used 8872K, capacity 9495K, committed 9548K, reserved 1048576K
}
Event: 201.911 GC heap before
{Heap before GC invocations=18 (full 0):
 garbage-first heap   total 129024K, used 100154K [0x0000000080000000, 0x0000000100000000)
  region size 1024K, 45 young (46080K), 3 survivors (3072K)
 Metaspace       used 70586K, capacity 72263K, committed 72400K, reserved 1112064K
  class space    used 9153K, capacity 9753K, committed 9804K, reserved 1048576K
}
Event: 201.923 GC heap after
{Heap after GC invocations=19 (full 0):
 garbage-first heap   total 129024K, used 60119K [0x0000000080000000, 0x0000000100000000)
  region size 1024K, 6 young (6144K), 6 survivors (6144K)
 Metaspace       used 70586K, capacity 72263K, committed 72400K, reserved 1112064K
  class space    used 9153K, capacity 9753K, committed 9804K, reserved 1048576K
}

Deoptimization events (20 events):
Event: 202.619 Thread 0x00000189fbad3000 Uncommon trap: trap_request=0xffffffdc fr.pc=0x0000018987f2fa5c relative=0x000000000000029c
Event: 202.619 Thread 0x00000189fbad3000 Uncommon trap: reason=class_check action=make_not_entrant pc=0x0000018987f2fa5c method=java.util.ArrayList.toArray([Ljava/lang/Object;)[Ljava/lang/Object; @ 21 c2
Event: 202.619 Thread 0x00000189fbad3000 DEOPT PACKING pc=0x0000018987f2fa5c sp=0x00000023cc3f9980
Event: 202.619 Thread 0x00000189fbad3000 DEOPT UNPACKING pc=0x000001898002662f sp=0x00000023cc3f9950 mode 2
Event: 202.654 Thread 0x00000189fbad3000 Uncommon trap: trap_request=0xffffff4d fr.pc=0x0000018987b3c650 relative=0x00000000000009d0
Event: 202.654 Thread 0x00000189fbad3000 Uncommon trap: reason=unstable_if action=reinterpret pc=0x0000018987b3c650 method=java.util.HashMap.resize()[Ljava/util/HashMap$Node; @ 203 c2
Event: 202.655 Thread 0x00000189fbad3000 DEOPT PACKING pc=0x0000018987b3c650 sp=0x00000023cc3f94c0
Event: 202.655 Thread 0x00000189fbad3000 DEOPT UNPACKING pc=0x000001898002662f sp=0x00000023cc3f9460 mode 2
Event: 202.655 Thread 0x00000189fbad3000 Uncommon trap: trap_request=0xffffff4d fr.pc=0x0000018987e5ec4c relative=0x0000000000002a4c
Event: 202.655 Thread 0x00000189fbad3000 Uncommon trap: reason=unstable_if action=reinterpret pc=0x0000018987e5ec4c method=java.util.HashMap.getNode(ILjava/lang/Object;)Ljava/util/HashMap$Node; @ 84 c2
Event: 202.655 Thread 0x00000189fbad3000 DEOPT PACKING pc=0x0000018987e5ec4c sp=0x00000023cc3f9560
Event: 202.655 Thread 0x00000189fbad3000 DEOPT UNPACKING pc=0x000001898002662f sp=0x00000023cc3f9448 mode 2
Event: 202.656 Thread 0x00000189fbad3000 Uncommon trap: trap_request=0xffffff4d fr.pc=0x0000018987e88504 relative=0x00000000000002c4
Event: 202.656 Thread 0x00000189fbad3000 Uncommon trap: reason=unstable_if action=reinterpret pc=0x0000018987e88504 method=java.util.HashMap.getNode(ILjava/lang/Object;)Ljava/util/HashMap$Node; @ 84 c2
Event: 202.656 Thread 0x00000189fbad3000 DEOPT PACKING pc=0x0000018987e88504 sp=0x00000023cc3f9510
Event: 202.656 Thread 0x00000189fbad3000 DEOPT UNPACKING pc=0x000001898002662f sp=0x00000023cc3f9430 mode 2
Event: 202.656 Thread 0x00000189fbad3000 Uncommon trap: trap_request=0xffffff4d fr.pc=0x0000018987da3a6c relative=0x00000000000001ac
Event: 202.656 Thread 0x00000189fbad3000 Uncommon trap: reason=unstable_if action=reinterpret pc=0x0000018987da3a6c method=java.util.HashMap.getNode(ILjava/lang/Object;)Ljava/util/HashMap$Node; @ 84 c2
Event: 202.656 Thread 0x00000189fbad3000 DEOPT PACKING pc=0x0000018987da3a6c sp=0x00000023cc3f94b0
Event: 202.656 Thread 0x00000189fbad3000 DEOPT UNPACKING pc=0x000001898002662f sp=0x00000023cc3f9438 mode 2

Classes redefined (0 events):
No events

Internal exceptions (20 events):
Event: 201.838 Thread 0x00000189fbad3000 Exception <a 'java/lang/ClassNotFoundException'{0x000000008588e1a0}: com/google/android/gms/dependencies/DependencyInspectorBeanInfo> (0x000000008588e1a0) thrown at [./src/hotspot/share/classfile/systemDictionary.cpp, line 231]
Event: 201.840 Thread 0x00000189fbad3000 Exception <a 'java/lang/ClassNotFoundException'{0x00000000858a82e8}: com/google/android/gms/dependencies/DependencyInspectorCustomizer> (0x00000000858a82e8) thrown at [./src/hotspot/share/classfile/systemDictionary.cpp, line 231]
Event: 201.873 Thread 0x00000189fbad3000 Exception <a 'java/lang/ClassNotFoundException'{0x0000000085540cc0}: org/gradle/api/internal/artifacts/configurations/DefaultConfigurationContainer_DecoratedBeanInfo> (0x0000000085540cc0) thrown at [./src/hotspot/share/classfile/systemDictionary.cpp, line 231]
Event: 201.875 Thread 0x00000189fbad3000 Exception <a 'java/lang/ClassNotFoundException'{0x000000008556b520}: org/gradle/api/internal/artifacts/configurations/DefaultConfigurationContainerBeanInfo> (0x000000008556b520) thrown at [./src/hotspot/share/classfile/systemDictionary.cpp, line 231]
Event: 201.876 Thread 0x00000189fbad3000 Exception <a 'java/lang/ClassNotFoundException'{0x0000000085586088}: org/gradle/api/internal/AbstractValidatingNamedDomainObjectContainerBeanInfo> (0x0000000085586088) thrown at [./src/hotspot/share/classfile/systemDictionary.cpp, line 231]
Event: 201.878 Thread 0x00000189fbad3000 Exception <a 'java/lang/ClassNotFoundException'{0x00000000855a0b08}: org/gradle/api/internal/AbstractValidatingNamedDomainObjectContainerCustomizer> (0x00000000855a0b08) thrown at [./src/hotspot/share/classfile/systemDictionary.cpp, line 231]
Event: 201.882 Thread 0x00000189fbad3000 Exception <a 'java/lang/ClassNotFoundException'{0x00000000855d6198}: org/gradle/api/internal/artifacts/configurations/DefaultConfigurationContainerCustomizer> (0x00000000855d6198) thrown at [./src/hotspot/share/classfile/systemDictionary.cpp, line 231]
Event: 201.887 Thread 0x00000189fbad3000 Exception <a 'java/lang/ClassNotFoundException'{0x0000000085417148}: org/gradle/api/internal/artifacts/configurations/DefaultConfigurationContainer_DecoratedCustomizer> (0x0000000085417148) thrown at [./src/hotspot/share/classfile/systemDictionary.cpp, line 231]
Event: 201.931 Thread 0x00000189fbad3000 Exception <a 'java/lang/ClassNotFoundException'{0x0000000087c9c840}: org/gradle/api/internal/artifacts/configurations/DefaultConfiguration_DecoratedBeanInfo> (0x0000000087c9c840) thrown at [./src/hotspot/share/classfile/systemDictionary.cpp, line 231]
Event: 201.934 Thread 0x00000189fbad3000 Exception <a 'java/lang/ClassNotFoundException'{0x0000000087cc6400}: org/gradle/api/internal/artifacts/configurations/DefaultConfigurationBeanInfo> (0x0000000087cc6400) thrown at [./src/hotspot/share/classfile/systemDictionary.cpp, line 231]
Event: 201.936 Thread 0x00000189fbad3000 Exception <a 'java/lang/ClassNotFoundException'{0x0000000087cdfb60}: org/gradle/api/internal/file/AbstractFileCollectionBeanInfo> (0x0000000087cdfb60) thrown at [./src/hotspot/share/classfile/systemDictionary.cpp, line 231]
Event: 201.939 Thread 0x00000189fbad3000 Exception <a 'java/lang/ClassNotFoundException'{0x0000000087cf9310}: org/gradle/api/internal/file/AbstractFileCollectionCustomizer> (0x0000000087cf9310) thrown at [./src/hotspot/share/classfile/systemDictionary.cpp, line 231]
Event: 201.944 Thread 0x00000189fbad3000 Exception <a 'java/lang/ClassNotFoundException'{0x0000000087b353c0}: org/gradle/api/internal/artifacts/configurations/DefaultConfigurationCustomizer> (0x0000000087b353c0) thrown at [./src/hotspot/share/classfile/systemDictionary.cpp, line 231]
Event: 201.954 Thread 0x00000189fbad3000 Exception <a 'java/lang/ClassNotFoundException'{0x0000000087bc05b0}: org/gradle/api/internal/artifacts/configurations/DefaultConfiguration_DecoratedCustomizer> (0x0000000087bc05b0) thrown at [./src/hotspot/share/classfile/systemDictionary.cpp, line 231]
Event: 201.997 Thread 0x00000189fbad3000 Exception <a 'java/lang/ClassNotFoundException'{0x0000000087849418}: org/codehaus/groovy/runtime/MethodClosureBeanInfo> (0x0000000087849418) thrown at [./src/hotspot/share/classfile/systemDictionary.cpp, line 231]
Event: 202.009 Thread 0x00000189fbad3000 Exception <a 'java/lang/ClassNotFoundException'{0x0000000087621c50}: org/codehaus/groovy/runtime/MethodClosureCustomizer> (0x0000000087621c50) thrown at [./src/hotspot/share/classfile/systemDictionary.cpp, line 231]
Event: 202.019 Thread 0x00000189fbad3000 Exception <a 'java/lang/ClassNotFoundException'{0x000000008768ec48}: org/gradle/api/internal/artifacts/configurations/DefaultConfiguration$ConfigurationResolvableDependencies_DecoratedBeanInfo> (0x000000008768ec48) thrown at [./src/hotspot/share/classfile/systemDictionary.cpp, line 231]
Event: 202.022 Thread 0x00000189fbad3000 Exception <a 'java/lang/ClassNotFoundException'{0x00000000876c0aa8}: org/gradle/api/internal/artifacts/configurations/DefaultConfiguration$ConfigurationResolvableDependenciesBeanInfo> (0x00000000876c0aa8) thrown at [./src/hotspot/share/classfile/systemDictionary.cpp, line 231]
Event: 202.028 Thread 0x00000189fbad3000 Exception <a 'java/lang/ClassNotFoundException'{0x00000000876f4280}: org/gradle/api/internal/artifacts/configurations/DefaultConfiguration$ConfigurationResolvableDependenciesCustomizer> (0x00000000876f4280) thrown at [./src/hotspot/share/classfile/systemDictionary.cpp, line 231]
Event: 202.031 Thread 0x00000189fbad3000 Exception <a 'java/lang/ClassNotFoundException'{0x00000000875394e8}: org/gradle/api/internal/artifacts/configurations/DefaultConfiguration$ConfigurationResolvableDependencies_DecoratedCustomizer> (0x00000000875394e8) thrown at [./src/hotspot/share/classfile/systemDictionary.cpp, line 231]

Events (20 events):
Event: 202.871 loading class org/gradle/workers/WorkerConfiguration
Event: 202.871 loading class org/gradle/workers/WorkerConfiguration done
Event: 202.872 loading class org/gradle/workers/ForkingWorkerSpec
Event: 202.872 loading class org/gradle/workers/ForkingWorkerSpec done
Event: 202.873 loading class org/gradle/workers/WorkerSpec
Event: 202.873 loading class org/gradle/workers/WorkerSpec done
Event: 202.875 loading class org/gradle/workers/internal/AdapterWorkParameters
Event: 202.875 loading class org/gradle/workers/internal/AdapterWorkParameters done
Event: 202.876 loading class org/gradle/workers/internal/IsolatedParametersActionExecutionSpec
Event: 202.876 loading class org/gradle/workers/internal/IsolatedParametersActionExecutionSpec done
Event: 202.877 loading class org/gradle/workers/WorkQueue
Event: 202.877 loading class org/gradle/workers/WorkQueue done
Event: 202.879 loading class org/gradle/internal/service/scopes/Scopes$Project
Event: 202.879 loading class org/gradle/internal/service/scopes/Scopes$Project done
Event: 202.883 loading class org/gradle/internal/work/DefaultConditionalExecutionQueue
Event: 202.883 loading class org/gradle/internal/work/DefaultConditionalExecutionQueue done
Event: 202.885 loading class org/gradle/internal/work/DefaultConditionalExecutionQueue$QueueState
Event: 202.885 loading class org/gradle/internal/work/DefaultConditionalExecutionQueue$QueueState done
Event: 202.921 loading class com/android/build/gradle/internal/tasks/MergeJavaResourceTask$Companion
Event: 202.921 loading class com/android/build/gradle/internal/tasks/MergeJavaResourceTask$Companion done


Dynamic libraries:
0x00007ff7d6c00000 - 0x00007ff7d6c0a000 	C:\01)androidstudiofiles\02)androidstudioinstallationfiles\jre\bin\java.exe
0x00007ffa728f0000 - 0x00007ffa72ae5000 	C:\WINDOWS\SYSTEM32\ntdll.dll
0x00007ffa72370000 - 0x00007ffa7242e000 	C:\WINDOWS\System32\KERNEL32.DLL
0x00007ffa70360000 - 0x00007ffa70628000 	C:\WINDOWS\System32\KERNELBASE.dll
0x00007ffa70820000 - 0x00007ffa70920000 	C:\WINDOWS\System32\ucrtbase.dll
0x00007ffa553e0000 - 0x00007ffa553f9000 	C:\01)androidstudiofiles\02)androidstudioinstallationfiles\jre\bin\jli.dll
0x00007ffa551a0000 - 0x00007ffa551b7000 	C:\01)androidstudiofiles\02)androidstudioinstallationfiles\jre\bin\VCRUNTIME140.dll
0x00007ffa709e0000 - 0x00007ffa70b80000 	C:\WINDOWS\System32\USER32.dll
0x00007ffa70920000 - 0x00007ffa70942000 	C:\WINDOWS\System32\win32u.dll
0x00007ffa563e0000 - 0x00007ffa5667a000 	C:\WINDOWS\WinSxS\amd64_microsoft.windows.common-controls_6595b64144ccf1df_6.0.19041.1110_none_60b5254171f9507e\COMCTL32.dll
0x00007ffa72880000 - 0x00007ffa728ab000 	C:\WINDOWS\System32\GDI32.dll
0x00007ffa72560000 - 0x00007ffa725fe000 	C:\WINDOWS\System32\msvcrt.dll
0x00007ffa70010000 - 0x00007ffa7011b000 	C:\WINDOWS\System32\gdi32full.dll
0x00007ffa70730000 - 0x00007ffa707cd000 	C:\WINDOWS\System32\msvcp_win.dll
0x00007ffa70c00000 - 0x00007ffa70c30000 	C:\WINDOWS\System32\IMM32.DLL
0x00007ffa35800000 - 0x00007ffa3589d000 	C:\01)androidstudiofiles\02)androidstudioinstallationfiles\jre\bin\msvcp140.dll
0x00007ffa1cbf0000 - 0x00007ffa1d6c5000 	C:\01)androidstudiofiles\02)androidstudioinstallationfiles\jre\bin\server\jvm.dll
0x00007ffa71ee0000 - 0x00007ffa71f8e000 	C:\WINDOWS\System32\ADVAPI32.dll
0x00007ffa72600000 - 0x00007ffa7269c000 	C:\WINDOWS\System32\sechost.dll
0x00007ffa726a0000 - 0x00007ffa727c5000 	C:\WINDOWS\System32\RPCRT4.dll
0x00007ffa71bb0000 - 0x00007ffa71bb8000 	C:\WINDOWS\System32\PSAPI.DLL
0x00007ffa49860000 - 0x00007ffa49887000 	C:\WINDOWS\SYSTEM32\WINMM.dll
0x00007ffa46fb0000 - 0x00007ffa46fb9000 	C:\WINDOWS\SYSTEM32\WSOCK32.dll
0x00007ffa720c0000 - 0x00007ffa7212b000 	C:\WINDOWS\System32\WS2_32.dll
0x00007ffa64440000 - 0x00007ffa6444a000 	C:\WINDOWS\SYSTEM32\VERSION.dll
0x00007ffa6e8b0000 - 0x00007ffa6e8c2000 	C:\WINDOWS\SYSTEM32\kernel.appcore.dll
0x00007ffa3f5a0000 - 0x00007ffa3f5b1000 	C:\01)androidstudiofiles\02)androidstudioinstallationfiles\jre\bin\verify.dll
0x00007ffa6add0000 - 0x00007ffa6afb4000 	C:\WINDOWS\SYSTEM32\DBGHELP.DLL
0x00007ffa4e8f0000 - 0x00007ffa4e91c000 	C:\WINDOWS\SYSTEM32\dbgcore.DLL
0x00007ffa70630000 - 0x00007ffa706b2000 	C:\WINDOWS\System32\bcryptPrimitives.dll
0x00007ffa3c930000 - 0x00007ffa3c959000 	C:\01)androidstudiofiles\02)androidstudioinstallationfiles\jre\bin\java.dll
0x00007ffa64c90000 - 0x00007ffa64c9b000 	C:\01)androidstudiofiles\02)androidstudioinstallationfiles\jre\bin\jimage.dll
0x00007ffa3cc90000 - 0x00007ffa3cca8000 	C:\01)androidstudiofiles\02)androidstudioinstallationfiles\jre\bin\zip.dll
0x00007ffa71460000 - 0x00007ffa71ba4000 	C:\WINDOWS\System32\SHELL32.dll
0x00007ffa6afc0000 - 0x00007ffa6b754000 	C:\WINDOWS\SYSTEM32\windows.storage.dll
0x00007ffa710a0000 - 0x00007ffa713f4000 	C:\WINDOWS\System32\combase.dll
0x00007ffa6fa70000 - 0x00007ffa6fa9c000 	C:\WINDOWS\SYSTEM32\Wldp.dll
0x00007ffa727d0000 - 0x00007ffa7287d000 	C:\WINDOWS\System32\SHCORE.dll
0x00007ffa71400000 - 0x00007ffa71455000 	C:\WINDOWS\System32\shlwapi.dll
0x00007ffa6ff50000 - 0x00007ffa6ff6f000 	C:\WINDOWS\SYSTEM32\profapi.dll
0x00007ffa3c910000 - 0x00007ffa3c92a000 	C:\01)androidstudiofiles\02)androidstudioinstallationfiles\jre\bin\net.dll
0x00007ffa67e30000 - 0x00007ffa67f39000 	C:\WINDOWS\SYSTEM32\WINHTTP.dll
0x00007ffa6f7d0000 - 0x00007ffa6f83a000 	C:\WINDOWS\system32\mswsock.dll
0x00007ffa3c8f0000 - 0x00007ffa3c904000 	C:\01)androidstudiofiles\02)androidstudioinstallationfiles\jre\bin\nio.dll
0x00007ffa2a0a0000 - 0x00007ffa2a0c7000 	C:\Users\Admin\.gradle\native\e1d6ef7f7dcc3fd88c89a11ec53ec762bb8ba0a96d01ffa2cd45eb1d1d8dd5c5\windows-amd64\native-platform.dll
0x00007ffa35110000 - 0x00007ffa35254000 	C:\Users\Admin\.gradle\native\5664cfc778a61ccfe75a443a1ab52a65af34e5dc3c78e0209fed803814484fcb\windows-amd64\native-platform-file-events.dll
0x00007ffa61140000 - 0x00007ffa6114a000 	C:\01)androidstudiofiles\02)androidstudioinstallationfiles\jre\bin\management.dll
0x00007ffa563d0000 - 0x00007ffa563dd000 	C:\01)androidstudiofiles\02)androidstudioinstallationfiles\jre\bin\management_ext.dll
0x00007ffa6f9c0000 - 0x00007ffa6f9d8000 	C:\WINDOWS\SYSTEM32\CRYPTSP.dll
0x00007ffa6f0e0000 - 0x00007ffa6f114000 	C:\WINDOWS\system32\rsaenh.dll
0x00007ffa701d0000 - 0x00007ffa701f7000 	C:\WINDOWS\System32\bcrypt.dll
0x00007ffa6ff10000 - 0x00007ffa6ff3e000 	C:\WINDOWS\SYSTEM32\USERENV.dll
0x00007ffa6f9e0000 - 0x00007ffa6f9ec000 	C:\WINDOWS\SYSTEM32\CRYPTBASE.dll
0x00007ffa6f470000 - 0x00007ffa6f4ab000 	C:\WINDOWS\SYSTEM32\IPHLPAPI.DLL
0x00007ffa72360000 - 0x00007ffa72368000 	C:\WINDOWS\System32\NSI.dll
0x00007ffa613e0000 - 0x00007ffa613f7000 	C:\WINDOWS\SYSTEM32\dhcpcsvc6.DLL
0x00007ffa61410000 - 0x00007ffa6142d000 	C:\WINDOWS\SYSTEM32\dhcpcsvc.DLL
0x00007ffa6f4c0000 - 0x00007ffa6f58a000 	C:\WINDOWS\SYSTEM32\DNSAPI.dll

dbghelp: loaded successfully - version: 4.0.5 - missing functions: none
symbol engine: initialized successfully - sym options: 0x614 - pdb path: .;C:\01)androidstudiofiles\02)androidstudioinstallationfiles\jre\bin;C:\WINDOWS\SYSTEM32;C:\WINDOWS\WinSxS\amd64_microsoft.windows.common-controls_6595b64144ccf1df_6.0.19041.1110_none_60b5254171f9507e;C:\01)androidstudiofiles\02)androidstudioinstallationfiles\jre\bin\server;C:\Users\Admin\.gradle\native\e1d6ef7f7dcc3fd88c89a11ec53ec762bb8ba0a96d01ffa2cd45eb1d1d8dd5c5\windows-amd64;C:\Users\Admin\.gradle\native\5664cfc778a61ccfe75a443a1ab52a65af34e5dc3c78e0209fed803814484fcb\windows-amd64

VM Arguments:
jvm_args: --add-opens=java.base/java.util=ALL-UNNAMED --add-opens=java.base/java.lang=ALL-UNNAMED --add-opens=java.base/java.lang.invoke=ALL-UNNAMED --add-opens=java.base/java.util=ALL-UNNAMED --add-opens=java.prefs/java.util.prefs=ALL-UNNAMED --add-opens=java.prefs/java.util.prefs=ALL-UNNAMED --add-opens=java.base/java.nio.charset=ALL-UNNAMED --add-opens=java.base/java.net=ALL-UNNAMED --add-opens=java.base/java.util.concurrent.atomic=ALL-UNNAMED -Xmx2048m -Dfile.encoding=UTF-8 -Duser.country=US -Duser.language=en -Duser.variant 
java_command: org.gradle.launcher.daemon.bootstrap.GradleDaemon 7.2
java_class_path (initial): C:\Users\Admin\.gradle\wrapper\dists\gradle-7.2-bin\2dnblmf4td7x66yl1d74lt32g\gradle-7.2\lib\gradle-launcher-7.2.jar
Launcher Type: SUN_STANDARD

[Global flags]
     intx CICompilerCount                          = 4                                         {product} {ergonomic}
     uint ConcGCThreads                            = 2                                         {product} {ergonomic}
     uint G1ConcRefinementThreads                  = 8                                         {product} {ergonomic}
   size_t G1HeapRegionSize                         = 1048576                                   {product} {ergonomic}
    uintx GCDrainStackTargetSize                   = 64                                        {product} {ergonomic}
   size_t InitialHeapSize                          = 132120576                                 {product} {ergonomic}
   size_t MarkStackSize                            = 4194304                                   {product} {ergonomic}
   size_t MaxHeapSize                              = 2147483648                                {product} {command line}
   size_t MaxNewSize                               = 1287651328                                {product} {ergonomic}
   size_t MinHeapDeltaBytes                        = 1048576                                   {product} {ergonomic}
    uintx NonNMethodCodeHeapSize                   = 5836300                                {pd product} {ergonomic}
    uintx NonProfiledCodeHeapSize                  = 122910970                              {pd product} {ergonomic}
    uintx ProfiledCodeHeapSize                     = 122910970                              {pd product} {ergonomic}
    uintx ReservedCodeCacheSize                    = 251658240                              {pd product} {ergonomic}
     bool SegmentedCodeCache                       = true                                      {product} {ergonomic}
     bool UseCompressedClassPointers               = true                                 {lp64_product} {ergonomic}
     bool UseCompressedOops                        = true                                 {lp64_product} {ergonomic}
     bool UseG1GC                                  = true                                      {product} {ergonomic}
     bool UseLargePagesIndividualAllocation        = false                                  {pd product} {ergonomic}

Logging:
Log output configuration:
 #0: stdout all=warning uptime,level,tags
 #1: stderr all=off uptime,level,tags

Environment Variables:
PATH=C:\Program Files (x86)\Common Files\Oracle\Java\javapath;C:\Program Files\Common Files\Oracle\Java\javapath;C:\ProgramData\Oracle\Java\javapath;C:\WINDOWS\system32;C:\WINDOWS;C:\WINDOWS\System32\Wbem;C:\WINDOWS\System32\WindowsPowerShell\v1.0\;C:\WINDOWS\System32\OpenSSH\;C:\Program Files\Java\jdk-14\bin;C:\Program Files\Git\cmd;C:\Program Files\nodejs\;C:\Users\Admin\AppData\Local\Microsoft\WindowsApps;C:\Users\Admin\AppData\Roaming\npm;
USERNAME=Admin
OS=Windows_NT
PROCESSOR_IDENTIFIER=Intel64 Family 6 Model 142 Stepping 10, GenuineIntel



---------------  S Y S T E M  ---------------

OS: Windows 10 , 64 bit Build 19041 (10.0.19041.1566)
OS uptime: 0 days 2:05 hours

CPU:total 8 (initial active 8) (4 cores per cpu, 2 threads per core) family 6 model 142 stepping 10 microcode 0xb4, cmov, cx8, fxsr, mmx, sse, sse2, sse3, ssse3, sse4.1, sse4.2, popcnt, avx, avx2, aes, clmul, erms, 3dnowpref, lzcnt, ht, tsc, tscinvbit, bmi1, bmi2, adx, fma

Memory: 4k page, system-wide physical 8026M (2024M free)
TotalPageFile size 9050M (AvailPageFile size 94M)
current process WorkingSet (physical memory assigned to process): 373M, peak: 384M
current process commit charge ("private bytes"): 413M, peak: 425M

vm_info: OpenJDK 64-Bit Server VM (11.0.11+9-b60-7590822) for windows-amd64 JRE (11.0.11+9-b60-7590822), built on Jul 29 2021 21:43:44 by "builder" with MS VC++ 14.0 (VS2015)

END.
