#
# There is insufficient memory for the Java Runtime Environment to continue.
# Native memory allocation (malloc) failed to allocate 1760016 bytes for Chunk::new
# Possible reasons:
#   The system is out of physical RAM or swap space
#   The process is running with CompressedOops enabled, and the Java Heap may be blocking the growth of the native heap
# Possible solutions:
#   Reduce memory load on the system
#   Increase physical memory or swap space
#   Check if swap backing store is full
#   Decrease Java heap size (-Xmx/-Xms)
#   Decrease number of Java threads
#   Decrease Java thread stack sizes (-Xss)
#   Set larger code cache with -XX:ReservedCodeCacheSize=
#   JVM is running with Unscaled Compressed Oops mode in which the Java heap is
#     placed in the first 4GB address space. The Java Heap base address is the
#     maximum limit for the native heap growth. Please use -XX:HeapBaseMinAddress
#     to set the Java Heap base and to place the Java Heap above 4GB virtual address.
# This output file may be truncated or incomplete.
#
#  Out of Memory Error (./src/hotspot/share/memory/arena.cpp:197), pid=16440, tid=14092
#
# JRE version: OpenJDK Runtime Environment (11.0.11+9) (build 11.0.11+9-b60-7590822)
# Java VM: OpenJDK 64-Bit Server VM (11.0.11+9-b60-7590822, mixed mode, tiered, compressed oops, g1 gc, windows-amd64)
# No core dump will be written. Minidumps are not enabled by default on client versions of Windows
#

---------------  S U M M A R Y ------------

Command Line: --add-opens=java.base/java.util=ALL-UNNAMED --add-opens=java.base/java.lang=ALL-UNNAMED --add-opens=java.base/java.lang.invoke=ALL-UNNAMED --add-opens=java.base/java.util=ALL-UNNAMED --add-opens=java.prefs/java.util.prefs=ALL-UNNAMED --add-opens=java.prefs/java.util.prefs=ALL-UNNAMED --add-opens=java.base/java.nio.charset=ALL-UNNAMED --add-opens=java.base/java.net=ALL-UNNAMED --add-opens=java.base/java.util.concurrent.atomic=ALL-UNNAMED -Xmx2048m -Dfile.encoding=UTF-8 -Duser.country=US -Duser.language=en -Duser.variant org.gradle.launcher.daemon.bootstrap.GradleDaemon 7.2

Host: Intel(R) Core(TM) i7-8550U CPU @ 1.80GHz, 8 cores, 7G,  Windows 10 , 64 bit Build 19041 (10.0.19041.1566)
Time: Thu Apr  7 02:34:30 2022 Arab Standard Time elapsed time: 211.653457 seconds (0d 0h 3m 31s)

---------------  T H R E A D  ---------------

Current thread (0x000002e236c34800):  JavaThread "C2 CompilerThread1" daemon [_thread_in_native, id=14092, stack(0x000000ee3ad00000,0x000000ee3ae00000)]


Current CompileTask:
C2: 211653 8075 %     4       org.gradle.internal.instantiation.generator.AbstractClassGenerator::inspectType @ 250 (560 bytes)

Stack: [0x000000ee3ad00000,0x000000ee3ae00000]
Native frames: (J=compiled Java code, j=interpreted, Vv=VM code, C=native code)
V  [jvm.dll+0x5f214a]
V  [jvm.dll+0x726fb5]
V  [jvm.dll+0x7285cd]
V  [jvm.dll+0x728c83]
V  [jvm.dll+0x243278]
V  [jvm.dll+0xbc53c]
V  [jvm.dll+0xbca3c]
V  [jvm.dll+0x353e7d]
V  [jvm.dll+0x321893]
V  [jvm.dll+0x320d8a]
V  [jvm.dll+0x1fc1e2]
V  [jvm.dll+0x1fb3d4]
V  [jvm.dll+0x183d6c]
V  [jvm.dll+0x209a57]
V  [jvm.dll+0x2082a1]
V  [jvm.dll+0x6ef58f]
V  [jvm.dll+0x6e80b5]
V  [jvm.dll+0x5f1036]
C  [ucrtbase.dll+0x21bb2]
C  [KERNEL32.DLL+0x17034]
C  [ntdll.dll+0x52651]


---------------  P R O C E S S  ---------------

Threads class SMR info:
_java_thread_list=0x000002e23b4bca80, length=124, elements={
0x000002e21a1ab000, 0x000002e234e02000, 0x000002e234e03800, 0x000002e234e19800,
0x000002e234e1d800, 0x000002e234e1f800, 0x000002e234e2d000, 0x000002e234e31000,
0x000002e234e34000, 0x000002e235900800, 0x000002e23780d000, 0x000002e23671a000,
0x000002e236c7c800, 0x000002e236790800, 0x000002e236ebb000, 0x000002e2384e5000,
0x000002e2372b7800, 0x000002e2366ec800, 0x000002e237160800, 0x000002e237161800,
0x000002e237164000, 0x000002e237162800, 0x000002e237163000, 0x000002e237164800,
0x000002e23715f000, 0x000002e237165800, 0x000002e237160000, 0x000002e237cd5000,
0x000002e237cd1000, 0x000002e237cd2000, 0x000002e237cd2800, 0x000002e237cd4000,
0x000002e237cd3800, 0x000002e237cd6000, 0x000002e237cd0000, 0x000002e237cdb800,
0x000002e237cda800, 0x000002e237cd7800, 0x000002e237cdc800, 0x000002e237cd9000,
0x000002e237cdd000, 0x000002e237cde000, 0x000002e237cdf000, 0x000002e236b6f000,
0x000002e236b6b800, 0x000002e236b6d000, 0x000002e236b6c800, 0x000002e236b73000,
0x000002e236b6f800, 0x000002e236b6e000, 0x000002e236b71000, 0x000002e236b74800,
0x000002e236b76000, 0x000002e236b73800, 0x000002e236b75800, 0x000002e236b70800,
0x000002e236b77000, 0x000002e236b78000, 0x000002e236b72000, 0x000002e236b78800,
0x000002e236b7a000, 0x000002e236b79800, 0x000002e23b28d800, 0x000002e23b28c000,
0x000002e23b290000, 0x000002e23b28a800, 0x000002e23b28f000, 0x000002e23b28c800,
0x000002e23b28b000, 0x000002e23b291000, 0x000002e23b291800, 0x000002e23b294000,
0x000002e23b293800, 0x000002e23b292800, 0x000002e23b28e800, 0x000002e23b295800,
0x000002e23b298000, 0x000002e23b296800, 0x000002e23b297800, 0x000002e23b299000,
0x000002e23b295000, 0x000002e239187000, 0x000002e239189000, 0x000002e239188000,
0x000002e239189800, 0x000002e23918a800, 0x000002e239184800, 0x000002e239185800,
0x000002e23918b800, 0x000002e23918c000, 0x000002e239186800, 0x000002e239192000,
0x000002e239192800, 0x000002e23918d000, 0x000002e239190000, 0x000002e239191000,
0x000002e23918e800, 0x000002e239193800, 0x000002e23918d800, 0x000002e23918f800,
0x000002e23aeb6800, 0x000002e23aebd000, 0x000002e23aeb7800, 0x000002e23aebc800,
0x000002e23aeb9000, 0x000002e23aebe000, 0x000002e23aebb800, 0x000002e23aeba000,
0x000002e23aeba800, 0x000002e23aeb8800, 0x000002e23aec3000, 0x000002e23aec4800,
0x000002e23aebf800, 0x000002e23aec0800, 0x000002e23aec1000, 0x000002e23aebf000,
0x000002e23aec2000, 0x000002e23aec3800, 0x000002e23aec5800, 0x000002e235e94000,
0x000002e235e93000, 0x000002e235e8e000, 0x000002e236c34800, 0x000002e235e94800
}

Java Threads: ( => current thread )
  0x000002e21a1ab000 JavaThread "main" [_thread_blocked, id=2996, stack(0x000000ee32700000,0x000000ee32800000)]
  0x000002e234e02000 JavaThread "Reference Handler" daemon [_thread_blocked, id=1388, stack(0x000000ee32e00000,0x000000ee32f00000)]
  0x000002e234e03800 JavaThread "Finalizer" daemon [_thread_blocked, id=10568, stack(0x000000ee32f00000,0x000000ee33000000)]
  0x000002e234e19800 JavaThread "Signal Dispatcher" daemon [_thread_blocked, id=3224, stack(0x000000ee33000000,0x000000ee33100000)]
  0x000002e234e1d800 JavaThread "Attach Listener" daemon [_thread_blocked, id=16892, stack(0x000000ee33100000,0x000000ee33200000)]
  0x000002e234e1f800 JavaThread "Service Thread" daemon [_thread_blocked, id=10800, stack(0x000000ee33200000,0x000000ee33300000)]
  0x000002e234e2d000 JavaThread "C2 CompilerThread0" daemon [_thread_in_native, id=7292, stack(0x000000ee33300000,0x000000ee33400000)]
  0x000002e234e31000 JavaThread "C1 CompilerThread0" daemon [_thread_blocked, id=7912, stack(0x000000ee33400000,0x000000ee33500000)]
  0x000002e234e34000 JavaThread "Sweeper thread" daemon [_thread_blocked, id=8736, stack(0x000000ee33500000,0x000000ee33600000)]
  0x000002e235900800 JavaThread "Common-Cleaner" daemon [_thread_blocked, id=6012, stack(0x000000ee33600000,0x000000ee33700000)]
  0x000002e23780d000 JavaThread "Daemon health stats" [_thread_blocked, id=10056, stack(0x000000ee33c00000,0x000000ee33d00000)]
  0x000002e23671a000 JavaThread "Incoming local TCP Connector on port 54304" [_thread_in_native, id=9100, stack(0x000000ee32400000,0x000000ee32500000)]
  0x000002e236c7c800 JavaThread "Daemon periodic checks" [_thread_blocked, id=15964, stack(0x000000ee32500000,0x000000ee32600000)]
  0x000002e236790800 JavaThread "Daemon" [_thread_blocked, id=13624, stack(0x000000ee32600000,0x000000ee32700000)]
  0x000002e236ebb000 JavaThread "Handler for socket connection from /127.0.0.1:54304 to /127.0.0.1:54307" [_thread_in_native, id=5508, stack(0x000000ee33800000,0x000000ee33900000)]
  0x000002e2384e5000 JavaThread "Cancel handler" [_thread_blocked, id=13360, stack(0x000000ee34100000,0x000000ee34200000)]
  0x000002e2372b7800 JavaThread "Daemon worker" [_thread_in_native, id=11052, stack(0x000000ee34200000,0x000000ee34300000)]
  0x000002e2366ec800 JavaThread "Asynchronous log dispatcher for DefaultDaemonConnection: socket connection from /127.0.0.1:54304 to /127.0.0.1:54307" [_thread_blocked, id=5680, stack(0x000000ee34300000,0x000000ee34400000)]
  0x000002e237160800 JavaThread "Stdin handler" [_thread_blocked, id=11348, stack(0x000000ee34400000,0x000000ee34500000)]
  0x000002e237161800 JavaThread "Daemon client event forwarder" [_thread_blocked, id=14224, stack(0x000000ee34500000,0x000000ee34600000)]
  0x000002e237164000 JavaThread "Cache worker for journal cache (C:\Users\Admin\.gradle\caches\journal-1)" [_thread_blocked, id=13248, stack(0x000000ee34600000,0x000000ee34700000)]
  0x000002e237162800 JavaThread "File lock request listener" [_thread_in_native, id=7232, stack(0x000000ee34700000,0x000000ee34800000)]
  0x000002e237163000 JavaThread "Cache worker for file hash cache (C:\Users\Admin\.gradle\caches\7.2\fileHashes)" [_thread_blocked, id=11456, stack(0x000000ee34900000,0x000000ee34a00000)]
  0x000002e237164800 JavaThread "File lock release action executor" [_thread_blocked, id=10348, stack(0x000000ee34a00000,0x000000ee34b00000)]
  0x000002e23715f000 JavaThread "Cache worker for file hash cache (C:\Users\Admin\login2\.gradle\7.2\fileHashes)" [_thread_blocked, id=11956, stack(0x000000ee34b00000,0x000000ee34c00000)]
  0x000002e237165800 JavaThread "File watcher server" daemon [_thread_in_native, id=10676, stack(0x000000ee34d00000,0x000000ee34e00000)]
  0x000002e237160000 JavaThread "File watcher consumer" daemon [_thread_blocked, id=11964, stack(0x000000ee34e00000,0x000000ee34f00000)]
  0x000002e237cd5000 JavaThread "jar transforms" [_thread_blocked, id=13000, stack(0x000000ee34f00000,0x000000ee35000000)]
  0x000002e237cd1000 JavaThread "jar transforms Thread 2" [_thread_blocked, id=14472, stack(0x000000ee35000000,0x000000ee35100000)]
  0x000002e237cd2000 JavaThread "jar transforms Thread 3" [_thread_blocked, id=6124, stack(0x000000ee35100000,0x000000ee35200000)]
  0x000002e237cd2800 JavaThread "jar transforms Thread 4" [_thread_blocked, id=5164, stack(0x000000ee35200000,0x000000ee35300000)]
  0x000002e237cd4000 JavaThread "jar transforms Thread 5" [_thread_blocked, id=4968, stack(0x000000ee35300000,0x000000ee35400000)]
  0x000002e237cd3800 JavaThread "jar transforms Thread 6" [_thread_blocked, id=32, stack(0x000000ee35400000,0x000000ee35500000)]
  0x000002e237cd6000 JavaThread "jar transforms Thread 7" [_thread_blocked, id=10032, stack(0x000000ee35500000,0x000000ee35600000)]
  0x000002e237cd0000 JavaThread "jar transforms Thread 8" [_thread_blocked, id=16900, stack(0x000000ee35600000,0x000000ee35700000)]
  0x000002e237cdb800 JavaThread "Cache worker for checksums cache (C:\Users\Admin\login2\.gradle\checksums)" [_thread_blocked, id=5208, stack(0x000000ee34c00000,0x000000ee34d00000)]
  0x000002e237cda800 JavaThread "Cache worker for cache directory md-supplier (C:\Users\Admin\.gradle\caches\7.2\md-supplier)" [_thread_blocked, id=3232, stack(0x000000ee35800000,0x000000ee35900000)]
  0x000002e237cd7800 JavaThread "Cache worker for cache directory md-rule (C:\Users\Admin\.gradle\caches\7.2\md-rule)" [_thread_blocked, id=15196, stack(0x000000ee35a00000,0x000000ee35b00000)]
  0x000002e237cdc800 JavaThread "Cache worker for execution history cache (C:\Users\Admin\.gradle\caches\7.2\executionHistory)" [_thread_blocked, id=10272, stack(0x000000ee35b00000,0x000000ee35c00000)]
  0x000002e237cd9000 JavaThread "Cache worker for file content cache (C:\Users\Admin\.gradle\caches\7.2\fileContent)" [_thread_blocked, id=9976, stack(0x000000ee35c00000,0x000000ee35d00000)]
  0x000002e237cdd000 JavaThread "Cache worker for dependencies-accessors (C:\Users\Admin\login2\.gradle\7.2\dependencies-accessors)" [_thread_blocked, id=5816, stack(0x000000ee35700000,0x000000ee35800000)]
  0x000002e237cde000 JavaThread "Cache worker for Build Output Cleanup Cache (C:\Users\Admin\login2\.gradle\buildOutputCleanup)" [_thread_blocked, id=13612, stack(0x000000ee35900000,0x000000ee35a00000)]
  0x000002e237cdf000 JavaThread "Unconstrained build operations" [_thread_blocked, id=4664, stack(0x000000ee35d00000,0x000000ee35e00000)]
  0x000002e236b6f000 JavaThread "Unconstrained build operations Thread 2" [_thread_blocked, id=6556, stack(0x000000ee35e00000,0x000000ee35f00000)]
  0x000002e236b6b800 JavaThread "Unconstrained build operations Thread 3" [_thread_blocked, id=15812, stack(0x000000ee35f00000,0x000000ee36000000)]
  0x000002e236b6d000 JavaThread "Unconstrained build operations Thread 4" [_thread_blocked, id=11056, stack(0x000000ee36000000,0x000000ee36100000)]
  0x000002e236b6c800 JavaThread "Unconstrained build operations Thread 5" [_thread_blocked, id=10984, stack(0x000000ee36100000,0x000000ee36200000)]
  0x000002e236b73000 JavaThread "Unconstrained build operations Thread 6" [_thread_blocked, id=2988, stack(0x000000ee36200000,0x000000ee36300000)]
  0x000002e236b6f800 JavaThread "Unconstrained build operations Thread 7" [_thread_blocked, id=6192, stack(0x000000ee36300000,0x000000ee36400000)]
  0x000002e236b6e000 JavaThread "Unconstrained build operations Thread 8" [_thread_blocked, id=12612, stack(0x000000ee36400000,0x000000ee36500000)]
  0x000002e236b71000 JavaThread "Unconstrained build operations Thread 9" [_thread_blocked, id=13632, stack(0x000000ee36500000,0x000000ee36600000)]
  0x000002e236b74800 JavaThread "Unconstrained build operations Thread 10" [_thread_blocked, id=8512, stack(0x000000ee36600000,0x000000ee36700000)]
  0x000002e236b76000 JavaThread "Unconstrained build operations Thread 11" [_thread_blocked, id=15908, stack(0x000000ee36700000,0x000000ee36800000)]
  0x000002e236b73800 JavaThread "Unconstrained build operations Thread 12" [_thread_blocked, id=9904, stack(0x000000ee36800000,0x000000ee36900000)]
  0x000002e236b75800 JavaThread "Unconstrained build operations Thread 13" [_thread_blocked, id=17056, stack(0x000000ee36900000,0x000000ee36a00000)]
  0x000002e236b70800 JavaThread "Unconstrained build operations Thread 14" [_thread_blocked, id=5084, stack(0x000000ee36a00000,0x000000ee36b00000)]
  0x000002e236b77000 JavaThread "Unconstrained build operations Thread 15" [_thread_blocked, id=10520, stack(0x000000ee36b00000,0x000000ee36c00000)]
  0x000002e236b78000 JavaThread "Unconstrained build operations Thread 16" [_thread_blocked, id=1220, stack(0x000000ee36c00000,0x000000ee36d00000)]
  0x000002e236b72000 JavaThread "Unconstrained build operations Thread 17" [_thread_blocked, id=4268, stack(0x000000ee36d00000,0x000000ee36e00000)]
  0x000002e236b78800 JavaThread "Unconstrained build operations Thread 18" [_thread_blocked, id=6072, stack(0x000000ee36e00000,0x000000ee36f00000)]
  0x000002e236b7a000 JavaThread "Unconstrained build operations Thread 19" [_thread_blocked, id=9624, stack(0x000000ee36f00000,0x000000ee37000000)]
  0x000002e236b79800 JavaThread "Unconstrained build operations Thread 20" [_thread_blocked, id=16208, stack(0x000000ee37000000,0x000000ee37100000)]
  0x000002e23b28d800 JavaThread "Unconstrained build operations Thread 21" [_thread_blocked, id=8164, stack(0x000000ee37100000,0x000000ee37200000)]
  0x000002e23b28c000 JavaThread "Unconstrained build operations Thread 22" [_thread_blocked, id=4400, stack(0x000000ee37200000,0x000000ee37300000)]
  0x000002e23b290000 JavaThread "Unconstrained build operations Thread 23" [_thread_blocked, id=8888, stack(0x000000ee37300000,0x000000ee37400000)]
  0x000002e23b28a800 JavaThread "Unconstrained build operations Thread 24" [_thread_blocked, id=12832, stack(0x000000ee37400000,0x000000ee37500000)]
  0x000002e23b28f000 JavaThread "Unconstrained build operations Thread 25" [_thread_blocked, id=16264, stack(0x000000ee37500000,0x000000ee37600000)]
  0x000002e23b28c800 JavaThread "Unconstrained build operations Thread 26" [_thread_blocked, id=11584, stack(0x000000ee37600000,0x000000ee37700000)]
  0x000002e23b28b000 JavaThread "Unconstrained build operations Thread 27" [_thread_blocked, id=10456, stack(0x000000ee37700000,0x000000ee37800000)]
  0x000002e23b291000 JavaThread "Unconstrained build operations Thread 28" [_thread_blocked, id=3744, stack(0x000000ee37800000,0x000000ee37900000)]
  0x000002e23b291800 JavaThread "Unconstrained build operations Thread 29" [_thread_blocked, id=10728, stack(0x000000ee37900000,0x000000ee37a00000)]
  0x000002e23b294000 JavaThread "Unconstrained build operations Thread 30" [_thread_blocked, id=16432, stack(0x000000ee37a00000,0x000000ee37b00000)]
  0x000002e23b293800 JavaThread "Unconstrained build operations Thread 31" [_thread_blocked, id=16132, stack(0x000000ee37b00000,0x000000ee37c00000)]
  0x000002e23b292800 JavaThread "Unconstrained build operations Thread 32" [_thread_blocked, id=7672, stack(0x000000ee37c00000,0x000000ee37d00000)]
  0x000002e23b28e800 JavaThread "Unconstrained build operations Thread 33" [_thread_blocked, id=9528, stack(0x000000ee37d00000,0x000000ee37e00000)]
  0x000002e23b295800 JavaThread "Unconstrained build operations Thread 34" [_thread_blocked, id=17068, stack(0x000000ee37e00000,0x000000ee37f00000)]
  0x000002e23b298000 JavaThread "Unconstrained build operations Thread 35" [_thread_blocked, id=2444, stack(0x000000ee37f00000,0x000000ee38000000)]
  0x000002e23b296800 JavaThread "Unconstrained build operations Thread 36" [_thread_blocked, id=260, stack(0x000000ee38000000,0x000000ee38100000)]
  0x000002e23b297800 JavaThread "Unconstrained build operations Thread 37" [_thread_blocked, id=5964, stack(0x000000ee38100000,0x000000ee38200000)]
  0x000002e23b299000 JavaThread "Unconstrained build operations Thread 38" [_thread_blocked, id=9768, stack(0x000000ee38200000,0x000000ee38300000)]
  0x000002e23b295000 JavaThread "Unconstrained build operations Thread 39" [_thread_blocked, id=17376, stack(0x000000ee38300000,0x000000ee38400000)]
  0x000002e239187000 JavaThread "Unconstrained build operations Thread 40" [_thread_blocked, id=7544, stack(0x000000ee38400000,0x000000ee38500000)]
  0x000002e239189000 JavaThread "Unconstrained build operations Thread 41" [_thread_blocked, id=10208, stack(0x000000ee38500000,0x000000ee38600000)]
  0x000002e239188000 JavaThread "Unconstrained build operations Thread 42" [_thread_blocked, id=15188, stack(0x000000ee38600000,0x000000ee38700000)]
  0x000002e239189800 JavaThread "Unconstrained build operations Thread 43" [_thread_blocked, id=4296, stack(0x000000ee38700000,0x000000ee38800000)]
  0x000002e23918a800 JavaThread "Unconstrained build operations Thread 44" [_thread_blocked, id=12792, stack(0x000000ee38800000,0x000000ee38900000)]
  0x000002e239184800 JavaThread "Unconstrained build operations Thread 45" [_thread_blocked, id=9092, stack(0x000000ee38900000,0x000000ee38a00000)]
  0x000002e239185800 JavaThread "Unconstrained build operations Thread 46" [_thread_blocked, id=1472, stack(0x000000ee38a00000,0x000000ee38b00000)]
  0x000002e23918b800 JavaThread "Unconstrained build operations Thread 47" [_thread_blocked, id=9876, stack(0x000000ee38b00000,0x000000ee38c00000)]
  0x000002e23918c000 JavaThread "Unconstrained build operations Thread 48" [_thread_blocked, id=7748, stack(0x000000ee38c00000,0x000000ee38d00000)]
  0x000002e239186800 JavaThread "Unconstrained build operations Thread 49" [_thread_blocked, id=3740, stack(0x000000ee38d00000,0x000000ee38e00000)]
  0x000002e239192000 JavaThread "Unconstrained build operations Thread 50" [_thread_blocked, id=15572, stack(0x000000ee38e00000,0x000000ee38f00000)]
  0x000002e239192800 JavaThread "Unconstrained build operations Thread 51" [_thread_blocked, id=6412, stack(0x000000ee38f00000,0x000000ee39000000)]
  0x000002e23918d000 JavaThread "Unconstrained build operations Thread 52" [_thread_blocked, id=16916, stack(0x000000ee39000000,0x000000ee39100000)]
  0x000002e239190000 JavaThread "Unconstrained build operations Thread 53" [_thread_blocked, id=15704, stack(0x000000ee39100000,0x000000ee39200000)]
  0x000002e239191000 JavaThread "Unconstrained build operations Thread 54" [_thread_blocked, id=8692, stack(0x000000ee39200000,0x000000ee39300000)]
  0x000002e23918e800 JavaThread "Unconstrained build operations Thread 55" [_thread_blocked, id=13436, stack(0x000000ee39300000,0x000000ee39400000)]
  0x000002e239193800 JavaThread "Unconstrained build operations Thread 56" [_thread_blocked, id=10956, stack(0x000000ee39400000,0x000000ee39500000)]
  0x000002e23918d800 JavaThread "Unconstrained build operations Thread 57" [_thread_blocked, id=5568, stack(0x000000ee39500000,0x000000ee39600000)]
  0x000002e23918f800 JavaThread "Unconstrained build operations Thread 58" [_thread_blocked, id=14424, stack(0x000000ee39600000,0x000000ee39700000)]
  0x000002e23aeb6800 JavaThread "Unconstrained build operations Thread 59" [_thread_blocked, id=11656, stack(0x000000ee39700000,0x000000ee39800000)]
  0x000002e23aebd000 JavaThread "Unconstrained build operations Thread 60" [_thread_blocked, id=14272, stack(0x000000ee39800000,0x000000ee39900000)]
  0x000002e23aeb7800 JavaThread "Unconstrained build operations Thread 61" [_thread_blocked, id=6128, stack(0x000000ee39900000,0x000000ee39a00000)]
  0x000002e23aebc800 JavaThread "Unconstrained build operations Thread 62" [_thread_blocked, id=7440, stack(0x000000ee39a00000,0x000000ee39b00000)]
  0x000002e23aeb9000 JavaThread "Unconstrained build operations Thread 63" [_thread_blocked, id=6680, stack(0x000000ee39b00000,0x000000ee39c00000)]
  0x000002e23aebe000 JavaThread "Unconstrained build operations Thread 64" [_thread_blocked, id=4036, stack(0x000000ee39c00000,0x000000ee39d00000)]
  0x000002e23aebb800 JavaThread "Unconstrained build operations Thread 65" [_thread_blocked, id=16852, stack(0x000000ee39d00000,0x000000ee39e00000)]
  0x000002e23aeba000 JavaThread "Unconstrained build operations Thread 66" [_thread_blocked, id=764, stack(0x000000ee39e00000,0x000000ee39f00000)]
  0x000002e23aeba800 JavaThread "Unconstrained build operations Thread 67" [_thread_blocked, id=15396, stack(0x000000ee39f00000,0x000000ee3a000000)]
  0x000002e23aeb8800 JavaThread "Unconstrained build operations Thread 68" [_thread_blocked, id=2760, stack(0x000000ee3a000000,0x000000ee3a100000)]
  0x000002e23aec3000 JavaThread "Unconstrained build operations Thread 69" [_thread_blocked, id=5240, stack(0x000000ee3a100000,0x000000ee3a200000)]
  0x000002e23aec4800 JavaThread "Unconstrained build operations Thread 70" [_thread_blocked, id=8232, stack(0x000000ee3a200000,0x000000ee3a300000)]
  0x000002e23aebf800 JavaThread "Unconstrained build operations Thread 71" [_thread_blocked, id=9072, stack(0x000000ee3a300000,0x000000ee3a400000)]
  0x000002e23aec0800 JavaThread "Unconstrained build operations Thread 72" [_thread_blocked, id=6960, stack(0x000000ee3a400000,0x000000ee3a500000)]
  0x000002e23aec1000 JavaThread "Unconstrained build operations Thread 73" [_thread_blocked, id=9952, stack(0x000000ee3a500000,0x000000ee3a600000)]
  0x000002e23aebf000 JavaThread "Unconstrained build operations Thread 74" [_thread_blocked, id=2264, stack(0x000000ee3a600000,0x000000ee3a700000)]
  0x000002e23aec2000 JavaThread "Unconstrained build operations Thread 75" [_thread_blocked, id=12000, stack(0x000000ee3a700000,0x000000ee3a800000)]
  0x000002e23aec3800 JavaThread "Unconstrained build operations Thread 76" [_thread_blocked, id=12272, stack(0x000000ee3a800000,0x000000ee3a900000)]
  0x000002e23aec5800 JavaThread "Unconstrained build operations Thread 77" [_thread_blocked, id=7948, stack(0x000000ee3a900000,0x000000ee3aa00000)]
  0x000002e235e94000 JavaThread "Unconstrained build operations Thread 78" [_thread_blocked, id=13848, stack(0x000000ee3aa00000,0x000000ee3ab00000)]
  0x000002e235e93000 JavaThread "Unconstrained build operations Thread 79" [_thread_blocked, id=16024, stack(0x000000ee3ab00000,0x000000ee3ac00000)]
  0x000002e235e8e000 JavaThread "Unconstrained build operations Thread 80" [_thread_blocked, id=15016, stack(0x000000ee3ac00000,0x000000ee3ad00000)]
=>0x000002e236c34800 JavaThread "C2 CompilerThread1" daemon [_thread_in_native, id=14092, stack(0x000000ee3ad00000,0x000000ee3ae00000)]
  0x000002e235e94800 JavaThread "Memory manager" [_thread_blocked, id=15560, stack(0x000000ee3af00000,0x000000ee3b000000)]

Other Threads:
  0x000002e234dfe000 VMThread "VM Thread" [stack: 0x000000ee32d00000,0x000000ee32e00000] [id=14920]
  0x000002e235923000 WatcherThread [stack: 0x000000ee33700000,0x000000ee33800000] [id=16924]
  0x000002e21a1c3000 GCTaskThread "GC Thread#0" [stack: 0x000000ee32800000,0x000000ee32900000] [id=7320]
  0x000002e236599000 GCTaskThread "GC Thread#1" [stack: 0x000000ee33900000,0x000000ee33a00000] [id=9700]
  0x000002e236906800 GCTaskThread "GC Thread#2" [stack: 0x000000ee33a00000,0x000000ee33b00000] [id=10316]
  0x000002e236ebc000 GCTaskThread "GC Thread#3" [stack: 0x000000ee33b00000,0x000000ee33c00000] [id=12492]
  0x000002e237205800 GCTaskThread "GC Thread#4" [stack: 0x000000ee33d00000,0x000000ee33e00000] [id=6332]
  0x000002e237206000 GCTaskThread "GC Thread#5" [stack: 0x000000ee33e00000,0x000000ee33f00000] [id=13064]
  0x000002e237b59000 GCTaskThread "GC Thread#6" [stack: 0x000000ee33f00000,0x000000ee34000000] [id=10396]
  0x000002e237b5a000 GCTaskThread "GC Thread#7" [stack: 0x000000ee34000000,0x000000ee34100000] [id=8716]
  0x000002e21a1f7000 ConcurrentGCThread "G1 Main Marker" [stack: 0x000000ee32900000,0x000000ee32a00000] [id=10152]
  0x000002e21a1f8800 ConcurrentGCThread "G1 Conc#0" [stack: 0x000000ee32a00000,0x000000ee32b00000] [id=6068]
  0x000002e235ccf800 ConcurrentGCThread "G1 Conc#1" [stack: 0x000000ee34800000,0x000000ee34900000] [id=6416]
  0x000002e234c50800 ConcurrentGCThread "G1 Refine#0" [stack: 0x000000ee32b00000,0x000000ee32c00000] [id=512]
  0x000002e234c51800 ConcurrentGCThread "G1 Young RemSet Sampling" [stack: 0x000000ee32c00000,0x000000ee32d00000] [id=3168]

Threads with active compile tasks:
C2 CompilerThread0 211763 8339       4       sun.reflect.generics.visitor.Reifier::visitClassTypeSignature (381 bytes)
C2 CompilerThread1 211763 8075 %     4       org.gradle.internal.instantiation.generator.AbstractClassGenerator::inspectType @ 250 (560 bytes)

VM state:not at safepoint (normal execution)

VM Mutex/Monitor currently owned by a thread: None

Heap address: 0x0000000080000000, size: 2048 MB, Compressed Oops mode: 32-bit
Narrow klass base: 0x0000000000000000, Narrow klass shift: 3
Compressed class space size: 1073741824 Address: 0x0000000100000000

Heap:
 garbage-first heap   total 129024K, used 102448K [0x0000000080000000, 0x0000000100000000)
  region size 1024K, 23 young (23552K), 4 survivors (4096K)
 Metaspace       used 77189K, capacity 79273K, committed 79408K, reserved 1118208K
  class space    used 10035K, capacity 10785K, committed 10880K, reserved 1048576K
Heap Regions: E=young(eden), S=young(survivor), O=old, HS=humongous(starts), HC=humongous(continues), CS=collection set, F=free, A=archive, TAMS=top-at-mark-start (previous, next)
|   0|0x0000000080000000, 0x0000000080100000, 0x0000000080100000|100%| O|  |TAMS 0x0000000080100000, 0x0000000080000000| Untracked 
|   1|0x0000000080100000, 0x0000000080200000, 0x0000000080200000|100%| O|  |TAMS 0x0000000080200000, 0x0000000080100000| Untracked 
|   2|0x0000000080200000, 0x0000000080300000, 0x0000000080300000|100%| O|  |TAMS 0x0000000080300000, 0x0000000080200000| Untracked 
|   3|0x0000000080300000, 0x0000000080400000, 0x0000000080400000|100%|HS|  |TAMS 0x0000000080400000, 0x0000000080300000| Complete 
|   4|0x0000000080400000, 0x0000000080500000, 0x0000000080500000|100%|HC|  |TAMS 0x0000000080500000, 0x0000000080400000| Complete 
|   5|0x0000000080500000, 0x0000000080600000, 0x0000000080600000|100%|HC|  |TAMS 0x0000000080600000, 0x0000000080500000| Complete 
|   6|0x0000000080600000, 0x0000000080700000, 0x0000000080700000|100%| O|  |TAMS 0x0000000080700000, 0x0000000080600000| Untracked 
|   7|0x0000000080700000, 0x0000000080800000, 0x0000000080800000|100%| O|  |TAMS 0x0000000080800000, 0x0000000080700000| Untracked 
|   8|0x0000000080800000, 0x0000000080900000, 0x0000000080900000|100%| O|  |TAMS 0x0000000080900000, 0x0000000080800000| Untracked 
|   9|0x0000000080900000, 0x0000000080a00000, 0x0000000080a00000|100%| O|  |TAMS 0x0000000080a00000, 0x0000000080900000| Untracked 
|  10|0x0000000080a00000, 0x0000000080b00000, 0x0000000080b00000|100%| O|  |TAMS 0x0000000080b00000, 0x0000000080a00000| Untracked 
|  11|0x0000000080b00000, 0x0000000080c00000, 0x0000000080c00000|100%| O|  |TAMS 0x0000000080c00000, 0x0000000080b00000| Untracked 
|  12|0x0000000080c00000, 0x0000000080d00000, 0x0000000080d00000|100%| O|  |TAMS 0x0000000080d00000, 0x0000000080c00000| Untracked 
|  13|0x0000000080d00000, 0x0000000080e00000, 0x0000000080e00000|100%| O|  |TAMS 0x0000000080e00000, 0x0000000080d00000| Untracked 
|  14|0x0000000080e00000, 0x0000000080f00000, 0x0000000080f00000|100%| O|  |TAMS 0x0000000080f00000, 0x0000000080e00000| Untracked 
|  15|0x0000000080f00000, 0x0000000081000000, 0x0000000081000000|100%| O|  |TAMS 0x0000000081000000, 0x0000000080f00000| Untracked 
|  16|0x0000000081000000, 0x0000000081100000, 0x0000000081100000|100%|HS|  |TAMS 0x0000000081100000, 0x0000000081000000| Complete 
|  17|0x0000000081100000, 0x0000000081200000, 0x0000000081200000|100%|HC|  |TAMS 0x0000000081200000, 0x0000000081100000| Complete 
|  18|0x0000000081200000, 0x0000000081300000, 0x0000000081300000|100%|HS|  |TAMS 0x0000000081300000, 0x0000000081200000| Complete 
|  19|0x0000000081300000, 0x0000000081400000, 0x0000000081400000|100%|HC|  |TAMS 0x0000000081400000, 0x0000000081300000| Complete 
|  20|0x0000000081400000, 0x0000000081500000, 0x0000000081500000|100%|HC|  |TAMS 0x0000000081500000, 0x0000000081400000| Complete 
|  21|0x0000000081500000, 0x0000000081600000, 0x0000000081600000|100%|HS|  |TAMS 0x0000000081600000, 0x0000000081500000| Complete 
|  22|0x0000000081600000, 0x0000000081700000, 0x0000000081700000|100%|HC|  |TAMS 0x0000000081700000, 0x0000000081600000| Complete 
|  23|0x0000000081700000, 0x0000000081800000, 0x0000000081800000|100%|HC|  |TAMS 0x0000000081800000, 0x0000000081700000| Complete 
|  24|0x0000000081800000, 0x0000000081900000, 0x0000000081900000|100%|HC|  |TAMS 0x0000000081900000, 0x0000000081800000| Complete 
|  25|0x0000000081900000, 0x0000000081a00000, 0x0000000081a00000|100%| O|  |TAMS 0x0000000081a00000, 0x0000000081900000| Untracked 
|  26|0x0000000081a00000, 0x0000000081b00000, 0x0000000081b00000|100%| O|  |TAMS 0x0000000081b00000, 0x0000000081a00000| Untracked 
|  27|0x0000000081b00000, 0x0000000081c00000, 0x0000000081c00000|100%| O|  |TAMS 0x0000000081c00000, 0x0000000081b00000| Untracked 
|  28|0x0000000081c00000, 0x0000000081d00000, 0x0000000081d00000|100%| O|  |TAMS 0x0000000081d00000, 0x0000000081c00000| Untracked 
|  29|0x0000000081d00000, 0x0000000081e00000, 0x0000000081e00000|100%| O|  |TAMS 0x0000000081e00000, 0x0000000081d00000| Untracked 
|  30|0x0000000081e00000, 0x0000000081f00000, 0x0000000081f00000|100%| O|  |TAMS 0x0000000081f00000, 0x0000000081e00000| Untracked 
|  31|0x0000000081f00000, 0x0000000082000000, 0x0000000082000000|100%| O|  |TAMS 0x0000000082000000, 0x0000000081f00000| Untracked 
|  32|0x0000000082000000, 0x0000000082100000, 0x0000000082100000|100%| O|  |TAMS 0x0000000082100000, 0x0000000082000000| Untracked 
|  33|0x0000000082100000, 0x0000000082200000, 0x0000000082200000|100%|HS|  |TAMS 0x0000000082200000, 0x0000000082100000| Complete 
|  34|0x0000000082200000, 0x0000000082300000, 0x0000000082300000|100%|HC|  |TAMS 0x0000000082300000, 0x0000000082200000| Complete 
|  35|0x0000000082300000, 0x0000000082400000, 0x0000000082400000|100%|HC|  |TAMS 0x0000000082400000, 0x0000000082300000| Complete 
|  36|0x0000000082400000, 0x0000000082500000, 0x0000000082500000|100%| O|  |TAMS 0x0000000082500000, 0x0000000082400000| Untracked 
|  37|0x0000000082500000, 0x0000000082600000, 0x0000000082600000|100%| O|  |TAMS 0x0000000082600000, 0x0000000082500000| Untracked 
|  38|0x0000000082600000, 0x0000000082700000, 0x0000000082700000|100%| O|  |TAMS 0x0000000082700000, 0x0000000082600000| Untracked 
|  39|0x0000000082700000, 0x0000000082800000, 0x0000000082800000|100%| O|  |TAMS 0x0000000082800000, 0x0000000082700000| Untracked 
|  40|0x0000000082800000, 0x0000000082900000, 0x0000000082900000|100%| O|  |TAMS 0x0000000082900000, 0x0000000082800000| Untracked 
|  41|0x0000000082900000, 0x0000000082a00000, 0x0000000082a00000|100%| O|  |TAMS 0x0000000082a00000, 0x0000000082900000| Untracked 
|  42|0x0000000082a00000, 0x0000000082b00000, 0x0000000082b00000|100%| O|  |TAMS 0x0000000082b00000, 0x0000000082a00000| Untracked 
|  43|0x0000000082b00000, 0x0000000082c00000, 0x0000000082c00000|100%|HS|  |TAMS 0x0000000082c00000, 0x0000000082b00000| Complete 
|  44|0x0000000082c00000, 0x0000000082d00000, 0x0000000082d00000|100%|HC|  |TAMS 0x0000000082d00000, 0x0000000082c00000| Complete 
|  45|0x0000000082d00000, 0x0000000082e00000, 0x0000000082e00000|100%|HC|  |TAMS 0x0000000082e00000, 0x0000000082d00000| Complete 
|  46|0x0000000082e00000, 0x0000000082f00000, 0x0000000082f00000|100%|HC|  |TAMS 0x0000000082f00000, 0x0000000082e00000| Complete 
|  47|0x0000000082f00000, 0x0000000083000000, 0x0000000083000000|100%| O|  |TAMS 0x0000000083000000, 0x0000000082f00000| Untracked 
|  48|0x0000000083000000, 0x0000000083100000, 0x0000000083100000|100%| O|  |TAMS 0x0000000083100000, 0x0000000083000000| Untracked 
|  49|0x0000000083100000, 0x0000000083200000, 0x0000000083200000|100%| O|  |TAMS 0x0000000083200000, 0x0000000083100000| Untracked 
|  50|0x0000000083200000, 0x0000000083300000, 0x0000000083300000|100%| O|  |TAMS 0x0000000083300000, 0x0000000083200000| Untracked 
|  51|0x0000000083300000, 0x0000000083400000, 0x0000000083400000|100%| O|  |TAMS 0x0000000083400000, 0x0000000083300000| Untracked 
|  52|0x0000000083400000, 0x0000000083500000, 0x0000000083500000|100%|HS|  |TAMS 0x0000000083500000, 0x0000000083400000| Complete 
|  53|0x0000000083500000, 0x0000000083600000, 0x0000000083600000|100%|HS|  |TAMS 0x0000000083600000, 0x0000000083500000| Complete 
|  54|0x0000000083600000, 0x0000000083700000, 0x0000000083700000|100%|HS|  |TAMS 0x0000000083700000, 0x0000000083600000| Complete 
|  55|0x0000000083700000, 0x0000000083800000, 0x0000000083800000|100%|HS|  |TAMS 0x0000000083800000, 0x0000000083700000| Complete 
|  56|0x0000000083800000, 0x0000000083900000, 0x0000000083900000|100%|HC|  |TAMS 0x0000000083900000, 0x0000000083800000| Complete 
|  57|0x0000000083900000, 0x0000000083a00000, 0x0000000083a00000|100%| O|  |TAMS 0x0000000083a00000, 0x0000000083900000| Untracked 
|  58|0x0000000083a00000, 0x0000000083b00000, 0x0000000083b00000|100%| O|  |TAMS 0x0000000083b00000, 0x0000000083a00000| Untracked 
|  59|0x0000000083b00000, 0x0000000083c00000, 0x0000000083c00000|100%| O|  |TAMS 0x0000000083c00000, 0x0000000083b00000| Untracked 
|  60|0x0000000083c00000, 0x0000000083d00000, 0x0000000083d00000|100%| O|  |TAMS 0x0000000083d00000, 0x0000000083c00000| Untracked 
|  61|0x0000000083d00000, 0x0000000083e00000, 0x0000000083e00000|100%| O|  |TAMS 0x0000000083e00000, 0x0000000083d00000| Untracked 
|  62|0x0000000083e00000, 0x0000000083f00000, 0x0000000083f00000|100%| O|  |TAMS 0x0000000083f00000, 0x0000000083e00000| Untracked 
|  63|0x0000000083f00000, 0x0000000084000000, 0x0000000084000000|100%| O|  |TAMS 0x0000000084000000, 0x0000000083f00000| Untracked 
|  64|0x0000000084000000, 0x0000000084100000, 0x0000000084100000|100%| O|  |TAMS 0x0000000084100000, 0x0000000084000000| Untracked 
|  65|0x0000000084100000, 0x0000000084200000, 0x0000000084200000|100%| O|  |TAMS 0x0000000084200000, 0x0000000084100000| Untracked 
|  66|0x0000000084200000, 0x0000000084300000, 0x0000000084300000|100%| O|  |TAMS 0x0000000084300000, 0x0000000084200000| Untracked 
|  67|0x0000000084300000, 0x0000000084400000, 0x0000000084400000|100%| O|  |TAMS 0x0000000084400000, 0x0000000084300000| Untracked 
|  68|0x0000000084400000, 0x0000000084500000, 0x0000000084500000|100%| O|  |TAMS 0x0000000084500000, 0x0000000084400000| Untracked 
|  69|0x0000000084500000, 0x0000000084600000, 0x0000000084600000|100%| O|  |TAMS 0x0000000084600000, 0x0000000084500000| Untracked 
|  70|0x0000000084600000, 0x0000000084700000, 0x0000000084700000|100%| O|  |TAMS 0x0000000084700000, 0x0000000084600000| Untracked 
|  71|0x0000000084700000, 0x0000000084800000, 0x0000000084800000|100%| O|  |TAMS 0x0000000084800000, 0x0000000084700000| Untracked 
|  72|0x0000000084800000, 0x0000000084900000, 0x0000000084900000|100%| O|  |TAMS 0x0000000084900000, 0x0000000084800000| Untracked 
|  73|0x0000000084900000, 0x0000000084a00000, 0x0000000084a00000|100%| O|  |TAMS 0x0000000084a00000, 0x0000000084900000| Untracked 
|  74|0x0000000084a00000, 0x0000000084b00000, 0x0000000084b00000|100%| O|  |TAMS 0x0000000084b00000, 0x0000000084a00000| Untracked 
|  75|0x0000000084b00000, 0x0000000084c00000, 0x0000000084c00000|100%| O|  |TAMS 0x0000000084c00000, 0x0000000084b00000| Untracked 
|  76|0x0000000084c00000, 0x0000000084d00000, 0x0000000084d00000|100%| O|  |TAMS 0x0000000084d00000, 0x0000000084c00000| Untracked 
|  77|0x0000000084d00000, 0x0000000084e00000, 0x0000000084e00000|100%| O|  |TAMS 0x0000000084d45600, 0x0000000084d00000| Untracked 
|  78|0x0000000084e00000, 0x0000000084ee3c00, 0x0000000084f00000| 88%| O|  |TAMS 0x0000000084e00000, 0x0000000084e00000| Untracked 
|  79|0x0000000084f00000, 0x0000000084f00000, 0x0000000085000000|  0%| F|  |TAMS 0x0000000084f00000, 0x0000000084f00000| Untracked 
|  80|0x0000000085000000, 0x0000000085000000, 0x0000000085100000|  0%| F|  |TAMS 0x0000000085000000, 0x0000000085000000| Untracked 
|  81|0x0000000085100000, 0x0000000085100000, 0x0000000085200000|  0%| F|  |TAMS 0x0000000085100000, 0x0000000085100000| Untracked 
|  82|0x0000000085200000, 0x0000000085200000, 0x0000000085300000|  0%| F|  |TAMS 0x0000000085200000, 0x0000000085200000| Untracked 
|  83|0x0000000085300000, 0x0000000085300000, 0x0000000085400000|  0%| F|  |TAMS 0x0000000085300000, 0x0000000085300000| Untracked 
|  84|0x0000000085400000, 0x0000000085400000, 0x0000000085500000|  0%| F|  |TAMS 0x0000000085400000, 0x0000000085400000| Untracked 
|  85|0x0000000085500000, 0x0000000085500000, 0x0000000085600000|  0%| F|  |TAMS 0x0000000085500000, 0x0000000085500000| Untracked 
|  86|0x0000000085600000, 0x0000000085600000, 0x0000000085700000|  0%| F|  |TAMS 0x0000000085600000, 0x0000000085600000| Untracked 
|  87|0x0000000085700000, 0x0000000085700000, 0x0000000085800000|  0%| F|  |TAMS 0x0000000085700000, 0x0000000085700000| Untracked 
|  88|0x0000000085800000, 0x0000000085800000, 0x0000000085900000|  0%| F|  |TAMS 0x0000000085800000, 0x0000000085800000| Untracked 
|  89|0x0000000085900000, 0x0000000085900000, 0x0000000085a00000|  0%| F|  |TAMS 0x0000000085900000, 0x0000000085900000| Untracked 
|  90|0x0000000085a00000, 0x0000000085a00000, 0x0000000085b00000|  0%| F|  |TAMS 0x0000000085a00000, 0x0000000085a00000| Untracked 
|  91|0x0000000085b00000, 0x0000000085b00000, 0x0000000085c00000|  0%| F|  |TAMS 0x0000000085b00000, 0x0000000085b00000| Untracked 
|  92|0x0000000085c00000, 0x0000000085c00000, 0x0000000085d00000|  0%| F|  |TAMS 0x0000000085c00000, 0x0000000085c00000| Untracked 
|  93|0x0000000085d00000, 0x0000000085d00000, 0x0000000085e00000|  0%| F|  |TAMS 0x0000000085d00000, 0x0000000085d00000| Untracked 
|  94|0x0000000085e00000, 0x0000000085e00000, 0x0000000085f00000|  0%| F|  |TAMS 0x0000000085e00000, 0x0000000085e00000| Untracked 
|  95|0x0000000085f00000, 0x0000000085f00000, 0x0000000086000000|  0%| F|  |TAMS 0x0000000085f00000, 0x0000000085f00000| Untracked 
|  96|0x0000000086000000, 0x0000000086000000, 0x0000000086100000|  0%| F|  |TAMS 0x0000000086000000, 0x0000000086000000| Untracked 
|  97|0x0000000086100000, 0x0000000086128480, 0x0000000086200000| 15%| S|CS|TAMS 0x0000000086100000, 0x0000000086100000| Complete 
|  98|0x0000000086200000, 0x0000000086300000, 0x0000000086300000|100%| S|CS|TAMS 0x0000000086200000, 0x0000000086200000| Complete 
|  99|0x0000000086300000, 0x0000000086400000, 0x0000000086400000|100%| S|CS|TAMS 0x0000000086300000, 0x0000000086300000| Complete 
| 100|0x0000000086400000, 0x0000000086400000, 0x0000000086500000|  0%| F|  |TAMS 0x0000000086400000, 0x0000000086400000| Untracked 
| 101|0x0000000086500000, 0x0000000086500000, 0x0000000086600000|  0%| F|  |TAMS 0x0000000086500000, 0x0000000086500000| Untracked 
| 102|0x0000000086600000, 0x0000000086700000, 0x0000000086700000|100%| S|CS|TAMS 0x0000000086600000, 0x0000000086600000| Complete 
| 103|0x0000000086700000, 0x0000000086700000, 0x0000000086800000|  0%| F|  |TAMS 0x0000000086700000, 0x0000000086700000| Untracked 
| 104|0x0000000086800000, 0x0000000086800000, 0x0000000086900000|  0%| F|  |TAMS 0x0000000086800000, 0x0000000086800000| Untracked 
| 105|0x0000000086900000, 0x0000000086900000, 0x0000000086a00000|  0%| F|  |TAMS 0x0000000086900000, 0x0000000086900000| Untracked 
| 106|0x0000000086a00000, 0x0000000086a00000, 0x0000000086b00000|  0%| F|  |TAMS 0x0000000086a00000, 0x0000000086a00000| Untracked 
| 107|0x0000000086b00000, 0x0000000086be7100, 0x0000000086c00000| 90%| E|  |TAMS 0x0000000086b00000, 0x0000000086b00000| Complete 
| 108|0x0000000086c00000, 0x0000000086d00000, 0x0000000086d00000|100%| E|CS|TAMS 0x0000000086c00000, 0x0000000086c00000| Complete 
| 109|0x0000000086d00000, 0x0000000086e00000, 0x0000000086e00000|100%| E|CS|TAMS 0x0000000086d00000, 0x0000000086d00000| Complete 
| 110|0x0000000086e00000, 0x0000000086f00000, 0x0000000086f00000|100%| E|CS|TAMS 0x0000000086e00000, 0x0000000086e00000| Complete 
| 111|0x0000000086f00000, 0x0000000087000000, 0x0000000087000000|100%| E|CS|TAMS 0x0000000086f00000, 0x0000000086f00000| Complete 
| 112|0x0000000087000000, 0x0000000087100000, 0x0000000087100000|100%| E|CS|TAMS 0x0000000087000000, 0x0000000087000000| Complete 
| 113|0x0000000087100000, 0x0000000087200000, 0x0000000087200000|100%| E|CS|TAMS 0x0000000087100000, 0x0000000087100000| Complete 
| 114|0x0000000087200000, 0x0000000087300000, 0x0000000087300000|100%| E|CS|TAMS 0x0000000087200000, 0x0000000087200000| Complete 
| 115|0x0000000087300000, 0x0000000087400000, 0x0000000087400000|100%| E|CS|TAMS 0x0000000087300000, 0x0000000087300000| Complete 
| 116|0x0000000087400000, 0x0000000087500000, 0x0000000087500000|100%| E|CS|TAMS 0x0000000087400000, 0x0000000087400000| Complete 
| 117|0x0000000087500000, 0x0000000087600000, 0x0000000087600000|100%| E|CS|TAMS 0x0000000087500000, 0x0000000087500000| Complete 
| 118|0x0000000087600000, 0x0000000087700000, 0x0000000087700000|100%| E|CS|TAMS 0x0000000087600000, 0x0000000087600000| Complete 
| 119|0x0000000087700000, 0x0000000087800000, 0x0000000087800000|100%| E|CS|TAMS 0x0000000087700000, 0x0000000087700000| Complete 
| 120|0x0000000087800000, 0x0000000087900000, 0x0000000087900000|100%| E|CS|TAMS 0x0000000087800000, 0x0000000087800000| Complete 
| 121|0x0000000087900000, 0x0000000087a00000, 0x0000000087a00000|100%| E|CS|TAMS 0x0000000087900000, 0x0000000087900000| Complete 
| 122|0x0000000087a00000, 0x0000000087b00000, 0x0000000087b00000|100%| E|CS|TAMS 0x0000000087a00000, 0x0000000087a00000| Complete 
| 123|0x0000000087b00000, 0x0000000087c00000, 0x0000000087c00000|100%| E|CS|TAMS 0x0000000087b00000, 0x0000000087b00000| Complete 
| 124|0x0000000087c00000, 0x0000000087d00000, 0x0000000087d00000|100%| E|CS|TAMS 0x0000000087c00000, 0x0000000087c00000| Complete 
| 125|0x0000000087d00000, 0x0000000087e00000, 0x0000000087e00000|100%| E|CS|TAMS 0x0000000087d00000, 0x0000000087d00000| Complete 

Card table byte_map: [0x000002e22db10000,0x000002e22df10000] _byte_map_base: 0x000002e22d710000

Marking Bits (Prev, Next): (CMBitMap*) 0x000002e21a1ee250, (CMBitMap*) 0x000002e21a1ee218
 Prev Bits: [0x000002e230310000, 0x000002e232310000)
 Next Bits: [0x000002e22e310000, 0x000002e230310000)

Polling page: 0x000002e2188b0000

Metaspace:

Usage:
  Non-class:     66.88 MB capacity,    65.58 MB ( 98%) used,     1.11 MB (  2%) free+waste,   195.44 KB ( <1%) overhead. 
      Class:     10.53 MB capacity,     9.80 MB ( 93%) used,   657.16 KB (  6%) free+waste,    92.06 KB ( <1%) overhead. 
       Both:     77.42 MB capacity,    75.38 MB ( 97%) used,     1.75 MB (  2%) free+waste,   287.50 KB ( <1%) overhead. 

Virtual space:
  Non-class space:       68.00 MB reserved,      66.92 MB ( 98%) committed 
      Class space:        1.00 GB reserved,      10.63 MB (  1%) committed 
             Both:        1.07 GB reserved,      77.55 MB (  7%) committed 

Chunk freelists:
   Non-Class:  40.00 KB
       Class:  0 bytes
        Both:  40.00 KB

MaxMetaspaceSize: 17179869184.00 GB
CompressedClassSpaceSize: 1.00 GB

CodeHeap 'non-profiled nmethods': size=120000Kb used=5367Kb max_used=5367Kb free=114632Kb
 bounds [0x000002e225780000, 0x000002e225cc0000, 0x000002e22ccb0000]
CodeHeap 'profiled nmethods': size=120000Kb used=17698Kb max_used=17698Kb free=102301Kb
 bounds [0x000002e21e250000, 0x000002e21f3a0000, 0x000002e225780000]
CodeHeap 'non-nmethods': size=5760Kb used=2278Kb max_used=2327Kb free=3481Kb
 bounds [0x000002e21dcb0000, 0x000002e21df20000, 0x000002e21e250000]
 total_blobs=9144 nmethods=8265 adapters=790
 compilation: enabled
              stopped_count=0, restarted_count=0
 full_count=0

Compilation events (20 events):
Event: 211.429 Thread 0x000002e234e2d000 8326       4       org.gradle.internal.instantiation.generator.AbstractClassGenerator$GeneratedClassImpl$GeneratedConstructorImpl::getParameterTypes (8 bytes)
Event: 211.434 Thread 0x000002e234e2d000 nmethod 8326 0x000002e225cbc090 code [0x000002e225cbc220, 0x000002e225cbc378]
Event: 211.621 Thread 0x000002e234e2d000 8327 %     4       org.objectweb.asm.ByteVector::encodeUtf8 @ 159 (337 bytes)
Event: 211.625 Thread 0x000002e234e31000 8329       1       org.gradle.internal.reflect.annotations.impl.DefaultPropertyAnnotationMetadata::getAnnotations (5 bytes)
Event: 211.625 Thread 0x000002e234e31000 nmethod 8329 0x000002e225cbc490 code [0x000002e225cbc640, 0x000002e225cbc6f8]
Event: 211.625 Thread 0x000002e234e31000 8330       3       org.gradle.api.internal.tasks.properties.DefaultTypeMetadataStore$DefaultPropertyMetadata::isAnnotationPresent (11 bytes)
Event: 211.626 Thread 0x000002e234e31000 nmethod 8330 0x000002e21f393010 code [0x000002e21f3931e0, 0x000002e21f393448]
Event: 211.629 Thread 0x000002e234e31000 8331       1       com.google.common.collect.Maps$KeySet::map (5 bytes)
Event: 211.629 Thread 0x000002e234e31000 nmethod 8331 0x000002e225cbc790 code [0x000002e225cbc940, 0x000002e225cbc9f8]
Event: 211.629 Thread 0x000002e234e31000 8332       1       org.gradle.internal.reflect.annotations.impl.DefaultPropertyAnnotationMetadata::getPropertyName (5 bytes)
Event: 211.630 Thread 0x000002e234e31000 nmethod 8332 0x000002e225cbca90 code [0x000002e225cbcc40, 0x000002e225cbccf8]
Event: 211.631 Thread 0x000002e234e31000 8333       3       sun.reflect.annotation.AnnotationInvocationHandler::cloneArray (143 bytes)
Event: 211.634 Thread 0x000002e234e31000 nmethod 8333 0x000002e21f393590 code [0x000002e21f393860, 0x000002e21f394b08]
Event: 211.636 Thread 0x000002e234e31000 8334       3       java.lang.invoke.MethodHandles$Lookup::<init> (12 bytes)
Event: 211.636 Thread 0x000002e234e31000 nmethod 8334 0x000002e21f394e10 code [0x000002e21f394fe0, 0x000002e21f395228]
Event: 211.638 Thread 0x000002e234e2d000 nmethod 8327% 0x000002e225cbcd90 code [0x000002e225cbcf40, 0x000002e225cbd288]
Event: 211.638 Thread 0x000002e234e2d000 8328       4       org.gradle.api.internal.provider.AbstractProperty$NonFinalizedValue::explicitValue (7 bytes)
Event: 211.639 Thread 0x000002e234e2d000 nmethod 8328 0x000002e225cbd590 code [0x000002e225cbd720, 0x000002e225cbd798]
Event: 211.644 Thread 0x000002e234e31000 8335       3       org.gradle.internal.instantiation.generator.AsmBackedClassGenerator$ClassBuilderImpl::visitArrayElements (233 bytes)
Event: 211.647 Thread 0x000002e234e31000 nmethod 8335 0x000002e21f395310 code [0x000002e21f395640, 0x000002e21f396788]

GC Heap History (20 events):
Event: 196.207 GC heap before
{Heap before GC invocations=14 (full 0):
 garbage-first heap   total 129024K, used 103462K [0x0000000080000000, 0x0000000100000000)
  region size 1024K, 46 young (47104K), 5 survivors (5120K)
 Metaspace       used 52330K, capacity 53897K, committed 54064K, reserved 1095680K
  class space    used 6660K, capacity 7185K, committed 7296K, reserved 1048576K
}
Event: 196.225 GC heap after
{Heap after GC invocations=15 (full 0):
 garbage-first heap   total 129024K, used 68586K [0x0000000080000000, 0x0000000100000000)
  region size 1024K, 6 young (6144K), 6 survivors (6144K)
 Metaspace       used 52330K, capacity 53897K, committed 54064K, reserved 1095680K
  class space    used 6660K, capacity 7185K, committed 7296K, reserved 1048576K
}
Event: 198.058 GC heap before
{Heap before GC invocations=15 (full 0):
 garbage-first heap   total 129024K, used 102378K [0x0000000080000000, 0x0000000100000000)
  region size 1024K, 39 young (39936K), 6 survivors (6144K)
 Metaspace       used 57057K, capacity 58756K, committed 58928K, reserved 1099776K
  class space    used 7242K, capacity 7802K, committed 7808K, reserved 1048576K
}
Event: 198.071 GC heap after
{Heap after GC invocations=16 (full 0):
 garbage-first heap   total 129024K, used 70382K [0x0000000080000000, 0x0000000100000000)
  region size 1024K, 2 young (2048K), 2 survivors (2048K)
 Metaspace       used 57057K, capacity 58756K, committed 58928K, reserved 1099776K
  class space    used 7242K, capacity 7802K, committed 7808K, reserved 1048576K
}
Event: 200.336 GC heap before
{Heap before GC invocations=17 (full 0):
 garbage-first heap   total 129024K, used 103150K [0x0000000080000000, 0x0000000100000000)
  region size 1024K, 34 young (34816K), 2 survivors (2048K)
 Metaspace       used 62263K, capacity 63972K, committed 64304K, reserved 1105920K
  class space    used 7889K, capacity 8474K, committed 8576K, reserved 1048576K
}
Event: 200.346 GC heap after
{Heap after GC invocations=18 (full 0):
 garbage-first heap   total 129024K, used 72276K [0x0000000080000000, 0x0000000100000000)
  region size 1024K, 4 young (4096K), 4 survivors (4096K)
 Metaspace       used 62263K, capacity 63972K, committed 64304K, reserved 1105920K
  class space    used 7889K, capacity 8474K, committed 8576K, reserved 1048576K
}
Event: 201.882 GC heap before
{Heap before GC invocations=18 (full 0):
 garbage-first heap   total 129024K, used 102996K [0x0000000080000000, 0x0000000100000000)
  region size 1024K, 35 young (35840K), 4 survivors (4096K)
 Metaspace       used 64705K, capacity 66417K, committed 66608K, reserved 1107968K
  class space    used 8184K, capacity 8771K, committed 8832K, reserved 1048576K
}
Event: 201.899 GC heap after
{Heap after GC invocations=19 (full 0):
 garbage-first heap   total 129024K, used 75028K [0x0000000080000000, 0x0000000100000000)
  region size 1024K, 5 young (5120K), 5 survivors (5120K)
 Metaspace       used 64705K, capacity 66417K, committed 66608K, reserved 1107968K
  class space    used 8184K, capacity 8771K, committed 8832K, reserved 1048576K
}
Event: 202.750 GC heap before
{Heap before GC invocations=20 (full 0):
 garbage-first heap   total 129024K, used 87316K [0x0000000080000000, 0x0000000100000000)
  region size 1024K, 18 young (18432K), 5 survivors (5120K)
 Metaspace       used 65860K, capacity 67570K, committed 67760K, reserved 1107968K
  class space    used 8339K, capacity 8942K, committed 8960K, reserved 1048576K
}
Event: 202.784 GC heap after
{Heap after GC invocations=21 (full 0):
 garbage-first heap   total 129024K, used 76254K [0x0000000080000000, 0x0000000100000000)
  region size 1024K, 2 young (2048K), 2 survivors (2048K)
 Metaspace       used 65860K, capacity 67570K, committed 67760K, reserved 1107968K
  class space    used 8339K, capacity 8942K, committed 8960K, reserved 1048576K
}
Event: 204.154 GC heap before
{Heap before GC invocations=22 (full 0):
 garbage-first heap   total 129024K, used 101854K [0x0000000080000000, 0x0000000100000000)
  region size 1024K, 26 young (26624K), 2 survivors (2048K)
 Metaspace       used 66858K, capacity 68662K, committed 68912K, reserved 1110016K
  class space    used 8486K, capacity 9086K, committed 9088K, reserved 1048576K
}
Event: 204.172 GC heap after
{Heap after GC invocations=23 (full 0):
 garbage-first heap   total 129024K, used 77636K [0x0000000080000000, 0x0000000100000000)
  region size 1024K, 3 young (3072K), 3 survivors (3072K)
 Metaspace       used 66858K, capacity 68662K, committed 68912K, reserved 1110016K
  class space    used 8486K, capacity 9086K, committed 9088K, reserved 1048576K
}
Event: 205.541 GC heap before
{Heap before GC invocations=23 (full 0):
 garbage-first heap   total 129024K, used 102212K [0x0000000080000000, 0x0000000100000000)
  region size 1024K, 28 young (28672K), 3 survivors (3072K)
 Metaspace       used 69618K, capacity 71520K, committed 71728K, reserved 1112064K
  class space    used 8947K, capacity 9593K, committed 9600K, reserved 1048576K
}
Event: 205.563 GC heap after
{Heap after GC invocations=24 (full 0):
 garbage-first heap   total 129024K, used 79172K [0x0000000080000000, 0x0000000100000000)
  region size 1024K, 4 young (4096K), 4 survivors (4096K)
 Metaspace       used 69618K, capacity 71520K, committed 71728K, reserved 1112064K
  class space    used 8947K, capacity 9593K, committed 9600K, reserved 1048576K
}
Event: 207.186 GC heap before
{Heap before GC invocations=25 (full 0):
 garbage-first heap   total 129024K, used 103748K [0x0000000080000000, 0x0000000100000000)
  region size 1024K, 29 young (29696K), 4 survivors (4096K)
 Metaspace       used 71907K, capacity 73883K, committed 74160K, reserved 1114112K
  class space    used 9190K, capacity 9886K, committed 9984K, reserved 1048576K
}
Event: 207.200 GC heap after
{Heap after GC invocations=26 (full 0):
 garbage-first heap   total 129024K, used 81018K [0x0000000080000000, 0x0000000100000000)
  region size 1024K, 4 young (4096K), 4 survivors (4096K)
 Metaspace       used 71907K, capacity 73883K, committed 74160K, reserved 1114112K
  class space    used 9190K, capacity 9886K, committed 9984K, reserved 1048576K
}
Event: 208.122 GC heap before
{Heap before GC invocations=26 (full 0):
 garbage-first heap   total 129024K, used 105594K [0x0000000080000000, 0x0000000100000000)
  region size 1024K, 28 young (28672K), 4 survivors (4096K)
 Metaspace       used 72058K, capacity 74116K, committed 74416K, reserved 1114112K
  class space    used 9205K, capacity 9922K, committed 9984K, reserved 1048576K
}
Event: 208.141 GC heap after
{Heap after GC invocations=27 (full 0):
 garbage-first heap   total 129024K, used 82796K [0x0000000080000000, 0x0000000100000000)
  region size 1024K, 4 young (4096K), 4 survivors (4096K)
 Metaspace       used 72058K, capacity 74116K, committed 74416K, reserved 1114112K
  class space    used 9205K, capacity 9922K, committed 9984K, reserved 1048576K
}
Event: 210.416 GC heap before
{Heap before GC invocations=28 (full 0):
 garbage-first heap   total 129024K, used 105324K [0x0000000080000000, 0x0000000100000000)
  region size 1024K, 27 young (27648K), 4 survivors (4096K)
 Metaspace       used 75027K, capacity 77081K, committed 77232K, reserved 1116160K
  class space    used 9685K, capacity 10377K, committed 10496K, reserved 1048576K
}
Event: 210.430 GC heap after
{Heap after GC invocations=29 (full 0):
 garbage-first heap   total 129024K, used 84016K [0x0000000080000000, 0x0000000100000000)
  region size 1024K, 4 young (4096K), 4 survivors (4096K)
 Metaspace       used 75027K, capacity 77081K, committed 77232K, reserved 1116160K
  class space    used 9685K, capacity 10377K, committed 10496K, reserved 1048576K
}

Deoptimization events (20 events):
Event: 207.334 Thread 0x000002e2372b7800 Uncommon trap: trap_request=0xffffff4d fr.pc=0x000002e22599972c relative=0x000000000000394c
Event: 207.335 Thread 0x000002e2372b7800 Uncommon trap: reason=unstable_if action=reinterpret pc=0x000002e22599972c method=java.lang.ClassValue.match(Ljava/lang/ClassValue$Entry;)Z @ 12 c2
Event: 207.335 Thread 0x000002e2372b7800 DEOPT PACKING pc=0x000002e22599972c sp=0x000000ee342f5e70
Event: 207.335 Thread 0x000002e2372b7800 DEOPT UNPACKING pc=0x000002e21dcd662f sp=0x000000ee342f5b88 mode 2
Event: 207.337 Thread 0x000002e2372b7800 Uncommon trap: trap_request=0xffffff4d fr.pc=0x000002e2259e6d18 relative=0x0000000000002218
Event: 207.338 Thread 0x000002e2372b7800 Uncommon trap: reason=unstable_if action=reinterpret pc=0x000002e2259e6d18 method=java.lang.ClassValue.match(Ljava/lang/ClassValue$Entry;)Z @ 12 c2
Event: 207.338 Thread 0x000002e2372b7800 DEOPT PACKING pc=0x000002e2259e6d18 sp=0x000000ee342f5a80
Event: 207.339 Thread 0x000002e2372b7800 DEOPT UNPACKING pc=0x000002e21dcd662f sp=0x000000ee342f57c8 mode 2
Event: 208.023 Thread 0x000002e2372b7800 DEOPT PACKING pc=0x000002e21e927891 sp=0x000000ee342f8930
Event: 208.023 Thread 0x000002e2372b7800 DEOPT UNPACKING pc=0x000002e21dcd6dde sp=0x000000ee342f7e10 mode 0
Event: 211.249 Thread 0x000002e2372b7800 DEOPT PACKING pc=0x000002e21f08de27 sp=0x000000ee342f85c0
Event: 211.249 Thread 0x000002e2372b7800 DEOPT UNPACKING pc=0x000002e21dcd6dde sp=0x000000ee342f7a70 mode 0
Event: 211.359 Thread 0x000002e2372b7800 Uncommon trap: trap_request=0xffffffde fr.pc=0x000002e225bae670 relative=0x0000000000000ed0
Event: 211.359 Thread 0x000002e2372b7800 Uncommon trap: reason=class_check action=maybe_recompile pc=0x000002e225bae670 method=org.gradle.internal.instantiation.generator.AbstractClassGenerator$InjectionAnnotationValidator.validateMethod(Ljava/lang/reflect/Method;Lorg/gradle/internal/reflect/Pro
Event: 211.359 Thread 0x000002e2372b7800 DEOPT PACKING pc=0x000002e225bae670 sp=0x000000ee342f8710
Event: 211.359 Thread 0x000002e2372b7800 DEOPT UNPACKING pc=0x000002e21dcd662f sp=0x000000ee342f86c8 mode 2
Event: 211.620 Thread 0x000002e2372b7800 Uncommon trap: trap_request=0xffffffde fr.pc=0x000002e225bae670 relative=0x0000000000000ed0
Event: 211.620 Thread 0x000002e2372b7800 Uncommon trap: reason=class_check action=maybe_recompile pc=0x000002e225bae670 method=org.gradle.internal.instantiation.generator.AbstractClassGenerator$InjectionAnnotationValidator.validateMethod(Ljava/lang/reflect/Method;Lorg/gradle/internal/reflect/Pro
Event: 211.620 Thread 0x000002e2372b7800 DEOPT PACKING pc=0x000002e225bae670 sp=0x000000ee342f8780
Event: 211.620 Thread 0x000002e2372b7800 DEOPT UNPACKING pc=0x000002e21dcd662f sp=0x000000ee342f8738 mode 2

Classes redefined (0 events):
No events

Internal exceptions (20 events):
Event: 207.668 Thread 0x000002e2372b7800 Exception <a 'java/lang/ClassNotFoundException'{0x0000000086b63be8}: com/android/build/gradle/internal/dsl/BuildType$AgpDecorated_DecoratedBeanInfo> (0x0000000086b63be8) thrown at [./src/hotspot/share/classfile/systemDictionary.cpp, line 231]
Event: 207.672 Thread 0x000002e2372b7800 Exception <a 'java/lang/ClassNotFoundException'{0x0000000086b80648}: com/android/build/gradle/internal/dsl/BuildType$AgpDecoratedBeanInfo> (0x0000000086b80648) thrown at [./src/hotspot/share/classfile/systemDictionary.cpp, line 231]
Event: 207.677 Thread 0x000002e2372b7800 Exception <a 'java/lang/ClassNotFoundException'{0x0000000086b9a9f8}: com/android/build/gradle/internal/dsl/BuildTypeBeanInfo> (0x0000000086b9a9f8) thrown at [./src/hotspot/share/classfile/systemDictionary.cpp, line 231]
Event: 207.679 Thread 0x000002e2372b7800 Exception <a 'java/lang/ClassNotFoundException'{0x0000000086bb4e38}: com/android/builder/core/AbstractBuildTypeBeanInfo> (0x0000000086bb4e38) thrown at [./src/hotspot/share/classfile/systemDictionary.cpp, line 231]
Event: 207.680 Thread 0x000002e2372b7800 Exception <a 'java/lang/ClassNotFoundException'{0x0000000086bcf300}: com/android/builder/core/AbstractBuildTypeCustomizer> (0x0000000086bcf300) thrown at [./src/hotspot/share/classfile/systemDictionary.cpp, line 231]
Event: 207.684 Thread 0x000002e2372b7800 Exception <a 'java/lang/ClassNotFoundException'{0x0000000086a06408}: com/android/build/gradle/internal/dsl/BuildTypeCustomizer> (0x0000000086a06408) thrown at [./src/hotspot/share/classfile/systemDictionary.cpp, line 231]
Event: 207.757 Thread 0x000002e2372b7800 Exception <a 'java/lang/ClassNotFoundException'{0x0000000086a9b9f0}: com/android/build/gradle/internal/dsl/BuildType$AgpDecoratedCustomizer> (0x0000000086a9b9f0) thrown at [./src/hotspot/share/classfile/systemDictionary.cpp, line 231]
Event: 207.762 Thread 0x000002e2372b7800 Exception <a 'java/lang/ClassNotFoundException'{0x0000000086ae9628}: com/android/build/gradle/internal/dsl/BuildType$AgpDecorated_DecoratedCustomizer> (0x0000000086ae9628) thrown at [./src/hotspot/share/classfile/systemDictionary.cpp, line 231]
Event: 207.780 Thread 0x000002e2372b7800 Exception <a 'java/lang/ClassNotFoundException'{0x00000000869b1570}: build_5n2h1ayqqkwr9j22o2jpej9ud$_run_closure1$_closure4BeanInfo> (0x00000000869b1570) thrown at [./src/hotspot/share/classfile/systemDictionary.cpp, line 231]
Event: 207.782 Thread 0x000002e2372b7800 Exception <a 'java/lang/ClassNotFoundException'{0x00000000869c2b18}: build_5n2h1ayqqkwr9j22o2jpej9ud$_run_closure1$_closure4Customizer> (0x00000000869c2b18) thrown at [./src/hotspot/share/classfile/systemDictionary.cpp, line 231]
Event: 207.788 Thread 0x000002e2372b7800 Exception <a 'java/lang/ClassNotFoundException'{0x00000000869ec628}: build_5n2h1ayqqkwr9j22o2jpej9ud$_run_closure1BeanInfo> (0x00000000869ec628) thrown at [./src/hotspot/share/classfile/systemDictionary.cpp, line 231]
Event: 207.789 Thread 0x000002e2372b7800 Exception <a 'java/lang/ClassNotFoundException'{0x00000000869fd148}: build_5n2h1ayqqkwr9j22o2jpej9ud$_run_closure1Customizer> (0x00000000869fd148) thrown at [./src/hotspot/share/classfile/systemDictionary.cpp, line 231]
Event: 207.882 Thread 0x000002e2372b7800 Exception <a 'java/lang/ClassNotFoundException'{0x000000008685caf0}: org/gradle/api/JavaVersionBeanInfo> (0x000000008685caf0) thrown at [./src/hotspot/share/classfile/systemDictionary.cpp, line 231]
Event: 207.885 Thread 0x000002e2372b7800 Exception <a 'java/lang/ClassNotFoundException'{0x0000000086887bd0}: org/gradle/api/JavaVersionCustomizer> (0x0000000086887bd0) thrown at [./src/hotspot/share/classfile/systemDictionary.cpp, line 231]
Event: 207.894 Thread 0x000002e2372b7800 Exception <a 'java/lang/ClassNotFoundException'{0x00000000868ef368}: com/android/build/gradle/internal/CompileOptions$AgpDecorated_DecoratedBeanInfo> (0x00000000868ef368) thrown at [./src/hotspot/share/classfile/systemDictionary.cpp, line 231]
Event: 207.896 Thread 0x000002e2372b7800 Exception <a 'java/lang/ClassNotFoundException'{0x000000008670b080}: com/android/build/gradle/internal/CompileOptions$AgpDecoratedBeanInfo> (0x000000008670b080) thrown at [./src/hotspot/share/classfile/systemDictionary.cpp, line 231]
Event: 207.898 Thread 0x000002e2372b7800 Exception <a 'java/lang/ClassNotFoundException'{0x0000000086724ef0}: com/android/build/gradle/internal/CompileOptionsBeanInfo> (0x0000000086724ef0) thrown at [./src/hotspot/share/classfile/systemDictionary.cpp, line 231]
Event: 207.899 Thread 0x000002e2372b7800 Exception <a 'java/lang/ClassNotFoundException'{0x000000008673ee20}: com/android/build/gradle/internal/CompileOptionsCustomizer> (0x000000008673ee20) thrown at [./src/hotspot/share/classfile/systemDictionary.cpp, line 231]
Event: 207.904 Thread 0x000002e2372b7800 Exception <a 'java/lang/ClassNotFoundException'{0x0000000086766570}: com/android/build/gradle/internal/CompileOptions$AgpDecoratedCustomizer> (0x0000000086766570) thrown at [./src/hotspot/share/classfile/systemDictionary.cpp, line 231]
Event: 207.950 Thread 0x000002e2372b7800 Exception <a 'java/lang/ClassNotFoundException'{0x0000000086791790}: com/android/build/gradle/internal/CompileOptions$AgpDecorated_DecoratedCustomizer> (0x0000000086791790) thrown at [./src/hotspot/share/classfile/systemDictionary.cpp, line 231]

Events (20 events):
Event: 211.453 loading class kotlin/jvm/functions/Function2
Event: 211.453 loading class kotlin/jvm/functions/Function2 done
Event: 211.453 loading class com/android/builder/dexing/DependencyGraphUpdater
Event: 211.453 loading class com/android/builder/dexing/DependencyGraphUpdater done
Event: 211.454 loading class org/gradle/work/InputChanges
Event: 211.454 loading class org/gradle/work/InputChanges done
Event: 211.454 loading class com/android/builder/files/SerializableFileChanges
Event: 211.454 loading class com/android/builder/files/SerializableFileChanges done
Event: 211.456 loading class org/gradle/work/Incremental
Event: 211.456 loading class org/gradle/work/Incremental done
Event: 211.626 loading class com/android/build/gradle/internal/dependency/EnumerateClassesTransform
Event: 211.626 loading class com/android/build/gradle/internal/dependency/EnumerateClassesTransform done
Event: 211.638 loading class com/android/build/gradle/internal/dependency/DexingOutputSplitTransformKt
Event: 211.638 loading class com/android/build/gradle/internal/dependency/DexingOutputSplitTransformKt done
Event: 211.640 loading class com/android/build/gradle/internal/dependency/DexingOutputSplitTransform
Event: 211.640 loading class com/android/build/gradle/internal/dependency/DexingOutputSplitTransform done
Event: 211.641 loading class com/android/build/gradle/internal/dependency/DexingOutputSplitTransformKt$registerTransformWithOutputType$1
Event: 211.641 loading class com/android/build/gradle/internal/dependency/DexingOutputSplitTransformKt$registerTransformWithOutputType$1 done
Event: 211.642 loading class com/android/build/gradle/internal/dependency/DexingOutputSplitTransform$Parameters
Event: 211.642 loading class com/android/build/gradle/internal/dependency/DexingOutputSplitTransform$Parameters done


Dynamic libraries:
0x00007ff6e6400000 - 0x00007ff6e640a000 	C:\01)androidstudiofiles\02)androidstudioinstallationfiles\jre\bin\java.exe
0x00007ff90db70000 - 0x00007ff90dd65000 	C:\WINDOWS\SYSTEM32\ntdll.dll
0x00007ff90bf10000 - 0x00007ff90bfce000 	C:\WINDOWS\System32\KERNEL32.DLL
0x00007ff90b880000 - 0x00007ff90bb48000 	C:\WINDOWS\System32\KERNELBASE.dll
0x00007ff90b290000 - 0x00007ff90b390000 	C:\WINDOWS\System32\ucrtbase.dll
0x00007ff902830000 - 0x00007ff902847000 	C:\01)androidstudiofiles\02)androidstudioinstallationfiles\jre\bin\VCRUNTIME140.dll
0x00007ff9002d0000 - 0x00007ff9002e9000 	C:\01)androidstudiofiles\02)androidstudioinstallationfiles\jre\bin\jli.dll
0x00007ff90bd60000 - 0x00007ff90bf00000 	C:\WINDOWS\System32\USER32.dll
0x00007ff90b7c0000 - 0x00007ff90b7e2000 	C:\WINDOWS\System32\win32u.dll
0x00007ff8f1000000 - 0x00007ff8f129a000 	C:\WINDOWS\WinSxS\amd64_microsoft.windows.common-controls_6595b64144ccf1df_6.0.19041.1110_none_60b5254171f9507e\COMCTL32.dll
0x00007ff90c810000 - 0x00007ff90c83b000 	C:\WINDOWS\System32\GDI32.dll
0x00007ff90d020000 - 0x00007ff90d0be000 	C:\WINDOWS\System32\msvcrt.dll
0x00007ff90b390000 - 0x00007ff90b49b000 	C:\WINDOWS\System32\gdi32full.dll
0x00007ff90b4a0000 - 0x00007ff90b53d000 	C:\WINDOWS\System32\msvcp_win.dll
0x00007ff90c0b0000 - 0x00007ff90c0e0000 	C:\WINDOWS\System32\IMM32.DLL
0x00007ff8f3a80000 - 0x00007ff8f3b1d000 	C:\01)androidstudiofiles\02)androidstudioinstallationfiles\jre\bin\msvcp140.dll
0x00007ff8be930000 - 0x00007ff8bf405000 	C:\01)androidstudiofiles\02)androidstudioinstallationfiles\jre\bin\server\jvm.dll
0x00007ff90ca00000 - 0x00007ff90caae000 	C:\WINDOWS\System32\ADVAPI32.dll
0x00007ff90c5c0000 - 0x00007ff90c65c000 	C:\WINDOWS\System32\sechost.dll
0x00007ff90d0c0000 - 0x00007ff90d1e5000 	C:\WINDOWS\System32\RPCRT4.dll
0x00007ff90bf00000 - 0x00007ff90bf08000 	C:\WINDOWS\System32\PSAPI.DLL
0x00007ff8e1a80000 - 0x00007ff8e1a89000 	C:\WINDOWS\SYSTEM32\WSOCK32.dll
0x00007ff9005d0000 - 0x00007ff9005da000 	C:\WINDOWS\SYSTEM32\VERSION.dll
0x00007ff90c550000 - 0x00007ff90c5bb000 	C:\WINDOWS\System32\WS2_32.dll
0x00007ff8e4a10000 - 0x00007ff8e4a37000 	C:\WINDOWS\SYSTEM32\WINMM.dll
0x00007ff909b30000 - 0x00007ff909b42000 	C:\WINDOWS\SYSTEM32\kernel.appcore.dll
0x00007ff902f20000 - 0x00007ff902f31000 	C:\01)androidstudiofiles\02)androidstudioinstallationfiles\jre\bin\verify.dll
0x00007ff906050000 - 0x00007ff906234000 	C:\WINDOWS\SYSTEM32\DBGHELP.DLL
0x00007ff8ea430000 - 0x00007ff8ea45c000 	C:\WINDOWS\SYSTEM32\dbgcore.DLL
0x00007ff90b7f0000 - 0x00007ff90b872000 	C:\WINDOWS\System32\bcryptPrimitives.dll
0x00007ff901af0000 - 0x00007ff901b19000 	C:\01)androidstudiofiles\02)androidstudioinstallationfiles\jre\bin\java.dll
0x00007ff902f60000 - 0x00007ff902f6b000 	C:\01)androidstudiofiles\02)androidstudioinstallationfiles\jre\bin\jimage.dll
0x00007ff901ad0000 - 0x00007ff901ae8000 	C:\01)androidstudiofiles\02)androidstudioinstallationfiles\jre\bin\zip.dll
0x00007ff90d250000 - 0x00007ff90d994000 	C:\WINDOWS\System32\SHELL32.dll
0x00007ff909380000 - 0x00007ff909b14000 	C:\WINDOWS\SYSTEM32\windows.storage.dll
0x00007ff90cab0000 - 0x00007ff90ce04000 	C:\WINDOWS\System32\combase.dll
0x00007ff90acf0000 - 0x00007ff90ad1c000 	C:\WINDOWS\SYSTEM32\Wldp.dll
0x00007ff90c000000 - 0x00007ff90c0ad000 	C:\WINDOWS\System32\SHCORE.dll
0x00007ff90bcf0000 - 0x00007ff90bd45000 	C:\WINDOWS\System32\shlwapi.dll
0x00007ff90b1d0000 - 0x00007ff90b1ef000 	C:\WINDOWS\SYSTEM32\profapi.dll
0x00007ff9019a0000 - 0x00007ff9019ba000 	C:\01)androidstudiofiles\02)androidstudioinstallationfiles\jre\bin\net.dll
0x00007ff904f90000 - 0x00007ff905099000 	C:\WINDOWS\SYSTEM32\WINHTTP.dll
0x00007ff90aa50000 - 0x00007ff90aaba000 	C:\WINDOWS\system32\mswsock.dll
0x00007ff9018c0000 - 0x00007ff9018d4000 	C:\01)androidstudiofiles\02)androidstudioinstallationfiles\jre\bin\nio.dll
0x00007ff9003d0000 - 0x00007ff9003f7000 	C:\Users\Admin\.gradle\native\e1d6ef7f7dcc3fd88c89a11ec53ec762bb8ba0a96d01ffa2cd45eb1d1d8dd5c5\windows-amd64\native-platform.dll
0x00007ff8db300000 - 0x00007ff8db444000 	C:\Users\Admin\.gradle\native\5664cfc778a61ccfe75a443a1ab52a65af34e5dc3c78e0209fed803814484fcb\windows-amd64\native-platform-file-events.dll
0x00007ff902e80000 - 0x00007ff902e8a000 	C:\01)androidstudiofiles\02)androidstudioinstallationfiles\jre\bin\management.dll
0x00007ff901d80000 - 0x00007ff901d8d000 	C:\01)androidstudiofiles\02)androidstudioinstallationfiles\jre\bin\management_ext.dll
0x00007ff90ac40000 - 0x00007ff90ac58000 	C:\WINDOWS\SYSTEM32\CRYPTSP.dll
0x00007ff90a360000 - 0x00007ff90a394000 	C:\WINDOWS\system32\rsaenh.dll
0x00007ff90bb50000 - 0x00007ff90bb77000 	C:\WINDOWS\System32\bcrypt.dll
0x00007ff90b190000 - 0x00007ff90b1be000 	C:\WINDOWS\SYSTEM32\USERENV.dll
0x00007ff90ac60000 - 0x00007ff90ac6c000 	C:\WINDOWS\SYSTEM32\CRYPTBASE.dll
0x00007ff90a6f0000 - 0x00007ff90a72b000 	C:\WINDOWS\SYSTEM32\IPHLPAPI.DLL
0x00007ff90bd50000 - 0x00007ff90bd58000 	C:\WINDOWS\System32\NSI.dll
0x00007ff8fed70000 - 0x00007ff8fed87000 	C:\WINDOWS\SYSTEM32\dhcpcsvc6.DLL
0x00007ff8fd640000 - 0x00007ff8fd65d000 	C:\WINDOWS\SYSTEM32\dhcpcsvc.DLL
0x00007ff90a740000 - 0x00007ff90a80a000 	C:\WINDOWS\SYSTEM32\DNSAPI.dll

dbghelp: loaded successfully - version: 4.0.5 - missing functions: none
symbol engine: initialized successfully - sym options: 0x614 - pdb path: .;C:\01)androidstudiofiles\02)androidstudioinstallationfiles\jre\bin;C:\WINDOWS\SYSTEM32;C:\WINDOWS\WinSxS\amd64_microsoft.windows.common-controls_6595b64144ccf1df_6.0.19041.1110_none_60b5254171f9507e;C:\01)androidstudiofiles\02)androidstudioinstallationfiles\jre\bin\server;C:\Users\Admin\.gradle\native\e1d6ef7f7dcc3fd88c89a11ec53ec762bb8ba0a96d01ffa2cd45eb1d1d8dd5c5\windows-amd64;C:\Users\Admin\.gradle\native\5664cfc778a61ccfe75a443a1ab52a65af34e5dc3c78e0209fed803814484fcb\windows-amd64

VM Arguments:
jvm_args: --add-opens=java.base/java.util=ALL-UNNAMED --add-opens=java.base/java.lang=ALL-UNNAMED --add-opens=java.base/java.lang.invoke=ALL-UNNAMED --add-opens=java.base/java.util=ALL-UNNAMED --add-opens=java.prefs/java.util.prefs=ALL-UNNAMED --add-opens=java.prefs/java.util.prefs=ALL-UNNAMED --add-opens=java.base/java.nio.charset=ALL-UNNAMED --add-opens=java.base/java.net=ALL-UNNAMED --add-opens=java.base/java.util.concurrent.atomic=ALL-UNNAMED -Xmx2048m -Dfile.encoding=UTF-8 -Duser.country=US -Duser.language=en -Duser.variant 
java_command: org.gradle.launcher.daemon.bootstrap.GradleDaemon 7.2
java_class_path (initial): C:\Users\Admin\.gradle\wrapper\dists\gradle-7.2-bin\2dnblmf4td7x66yl1d74lt32g\gradle-7.2\lib\gradle-launcher-7.2.jar
Launcher Type: SUN_STANDARD

[Global flags]
     intx CICompilerCount                          = 4                                         {product} {ergonomic}
     uint ConcGCThreads                            = 2                                         {product} {ergonomic}
     uint G1ConcRefinementThreads                  = 8                                         {product} {ergonomic}
   size_t G1HeapRegionSize                         = 1048576                                   {product} {ergonomic}
    uintx GCDrainStackTargetSize                   = 64                                        {product} {ergonomic}
   size_t InitialHeapSize                          = 132120576                                 {product} {ergonomic}
   size_t MarkStackSize                            = 4194304                                   {product} {ergonomic}
   size_t MaxHeapSize                              = 2147483648                                {product} {command line}
   size_t MaxNewSize                               = 1287651328                                {product} {ergonomic}
   size_t MinHeapDeltaBytes                        = 1048576                                   {product} {ergonomic}
    uintx NonNMethodCodeHeapSize                   = 5836300                                {pd product} {ergonomic}
    uintx NonProfiledCodeHeapSize                  = 122910970                              {pd product} {ergonomic}
    uintx ProfiledCodeHeapSize                     = 122910970                              {pd product} {ergonomic}
    uintx ReservedCodeCacheSize                    = 251658240                              {pd product} {ergonomic}
     bool SegmentedCodeCache                       = true                                      {product} {ergonomic}
     bool UseCompressedClassPointers               = true                                 {lp64_product} {ergonomic}
     bool UseCompressedOops                        = true                                 {lp64_product} {ergonomic}
     bool UseG1GC                                  = true                                      {product} {ergonomic}
     bool UseLargePagesIndividualAllocation        = false                                  {pd product} {ergonomic}

Logging:
Log output configuration:
 #0: stdout all=warning uptime,level,tags
 #1: stderr all=off uptime,level,tags

Environment Variables:
PATH=C:\Program Files (x86)\Common Files\Oracle\Java\javapath;C:\Program Files\Common Files\Oracle\Java\javapath;C:\ProgramData\Oracle\Java\javapath;C:\WINDOWS\system32;C:\WINDOWS;C:\WINDOWS\System32\Wbem;C:\WINDOWS\System32\WindowsPowerShell\v1.0\;C:\WINDOWS\System32\OpenSSH\;C:\Program Files\Java\jdk-14\bin;C:\Program Files\Git\cmd;C:\Program Files\nodejs\;C:\Users\Admin\AppData\Local\Microsoft\WindowsApps;C:\Users\Admin\AppData\Roaming\npm;
USERNAME=Admin
OS=Windows_NT
PROCESSOR_IDENTIFIER=Intel64 Family 6 Model 142 Stepping 10, GenuineIntel



---------------  S Y S T E M  ---------------

OS: Windows 10 , 64 bit Build 19041 (10.0.19041.1566)
OS uptime: 2 days 3:56 hours

CPU:total 8 (initial active 8) (4 cores per cpu, 2 threads per core) family 6 model 142 stepping 10 microcode 0xb4, cmov, cx8, fxsr, mmx, sse, sse2, sse3, ssse3, sse4.1, sse4.2, popcnt, avx, avx2, aes, clmul, erms, 3dnowpref, lzcnt, ht, tsc, tscinvbit, bmi1, bmi2, adx, fma

Memory: 4k page, system-wide physical 8026M (1225M free)
TotalPageFile size 9050M (AvailPageFile size 339M)
current process WorkingSet (physical memory assigned to process): 377M, peak: 392M
current process commit charge ("private bytes"): 420M, peak: 434M

vm_info: OpenJDK 64-Bit Server VM (11.0.11+9-b60-7590822) for windows-amd64 JRE (11.0.11+9-b60-7590822), built on Jul 29 2021 21:43:44 by "builder" with MS VC++ 14.0 (VS2015)

END.
