#
# There is insufficient memory for the Java Runtime Environment to continue.
# Native memory allocation (malloc) failed to allocate 1718576 bytes for Chunk::new
# Possible reasons:
#   The system is out of physical RAM or swap space
#   The process is running with CompressedOops enabled, and the Java Heap may be blocking the growth of the native heap
# Possible solutions:
#   Reduce memory load on the system
#   Increase physical memory or swap space
#   Check if swap backing store is full
#   Decrease Java heap size (-Xmx/-Xms)
#   Decrease number of Java threads
#   Decrease Java thread stack sizes (-Xss)
#   Set larger code cache with -XX:ReservedCodeCacheSize=
#   JVM is running with Unscaled Compressed Oops mode in which the Java heap is
#     placed in the first 4GB address space. The Java Heap base address is the
#     maximum limit for the native heap growth. Please use -XX:HeapBaseMinAddress
#     to set the Java Heap base and to place the Java Heap above 4GB virtual address.
# This output file may be truncated or incomplete.
#
#  Out of Memory Error (./src/hotspot/share/memory/arena.cpp:197), pid=16004, tid=7584
#
# JRE version: OpenJDK Runtime Environment (11.0.11+9) (build 11.0.11+9-b60-7590822)
# Java VM: OpenJDK 64-Bit Server VM (11.0.11+9-b60-7590822, mixed mode, tiered, compressed oops, g1 gc, windows-amd64)
# No core dump will be written. Minidumps are not enabled by default on client versions of Windows
#

---------------  S U M M A R Y ------------

Command Line: --add-opens=java.base/java.util=ALL-UNNAMED --add-opens=java.base/java.lang=ALL-UNNAMED --add-opens=java.base/java.lang.invoke=ALL-UNNAMED --add-opens=java.base/java.util=ALL-UNNAMED --add-opens=java.prefs/java.util.prefs=ALL-UNNAMED --add-opens=java.prefs/java.util.prefs=ALL-UNNAMED --add-opens=java.base/java.nio.charset=ALL-UNNAMED --add-opens=java.base/java.net=ALL-UNNAMED --add-opens=java.base/java.util.concurrent.atomic=ALL-UNNAMED -Xmx2048m -Dfile.encoding=UTF-8 -Duser.country=US -Duser.language=en -Duser.variant org.gradle.launcher.daemon.bootstrap.GradleDaemon 7.2

Host: Intel(R) Core(TM) i7-8550U CPU @ 1.80GHz, 8 cores, 7G,  Windows 10 , 64 bit Build 19041 (10.0.19041.1566)
Time: Sat Apr  9 01:22:44 2022 Arab Standard Time elapsed time: 242.245330 seconds (0d 0h 4m 2s)

---------------  T H R E A D  ---------------

Current thread (0x000001d4e59cb800):  JavaThread "C2 CompilerThread2" daemon [_thread_in_native, id=7584, stack(0x000000c2ccc00000,0x000000c2ccd00000)]


Current CompileTask:
C2: 242245 6912 %     4       org.gradle.internal.instantiation.generator.AbstractClassGenerator::inspectType @ 207 (560 bytes)

Stack: [0x000000c2ccc00000,0x000000c2ccd00000]
Native frames: (J=compiled Java code, j=interpreted, Vv=VM code, C=native code)
V  [jvm.dll+0x5f214a]
V  [jvm.dll+0x726fb5]
V  [jvm.dll+0x7285cd]
V  [jvm.dll+0x728c83]
V  [jvm.dll+0x243278]
V  [jvm.dll+0xbc53c]
V  [jvm.dll+0xbca3c]
V  [jvm.dll+0x353e3b]
V  [jvm.dll+0x321893]
V  [jvm.dll+0x320d8a]
V  [jvm.dll+0x1fc1e2]
V  [jvm.dll+0x1fb3d4]
V  [jvm.dll+0x183d6c]
V  [jvm.dll+0x209a57]
V  [jvm.dll+0x2082a1]
V  [jvm.dll+0x6ef58f]
V  [jvm.dll+0x6e80b5]
V  [jvm.dll+0x5f1036]
C  [ucrtbase.dll+0x21bb2]
C  [KERNEL32.DLL+0x17034]
C  [ntdll.dll+0x52651]


---------------  P R O C E S S  ---------------

Threads class SMR info:
_java_thread_list=0x000001d4e1786b90, length=124, elements={
0x000001d4c435c000, 0x000001d4de7d0000, 0x000001d4de7d3800, 0x000001d4de7e8000,
0x000001d4de7e9000, 0x000001d4de7ec000, 0x000001d4de7fc800, 0x000001d4de7ff800,
0x000001d4de80b000, 0x000001d4df2b7000, 0x000001d4df2bd800, 0x000001d4df2bc800,
0x000001d4df2bb000, 0x000001d4df2b8800, 0x000001d4df2bc000, 0x000001d4df2b7800,
0x000001d4df2b9800, 0x000001d4df2ba000, 0x000001d4e1e28800, 0x000001d4e1e24800,
0x000001d4e1e27800, 0x000001d4e1e23000, 0x000001d4e1e27000, 0x000001d4e1e29800,
0x000001d4e1e23800, 0x000001d4e1e25000, 0x000001d4e1e26000, 0x000001d4e499a800,
0x000001d4e4997800, 0x000001d4e4998000, 0x000001d4e499a000, 0x000001d4e49a0800,
0x000001d4e499c000, 0x000001d4e49a2800, 0x000001d4e499d000, 0x000001d4e49a3800,
0x000001d4e49a5000, 0x000001d4e49a6000, 0x000001d4e2216000, 0x000001d4e2213800,
0x000001d4e2210800, 0x000001d4e2217000, 0x000001d4e2211000, 0x000001d4e2213000,
0x000001d4e2212000, 0x000001d4e2214800, 0x000001d4e2215000, 0x000001d4e4e15000,
0x000001d4e4e16800, 0x000001d4e4e15800, 0x000001d4e4e19000, 0x000001d4e4e13800,
0x000001d4e4e18000, 0x000001d4e4e17800, 0x000001d4e4e14000, 0x000001d4e4e1d000,
0x000001d4e4e1a800, 0x000001d4e4e1e800, 0x000001d4e4e1a000, 0x000001d4e4e1c800,
0x000001d4e4e1e000, 0x000001d4e4e1f800, 0x000001d4e4e20800, 0x000001d4e4e21000,
0x000001d4e4e1b800, 0x000001d4e4e22000, 0x000001d4e5c82800, 0x000001d4e5c83800,
0x000001d4e5c84000, 0x000001d4e5c85000, 0x000001d4e5c7f800, 0x000001d4e5c86000,
0x000001d4e5c81000, 0x000001d4e5c80000, 0x000001d4e5c86800, 0x000001d4e5c87800,
0x000001d4e5c81800, 0x000001d4e5c8d000, 0x000001d4e5c8a000, 0x000001d4e5c8e000,
0x000001d4e5c8a800, 0x000001d4e5c8c800, 0x000001d4e5c89000, 0x000001d4e5c88800,
0x000001d4e5c8b800, 0x000001d4e16bb000, 0x000001d4e16be800, 0x000001d4e16bc000,
0x000001d4e16bc800, 0x000001d4e16bd800, 0x000001d4e16bf000, 0x000001d4e16b9800,
0x000001d4e16c0000, 0x000001d4e16ba000, 0x000001d4e16c6800, 0x000001d4e16c2800,
0x000001d4e16c3000, 0x000001d4e16c1000, 0x000001d4e16c4000, 0x000001d4e16c5000,
0x000001d4e16c1800, 0x000001d4e16c5800, 0x000001d4e16c7800, 0x000001d4e16c8000,
0x000001d4e2ffb000, 0x000001d4e2ff8800, 0x000001d4e2ff6000, 0x000001d4e2ff7000,
0x000001d4e2ff5000, 0x000001d4e2ff9000, 0x000001d4e2ffc800, 0x000001d4e2ffb800,
0x000001d4e2ffd800, 0x000001d4e2ff7800, 0x000001d4e3000000, 0x000001d4e2ffa000,
0x000001d4e2fff000, 0x000001d4e3001800, 0x000001d4e2ffe000, 0x000001d4e3002000,
0x000001d4e3000800, 0x000001d4e3004000, 0x000001d4e3003000, 0x000001d4e59cb800
}

Java Threads: ( => current thread )
  0x000001d4c435c000 JavaThread "main" [_thread_blocked, id=14956, stack(0x000000c2c4500000,0x000000c2c4600000)]
  0x000001d4de7d0000 JavaThread "Reference Handler" daemon [_thread_blocked, id=15748, stack(0x000000c2c4c00000,0x000000c2c4d00000)]
  0x000001d4de7d3800 JavaThread "Finalizer" daemon [_thread_blocked, id=6000, stack(0x000000c2c4d00000,0x000000c2c4e00000)]
  0x000001d4de7e8000 JavaThread "Signal Dispatcher" daemon [_thread_blocked, id=4244, stack(0x000000c2c4e00000,0x000000c2c4f00000)]
  0x000001d4de7e9000 JavaThread "Attach Listener" daemon [_thread_blocked, id=13500, stack(0x000000c2c4f00000,0x000000c2c5000000)]
  0x000001d4de7ec000 JavaThread "Service Thread" daemon [_thread_blocked, id=8776, stack(0x000000c2c5000000,0x000000c2c5100000)]
  0x000001d4de7fc800 JavaThread "C2 CompilerThread0" daemon [_thread_blocked, id=15624, stack(0x000000c2c5100000,0x000000c2c5200000)]
  0x000001d4de7ff800 JavaThread "C1 CompilerThread0" daemon [_thread_in_native, id=15528, stack(0x000000c2c5200000,0x000000c2c5300000)]
  0x000001d4de80b000 JavaThread "Sweeper thread" daemon [_thread_blocked, id=10700, stack(0x000000c2c5300000,0x000000c2c5400000)]
  0x000001d4df2b7000 JavaThread "Common-Cleaner" daemon [_thread_blocked, id=4624, stack(0x000000c2c5400000,0x000000c2c5500000)]
  0x000001d4df2bd800 JavaThread "Daemon health stats" [_thread_blocked, id=6708, stack(0x000000c2c5a00000,0x000000c2c5b00000)]
  0x000001d4df2bc800 JavaThread "Incoming local TCP Connector on port 55644" [_thread_in_native, id=4796, stack(0x000000c2c4200000,0x000000c2c4300000)]
  0x000001d4df2bb000 JavaThread "Daemon periodic checks" [_thread_blocked, id=14156, stack(0x000000c2c4300000,0x000000c2c4400000)]
  0x000001d4df2b8800 JavaThread "Daemon" [_thread_blocked, id=14132, stack(0x000000c2c4400000,0x000000c2c4500000)]
  0x000001d4df2bc000 JavaThread "Handler for socket connection from /127.0.0.1:55644 to /127.0.0.1:55645" [_thread_in_native, id=14768, stack(0x000000c2c5800000,0x000000c2c5900000)]
  0x000001d4df2b7800 JavaThread "Cancel handler" [_thread_blocked, id=10660, stack(0x000000c2c5900000,0x000000c2c5a00000)]
  0x000001d4df2b9800 JavaThread "Daemon worker" [_thread_blocked, id=3644, stack(0x000000c2c5b00000,0x000000c2c5c00000)]
  0x000001d4df2ba000 JavaThread "Asynchronous log dispatcher for DefaultDaemonConnection: socket connection from /127.0.0.1:55644 to /127.0.0.1:55645" [_thread_blocked, id=14260, stack(0x000000c2c5c00000,0x000000c2c5d00000)]
  0x000001d4e1e28800 JavaThread "Stdin handler" [_thread_blocked, id=16136, stack(0x000000c2c5d00000,0x000000c2c5e00000)]
  0x000001d4e1e24800 JavaThread "Daemon client event forwarder" [_thread_blocked, id=10844, stack(0x000000c2c5e00000,0x000000c2c5f00000)]
  0x000001d4e1e27800 JavaThread "Cache worker for journal cache (C:\Users\Admin\.gradle\caches\journal-1)" [_thread_blocked, id=12644, stack(0x000000c2c6400000,0x000000c2c6500000)]
  0x000001d4e1e23000 JavaThread "File lock request listener" [_thread_in_native, id=12072, stack(0x000000c2c6500000,0x000000c2c6600000)]
  0x000001d4e1e27000 JavaThread "Cache worker for file hash cache (C:\Users\Admin\.gradle\caches\7.2\fileHashes)" [_thread_blocked, id=6612, stack(0x000000c2c6600000,0x000000c2c6700000)]
  0x000001d4e1e29800 JavaThread "Cache worker for file hash cache (C:\Users\Admin\login2\.gradle\7.2\fileHashes)" [_thread_blocked, id=5132, stack(0x000000c2c6900000,0x000000c2c6a00000)]
  0x000001d4e1e23800 JavaThread "File watcher server" daemon [_thread_in_native, id=16076, stack(0x000000c2c6b00000,0x000000c2c6c00000)]
  0x000001d4e1e25000 JavaThread "File watcher consumer" daemon [_thread_blocked, id=14476, stack(0x000000c2c6c00000,0x000000c2c6d00000)]
  0x000001d4e1e26000 JavaThread "Cache worker for checksums cache (C:\Users\Admin\login2\.gradle\checksums)" [_thread_blocked, id=14412, stack(0x000000c2c6a00000,0x000000c2c6b00000)]
  0x000001d4e499a800 JavaThread "Cache worker for cache directory md-supplier (C:\Users\Admin\.gradle\caches\7.2\md-supplier)" [_thread_blocked, id=3168, stack(0x000000c2c6d00000,0x000000c2c6e00000)]
  0x000001d4e4997800 JavaThread "Cache worker for cache directory md-rule (C:\Users\Admin\.gradle\caches\7.2\md-rule)" [_thread_blocked, id=10708, stack(0x000000c2c6e00000,0x000000c2c6f00000)]
  0x000001d4e4998000 JavaThread "Cache worker for execution history cache (C:\Users\Admin\.gradle\caches\7.2\executionHistory)" [_thread_blocked, id=1992, stack(0x000000c2c6f00000,0x000000c2c7000000)]
  0x000001d4e499a000 JavaThread "jar transforms" [_thread_blocked, id=16260, stack(0x000000c2c7100000,0x000000c2c7200000)]
  0x000001d4e49a0800 JavaThread "Cache worker for file content cache (C:\Users\Admin\.gradle\caches\7.2\fileContent)" [_thread_blocked, id=14916, stack(0x000000c2c7200000,0x000000c2c7300000)]
  0x000001d4e499c000 JavaThread "jar transforms Thread 2" [_thread_blocked, id=11156, stack(0x000000c2c7300000,0x000000c2c7400000)]
  0x000001d4e49a2800 JavaThread "Cache worker for dependencies-accessors (C:\Users\Admin\login2\.gradle\7.2\dependencies-accessors)" [_thread_blocked, id=16300, stack(0x000000c2c7400000,0x000000c2c7500000)]
  0x000001d4e499d000 JavaThread "jar transforms Thread 3" [_thread_blocked, id=12096, stack(0x000000c2c7500000,0x000000c2c7600000)]
  0x000001d4e49a3800 JavaThread "Cache worker for Build Output Cleanup Cache (C:\Users\Admin\login2\.gradle\buildOutputCleanup)" [_thread_blocked, id=7888, stack(0x000000c2c6800000,0x000000c2c6900000)]
  0x000001d4e49a5000 JavaThread "Unconstrained build operations" [_thread_blocked, id=7936, stack(0x000000c2c7600000,0x000000c2c7700000)]
  0x000001d4e49a6000 JavaThread "Unconstrained build operations Thread 2" [_thread_blocked, id=12224, stack(0x000000c2c7700000,0x000000c2c7800000)]
  0x000001d4e2216000 JavaThread "Unconstrained build operations Thread 3" [_thread_blocked, id=9540, stack(0x000000c2c7800000,0x000000c2c7900000)]
  0x000001d4e2213800 JavaThread "Unconstrained build operations Thread 4" [_thread_blocked, id=3404, stack(0x000000c2c7900000,0x000000c2c7a00000)]
  0x000001d4e2210800 JavaThread "Unconstrained build operations Thread 5" [_thread_blocked, id=16140, stack(0x000000c2c7a00000,0x000000c2c7b00000)]
  0x000001d4e2217000 JavaThread "Unconstrained build operations Thread 6" [_thread_blocked, id=10864, stack(0x000000c2c7b00000,0x000000c2c7c00000)]
  0x000001d4e2211000 JavaThread "Unconstrained build operations Thread 7" [_thread_blocked, id=3948, stack(0x000000c2c7c00000,0x000000c2c7d00000)]
  0x000001d4e2213000 JavaThread "Unconstrained build operations Thread 8" [_thread_blocked, id=8460, stack(0x000000c2c7d00000,0x000000c2c7e00000)]
  0x000001d4e2212000 JavaThread "Unconstrained build operations Thread 9" [_thread_blocked, id=8612, stack(0x000000c2c7e00000,0x000000c2c7f00000)]
  0x000001d4e2214800 JavaThread "Unconstrained build operations Thread 10" [_thread_blocked, id=15108, stack(0x000000c2c7f00000,0x000000c2c8000000)]
  0x000001d4e2215000 JavaThread "Unconstrained build operations Thread 11" [_thread_blocked, id=4924, stack(0x000000c2c8000000,0x000000c2c8100000)]
  0x000001d4e4e15000 JavaThread "Unconstrained build operations Thread 12" [_thread_blocked, id=12568, stack(0x000000c2c8100000,0x000000c2c8200000)]
  0x000001d4e4e16800 JavaThread "Unconstrained build operations Thread 13" [_thread_blocked, id=1856, stack(0x000000c2c8200000,0x000000c2c8300000)]
  0x000001d4e4e15800 JavaThread "Unconstrained build operations Thread 14" [_thread_blocked, id=9160, stack(0x000000c2c8300000,0x000000c2c8400000)]
  0x000001d4e4e19000 JavaThread "Unconstrained build operations Thread 15" [_thread_blocked, id=13748, stack(0x000000c2c8400000,0x000000c2c8500000)]
  0x000001d4e4e13800 JavaThread "Unconstrained build operations Thread 16" [_thread_blocked, id=15712, stack(0x000000c2c8500000,0x000000c2c8600000)]
  0x000001d4e4e18000 JavaThread "Unconstrained build operations Thread 17" [_thread_blocked, id=2020, stack(0x000000c2c8600000,0x000000c2c8700000)]
  0x000001d4e4e17800 JavaThread "Unconstrained build operations Thread 18" [_thread_blocked, id=5348, stack(0x000000c2c8700000,0x000000c2c8800000)]
  0x000001d4e4e14000 JavaThread "Unconstrained build operations Thread 19" [_thread_blocked, id=14660, stack(0x000000c2c8800000,0x000000c2c8900000)]
  0x000001d4e4e1d000 JavaThread "Unconstrained build operations Thread 20" [_thread_blocked, id=1352, stack(0x000000c2c8900000,0x000000c2c8a00000)]
  0x000001d4e4e1a800 JavaThread "Unconstrained build operations Thread 21" [_thread_blocked, id=14796, stack(0x000000c2c8a00000,0x000000c2c8b00000)]
  0x000001d4e4e1e800 JavaThread "Unconstrained build operations Thread 22" [_thread_blocked, id=8228, stack(0x000000c2c8b00000,0x000000c2c8c00000)]
  0x000001d4e4e1a000 JavaThread "Unconstrained build operations Thread 23" [_thread_blocked, id=12584, stack(0x000000c2c8c00000,0x000000c2c8d00000)]
  0x000001d4e4e1c800 JavaThread "Unconstrained build operations Thread 24" [_thread_blocked, id=16120, stack(0x000000c2c8d00000,0x000000c2c8e00000)]
  0x000001d4e4e1e000 JavaThread "Unconstrained build operations Thread 25" [_thread_blocked, id=13348, stack(0x000000c2c8e00000,0x000000c2c8f00000)]
  0x000001d4e4e1f800 JavaThread "Unconstrained build operations Thread 26" [_thread_blocked, id=11196, stack(0x000000c2c8f00000,0x000000c2c9000000)]
  0x000001d4e4e20800 JavaThread "Unconstrained build operations Thread 27" [_thread_blocked, id=10900, stack(0x000000c2c9000000,0x000000c2c9100000)]
  0x000001d4e4e21000 JavaThread "Unconstrained build operations Thread 28" [_thread_blocked, id=8852, stack(0x000000c2c9100000,0x000000c2c9200000)]
  0x000001d4e4e1b800 JavaThread "Unconstrained build operations Thread 29" [_thread_blocked, id=8872, stack(0x000000c2c9200000,0x000000c2c9300000)]
  0x000001d4e4e22000 JavaThread "Unconstrained build operations Thread 30" [_thread_blocked, id=16168, stack(0x000000c2c9300000,0x000000c2c9400000)]
  0x000001d4e5c82800 JavaThread "Unconstrained build operations Thread 31" [_thread_blocked, id=2916, stack(0x000000c2c9400000,0x000000c2c9500000)]
  0x000001d4e5c83800 JavaThread "Unconstrained build operations Thread 32" [_thread_blocked, id=1308, stack(0x000000c2c9500000,0x000000c2c9600000)]
  0x000001d4e5c84000 JavaThread "Unconstrained build operations Thread 33" [_thread_blocked, id=5312, stack(0x000000c2c9600000,0x000000c2c9700000)]
  0x000001d4e5c85000 JavaThread "Unconstrained build operations Thread 34" [_thread_blocked, id=8596, stack(0x000000c2c9700000,0x000000c2c9800000)]
  0x000001d4e5c7f800 JavaThread "Unconstrained build operations Thread 35" [_thread_blocked, id=11272, stack(0x000000c2c9800000,0x000000c2c9900000)]
  0x000001d4e5c86000 JavaThread "Unconstrained build operations Thread 36" [_thread_blocked, id=1220, stack(0x000000c2c9900000,0x000000c2c9a00000)]
  0x000001d4e5c81000 JavaThread "Unconstrained build operations Thread 37" [_thread_blocked, id=14992, stack(0x000000c2c9a00000,0x000000c2c9b00000)]
  0x000001d4e5c80000 JavaThread "Unconstrained build operations Thread 38" [_thread_blocked, id=1040, stack(0x000000c2c9b00000,0x000000c2c9c00000)]
  0x000001d4e5c86800 JavaThread "Unconstrained build operations Thread 39" [_thread_blocked, id=14244, stack(0x000000c2c9c00000,0x000000c2c9d00000)]
  0x000001d4e5c87800 JavaThread "Unconstrained build operations Thread 40" [_thread_blocked, id=14948, stack(0x000000c2c9d00000,0x000000c2c9e00000)]
  0x000001d4e5c81800 JavaThread "Unconstrained build operations Thread 41" [_thread_blocked, id=10808, stack(0x000000c2c9e00000,0x000000c2c9f00000)]
  0x000001d4e5c8d000 JavaThread "Unconstrained build operations Thread 42" [_thread_blocked, id=5016, stack(0x000000c2c9f00000,0x000000c2ca000000)]
  0x000001d4e5c8a000 JavaThread "Unconstrained build operations Thread 43" [_thread_blocked, id=9256, stack(0x000000c2ca000000,0x000000c2ca100000)]
  0x000001d4e5c8e000 JavaThread "Unconstrained build operations Thread 44" [_thread_blocked, id=14728, stack(0x000000c2ca100000,0x000000c2ca200000)]
  0x000001d4e5c8a800 JavaThread "Unconstrained build operations Thread 45" [_thread_blocked, id=14668, stack(0x000000c2ca200000,0x000000c2ca300000)]
  0x000001d4e5c8c800 JavaThread "Unconstrained build operations Thread 46" [_thread_blocked, id=11460, stack(0x000000c2ca300000,0x000000c2ca400000)]
  0x000001d4e5c89000 JavaThread "Unconstrained build operations Thread 47" [_thread_blocked, id=3084, stack(0x000000c2ca400000,0x000000c2ca500000)]
  0x000001d4e5c88800 JavaThread "Unconstrained build operations Thread 48" [_thread_blocked, id=13320, stack(0x000000c2ca500000,0x000000c2ca600000)]
  0x000001d4e5c8b800 JavaThread "Unconstrained build operations Thread 49" [_thread_blocked, id=14980, stack(0x000000c2ca600000,0x000000c2ca700000)]
  0x000001d4e16bb000 JavaThread "Unconstrained build operations Thread 50" [_thread_blocked, id=11256, stack(0x000000c2ca700000,0x000000c2ca800000)]
  0x000001d4e16be800 JavaThread "Unconstrained build operations Thread 51" [_thread_blocked, id=7152, stack(0x000000c2ca800000,0x000000c2ca900000)]
  0x000001d4e16bc000 JavaThread "Unconstrained build operations Thread 52" [_thread_blocked, id=7524, stack(0x000000c2ca900000,0x000000c2caa00000)]
  0x000001d4e16bc800 JavaThread "Unconstrained build operations Thread 53" [_thread_blocked, id=4812, stack(0x000000c2caa00000,0x000000c2cab00000)]
  0x000001d4e16bd800 JavaThread "Unconstrained build operations Thread 54" [_thread_blocked, id=4180, stack(0x000000c2cab00000,0x000000c2cac00000)]
  0x000001d4e16bf000 JavaThread "Unconstrained build operations Thread 55" [_thread_blocked, id=15432, stack(0x000000c2cac00000,0x000000c2cad00000)]
  0x000001d4e16b9800 JavaThread "Unconstrained build operations Thread 56" [_thread_blocked, id=14820, stack(0x000000c2cad00000,0x000000c2cae00000)]
  0x000001d4e16c0000 JavaThread "Unconstrained build operations Thread 57" [_thread_blocked, id=15448, stack(0x000000c2cae00000,0x000000c2caf00000)]
  0x000001d4e16ba000 JavaThread "Unconstrained build operations Thread 58" [_thread_blocked, id=6116, stack(0x000000c2caf00000,0x000000c2cb000000)]
  0x000001d4e16c6800 JavaThread "Unconstrained build operations Thread 59" [_thread_blocked, id=6328, stack(0x000000c2cb000000,0x000000c2cb100000)]
  0x000001d4e16c2800 JavaThread "Unconstrained build operations Thread 60" [_thread_blocked, id=1488, stack(0x000000c2cb100000,0x000000c2cb200000)]
  0x000001d4e16c3000 JavaThread "Unconstrained build operations Thread 61" [_thread_blocked, id=9248, stack(0x000000c2cb200000,0x000000c2cb300000)]
  0x000001d4e16c1000 JavaThread "Unconstrained build operations Thread 62" [_thread_blocked, id=14436, stack(0x000000c2cb300000,0x000000c2cb400000)]
  0x000001d4e16c4000 JavaThread "Unconstrained build operations Thread 63" [_thread_blocked, id=1076, stack(0x000000c2cb400000,0x000000c2cb500000)]
  0x000001d4e16c5000 JavaThread "Unconstrained build operations Thread 64" [_thread_blocked, id=15068, stack(0x000000c2cb500000,0x000000c2cb600000)]
  0x000001d4e16c1800 JavaThread "Unconstrained build operations Thread 65" [_thread_blocked, id=15380, stack(0x000000c2cb600000,0x000000c2cb700000)]
  0x000001d4e16c5800 JavaThread "Unconstrained build operations Thread 66" [_thread_blocked, id=7240, stack(0x000000c2cb700000,0x000000c2cb800000)]
  0x000001d4e16c7800 JavaThread "Unconstrained build operations Thread 67" [_thread_blocked, id=2816, stack(0x000000c2cb800000,0x000000c2cb900000)]
  0x000001d4e16c8000 JavaThread "Unconstrained build operations Thread 68" [_thread_blocked, id=14856, stack(0x000000c2cb900000,0x000000c2cba00000)]
  0x000001d4e2ffb000 JavaThread "Unconstrained build operations Thread 69" [_thread_blocked, id=7692, stack(0x000000c2cba00000,0x000000c2cbb00000)]
  0x000001d4e2ff8800 JavaThread "Unconstrained build operations Thread 70" [_thread_blocked, id=13596, stack(0x000000c2cbb00000,0x000000c2cbc00000)]
  0x000001d4e2ff6000 JavaThread "Unconstrained build operations Thread 71" [_thread_blocked, id=15204, stack(0x000000c2cbc00000,0x000000c2cbd00000)]
  0x000001d4e2ff7000 JavaThread "Unconstrained build operations Thread 72" [_thread_blocked, id=12480, stack(0x000000c2cbd00000,0x000000c2cbe00000)]
  0x000001d4e2ff5000 JavaThread "Unconstrained build operations Thread 73" [_thread_blocked, id=13740, stack(0x000000c2cbe00000,0x000000c2cbf00000)]
  0x000001d4e2ff9000 JavaThread "Unconstrained build operations Thread 74" [_thread_blocked, id=7924, stack(0x000000c2cbf00000,0x000000c2cc000000)]
  0x000001d4e2ffc800 JavaThread "Unconstrained build operations Thread 75" [_thread_blocked, id=13632, stack(0x000000c2cc000000,0x000000c2cc100000)]
  0x000001d4e2ffb800 JavaThread "Unconstrained build operations Thread 76" [_thread_blocked, id=15184, stack(0x000000c2cc100000,0x000000c2cc200000)]
  0x000001d4e2ffd800 JavaThread "Unconstrained build operations Thread 77" [_thread_blocked, id=6556, stack(0x000000c2cc200000,0x000000c2cc300000)]
  0x000001d4e2ff7800 JavaThread "Unconstrained build operations Thread 78" [_thread_blocked, id=15328, stack(0x000000c2cc300000,0x000000c2cc400000)]
  0x000001d4e3000000 JavaThread "Unconstrained build operations Thread 79" [_thread_blocked, id=1028, stack(0x000000c2cc400000,0x000000c2cc500000)]
  0x000001d4e2ffa000 JavaThread "Unconstrained build operations Thread 80" [_thread_blocked, id=10772, stack(0x000000c2cc500000,0x000000c2cc600000)]
  0x000001d4e2fff000 JavaThread "jar transforms Thread 4" [_thread_blocked, id=11880, stack(0x000000c2cc600000,0x000000c2cc700000)]
  0x000001d4e3001800 JavaThread "jar transforms Thread 5" [_thread_blocked, id=16292, stack(0x000000c2cc700000,0x000000c2cc800000)]
  0x000001d4e2ffe000 JavaThread "jar transforms Thread 6" [_thread_blocked, id=5476, stack(0x000000c2cc800000,0x000000c2cc900000)]
  0x000001d4e3002000 JavaThread "jar transforms Thread 7" [_thread_blocked, id=12572, stack(0x000000c2cc900000,0x000000c2cca00000)]
  0x000001d4e3000800 JavaThread "jar transforms Thread 8" [_thread_blocked, id=4036, stack(0x000000c2cca00000,0x000000c2ccb00000)]
  0x000001d4e3004000 JavaThread "C2 CompilerThread1" daemon [_thread_blocked, id=12836, stack(0x000000c2c7000000,0x000000c2c7100000)]
  0x000001d4e3003000 JavaThread "Memory manager" [_thread_blocked, id=8440, stack(0x000000c2ccb00000,0x000000c2ccc00000)]
=>0x000001d4e59cb800 JavaThread "C2 CompilerThread2" daemon [_thread_in_native, id=7584, stack(0x000000c2ccc00000,0x000000c2ccd00000)]

Other Threads:
  0x000001d4de7ce000 VMThread "VM Thread" [stack: 0x000000c2c4b00000,0x000000c2c4c00000] [id=10956]
  0x000001d4df2d4800 WatcherThread [stack: 0x000000c2c5500000,0x000000c2c5600000] [id=14880]
  0x000001d4c4376000 GCTaskThread "GC Thread#0" [stack: 0x000000c2c4600000,0x000000c2c4700000] [id=6300]
  0x000001d4dff7a800 GCTaskThread "GC Thread#1" [stack: 0x000000c2c5600000,0x000000c2c5700000] [id=15316]
  0x000001d4e0038000 GCTaskThread "GC Thread#2" [stack: 0x000000c2c5700000,0x000000c2c5800000] [id=15884]
  0x000001d4e103d000 GCTaskThread "GC Thread#3" [stack: 0x000000c2c5f00000,0x000000c2c6000000] [id=7256]
  0x000001d4e06c9800 GCTaskThread "GC Thread#4" [stack: 0x000000c2c6000000,0x000000c2c6100000] [id=15148]
  0x000001d4e0ac9000 GCTaskThread "GC Thread#5" [stack: 0x000000c2c6100000,0x000000c2c6200000] [id=13340]
  0x000001d4e1036000 GCTaskThread "GC Thread#6" [stack: 0x000000c2c6200000,0x000000c2c6300000] [id=14580]
  0x000001d4e19c4800 GCTaskThread "GC Thread#7" [stack: 0x000000c2c6300000,0x000000c2c6400000] [id=4896]
  0x000001d4c43a9800 ConcurrentGCThread "G1 Main Marker" [stack: 0x000000c2c4700000,0x000000c2c4800000] [id=5264]
  0x000001d4c43ac800 ConcurrentGCThread "G1 Conc#0" [stack: 0x000000c2c4800000,0x000000c2c4900000] [id=12952]
  0x000001d4e1406000 ConcurrentGCThread "G1 Conc#1" [stack: 0x000000c2c6700000,0x000000c2c6800000] [id=10176]
  0x000001d4de620800 ConcurrentGCThread "G1 Refine#0" [stack: 0x000000c2c4900000,0x000000c2c4a00000] [id=14628]
  0x000001d4de621800 ConcurrentGCThread "G1 Young RemSet Sampling" [stack: 0x000000c2c4a00000,0x000000c2c4b00000] [id=15716]

Threads with active compile tasks:
C2 CompilerThread0 242356 7015       4       org.gradle.internal.reflect.PropertyAccessorType::of (95 bytes)
C2 CompilerThread2 242357 6912 %     4       org.gradle.internal.instantiation.generator.AbstractClassGenerator::inspectType @ 207 (560 bytes)

VM state:not at safepoint (normal execution)

VM Mutex/Monitor currently owned by a thread: None

Heap address: 0x0000000080000000, size: 2048 MB, Compressed Oops mode: 32-bit
Narrow klass base: 0x0000000000000000, Narrow klass shift: 3
Compressed class space size: 1073741824 Address: 0x0000000100000000

Heap:
 garbage-first heap   total 129024K, used 60423K [0x0000000080000000, 0x0000000100000000)
  region size 1024K, 11 young (11264K), 6 survivors (6144K)
 Metaspace       used 68380K, capacity 70041K, committed 70352K, reserved 1110016K
  class space    used 8834K, capacity 9423K, committed 9548K, reserved 1048576K
Heap Regions: E=young(eden), S=young(survivor), O=old, HS=humongous(starts), HC=humongous(continues), CS=collection set, F=free, A=archive, TAMS=top-at-mark-start (previous, next)
|   0|0x0000000080000000, 0x0000000080100000, 0x0000000080100000|100%| O|  |TAMS 0x0000000080100000, 0x0000000080000000| Untracked 
|   1|0x0000000080100000, 0x0000000080200000, 0x0000000080200000|100%| O|  |TAMS 0x0000000080200000, 0x0000000080100000| Untracked 
|   2|0x0000000080200000, 0x0000000080300000, 0x0000000080300000|100%| O|  |TAMS 0x0000000080300000, 0x0000000080200000| Untracked 
|   3|0x0000000080300000, 0x0000000080400000, 0x0000000080400000|100%|HS|  |TAMS 0x0000000080400000, 0x0000000080300000| Complete 
|   4|0x0000000080400000, 0x0000000080500000, 0x0000000080500000|100%|HC|  |TAMS 0x0000000080500000, 0x0000000080400000| Complete 
|   5|0x0000000080500000, 0x0000000080600000, 0x0000000080600000|100%|HC|  |TAMS 0x0000000080600000, 0x0000000080500000| Complete 
|   6|0x0000000080600000, 0x0000000080700000, 0x0000000080700000|100%| O|  |TAMS 0x0000000080700000, 0x0000000080600000| Untracked 
|   7|0x0000000080700000, 0x0000000080800000, 0x0000000080800000|100%| O|  |TAMS 0x0000000080800000, 0x0000000080700000| Untracked 
|   8|0x0000000080800000, 0x0000000080900000, 0x0000000080900000|100%| O|  |TAMS 0x0000000080900000, 0x0000000080800000| Untracked 
|   9|0x0000000080900000, 0x0000000080a00000, 0x0000000080a00000|100%| O|  |TAMS 0x0000000080a00000, 0x0000000080900000| Untracked 
|  10|0x0000000080a00000, 0x0000000080b00000, 0x0000000080b00000|100%| O|  |TAMS 0x0000000080b00000, 0x0000000080a00000| Untracked 
|  11|0x0000000080b00000, 0x0000000080c00000, 0x0000000080c00000|100%| O|  |TAMS 0x0000000080c00000, 0x0000000080b00000| Untracked 
|  12|0x0000000080c00000, 0x0000000080d00000, 0x0000000080d00000|100%| O|  |TAMS 0x0000000080d00000, 0x0000000080c00000| Untracked 
|  13|0x0000000080d00000, 0x0000000080e00000, 0x0000000080e00000|100%| O|  |TAMS 0x0000000080e00000, 0x0000000080d00000| Untracked 
|  14|0x0000000080e00000, 0x0000000080f00000, 0x0000000080f00000|100%| O|  |TAMS 0x0000000080f00000, 0x0000000080e00000| Untracked 
|  15|0x0000000080f00000, 0x0000000081000000, 0x0000000081000000|100%| O|  |TAMS 0x0000000081000000, 0x0000000080f00000| Untracked 
|  16|0x0000000081000000, 0x0000000081100000, 0x0000000081100000|100%|HS|  |TAMS 0x0000000081100000, 0x0000000081000000| Complete 
|  17|0x0000000081100000, 0x0000000081200000, 0x0000000081200000|100%| O|  |TAMS 0x0000000081200000, 0x0000000081100000| Untracked 
|  18|0x0000000081200000, 0x0000000081300000, 0x0000000081300000|100%| O|  |TAMS 0x0000000081300000, 0x0000000081200000| Untracked 
|  19|0x0000000081300000, 0x0000000081400000, 0x0000000081400000|100%| O|  |TAMS 0x0000000081400000, 0x0000000081300000| Untracked 
|  20|0x0000000081400000, 0x0000000081500000, 0x0000000081500000|100%| O|  |TAMS 0x0000000081500000, 0x0000000081400000| Untracked 
|  21|0x0000000081500000, 0x0000000081600000, 0x0000000081600000|100%| O|  |TAMS 0x0000000081600000, 0x0000000081500000| Untracked 
|  22|0x0000000081600000, 0x0000000081700000, 0x0000000081700000|100%| O|  |TAMS 0x0000000081700000, 0x0000000081600000| Untracked 
|  23|0x0000000081700000, 0x0000000081800000, 0x0000000081800000|100%| O|  |TAMS 0x0000000081800000, 0x0000000081700000| Untracked 
|  24|0x0000000081800000, 0x0000000081900000, 0x0000000081900000|100%| O|  |TAMS 0x0000000081900000, 0x0000000081800000| Untracked 
|  25|0x0000000081900000, 0x0000000081a00000, 0x0000000081a00000|100%| O|  |TAMS 0x0000000081a00000, 0x0000000081900000| Untracked 
|  26|0x0000000081a00000, 0x0000000081b00000, 0x0000000081b00000|100%| O|  |TAMS 0x0000000081b00000, 0x0000000081a00000| Untracked 
|  27|0x0000000081b00000, 0x0000000081c00000, 0x0000000081c00000|100%| O|  |TAMS 0x0000000081c00000, 0x0000000081b00000| Untracked 
|  28|0x0000000081c00000, 0x0000000081d00000, 0x0000000081d00000|100%|HS|  |TAMS 0x0000000081d00000, 0x0000000081c00000| Complete 
|  29|0x0000000081d00000, 0x0000000081e00000, 0x0000000081e00000|100%|HS|  |TAMS 0x0000000081e00000, 0x0000000081d00000| Complete 
|  30|0x0000000081e00000, 0x0000000081f00000, 0x0000000081f00000|100%|HS|  |TAMS 0x0000000081f00000, 0x0000000081e00000| Complete 
|  31|0x0000000081f00000, 0x0000000082000000, 0x0000000082000000|100%|HC|  |TAMS 0x0000000082000000, 0x0000000081f00000| Complete 
|  32|0x0000000082000000, 0x0000000082100000, 0x0000000082100000|100%| O|  |TAMS 0x0000000082100000, 0x0000000082000000| Untracked 
|  33|0x0000000082100000, 0x0000000082200000, 0x0000000082200000|100%| O|  |TAMS 0x0000000082200000, 0x0000000082100000| Untracked 
|  34|0x0000000082200000, 0x0000000082300000, 0x0000000082300000|100%| O|  |TAMS 0x0000000082300000, 0x0000000082200000| Untracked 
|  35|0x0000000082300000, 0x0000000082400000, 0x0000000082400000|100%| O|  |TAMS 0x0000000082400000, 0x0000000082300000| Untracked 
|  36|0x0000000082400000, 0x0000000082500000, 0x0000000082500000|100%| O|  |TAMS 0x0000000082500000, 0x0000000082400000| Untracked 
|  37|0x0000000082500000, 0x0000000082600000, 0x0000000082600000|100%| O|  |TAMS 0x0000000082600000, 0x0000000082500000| Untracked 
|  38|0x0000000082600000, 0x0000000082700000, 0x0000000082700000|100%| O|  |TAMS 0x0000000082700000, 0x0000000082600000| Untracked 
|  39|0x0000000082700000, 0x0000000082800000, 0x0000000082800000|100%| O|  |TAMS 0x0000000082800000, 0x0000000082700000| Untracked 
|  40|0x0000000082800000, 0x0000000082900000, 0x0000000082900000|100%| O|  |TAMS 0x0000000082900000, 0x0000000082800000| Untracked 
|  41|0x0000000082900000, 0x0000000082a00000, 0x0000000082a00000|100%| O|  |TAMS 0x0000000082a00000, 0x0000000082900000| Untracked 
|  42|0x0000000082a00000, 0x0000000082b00000, 0x0000000082b00000|100%| O|  |TAMS 0x0000000082b00000, 0x0000000082a00000| Untracked 
|  43|0x0000000082b00000, 0x0000000082c00000, 0x0000000082c00000|100%| O|  |TAMS 0x0000000082c00000, 0x0000000082b00000| Untracked 
|  44|0x0000000082c00000, 0x0000000082d00000, 0x0000000082d00000|100%| O|  |TAMS 0x0000000082c78000, 0x0000000082c00000| Untracked 
|  45|0x0000000082d00000, 0x0000000082d00000, 0x0000000082e00000|  0%| F|  |TAMS 0x0000000082d00000, 0x0000000082d00000| Untracked 
|  46|0x0000000082e00000, 0x0000000082f00000, 0x0000000082f00000|100%| O|  |TAMS 0x0000000082e00000, 0x0000000082e00000| Untracked 
|  47|0x0000000082f00000, 0x0000000083000000, 0x0000000083000000|100%| O|  |TAMS 0x0000000082f00000, 0x0000000082f00000| Untracked 
|  48|0x0000000083000000, 0x0000000083100000, 0x0000000083100000|100%| O|  |TAMS 0x0000000083000000, 0x0000000083000000| Untracked 
|  49|0x0000000083100000, 0x0000000083200000, 0x0000000083200000|100%| O|  |TAMS 0x0000000083100000, 0x0000000083100000| Untracked 
|  50|0x0000000083200000, 0x0000000083253200, 0x0000000083300000| 32%| O|  |TAMS 0x0000000083200000, 0x0000000083200000| Untracked 
|  51|0x0000000083300000, 0x0000000083300000, 0x0000000083400000|  0%| F|  |TAMS 0x0000000083300000, 0x0000000083300000| Untracked 
|  52|0x0000000083400000, 0x0000000083400000, 0x0000000083500000|  0%| F|  |TAMS 0x0000000083400000, 0x0000000083400000| Untracked 
|  53|0x0000000083500000, 0x0000000083500000, 0x0000000083600000|  0%| F|  |TAMS 0x0000000083500000, 0x0000000083500000| Untracked 
|  54|0x0000000083600000, 0x0000000083600000, 0x0000000083700000|  0%| F|  |TAMS 0x0000000083600000, 0x0000000083600000| Untracked 
|  55|0x0000000083700000, 0x0000000083700000, 0x0000000083800000|  0%| F|  |TAMS 0x0000000083700000, 0x0000000083700000| Untracked 
|  56|0x0000000083800000, 0x0000000083800000, 0x0000000083900000|  0%| F|  |TAMS 0x0000000083800000, 0x0000000083800000| Untracked 
|  57|0x0000000083900000, 0x0000000083900000, 0x0000000083a00000|  0%| F|  |TAMS 0x0000000083900000, 0x0000000083900000| Untracked 
|  58|0x0000000083a00000, 0x0000000083a00000, 0x0000000083b00000|  0%| F|  |TAMS 0x0000000083a00000, 0x0000000083a00000| Untracked 
|  59|0x0000000083b00000, 0x0000000083b00000, 0x0000000083c00000|  0%| F|  |TAMS 0x0000000083b00000, 0x0000000083b00000| Untracked 
|  60|0x0000000083c00000, 0x0000000083c00000, 0x0000000083d00000|  0%| F|  |TAMS 0x0000000083c00000, 0x0000000083c00000| Untracked 
|  61|0x0000000083d00000, 0x0000000083d00000, 0x0000000083e00000|  0%| F|  |TAMS 0x0000000083d00000, 0x0000000083d00000| Untracked 
|  62|0x0000000083e00000, 0x0000000083e00000, 0x0000000083f00000|  0%| F|  |TAMS 0x0000000083e00000, 0x0000000083e00000| Untracked 
|  63|0x0000000083f00000, 0x0000000083f00000, 0x0000000084000000|  0%| F|  |TAMS 0x0000000083f00000, 0x0000000083f00000| Untracked 
|  64|0x0000000084000000, 0x0000000084000000, 0x0000000084100000|  0%| F|  |TAMS 0x0000000084000000, 0x0000000084000000| Untracked 
|  65|0x0000000084100000, 0x0000000084100000, 0x0000000084200000|  0%| F|  |TAMS 0x0000000084100000, 0x0000000084100000| Untracked 
|  66|0x0000000084200000, 0x0000000084200000, 0x0000000084300000|  0%| F|  |TAMS 0x0000000084200000, 0x0000000084200000| Untracked 
|  67|0x0000000084300000, 0x0000000084300000, 0x0000000084400000|  0%| F|  |TAMS 0x0000000084300000, 0x0000000084300000| Untracked 
|  68|0x0000000084400000, 0x0000000084400000, 0x0000000084500000|  0%| F|  |TAMS 0x0000000084400000, 0x0000000084400000| Untracked 
|  69|0x0000000084500000, 0x0000000084500000, 0x0000000084600000|  0%| F|  |TAMS 0x0000000084500000, 0x0000000084500000| Untracked 
|  70|0x0000000084600000, 0x0000000084600000, 0x0000000084700000|  0%| F|  |TAMS 0x0000000084600000, 0x0000000084600000| Untracked 
|  71|0x0000000084700000, 0x0000000084700000, 0x0000000084800000|  0%| F|  |TAMS 0x0000000084700000, 0x0000000084700000| Untracked 
|  72|0x0000000084800000, 0x0000000084800000, 0x0000000084900000|  0%| F|  |TAMS 0x0000000084800000, 0x0000000084800000| Untracked 
|  73|0x0000000084900000, 0x0000000084900000, 0x0000000084a00000|  0%| F|  |TAMS 0x0000000084900000, 0x0000000084900000| Untracked 
|  74|0x0000000084a00000, 0x0000000084a00000, 0x0000000084b00000|  0%| F|  |TAMS 0x0000000084a00000, 0x0000000084a00000| Untracked 
|  75|0x0000000084b00000, 0x0000000084b00000, 0x0000000084c00000|  0%| F|  |TAMS 0x0000000084b00000, 0x0000000084b00000| Untracked 
|  76|0x0000000084c00000, 0x0000000084c00000, 0x0000000084d00000|  0%| F|  |TAMS 0x0000000084c00000, 0x0000000084c00000| Untracked 
|  77|0x0000000084d00000, 0x0000000084daeb10, 0x0000000084e00000| 68%| S|CS|TAMS 0x0000000084d00000, 0x0000000084d00000| Complete 
|  78|0x0000000084e00000, 0x0000000084f00000, 0x0000000084f00000|100%| S|CS|TAMS 0x0000000084e00000, 0x0000000084e00000| Complete 
|  79|0x0000000084f00000, 0x0000000085000000, 0x0000000085000000|100%| S|CS|TAMS 0x0000000084f00000, 0x0000000084f00000| Complete 
|  80|0x0000000085000000, 0x0000000085100000, 0x0000000085100000|100%| S|CS|TAMS 0x0000000085000000, 0x0000000085000000| Complete 
|  81|0x0000000085100000, 0x0000000085200000, 0x0000000085200000|100%| S|CS|TAMS 0x0000000085100000, 0x0000000085100000| Complete 
|  82|0x0000000085200000, 0x0000000085300000, 0x0000000085300000|100%| S|CS|TAMS 0x0000000085200000, 0x0000000085200000| Complete 
|  83|0x0000000085300000, 0x0000000085300000, 0x0000000085400000|  0%| F|  |TAMS 0x0000000085300000, 0x0000000085300000| Untracked 
|  84|0x0000000085400000, 0x0000000085400000, 0x0000000085500000|  0%| F|  |TAMS 0x0000000085400000, 0x0000000085400000| Untracked 
|  85|0x0000000085500000, 0x0000000085500000, 0x0000000085600000|  0%| F|  |TAMS 0x0000000085500000, 0x0000000085500000| Untracked 
|  86|0x0000000085600000, 0x0000000085600000, 0x0000000085700000|  0%| F|  |TAMS 0x0000000085600000, 0x0000000085600000| Untracked 
|  87|0x0000000085700000, 0x0000000085700000, 0x0000000085800000|  0%| F|  |TAMS 0x0000000085700000, 0x0000000085700000| Untracked 
|  88|0x0000000085800000, 0x0000000085800000, 0x0000000085900000|  0%| F|  |TAMS 0x0000000085800000, 0x0000000085800000| Untracked 
|  89|0x0000000085900000, 0x0000000085900000, 0x0000000085a00000|  0%| F|  |TAMS 0x0000000085900000, 0x0000000085900000| Untracked 
|  90|0x0000000085a00000, 0x0000000085a00000, 0x0000000085b00000|  0%| F|  |TAMS 0x0000000085a00000, 0x0000000085a00000| Untracked 
|  91|0x0000000085b00000, 0x0000000085b00000, 0x0000000085c00000|  0%| F|  |TAMS 0x0000000085b00000, 0x0000000085b00000| Untracked 
|  92|0x0000000085c00000, 0x0000000085c00000, 0x0000000085d00000|  0%| F|  |TAMS 0x0000000085c00000, 0x0000000085c00000| Untracked 
|  93|0x0000000085d00000, 0x0000000085d00000, 0x0000000085e00000|  0%| F|  |TAMS 0x0000000085d00000, 0x0000000085d00000| Untracked 
|  94|0x0000000085e00000, 0x0000000085e00000, 0x0000000085f00000|  0%| F|  |TAMS 0x0000000085e00000, 0x0000000085e00000| Untracked 
|  95|0x0000000085f00000, 0x0000000085f00000, 0x0000000086000000|  0%| F|  |TAMS 0x0000000085f00000, 0x0000000085f00000| Untracked 
|  96|0x0000000086000000, 0x0000000086000000, 0x0000000086100000|  0%| F|  |TAMS 0x0000000086000000, 0x0000000086000000| Untracked 
|  97|0x0000000086100000, 0x0000000086100000, 0x0000000086200000|  0%| F|  |TAMS 0x0000000086100000, 0x0000000086100000| Untracked 
|  98|0x0000000086200000, 0x0000000086200000, 0x0000000086300000|  0%| F|  |TAMS 0x0000000086200000, 0x0000000086200000| Untracked 
|  99|0x0000000086300000, 0x0000000086300000, 0x0000000086400000|  0%| F|  |TAMS 0x0000000086300000, 0x0000000086300000| Untracked 
| 100|0x0000000086400000, 0x0000000086400000, 0x0000000086500000|  0%| F|  |TAMS 0x0000000086400000, 0x0000000086400000| Untracked 
| 101|0x0000000086500000, 0x0000000086500000, 0x0000000086600000|  0%| F|  |TAMS 0x0000000086500000, 0x0000000086500000| Untracked 
| 102|0x0000000086600000, 0x0000000086600000, 0x0000000086700000|  0%| F|  |TAMS 0x0000000086600000, 0x0000000086600000| Untracked 
| 103|0x0000000086700000, 0x0000000086700000, 0x0000000086800000|  0%| F|  |TAMS 0x0000000086700000, 0x0000000086700000| Untracked 
| 104|0x0000000086800000, 0x0000000086800000, 0x0000000086900000|  0%| F|  |TAMS 0x0000000086800000, 0x0000000086800000| Untracked 
| 105|0x0000000086900000, 0x0000000086900000, 0x0000000086a00000|  0%| F|  |TAMS 0x0000000086900000, 0x0000000086900000| Untracked 
| 106|0x0000000086a00000, 0x0000000086a00000, 0x0000000086b00000|  0%| F|  |TAMS 0x0000000086a00000, 0x0000000086a00000| Untracked 
| 107|0x0000000086b00000, 0x0000000086b00000, 0x0000000086c00000|  0%| F|  |TAMS 0x0000000086b00000, 0x0000000086b00000| Untracked 
| 108|0x0000000086c00000, 0x0000000086c00000, 0x0000000086d00000|  0%| F|  |TAMS 0x0000000086c00000, 0x0000000086c00000| Untracked 
| 109|0x0000000086d00000, 0x0000000086d00000, 0x0000000086e00000|  0%| F|  |TAMS 0x0000000086d00000, 0x0000000086d00000| Untracked 
| 110|0x0000000086e00000, 0x0000000086e00000, 0x0000000086f00000|  0%| F|  |TAMS 0x0000000086e00000, 0x0000000086e00000| Untracked 
| 111|0x0000000086f00000, 0x0000000086f00000, 0x0000000087000000|  0%| F|  |TAMS 0x0000000086f00000, 0x0000000086f00000| Untracked 
| 112|0x0000000087000000, 0x0000000087000000, 0x0000000087100000|  0%| F|  |TAMS 0x0000000087000000, 0x0000000087000000| Untracked 
| 113|0x0000000087100000, 0x0000000087100000, 0x0000000087200000|  0%| F|  |TAMS 0x0000000087100000, 0x0000000087100000| Untracked 
| 114|0x0000000087200000, 0x0000000087200000, 0x0000000087300000|  0%| F|  |TAMS 0x0000000087200000, 0x0000000087200000| Untracked 
| 115|0x0000000087300000, 0x0000000087300000, 0x0000000087400000|  0%| F|  |TAMS 0x0000000087300000, 0x0000000087300000| Untracked 
| 116|0x0000000087400000, 0x0000000087400000, 0x0000000087500000|  0%| F|  |TAMS 0x0000000087400000, 0x0000000087400000| Untracked 
| 117|0x0000000087500000, 0x0000000087500000, 0x0000000087600000|  0%| F|  |TAMS 0x0000000087500000, 0x0000000087500000| Untracked 
| 118|0x0000000087600000, 0x0000000087600000, 0x0000000087700000|  0%| F|  |TAMS 0x0000000087600000, 0x0000000087600000| Untracked 
| 119|0x0000000087700000, 0x0000000087700000, 0x0000000087800000|  0%| F|  |TAMS 0x0000000087700000, 0x0000000087700000| Untracked 
| 120|0x0000000087800000, 0x0000000087800000, 0x0000000087900000|  0%| F|  |TAMS 0x0000000087800000, 0x0000000087800000| Untracked 
| 121|0x0000000087900000, 0x0000000087983010, 0x0000000087a00000| 51%| E|  |TAMS 0x0000000087900000, 0x0000000087900000| Complete 
| 122|0x0000000087a00000, 0x0000000087b00000, 0x0000000087b00000|100%| E|CS|TAMS 0x0000000087a00000, 0x0000000087a00000| Complete 
| 123|0x0000000087b00000, 0x0000000087c00000, 0x0000000087c00000|100%| E|CS|TAMS 0x0000000087b00000, 0x0000000087b00000| Complete 
| 124|0x0000000087c00000, 0x0000000087d00000, 0x0000000087d00000|100%| E|CS|TAMS 0x0000000087c00000, 0x0000000087c00000| Complete 
| 125|0x0000000087d00000, 0x0000000087e00000, 0x0000000087e00000|100%| E|CS|TAMS 0x0000000087d00000, 0x0000000087d00000| Complete 

Card table byte_map: [0x000001d4d7590000,0x000001d4d7990000] _byte_map_base: 0x000001d4d7190000

Marking Bits (Prev, Next): (CMBitMap*) 0x000001d4c43a08c0, (CMBitMap*) 0x000001d4c43a0888
 Prev Bits: [0x000001d4d9d90000, 0x000001d4dbd90000)
 Next Bits: [0x000001d4d7d90000, 0x000001d4d9d90000)

Polling page: 0x000001d4c22f0000

Metaspace:

Usage:
  Non-class:     59.20 MB capacity,    58.15 MB ( 98%) used,   902.83 KB (  1%) free+waste,   169.50 KB ( <1%) overhead. 
      Class:      9.20 MB capacity,     8.63 MB ( 94%) used,   508.97 KB (  5%) free+waste,    79.06 KB ( <1%) overhead. 
       Both:     68.40 MB capacity,    66.78 MB ( 98%) used,     1.38 MB (  2%) free+waste,   248.56 KB ( <1%) overhead. 

Virtual space:
  Non-class space:       60.00 MB reserved,      59.38 MB ( 99%) committed 
      Class space:        1.00 GB reserved,       9.32 MB ( <1%) committed 
             Both:        1.06 GB reserved,      68.70 MB (  6%) committed 

Chunk freelists:
   Non-Class:  58.00 KB
       Class:  17.00 KB
        Both:  75.00 KB

MaxMetaspaceSize: 17179869184.00 GB
CompressedClassSpaceSize: 1.00 GB

CodeHeap 'non-profiled nmethods': size=120000Kb used=4404Kb max_used=4404Kb free=115595Kb
 bounds [0x000001d4cf930000, 0x000001d4cfd80000, 0x000001d4d6e60000]
CodeHeap 'profiled nmethods': size=120000Kb used=14851Kb max_used=14851Kb free=105148Kb
 bounds [0x000001d4c8400000, 0x000001d4c9290000, 0x000001d4cf930000]
CodeHeap 'non-nmethods': size=5760Kb used=2264Kb max_used=2331Kb free=3495Kb
 bounds [0x000001d4c7e60000, 0x000001d4c80d0000, 0x000001d4c8400000]
 total_blobs=7827 nmethods=6970 adapters=768
 compilation: enabled
              stopped_count=0, restarted_count=0
 full_count=0

Compilation events (20 events):
Event: 241.865 Thread 0x000001d4de7ff800 6987       3       org.gradle.internal.ImmutableActionSet::mergeFrom (37 bytes)
Event: 241.866 Thread 0x000001d4de7ff800 nmethod 6987 0x000001d4c9265d10 code [0x000001d4c9265f00, 0x000001d4c9266368]
Event: 241.888 Thread 0x000001d4de7ff800 6988       1       com.android.build.api.artifact.Artifact::getKind (5 bytes)
Event: 241.888 Thread 0x000001d4de7ff800 nmethod 6988 0x000001d4cfd7a490 code [0x000001d4cfd7a640, 0x000001d4cfd7a6f8]
Event: 241.984 Thread 0x000001d4de7ff800 6989       3       org.gradle.api.internal.DefaultNamedDomainObjectCollection$AbstractDomainObjectCreatingProvider::getName (5 bytes)
Event: 241.984 Thread 0x000001d4de7ff800 nmethod 6989 0x000001d4c9266490 code [0x000001d4c9266640, 0x000001d4c9266758]
Event: 241.996 Thread 0x000001d4de7ff800 6990       3       com.android.utils.StringHelper::appendCapitalized (309 bytes)
Event: 242.004 Thread 0x000001d4de7ff800 nmethod 6990 0x000001d4c9266810 code [0x000001d4c9266da0, 0x000001d4c92692a8]
Event: 242.009 Thread 0x000001d4e3004000 6991       4       com.google.common.collect.RegularImmutableSet::size (6 bytes)
Event: 242.011 Thread 0x000001d4e3004000 nmethod 6991 0x000001d4cfd7a790 code [0x000001d4cfd7a920, 0x000001d4cfd7a998]
Event: 242.020 Thread 0x000001d4de7ff800 6992       1       org.gradle.api.internal.provider.FlatMapProvider::getType (2 bytes)
Event: 242.020 Thread 0x000001d4de7ff800 nmethod 6992 0x000001d4cfd7aa10 code [0x000001d4cfd7abc0, 0x000001d4cfd7ac78]
Event: 242.066 Thread 0x000001d4de7ff800 6993       3       org.gradle.api.internal.DefaultDomainObjectCollection::assertMutableCollectionContents (1 bytes)
Event: 242.067 Thread 0x000001d4de7ff800 nmethod 6993 0x000001d4c926a090 code [0x000001d4c926a240, 0x000001d4c926a338]
Event: 242.101 Thread 0x000001d4de7ff800 6994       1       org.gradle.api.internal.DefaultNamedDomainObjectCollection::getInstantiator (5 bytes)
Event: 242.101 Thread 0x000001d4de7ff800 nmethod 6994 0x000001d4cfd7ad10 code [0x000001d4cfd7aec0, 0x000001d4cfd7af78]
Event: 242.166 Thread 0x000001d4de7ff800 6995       3       com.google.common.collect.ImmutableCollection$Builder::add (35 bytes)
Event: 242.166 Thread 0x000001d4de7ff800 nmethod 6995 0x000001d4c926a410 code [0x000001d4c926a5e0, 0x000001d4c926a888]
Event: 242.170 Thread 0x000001d4de7fc800 6996       4       java.util.jar.Manifest::getTrustedAttributes (57 bytes)
Event: 242.226 Thread 0x000001d4de7fc800 nmethod 6996 0x000001d4cfd7b010 code [0x000001d4cfd7b1e0, 0x000001d4cfd7b9e8]

GC Heap History (20 events):
Event: 216.926 GC heap before
{Heap before GC invocations=5 (full 0):
 garbage-first heap   total 129024K, used 71693K [0x0000000080000000, 0x0000000100000000)
  region size 1024K, 56 young (57344K), 2 survivors (2048K)
 Metaspace       used 26399K, capacity 26968K, committed 27132K, reserved 1073152K
  class space    used 3417K, capacity 3616K, committed 3660K, reserved 1048576K
}
Event: 216.936 GC heap after
{Heap after GC invocations=6 (full 0):
 garbage-first heap   total 129024K, used 19339K [0x0000000080000000, 0x0000000100000000)
  region size 1024K, 3 young (3072K), 3 survivors (3072K)
 Metaspace       used 26399K, capacity 26968K, committed 27132K, reserved 1073152K
  class space    used 3417K, capacity 3616K, committed 3660K, reserved 1048576K
}
Event: 220.197 GC heap before
{Heap before GC invocations=6 (full 0):
 garbage-first heap   total 129024K, used 77707K [0x0000000080000000, 0x0000000100000000)
  region size 1024K, 61 young (62464K), 3 survivors (3072K)
 Metaspace       used 35117K, capacity 35926K, committed 36048K, reserved 1081344K
  class space    used 4537K, capacity 4862K, committed 4940K, reserved 1048576K
}
Event: 220.228 GC heap after
{Heap after GC invocations=7 (full 0):
 garbage-first heap   total 129024K, used 22878K [0x0000000080000000, 0x0000000100000000)
  region size 1024K, 7 young (7168K), 7 survivors (7168K)
 Metaspace       used 35117K, capacity 35926K, committed 36048K, reserved 1081344K
  class space    used 4537K, capacity 4862K, committed 4940K, reserved 1048576K
}
Event: 223.272 GC heap before
{Heap before GC invocations=8 (full 0):
 garbage-first heap   total 129024K, used 86366K [0x0000000080000000, 0x0000000100000000)
  region size 1024K, 67 young (68608K), 7 survivors (7168K)
 Metaspace       used 39522K, capacity 40414K, committed 40656K, reserved 1085440K
  class space    used 5042K, capacity 5393K, committed 5452K, reserved 1048576K
}
Event: 223.303 GC heap after
{Heap after GC invocations=9 (full 0):
 garbage-first heap   total 129024K, used 27927K [0x0000000080000000, 0x0000000100000000)
  region size 1024K, 9 young (9216K), 9 survivors (9216K)
 Metaspace       used 39522K, capacity 40414K, committed 40656K, reserved 1085440K
  class space    used 5042K, capacity 5393K, committed 5452K, reserved 1048576K
}
Event: 226.587 GC heap before
{Heap before GC invocations=9 (full 0):
 garbage-first heap   total 129024K, used 89367K [0x0000000080000000, 0x0000000100000000)
  region size 1024K, 69 young (70656K), 9 survivors (9216K)
 Metaspace       used 45130K, capacity 46203K, committed 46288K, reserved 1089536K
  class space    used 5775K, capacity 6162K, committed 6220K, reserved 1048576K
}
Event: 226.613 GC heap after
{Heap after GC invocations=10 (full 0):
 garbage-first heap   total 129024K, used 30008K [0x0000000080000000, 0x0000000100000000)
  region size 1024K, 3 young (3072K), 3 survivors (3072K)
 Metaspace       used 45130K, capacity 46203K, committed 46288K, reserved 1089536K
  class space    used 5775K, capacity 6162K, committed 6220K, reserved 1048576K
}
Event: 229.828 GC heap before
{Heap before GC invocations=10 (full 0):
 garbage-first heap   total 129024K, used 94520K [0x0000000080000000, 0x0000000100000000)
  region size 1024K, 64 young (65536K), 3 survivors (3072K)
 Metaspace       used 48110K, capacity 49397K, committed 49488K, reserved 1091584K
  class space    used 6122K, capacity 6584K, committed 6604K, reserved 1048576K
}
Event: 229.844 GC heap after
{Heap after GC invocations=11 (full 0):
 garbage-first heap   total 129024K, used 36249K [0x0000000080000000, 0x0000000100000000)
  region size 1024K, 6 young (6144K), 6 survivors (6144K)
 Metaspace       used 48110K, capacity 49397K, committed 49488K, reserved 1091584K
  class space    used 6122K, capacity 6584K, committed 6604K, reserved 1048576K
}
Event: 232.954 GC heap before
{Heap before GC invocations=11 (full 0):
 garbage-first heap   total 129024K, used 97689K [0x0000000080000000, 0x0000000100000000)
  region size 1024K, 65 young (66560K), 6 survivors (6144K)
 Metaspace       used 54877K, capacity 56285K, committed 56528K, reserved 1097728K
  class space    used 6961K, capacity 7458K, committed 7500K, reserved 1048576K
}
Event: 232.975 GC heap after
{Heap after GC invocations=12 (full 0):
 garbage-first heap   total 129024K, used 45035K [0x0000000080000000, 0x0000000100000000)
  region size 1024K, 9 young (9216K), 9 survivors (9216K)
 Metaspace       used 54877K, capacity 56285K, committed 56528K, reserved 1097728K
  class space    used 6961K, capacity 7458K, committed 7500K, reserved 1048576K
}
Event: 234.688 GC heap before
{Heap before GC invocations=12 (full 0):
 garbage-first heap   total 129024K, used 70635K [0x0000000080000000, 0x0000000100000000)
  region size 1024K, 35 young (35840K), 9 survivors (9216K)
 Metaspace       used 58910K, capacity 60375K, committed 60496K, reserved 1101824K
  class space    used 7476K, capacity 8051K, committed 8140K, reserved 1048576K
}
Event: 234.726 GC heap after
{Heap after GC invocations=13 (full 0):
 garbage-first heap   total 129024K, used 47013K [0x0000000080000000, 0x0000000100000000)
  region size 1024K, 2 young (2048K), 2 survivors (2048K)
 Metaspace       used 58910K, capacity 60375K, committed 60496K, reserved 1101824K
  class space    used 7476K, capacity 8051K, committed 8140K, reserved 1048576K
}
Event: 237.506 GC heap before
{Heap before GC invocations=14 (full 0):
 garbage-first heap   total 129024K, used 87973K [0x0000000080000000, 0x0000000100000000)
  region size 1024K, 43 young (44032K), 2 survivors (2048K)
 Metaspace       used 62937K, capacity 64470K, committed 64848K, reserved 1105920K
  class space    used 7951K, capacity 8514K, committed 8652K, reserved 1048576K
}
Event: 237.519 GC heap after
{Heap after GC invocations=15 (full 0):
 garbage-first heap   total 129024K, used 51000K [0x0000000080000000, 0x0000000100000000)
  region size 1024K, 6 young (6144K), 6 survivors (6144K)
 Metaspace       used 62937K, capacity 64470K, committed 64848K, reserved 1105920K
  class space    used 7951K, capacity 8514K, committed 8652K, reserved 1048576K
}
Event: 239.117 GC heap before
{Heap before GC invocations=15 (full 0):
 garbage-first heap   total 129024K, used 94008K [0x0000000080000000, 0x0000000100000000)
  region size 1024K, 47 young (48128K), 6 survivors (6144K)
 Metaspace       used 64856K, capacity 66488K, committed 66640K, reserved 1107968K
  class space    used 8238K, capacity 8836K, committed 8908K, reserved 1048576K
}
Event: 239.133 GC heap after
{Heap after GC invocations=16 (full 0):
 garbage-first heap   total 129024K, used 53580K [0x0000000080000000, 0x0000000100000000)
  region size 1024K, 3 young (3072K), 3 survivors (3072K)
 Metaspace       used 64856K, capacity 66488K, committed 66640K, reserved 1107968K
  class space    used 8238K, capacity 8836K, committed 8908K, reserved 1048576K
}
Event: 241.831 GC heap before
{Heap before GC invocations=16 (full 0):
 garbage-first heap   total 129024K, used 95564K [0x0000000080000000, 0x0000000100000000)
  region size 1024K, 44 young (45056K), 3 survivors (3072K)
 Metaspace       used 67713K, capacity 69299K, committed 69328K, reserved 1110016K
  class space    used 8683K, capacity 9263K, committed 9292K, reserved 1048576K
}
Event: 241.846 GC heap after
{Heap after GC invocations=17 (full 0):
 garbage-first heap   total 129024K, used 56327K [0x0000000080000000, 0x0000000100000000)
  region size 1024K, 6 young (6144K), 6 survivors (6144K)
 Metaspace       used 67713K, capacity 69299K, committed 69328K, reserved 1110016K
  class space    used 8683K, capacity 9263K, committed 9292K, reserved 1048576K
}

Deoptimization events (20 events):
Event: 238.587 Thread 0x000001d4df2b9800 Uncommon trap: trap_request=0xffffff4d fr.pc=0x000001d4cfcc9dac relative=0x000000000000170c
Event: 238.587 Thread 0x000001d4df2b9800 Uncommon trap: reason=unstable_if action=reinterpret pc=0x000001d4cfcc9dac method=java.lang.ClassLoader.checkCerts(Ljava/lang/String;Ljava/security/CodeSource;)V @ 29 c2
Event: 238.587 Thread 0x000001d4df2b9800 DEOPT PACKING pc=0x000001d4cfcc9dac sp=0x000000c2c5bf7aa0
Event: 238.587 Thread 0x000001d4df2b9800 DEOPT UNPACKING pc=0x000001d4c7e8662f sp=0x000000c2c5bf7a08 mode 2
Event: 238.588 Thread 0x000001d4df2b9800 Uncommon trap: trap_request=0xffffff4d fr.pc=0x000001d4cfc5200c relative=0x0000000000000bcc
Event: 238.588 Thread 0x000001d4df2b9800 Uncommon trap: reason=unstable_if action=reinterpret pc=0x000001d4cfc5200c method=java.lang.ClassLoader.loadClass(Ljava/lang/String;Z)Ljava/lang/Class; @ 29 c2
Event: 238.588 Thread 0x000001d4df2b9800 DEOPT PACKING pc=0x000001d4cfc5200c sp=0x000000c2c5bf7490
Event: 238.588 Thread 0x000001d4df2b9800 DEOPT UNPACKING pc=0x000001d4c7e8662f sp=0x000000c2c5bf7458 mode 2
Event: 238.657 Thread 0x000001d4df2b9800 Uncommon trap: trap_request=0xffffff4d fr.pc=0x000001d4cfd22e3c relative=0x000000000000089c
Event: 238.657 Thread 0x000001d4df2b9800 Uncommon trap: reason=unstable_if action=reinterpret pc=0x000001d4cfd22e3c method=com.sun.beans.introspect.MethodInfo$MethodOrder.compare(Ljava/lang/reflect/Method;Ljava/lang/reflect/Method;)I @ 124 c2
Event: 238.657 Thread 0x000001d4df2b9800 DEOPT PACKING pc=0x000001d4cfd22e3c sp=0x000000c2c5bf74b0
Event: 238.657 Thread 0x000001d4df2b9800 DEOPT UNPACKING pc=0x000001d4c7e8662f sp=0x000000c2c5bf73e0 mode 2
Event: 238.790 Thread 0x000001d4df2b9800 Uncommon trap: trap_request=0xffffff4d fr.pc=0x000001d4cfae24ec relative=0x000000000000032c
Event: 238.790 Thread 0x000001d4df2b9800 Uncommon trap: reason=unstable_if action=reinterpret pc=0x000001d4cfae24ec method=java.util.StringJoiner.add(Ljava/lang/CharSequence;)Ljava/util/StringJoiner; @ 33 c2
Event: 238.790 Thread 0x000001d4df2b9800 DEOPT PACKING pc=0x000001d4cfae24ec sp=0x000000c2c5bf6030
Event: 238.790 Thread 0x000001d4df2b9800 DEOPT UNPACKING pc=0x000001d4c7e8662f sp=0x000000c2c5bf5fe0 mode 2
Event: 239.391 Thread 0x000001d4df2b9800 Uncommon trap: trap_request=0xffffff4d fr.pc=0x000001d4cfb2d280 relative=0x0000000000000f80
Event: 239.391 Thread 0x000001d4df2b9800 Uncommon trap: reason=unstable_if action=reinterpret pc=0x000001d4cfb2d280 method=org.codehaus.groovy.runtime.metaclass.MetaMethodIndex.isOverridden(Lgroovy/lang/MetaMethod;Lgroovy/lang/MetaMethod;)Z @ 33 c2
Event: 239.391 Thread 0x000001d4df2b9800 DEOPT PACKING pc=0x000001d4cfb2d280 sp=0x000000c2c5bf5010
Event: 239.391 Thread 0x000001d4df2b9800 DEOPT UNPACKING pc=0x000001d4c7e8662f sp=0x000000c2c5bf4f68 mode 2

Classes redefined (0 events):
No events

Internal exceptions (20 events):
Event: 239.413 Thread 0x000001d4df2b9800 Exception <a 'java/lang/ClassNotFoundException'{0x00000000870b9090}: com/android/build/gradle/internal/dsl/BuildType$AgpDecorated_DecoratedBeanInfo> (0x00000000870b9090) thrown at [./src/hotspot/share/classfile/systemDictionary.cpp, line 231]
Event: 239.415 Thread 0x000001d4df2b9800 Exception <a 'java/lang/ClassNotFoundException'{0x00000000870d57c8}: com/android/build/gradle/internal/dsl/BuildType$AgpDecoratedBeanInfo> (0x00000000870d57c8) thrown at [./src/hotspot/share/classfile/systemDictionary.cpp, line 231]
Event: 239.417 Thread 0x000001d4df2b9800 Exception <a 'java/lang/ClassNotFoundException'{0x00000000870ef8d0}: com/android/build/gradle/internal/dsl/BuildTypeBeanInfo> (0x00000000870ef8d0) thrown at [./src/hotspot/share/classfile/systemDictionary.cpp, line 231]
Event: 239.419 Thread 0x000001d4df2b9800 Exception <a 'java/lang/ClassNotFoundException'{0x0000000086f09a68}: com/android/builder/core/AbstractBuildTypeBeanInfo> (0x0000000086f09a68) thrown at [./src/hotspot/share/classfile/systemDictionary.cpp, line 231]
Event: 239.421 Thread 0x000001d4df2b9800 Exception <a 'java/lang/ClassNotFoundException'{0x0000000086f239e0}: com/android/builder/core/AbstractBuildTypeCustomizer> (0x0000000086f239e0) thrown at [./src/hotspot/share/classfile/systemDictionary.cpp, line 231]
Event: 239.425 Thread 0x000001d4df2b9800 Exception <a 'java/lang/ClassNotFoundException'{0x0000000086f5a038}: com/android/build/gradle/internal/dsl/BuildTypeCustomizer> (0x0000000086f5a038) thrown at [./src/hotspot/share/classfile/systemDictionary.cpp, line 231]
Event: 239.443 Thread 0x000001d4df2b9800 Exception <a 'java/lang/ClassNotFoundException'{0x0000000086fef5d0}: com/android/build/gradle/internal/dsl/BuildType$AgpDecoratedCustomizer> (0x0000000086fef5d0) thrown at [./src/hotspot/share/classfile/systemDictionary.cpp, line 231]
Event: 239.475 Thread 0x000001d4df2b9800 Exception <a 'java/lang/ClassNotFoundException'{0x0000000086e3d778}: com/android/build/gradle/internal/dsl/BuildType$AgpDecorated_DecoratedCustomizer> (0x0000000086e3d778) thrown at [./src/hotspot/share/classfile/systemDictionary.cpp, line 231]
Event: 239.491 Thread 0x000001d4df2b9800 Exception <a 'java/lang/ClassNotFoundException'{0x0000000086d0b3f0}: build_5n2h1ayqqkwr9j22o2jpej9ud$_run_closure1$_closure4BeanInfo> (0x0000000086d0b3f0) thrown at [./src/hotspot/share/classfile/systemDictionary.cpp, line 231]
Event: 239.492 Thread 0x000001d4df2b9800 Exception <a 'java/lang/ClassNotFoundException'{0x0000000086d1c998}: build_5n2h1ayqqkwr9j22o2jpej9ud$_run_closure1$_closure4Customizer> (0x0000000086d1c998) thrown at [./src/hotspot/share/classfile/systemDictionary.cpp, line 231]
Event: 239.498 Thread 0x000001d4df2b9800 Exception <a 'java/lang/ClassNotFoundException'{0x0000000086d4c1c0}: build_5n2h1ayqqkwr9j22o2jpej9ud$_run_closure1BeanInfo> (0x0000000086d4c1c0) thrown at [./src/hotspot/share/classfile/systemDictionary.cpp, line 231]
Event: 239.499 Thread 0x000001d4df2b9800 Exception <a 'java/lang/ClassNotFoundException'{0x0000000086d5cce0}: build_5n2h1ayqqkwr9j22o2jpej9ud$_run_closure1Customizer> (0x0000000086d5cce0) thrown at [./src/hotspot/share/classfile/systemDictionary.cpp, line 231]
Event: 239.512 Thread 0x000001d4df2b9800 Exception <a 'java/lang/ClassNotFoundException'{0x0000000086dbc4d0}: org/gradle/api/JavaVersionBeanInfo> (0x0000000086dbc4d0) thrown at [./src/hotspot/share/classfile/systemDictionary.cpp, line 231]
Event: 239.515 Thread 0x000001d4df2b9800 Exception <a 'java/lang/ClassNotFoundException'{0x0000000086de7348}: org/gradle/api/JavaVersionCustomizer> (0x0000000086de7348) thrown at [./src/hotspot/share/classfile/systemDictionary.cpp, line 231]
Event: 239.529 Thread 0x000001d4df2b9800 Exception <a 'java/lang/ClassNotFoundException'{0x0000000086c53ad0}: com/android/build/gradle/internal/CompileOptions$AgpDecorated_DecoratedBeanInfo> (0x0000000086c53ad0) thrown at [./src/hotspot/share/classfile/systemDictionary.cpp, line 231]
Event: 239.531 Thread 0x000001d4df2b9800 Exception <a 'java/lang/ClassNotFoundException'{0x0000000086c6f018}: com/android/build/gradle/internal/CompileOptions$AgpDecoratedBeanInfo> (0x0000000086c6f018) thrown at [./src/hotspot/share/classfile/systemDictionary.cpp, line 231]
Event: 239.533 Thread 0x000001d4df2b9800 Exception <a 'java/lang/ClassNotFoundException'{0x0000000086c888e8}: com/android/build/gradle/internal/CompileOptionsBeanInfo> (0x0000000086c888e8) thrown at [./src/hotspot/share/classfile/systemDictionary.cpp, line 231]
Event: 239.534 Thread 0x000001d4df2b9800 Exception <a 'java/lang/ClassNotFoundException'{0x0000000086ca22c8}: com/android/build/gradle/internal/CompileOptionsCustomizer> (0x0000000086ca22c8) thrown at [./src/hotspot/share/classfile/systemDictionary.cpp, line 231]
Event: 239.541 Thread 0x000001d4df2b9800 Exception <a 'java/lang/ClassNotFoundException'{0x0000000086cc9a48}: com/android/build/gradle/internal/CompileOptions$AgpDecoratedCustomizer> (0x0000000086cc9a48) thrown at [./src/hotspot/share/classfile/systemDictionary.cpp, line 231]
Event: 239.545 Thread 0x000001d4df2b9800 Exception <a 'java/lang/ClassNotFoundException'{0x0000000086cf49e8}: com/android/build/gradle/internal/CompileOptions$AgpDecorated_DecoratedCustomizer> (0x0000000086cf49e8) thrown at [./src/hotspot/share/classfile/systemDictionary.cpp, line 231]

Events (20 events):
Event: 242.165 loading class com/android/build/gradle/internal/scope/InternalArtifactType$APP_INTEGRITY_CONFIG
Event: 242.165 loading class com/android/build/gradle/internal/scope/InternalArtifactType$APP_INTEGRITY_CONFIG done
Event: 242.166 loading class com/android/build/gradle/internal/tasks/PackageBundleTask$CreationAction
Event: 242.166 loading class com/android/build/gradle/internal/tasks/PackageBundleTask$CreationAction done
Event: 242.168 loading class com/android/build/gradle/internal/tasks/PackageBundleTask
Event: 242.168 loading class com/android/build/gradle/internal/tasks/PackageBundleTask done
Event: 242.170 loading class com/android/build/gradle/internal/tasks/PackageBundleTask$CreationAction$handleProvider$1
Event: 242.170 loading class com/android/build/gradle/internal/tasks/PackageBundleTask$CreationAction$handleProvider$1 done
Event: 242.171 loading class com/android/build/gradle/internal/scope/InternalArtifactType$INTERMEDIARY_BUNDLE
Event: 242.171 loading class com/android/build/gradle/internal/scope/InternalArtifactType$INTERMEDIARY_BUNDLE done
Event: 242.172 loading class com/android/build/gradle/internal/tasks/FinalizeBundleTask$CreationAction
Event: 242.172 loading class com/android/build/gradle/internal/tasks/FinalizeBundleTask$CreationAction done
Event: 242.174 loading class com/android/build/gradle/internal/tasks/FinalizeBundleTask
Event: 242.174 loading class com/android/build/gradle/internal/tasks/FinalizeBundleTask done
Event: 242.176 loading class com/android/build/gradle/internal/tasks/FinalizeBundleTask$CreationAction$handleProvider$1
Event: 242.176 loading class com/android/build/gradle/internal/tasks/FinalizeBundleTask$CreationAction$handleProvider$1 done
Event: 242.177 loading class com/android/build/gradle/internal/tasks/BundleIdeModelProducerTask$CreationAction
Event: 242.177 loading class com/android/build/gradle/internal/tasks/BundleIdeModelProducerTask$CreationAction done
Event: 242.229 loading class com/android/build/gradle/internal/tasks/BundleIdeModelProducerTask
Event: 242.229 loading class com/android/build/gradle/internal/tasks/BundleIdeModelProducerTask done


Dynamic libraries:
0x00007ff659580000 - 0x00007ff65958a000 	C:\01)androidstudiofiles\02)androidstudioinstallationfiles\jre\bin\java.exe
0x00007ffe0b530000 - 0x00007ffe0b725000 	C:\WINDOWS\SYSTEM32\ntdll.dll
0x00007ffe0a850000 - 0x00007ffe0a90e000 	C:\WINDOWS\System32\KERNEL32.DLL
0x00007ffe09160000 - 0x00007ffe09428000 	C:\WINDOWS\System32\KERNELBASE.dll
0x00007ffe08f70000 - 0x00007ffe09070000 	C:\WINDOWS\System32\ucrtbase.dll
0x00007ffdff640000 - 0x00007ffdff659000 	C:\01)androidstudiofiles\02)androidstudioinstallationfiles\jre\bin\jli.dll
0x00007ffdff620000 - 0x00007ffdff637000 	C:\01)androidstudiofiles\02)androidstudioinstallationfiles\jre\bin\VCRUNTIME140.dll
0x00007ffe0a390000 - 0x00007ffe0a530000 	C:\WINDOWS\System32\USER32.dll
0x00007ffe08e80000 - 0x00007ffe08ea2000 	C:\WINDOWS\System32\win32u.dll
0x00007ffdef200000 - 0x00007ffdef49a000 	C:\WINDOWS\WinSxS\amd64_microsoft.windows.common-controls_6595b64144ccf1df_6.0.19041.1110_none_60b5254171f9507e\COMCTL32.dll
0x00007ffe09b20000 - 0x00007ffe09b4b000 	C:\WINDOWS\System32\GDI32.dll
0x00007ffe08d00000 - 0x00007ffe08e0b000 	C:\WINDOWS\System32\gdi32full.dll
0x00007ffe0a290000 - 0x00007ffe0a32e000 	C:\WINDOWS\System32\msvcrt.dll
0x00007ffe09070000 - 0x00007ffe0910d000 	C:\WINDOWS\System32\msvcp_win.dll
0x00007ffe09e20000 - 0x00007ffe09e50000 	C:\WINDOWS\System32\IMM32.DLL
0x00007ffdff1f0000 - 0x00007ffdff28d000 	C:\01)androidstudiofiles\02)androidstudioinstallationfiles\jre\bin\msvcp140.dll
0x00007ffdb2460000 - 0x00007ffdb2f35000 	C:\01)androidstudiofiles\02)androidstudioinstallationfiles\jre\bin\server\jvm.dll
0x00007ffe09c30000 - 0x00007ffe09cde000 	C:\WINDOWS\System32\ADVAPI32.dll
0x00007ffe0a530000 - 0x00007ffe0a5cc000 	C:\WINDOWS\System32\sechost.dll
0x00007ffe0a910000 - 0x00007ffe0aa35000 	C:\WINDOWS\System32\RPCRT4.dll
0x00007ffe096a0000 - 0x00007ffe096a8000 	C:\WINDOWS\System32\PSAPI.DLL
0x00007ffddf650000 - 0x00007ffddf659000 	C:\WINDOWS\SYSTEM32\WSOCK32.dll
0x00007ffde3c70000 - 0x00007ffde3c97000 	C:\WINDOWS\SYSTEM32\WINMM.dll
0x00007ffe0a5d0000 - 0x00007ffe0a63b000 	C:\WINDOWS\System32\WS2_32.dll
0x00007ffdfd620000 - 0x00007ffdfd62a000 	C:\WINDOWS\SYSTEM32\VERSION.dll
0x00007ffe074f0000 - 0x00007ffe07502000 	C:\WINDOWS\SYSTEM32\kernel.appcore.dll
0x00007ffdd9c30000 - 0x00007ffdd9c41000 	C:\01)androidstudiofiles\02)androidstudioinstallationfiles\jre\bin\verify.dll
0x00007ffe03a10000 - 0x00007ffe03bf4000 	C:\WINDOWS\SYSTEM32\DBGHELP.DLL
0x00007ffde97e0000 - 0x00007ffde980c000 	C:\WINDOWS\SYSTEM32\dbgcore.DLL
0x00007ffe08eb0000 - 0x00007ffe08f32000 	C:\WINDOWS\System32\bcryptPrimitives.dll
0x00007ffdc50d0000 - 0x00007ffdc50f9000 	C:\01)androidstudiofiles\02)androidstudioinstallationfiles\jre\bin\java.dll
0x00007ffddbb80000 - 0x00007ffddbb8b000 	C:\01)androidstudiofiles\02)androidstudioinstallationfiles\jre\bin\jimage.dll
0x00007ffdced90000 - 0x00007ffdceda8000 	C:\01)androidstudiofiles\02)androidstudioinstallationfiles\jre\bin\zip.dll
0x00007ffe0aa40000 - 0x00007ffe0b184000 	C:\WINDOWS\System32\SHELL32.dll
0x00007ffe03ce0000 - 0x00007ffe04474000 	C:\WINDOWS\SYSTEM32\windows.storage.dll
0x00007ffe0b190000 - 0x00007ffe0b4e4000 	C:\WINDOWS\System32\combase.dll
0x00007ffe086b0000 - 0x00007ffe086dc000 	C:\WINDOWS\SYSTEM32\Wldp.dll
0x00007ffe0a1e0000 - 0x00007ffe0a28d000 	C:\WINDOWS\System32\SHCORE.dll
0x00007ffe0a330000 - 0x00007ffe0a385000 	C:\WINDOWS\System32\shlwapi.dll
0x00007ffe08b90000 - 0x00007ffe08baf000 	C:\WINDOWS\SYSTEM32\profapi.dll
0x00007ffdc50b0000 - 0x00007ffdc50ca000 	C:\01)androidstudiofiles\02)androidstudioinstallationfiles\jre\bin\net.dll
0x00007ffe02960000 - 0x00007ffe02a69000 	C:\WINDOWS\SYSTEM32\WINHTTP.dll
0x00007ffe08410000 - 0x00007ffe0847a000 	C:\WINDOWS\system32\mswsock.dll
0x00007ffdc5090000 - 0x00007ffdc50a4000 	C:\01)androidstudiofiles\02)androidstudioinstallationfiles\jre\bin\nio.dll
0x00007ffdee6d0000 - 0x00007ffdee6f7000 	C:\Users\Admin\.gradle\native\e1d6ef7f7dcc3fd88c89a11ec53ec762bb8ba0a96d01ffa2cd45eb1d1d8dd5c5\windows-amd64\native-platform.dll
0x00007ffddbf10000 - 0x00007ffddc054000 	C:\Users\Admin\.gradle\native\5664cfc778a61ccfe75a443a1ab52a65af34e5dc3c78e0209fed803814484fcb\windows-amd64\native-platform-file-events.dll
0x00007ffdeedb0000 - 0x00007ffdeedba000 	C:\01)androidstudiofiles\02)androidstudioinstallationfiles\jre\bin\management.dll
0x00007ffdee1d0000 - 0x00007ffdee1dd000 	C:\01)androidstudiofiles\02)androidstudioinstallationfiles\jre\bin\management_ext.dll
0x00007ffe08600000 - 0x00007ffe08618000 	C:\WINDOWS\SYSTEM32\CRYPTSP.dll
0x00007ffe07d20000 - 0x00007ffe07d54000 	C:\WINDOWS\system32\rsaenh.dll
0x00007ffe08f40000 - 0x00007ffe08f67000 	C:\WINDOWS\System32\bcrypt.dll
0x00007ffe08b10000 - 0x00007ffe08b3e000 	C:\WINDOWS\SYSTEM32\USERENV.dll
0x00007ffe08620000 - 0x00007ffe0862c000 	C:\WINDOWS\SYSTEM32\CRYPTBASE.dll
0x00007ffe080b0000 - 0x00007ffe080eb000 	C:\WINDOWS\SYSTEM32\IPHLPAPI.DLL
0x00007ffe09c20000 - 0x00007ffe09c28000 	C:\WINDOWS\System32\NSI.dll
0x00007ffdf79e0000 - 0x00007ffdf79f7000 	C:\WINDOWS\SYSTEM32\dhcpcsvc6.DLL
0x00007ffdf62f0000 - 0x00007ffdf630d000 	C:\WINDOWS\SYSTEM32\dhcpcsvc.DLL
0x00007ffe080f0000 - 0x00007ffe081ba000 	C:\WINDOWS\SYSTEM32\DNSAPI.dll

dbghelp: loaded successfully - version: 4.0.5 - missing functions: none
symbol engine: initialized successfully - sym options: 0x614 - pdb path: .;C:\01)androidstudiofiles\02)androidstudioinstallationfiles\jre\bin;C:\WINDOWS\SYSTEM32;C:\WINDOWS\WinSxS\amd64_microsoft.windows.common-controls_6595b64144ccf1df_6.0.19041.1110_none_60b5254171f9507e;C:\01)androidstudiofiles\02)androidstudioinstallationfiles\jre\bin\server;C:\Users\Admin\.gradle\native\e1d6ef7f7dcc3fd88c89a11ec53ec762bb8ba0a96d01ffa2cd45eb1d1d8dd5c5\windows-amd64;C:\Users\Admin\.gradle\native\5664cfc778a61ccfe75a443a1ab52a65af34e5dc3c78e0209fed803814484fcb\windows-amd64

VM Arguments:
jvm_args: --add-opens=java.base/java.util=ALL-UNNAMED --add-opens=java.base/java.lang=ALL-UNNAMED --add-opens=java.base/java.lang.invoke=ALL-UNNAMED --add-opens=java.base/java.util=ALL-UNNAMED --add-opens=java.prefs/java.util.prefs=ALL-UNNAMED --add-opens=java.prefs/java.util.prefs=ALL-UNNAMED --add-opens=java.base/java.nio.charset=ALL-UNNAMED --add-opens=java.base/java.net=ALL-UNNAMED --add-opens=java.base/java.util.concurrent.atomic=ALL-UNNAMED -Xmx2048m -Dfile.encoding=UTF-8 -Duser.country=US -Duser.language=en -Duser.variant 
java_command: org.gradle.launcher.daemon.bootstrap.GradleDaemon 7.2
java_class_path (initial): C:\Users\Admin\.gradle\wrapper\dists\gradle-7.2-bin\2dnblmf4td7x66yl1d74lt32g\gradle-7.2\lib\gradle-launcher-7.2.jar
Launcher Type: SUN_STANDARD

[Global flags]
     intx CICompilerCount                          = 4                                         {product} {ergonomic}
     uint ConcGCThreads                            = 2                                         {product} {ergonomic}
     uint G1ConcRefinementThreads                  = 8                                         {product} {ergonomic}
   size_t G1HeapRegionSize                         = 1048576                                   {product} {ergonomic}
    uintx GCDrainStackTargetSize                   = 64                                        {product} {ergonomic}
   size_t InitialHeapSize                          = 132120576                                 {product} {ergonomic}
   size_t MarkStackSize                            = 4194304                                   {product} {ergonomic}
   size_t MaxHeapSize                              = 2147483648                                {product} {command line}
   size_t MaxNewSize                               = 1287651328                                {product} {ergonomic}
   size_t MinHeapDeltaBytes                        = 1048576                                   {product} {ergonomic}
    uintx NonNMethodCodeHeapSize                   = 5836300                                {pd product} {ergonomic}
    uintx NonProfiledCodeHeapSize                  = 122910970                              {pd product} {ergonomic}
    uintx ProfiledCodeHeapSize                     = 122910970                              {pd product} {ergonomic}
    uintx ReservedCodeCacheSize                    = 251658240                              {pd product} {ergonomic}
     bool SegmentedCodeCache                       = true                                      {product} {ergonomic}
     bool UseCompressedClassPointers               = true                                 {lp64_product} {ergonomic}
     bool UseCompressedOops                        = true                                 {lp64_product} {ergonomic}
     bool UseG1GC                                  = true                                      {product} {ergonomic}
     bool UseLargePagesIndividualAllocation        = false                                  {pd product} {ergonomic}

Logging:
Log output configuration:
 #0: stdout all=warning uptime,level,tags
 #1: stderr all=off uptime,level,tags

Environment Variables:
PATH=C:\Program Files (x86)\Common Files\Oracle\Java\javapath;C:\Program Files\Common Files\Oracle\Java\javapath;C:\ProgramData\Oracle\Java\javapath;C:\WINDOWS\system32;C:\WINDOWS;C:\WINDOWS\System32\Wbem;C:\WINDOWS\System32\WindowsPowerShell\v1.0\;C:\WINDOWS\System32\OpenSSH\;C:\Program Files\Java\jdk-14\bin;C:\Program Files\Git\cmd;C:\Program Files\nodejs\;C:\Users\Admin\AppData\Local\Microsoft\WindowsApps;C:\Users\Admin\AppData\Roaming\npm;
USERNAME=Admin
OS=Windows_NT
PROCESSOR_IDENTIFIER=Intel64 Family 6 Model 142 Stepping 10, GenuineIntel



---------------  S Y S T E M  ---------------

OS: Windows 10 , 64 bit Build 19041 (10.0.19041.1566)
OS uptime: 0 days 1:53 hours

CPU:total 8 (initial active 8) (4 cores per cpu, 2 threads per core) family 6 model 142 stepping 10 microcode 0xb4, cmov, cx8, fxsr, mmx, sse, sse2, sse3, ssse3, sse4.1, sse4.2, popcnt, avx, avx2, aes, clmul, erms, 3dnowpref, lzcnt, ht, tsc, tscinvbit, bmi1, bmi2, adx, fma

Memory: 4k page, system-wide physical 8026M (841M free)
TotalPageFile size 9050M (AvailPageFile size 14M)
current process WorkingSet (physical memory assigned to process): 354M, peak: 365M
current process commit charge ("private bytes"): 397M, peak: 408M

vm_info: OpenJDK 64-Bit Server VM (11.0.11+9-b60-7590822) for windows-amd64 JRE (11.0.11+9-b60-7590822), built on Jul 29 2021 21:43:44 by "builder" with MS VC++ 14.0 (VS2015)

END.
