#
# There is insufficient memory for the Java Runtime Environment to continue.
# Native memory allocation (malloc) failed to allocate 1900816 bytes for Chunk::new
# Possible reasons:
#   The system is out of physical RAM or swap space
#   The process is running with CompressedOops enabled, and the Java Heap may be blocking the growth of the native heap
# Possible solutions:
#   Reduce memory load on the system
#   Increase physical memory or swap space
#   Check if swap backing store is full
#   Decrease Java heap size (-Xmx/-Xms)
#   Decrease number of Java threads
#   Decrease Java thread stack sizes (-Xss)
#   Set larger code cache with -XX:ReservedCodeCacheSize=
#   JVM is running with Unscaled Compressed Oops mode in which the Java heap is
#     placed in the first 4GB address space. The Java Heap base address is the
#     maximum limit for the native heap growth. Please use -XX:HeapBaseMinAddress
#     to set the Java Heap base and to place the Java Heap above 4GB virtual address.
# This output file may be truncated or incomplete.
#
#  Out of Memory Error (./src/hotspot/share/memory/arena.cpp:197), pid=5028, tid=14524
#
# JRE version: OpenJDK Runtime Environment (11.0.11+9) (build 11.0.11+9-b60-7590822)
# Java VM: OpenJDK 64-Bit Server VM (11.0.11+9-b60-7590822, mixed mode, tiered, compressed oops, g1 gc, windows-amd64)
# No core dump will be written. Minidumps are not enabled by default on client versions of Windows
#

---------------  S U M M A R Y ------------

Command Line: --add-opens=java.base/java.util=ALL-UNNAMED --add-opens=java.base/java.lang=ALL-UNNAMED --add-opens=java.base/java.lang.invoke=ALL-UNNAMED --add-opens=java.base/java.util=ALL-UNNAMED --add-opens=java.prefs/java.util.prefs=ALL-UNNAMED --add-opens=java.prefs/java.util.prefs=ALL-UNNAMED --add-opens=java.base/java.nio.charset=ALL-UNNAMED --add-opens=java.base/java.net=ALL-UNNAMED --add-opens=java.base/java.util.concurrent.atomic=ALL-UNNAMED -Xmx2048m -Dfile.encoding=UTF-8 -Duser.country=US -Duser.language=en -Duser.variant org.gradle.launcher.daemon.bootstrap.GradleDaemon 7.2

Host: Intel(R) Core(TM) i7-8550U CPU @ 1.80GHz, 8 cores, 7G,  Windows 10 , 64 bit Build 19041 (10.0.19041.1566)
Time: Thu Apr  7 02:34:29 2022 Arab Standard Time elapsed time: 211.411293 seconds (0d 0h 3m 31s)

---------------  T H R E A D  ---------------

Current thread (0x000001816a3e9000):  JavaThread "C2 CompilerThread2" daemon [_thread_in_native, id=14524, stack(0x00000064cf500000,0x00000064cf600000)]


Current CompileTask:
C2: 211411 8163       4       sun.reflect.generics.parser.SignatureParser::parseClassTypeSignature (118 bytes)

Stack: [0x00000064cf500000,0x00000064cf600000]
Native frames: (J=compiled Java code, j=interpreted, Vv=VM code, C=native code)
V  [jvm.dll+0x5f214a]
V  [jvm.dll+0x726fb5]
V  [jvm.dll+0x7285cd]
V  [jvm.dll+0x728c83]
V  [jvm.dll+0x243278]
V  [jvm.dll+0xbc53c]
V  [jvm.dll+0xbca3c]
V  [jvm.dll+0x353e3b]
V  [jvm.dll+0x321893]
V  [jvm.dll+0x320d8a]
V  [jvm.dll+0x1fc1e2]
V  [jvm.dll+0x1fb3d4]
V  [jvm.dll+0x183d6c]
V  [jvm.dll+0x209a57]
V  [jvm.dll+0x2082a1]
V  [jvm.dll+0x6ef58f]
V  [jvm.dll+0x6e80b5]
V  [jvm.dll+0x5f1036]
C  [ucrtbase.dll+0x21bb2]
C  [KERNEL32.DLL+0x17034]
C  [ntdll.dll+0x52651]


---------------  P R O C E S S  ---------------

Threads class SMR info:
_java_thread_list=0x000001816ba842f0, length=125, elements={
0x000001814992f800, 0x0000018163da2000, 0x0000018163dab000, 0x0000018164722800,
0x0000018163dbc800, 0x0000018163dbe800, 0x0000018163dcf000, 0x0000018163dd0000,
0x0000018163dd3800, 0x000001816487a000, 0x0000018166ab7800, 0x00000181676c4800,
0x000001816520e000, 0x0000018164fc2000, 0x0000018165212800, 0x0000018165df1000,
0x00000181669d4000, 0x0000018164e91000, 0x0000018164e91800, 0x000001816489f800,
0x00000181648a4800, 0x00000181648a1800, 0x00000181648a3000, 0x00000181648a3800,
0x00000181648a2000, 0x000001816489f000, 0x00000181648a0800, 0x00000181648a5800,
0x0000018166248000, 0x0000018166248800, 0x0000018166249800, 0x000001816624a800,
0x0000018166247000, 0x0000018166245800, 0x000001816624b000, 0x000001816624c000,
0x0000018166246800, 0x0000018166252800, 0x000001816624d000, 0x000001816624e800,
0x0000018166b55000, 0x0000018166b52800, 0x0000018166b54800, 0x0000018166b53800,
0x0000018166b57000, 0x0000018166b51000, 0x0000018166b57800, 0x0000018166b52000,
0x0000018166b5c800, 0x0000018166b58800, 0x0000018166b5e000, 0x0000018166b5a000,
0x0000018166b5d800, 0x0000018166b5f000, 0x0000018166b5b800, 0x0000018166b59000,
0x0000018166b5b000, 0x000001816624d800, 0x0000018166778000, 0x0000018166777800,
0x000001816677a800, 0x0000018166775800, 0x0000018166779000, 0x0000018166776800,
0x000001816677a000, 0x0000018166775000, 0x000001816677f800, 0x000001816677b800,
0x0000018166781000, 0x000001816677d000, 0x000001816677e000, 0x000001816677c000,
0x0000018166780800, 0x0000018166782000, 0x0000018166783000, 0x0000018166783800,
0x000001816677e800, 0x0000018167d0b000, 0x0000018167d06000, 0x0000018167d0a000,
0x0000018167d07800, 0x0000018167d07000, 0x0000018167d08800, 0x0000018167d05000,
0x0000018167d09000, 0x0000018167d10800, 0x0000018167d11800, 0x0000018167d0e000,
0x0000018167d0b800, 0x0000018167d0f000, 0x0000018167d0c800, 0x0000018167d12000,
0x0000018167d13000, 0x0000018167d10000, 0x0000018167d0d800, 0x0000018167d14000,
0x0000018166982000, 0x000001816697c000, 0x000001816697e800, 0x000001816697f800,
0x0000018166982800, 0x0000018166981000, 0x000001816697d000, 0x0000018166980800,
0x0000018166983800, 0x000001816697e000, 0x0000018166987000, 0x0000018166986000,
0x0000018166988800, 0x0000018166985000, 0x0000018166987800, 0x0000018166989800,
0x000001816698a000, 0x0000018166984800, 0x000001816698b000, 0x000001816a3df000,
0x000001816a3e2800, 0x000001816a3dd800, 0x000001816a3e1800, 0x000001816a3dc800,
0x000001816a3e0000, 0x000001816a3e3800, 0x000001816a3e1000, 0x000001816a3de800,
0x000001816a3e9000
}

Java Threads: ( => current thread )
  0x000001814992f800 JavaThread "main" [_thread_blocked, id=2936, stack(0x00000064c6d00000,0x00000064c6e00000)]
  0x0000018163da2000 JavaThread "Reference Handler" daemon [_thread_blocked, id=3704, stack(0x00000064c7400000,0x00000064c7500000)]
  0x0000018163dab000 JavaThread "Finalizer" daemon [_thread_blocked, id=1908, stack(0x00000064c7500000,0x00000064c7600000)]
  0x0000018164722800 JavaThread "Signal Dispatcher" daemon [_thread_blocked, id=4256, stack(0x00000064c7600000,0x00000064c7700000)]
  0x0000018163dbc800 JavaThread "Attach Listener" daemon [_thread_blocked, id=4724, stack(0x00000064c7700000,0x00000064c7800000)]
  0x0000018163dbe800 JavaThread "Service Thread" daemon [_thread_blocked, id=13264, stack(0x00000064c7800000,0x00000064c7900000)]
  0x0000018163dcf000 JavaThread "C2 CompilerThread0" daemon [_thread_in_native, id=13684, stack(0x00000064c7900000,0x00000064c7a00000)]
  0x0000018163dd0000 JavaThread "C1 CompilerThread0" daemon [_thread_blocked, id=2900, stack(0x00000064c7a00000,0x00000064c7b00000)]
  0x0000018163dd3800 JavaThread "Sweeper thread" daemon [_thread_blocked, id=15556, stack(0x00000064c7b00000,0x00000064c7c00000)]
  0x000001816487a000 JavaThread "Common-Cleaner" daemon [_thread_blocked, id=7508, stack(0x00000064c7c00000,0x00000064c7d00000)]
  0x0000018166ab7800 JavaThread "Daemon health stats" [_thread_blocked, id=3780, stack(0x00000064c8200000,0x00000064c8300000)]
  0x00000181676c4800 JavaThread "Incoming local TCP Connector on port 54300" [_thread_in_native, id=6076, stack(0x00000064c6a00000,0x00000064c6b00000)]
  0x000001816520e000 JavaThread "Daemon periodic checks" [_thread_blocked, id=5588, stack(0x00000064c6b00000,0x00000064c6c00000)]
  0x0000018164fc2000 JavaThread "Daemon" [_thread_blocked, id=7056, stack(0x00000064c6c00000,0x00000064c6d00000)]
  0x0000018165212800 JavaThread "Handler for socket connection from /127.0.0.1:54300 to /127.0.0.1:54301" [_thread_in_native, id=1764, stack(0x00000064c7e00000,0x00000064c7f00000)]
  0x0000018165df1000 JavaThread "Cancel handler" [_thread_blocked, id=15640, stack(0x00000064c8100000,0x00000064c8200000)]
  0x00000181669d4000 JavaThread "Daemon worker" [_thread_in_native, id=12756, stack(0x00000064c8300000,0x00000064c8400000)]
  0x0000018164e91000 JavaThread "Asynchronous log dispatcher for DefaultDaemonConnection: socket connection from /127.0.0.1:54300 to /127.0.0.1:54301" [_thread_blocked, id=12912, stack(0x00000064c8400000,0x00000064c8500000)]
  0x0000018164e91800 JavaThread "Stdin handler" [_thread_blocked, id=11592, stack(0x00000064c8500000,0x00000064c8600000)]
  0x000001816489f800 JavaThread "Daemon client event forwarder" [_thread_blocked, id=2812, stack(0x00000064c8600000,0x00000064c8700000)]
  0x00000181648a4800 JavaThread "Cache worker for journal cache (C:\Users\Admin\.gradle\caches\journal-1)" [_thread_blocked, id=6008, stack(0x00000064c8d00000,0x00000064c8e00000)]
  0x00000181648a1800 JavaThread "File lock request listener" [_thread_in_native, id=15040, stack(0x00000064c8e00000,0x00000064c8f00000)]
  0x00000181648a3000 JavaThread "Cache worker for file hash cache (C:\Users\Admin\.gradle\caches\7.2\fileHashes)" [_thread_blocked, id=1936, stack(0x00000064c9000000,0x00000064c9100000)]
  0x00000181648a3800 JavaThread "File lock release action executor" [_thread_blocked, id=2428, stack(0x00000064c9100000,0x00000064c9200000)]
  0x00000181648a2000 JavaThread "Cache worker for file hash cache (C:\Users\Admin\login2\.gradle\7.2\fileHashes)" [_thread_blocked, id=14036, stack(0x00000064c9200000,0x00000064c9300000)]
  0x000001816489f000 JavaThread "File watcher server" daemon [_thread_in_native, id=10164, stack(0x00000064c9400000,0x00000064c9500000)]
  0x00000181648a0800 JavaThread "File watcher consumer" daemon [_thread_blocked, id=11548, stack(0x00000064c9500000,0x00000064c9600000)]
  0x00000181648a5800 JavaThread "jar transforms" [_thread_blocked, id=15296, stack(0x00000064c9600000,0x00000064c9700000)]
  0x0000018166248000 JavaThread "jar transforms Thread 2" [_thread_blocked, id=12004, stack(0x00000064c9700000,0x00000064c9800000)]
  0x0000018166248800 JavaThread "jar transforms Thread 3" [_thread_blocked, id=12684, stack(0x00000064c9800000,0x00000064c9900000)]
  0x0000018166249800 JavaThread "jar transforms Thread 4" [_thread_blocked, id=1304, stack(0x00000064c9900000,0x00000064c9a00000)]
  0x000001816624a800 JavaThread "jar transforms Thread 5" [_thread_blocked, id=12496, stack(0x00000064c9a00000,0x00000064c9b00000)]
  0x0000018166247000 JavaThread "jar transforms Thread 6" [_thread_blocked, id=13496, stack(0x00000064c9b00000,0x00000064c9c00000)]
  0x0000018166245800 JavaThread "jar transforms Thread 7" [_thread_blocked, id=9064, stack(0x00000064c9c00000,0x00000064c9d00000)]
  0x000001816624b000 JavaThread "jar transforms Thread 8" [_thread_blocked, id=13508, stack(0x00000064c9d00000,0x00000064c9e00000)]
  0x000001816624c000 JavaThread "Cache worker for checksums cache (C:\Users\Admin\login2\.gradle\checksums)" [_thread_blocked, id=8124, stack(0x00000064c9e00000,0x00000064c9f00000)]
  0x0000018166246800 JavaThread "Cache worker for cache directory md-supplier (C:\Users\Admin\.gradle\caches\7.2\md-supplier)" [_thread_blocked, id=7604, stack(0x00000064c9f00000,0x00000064ca000000)]
  0x0000018166252800 JavaThread "Cache worker for cache directory md-rule (C:\Users\Admin\.gradle\caches\7.2\md-rule)" [_thread_blocked, id=17128, stack(0x00000064ca100000,0x00000064ca200000)]
  0x000001816624d000 JavaThread "Cache worker for execution history cache (C:\Users\Admin\.gradle\caches\7.2\executionHistory)" [_thread_blocked, id=848, stack(0x00000064ca200000,0x00000064ca300000)]
  0x000001816624e800 JavaThread "Cache worker for file content cache (C:\Users\Admin\.gradle\caches\7.2\fileContent)" [_thread_blocked, id=10668, stack(0x00000064ca000000,0x00000064ca100000)]
  0x0000018166b55000 JavaThread "Cache worker for dependencies-accessors (C:\Users\Admin\login2\.gradle\7.2\dependencies-accessors)" [_thread_blocked, id=3736, stack(0x00000064ca300000,0x00000064ca400000)]
  0x0000018166b52800 JavaThread "Cache worker for Build Output Cleanup Cache (C:\Users\Admin\login2\.gradle\buildOutputCleanup)" [_thread_blocked, id=6116, stack(0x00000064ca400000,0x00000064ca500000)]
  0x0000018166b54800 JavaThread "Unconstrained build operations" [_thread_blocked, id=12676, stack(0x00000064c9300000,0x00000064c9400000)]
  0x0000018166b53800 JavaThread "Unconstrained build operations Thread 2" [_thread_blocked, id=8884, stack(0x00000064ca500000,0x00000064ca600000)]
  0x0000018166b57000 JavaThread "Unconstrained build operations Thread 3" [_thread_blocked, id=5480, stack(0x00000064ca600000,0x00000064ca700000)]
  0x0000018166b51000 JavaThread "Unconstrained build operations Thread 4" [_thread_blocked, id=16952, stack(0x00000064ca700000,0x00000064ca800000)]
  0x0000018166b57800 JavaThread "Unconstrained build operations Thread 5" [_thread_blocked, id=8496, stack(0x00000064ca800000,0x00000064ca900000)]
  0x0000018166b52000 JavaThread "Unconstrained build operations Thread 6" [_thread_blocked, id=10052, stack(0x00000064ca900000,0x00000064caa00000)]
  0x0000018166b5c800 JavaThread "Unconstrained build operations Thread 7" [_thread_blocked, id=8004, stack(0x00000064caa00000,0x00000064cab00000)]
  0x0000018166b58800 JavaThread "Unconstrained build operations Thread 8" [_thread_blocked, id=1292, stack(0x00000064cab00000,0x00000064cac00000)]
  0x0000018166b5e000 JavaThread "Unconstrained build operations Thread 9" [_thread_blocked, id=8584, stack(0x00000064cac00000,0x00000064cad00000)]
  0x0000018166b5a000 JavaThread "Unconstrained build operations Thread 10" [_thread_blocked, id=1544, stack(0x00000064cad00000,0x00000064cae00000)]
  0x0000018166b5d800 JavaThread "Unconstrained build operations Thread 11" [_thread_blocked, id=9004, stack(0x00000064cae00000,0x00000064caf00000)]
  0x0000018166b5f000 JavaThread "Unconstrained build operations Thread 12" [_thread_blocked, id=12476, stack(0x00000064caf00000,0x00000064cb000000)]
  0x0000018166b5b800 JavaThread "Unconstrained build operations Thread 13" [_thread_blocked, id=17104, stack(0x00000064cb000000,0x00000064cb100000)]
  0x0000018166b59000 JavaThread "Unconstrained build operations Thread 14" [_thread_blocked, id=17344, stack(0x00000064cb100000,0x00000064cb200000)]
  0x0000018166b5b000 JavaThread "Unconstrained build operations Thread 15" [_thread_blocked, id=14556, stack(0x00000064cb200000,0x00000064cb300000)]
  0x000001816624d800 JavaThread "Unconstrained build operations Thread 16" [_thread_blocked, id=9880, stack(0x00000064cb300000,0x00000064cb400000)]
  0x0000018166778000 JavaThread "Unconstrained build operations Thread 17" [_thread_blocked, id=9828, stack(0x00000064cb400000,0x00000064cb500000)]
  0x0000018166777800 JavaThread "Unconstrained build operations Thread 18" [_thread_blocked, id=3312, stack(0x00000064cb500000,0x00000064cb600000)]
  0x000001816677a800 JavaThread "Unconstrained build operations Thread 19" [_thread_blocked, id=15092, stack(0x00000064cb600000,0x00000064cb700000)]
  0x0000018166775800 JavaThread "Unconstrained build operations Thread 20" [_thread_blocked, id=9944, stack(0x00000064cb700000,0x00000064cb800000)]
  0x0000018166779000 JavaThread "Unconstrained build operations Thread 21" [_thread_blocked, id=13560, stack(0x00000064cb800000,0x00000064cb900000)]
  0x0000018166776800 JavaThread "Unconstrained build operations Thread 22" [_thread_blocked, id=8652, stack(0x00000064cb900000,0x00000064cba00000)]
  0x000001816677a000 JavaThread "Unconstrained build operations Thread 23" [_thread_blocked, id=7940, stack(0x00000064cba00000,0x00000064cbb00000)]
  0x0000018166775000 JavaThread "Unconstrained build operations Thread 24" [_thread_blocked, id=5388, stack(0x00000064cbb00000,0x00000064cbc00000)]
  0x000001816677f800 JavaThread "Unconstrained build operations Thread 25" [_thread_blocked, id=4936, stack(0x00000064cbc00000,0x00000064cbd00000)]
  0x000001816677b800 JavaThread "Unconstrained build operations Thread 26" [_thread_blocked, id=2224, stack(0x00000064cbd00000,0x00000064cbe00000)]
  0x0000018166781000 JavaThread "Unconstrained build operations Thread 27" [_thread_blocked, id=5192, stack(0x00000064cbe00000,0x00000064cbf00000)]
  0x000001816677d000 JavaThread "Unconstrained build operations Thread 28" [_thread_blocked, id=14048, stack(0x00000064cbf00000,0x00000064cc000000)]
  0x000001816677e000 JavaThread "Unconstrained build operations Thread 29" [_thread_blocked, id=816, stack(0x00000064cc000000,0x00000064cc100000)]
  0x000001816677c000 JavaThread "Unconstrained build operations Thread 30" [_thread_blocked, id=16036, stack(0x00000064cc100000,0x00000064cc200000)]
  0x0000018166780800 JavaThread "Unconstrained build operations Thread 31" [_thread_blocked, id=1360, stack(0x00000064cc200000,0x00000064cc300000)]
  0x0000018166782000 JavaThread "Unconstrained build operations Thread 32" [_thread_blocked, id=6084, stack(0x00000064cc300000,0x00000064cc400000)]
  0x0000018166783000 JavaThread "Unconstrained build operations Thread 33" [_thread_blocked, id=15836, stack(0x00000064cc400000,0x00000064cc500000)]
  0x0000018166783800 JavaThread "Unconstrained build operations Thread 34" [_thread_blocked, id=14404, stack(0x00000064cc500000,0x00000064cc600000)]
  0x000001816677e800 JavaThread "Unconstrained build operations Thread 35" [_thread_blocked, id=15716, stack(0x00000064cc600000,0x00000064cc700000)]
  0x0000018167d0b000 JavaThread "Unconstrained build operations Thread 36" [_thread_blocked, id=3516, stack(0x00000064cc700000,0x00000064cc800000)]
  0x0000018167d06000 JavaThread "Unconstrained build operations Thread 37" [_thread_blocked, id=8076, stack(0x00000064cc800000,0x00000064cc900000)]
  0x0000018167d0a000 JavaThread "Unconstrained build operations Thread 38" [_thread_blocked, id=5500, stack(0x00000064cc900000,0x00000064cca00000)]
  0x0000018167d07800 JavaThread "Unconstrained build operations Thread 39" [_thread_blocked, id=15012, stack(0x00000064cca00000,0x00000064ccb00000)]
  0x0000018167d07000 JavaThread "Unconstrained build operations Thread 40" [_thread_blocked, id=428, stack(0x00000064ccb00000,0x00000064ccc00000)]
  0x0000018167d08800 JavaThread "Unconstrained build operations Thread 41" [_thread_blocked, id=5424, stack(0x00000064ccc00000,0x00000064ccd00000)]
  0x0000018167d05000 JavaThread "Unconstrained build operations Thread 42" [_thread_blocked, id=10796, stack(0x00000064ccd00000,0x00000064cce00000)]
  0x0000018167d09000 JavaThread "Unconstrained build operations Thread 43" [_thread_blocked, id=2400, stack(0x00000064cce00000,0x00000064ccf00000)]
  0x0000018167d10800 JavaThread "Unconstrained build operations Thread 44" [_thread_blocked, id=5464, stack(0x00000064ccf00000,0x00000064cd000000)]
  0x0000018167d11800 JavaThread "Unconstrained build operations Thread 45" [_thread_blocked, id=16748, stack(0x00000064cd000000,0x00000064cd100000)]
  0x0000018167d0e000 JavaThread "Unconstrained build operations Thread 46" [_thread_blocked, id=15104, stack(0x00000064cd100000,0x00000064cd200000)]
  0x0000018167d0b800 JavaThread "Unconstrained build operations Thread 47" [_thread_blocked, id=12348, stack(0x00000064cd200000,0x00000064cd300000)]
  0x0000018167d0f000 JavaThread "Unconstrained build operations Thread 48" [_thread_blocked, id=13408, stack(0x00000064cd300000,0x00000064cd400000)]
  0x0000018167d0c800 JavaThread "Unconstrained build operations Thread 49" [_thread_blocked, id=5188, stack(0x00000064cd400000,0x00000064cd500000)]
  0x0000018167d12000 JavaThread "Unconstrained build operations Thread 50" [_thread_blocked, id=2012, stack(0x00000064cd500000,0x00000064cd600000)]
  0x0000018167d13000 JavaThread "Unconstrained build operations Thread 51" [_thread_blocked, id=11624, stack(0x00000064cd600000,0x00000064cd700000)]
  0x0000018167d10000 JavaThread "Unconstrained build operations Thread 52" [_thread_blocked, id=2116, stack(0x00000064cd700000,0x00000064cd800000)]
  0x0000018167d0d800 JavaThread "Unconstrained build operations Thread 53" [_thread_blocked, id=15148, stack(0x00000064cd800000,0x00000064cd900000)]
  0x0000018167d14000 JavaThread "Unconstrained build operations Thread 54" [_thread_blocked, id=13852, stack(0x00000064cd900000,0x00000064cda00000)]
  0x0000018166982000 JavaThread "Unconstrained build operations Thread 55" [_thread_blocked, id=7352, stack(0x00000064cda00000,0x00000064cdb00000)]
  0x000001816697c000 JavaThread "Unconstrained build operations Thread 56" [_thread_blocked, id=9664, stack(0x00000064cdb00000,0x00000064cdc00000)]
  0x000001816697e800 JavaThread "Unconstrained build operations Thread 57" [_thread_blocked, id=15576, stack(0x00000064cdc00000,0x00000064cdd00000)]
  0x000001816697f800 JavaThread "Unconstrained build operations Thread 58" [_thread_blocked, id=13880, stack(0x00000064cdd00000,0x00000064cde00000)]
  0x0000018166982800 JavaThread "Unconstrained build operations Thread 59" [_thread_blocked, id=12108, stack(0x00000064cde00000,0x00000064cdf00000)]
  0x0000018166981000 JavaThread "Unconstrained build operations Thread 60" [_thread_blocked, id=16068, stack(0x00000064cdf00000,0x00000064ce000000)]
  0x000001816697d000 JavaThread "Unconstrained build operations Thread 61" [_thread_blocked, id=6432, stack(0x00000064ce000000,0x00000064ce100000)]
  0x0000018166980800 JavaThread "Unconstrained build operations Thread 62" [_thread_blocked, id=16188, stack(0x00000064ce100000,0x00000064ce200000)]
  0x0000018166983800 JavaThread "Unconstrained build operations Thread 63" [_thread_blocked, id=16568, stack(0x00000064ce200000,0x00000064ce300000)]
  0x000001816697e000 JavaThread "Unconstrained build operations Thread 64" [_thread_blocked, id=2976, stack(0x00000064ce300000,0x00000064ce400000)]
  0x0000018166987000 JavaThread "Unconstrained build operations Thread 65" [_thread_blocked, id=2196, stack(0x00000064ce400000,0x00000064ce500000)]
  0x0000018166986000 JavaThread "Unconstrained build operations Thread 66" [_thread_blocked, id=3124, stack(0x00000064ce500000,0x00000064ce600000)]
  0x0000018166988800 JavaThread "Unconstrained build operations Thread 67" [_thread_blocked, id=12724, stack(0x00000064ce600000,0x00000064ce700000)]
  0x0000018166985000 JavaThread "Unconstrained build operations Thread 68" [_thread_blocked, id=16444, stack(0x00000064ce700000,0x00000064ce800000)]
  0x0000018166987800 JavaThread "Unconstrained build operations Thread 69" [_thread_blocked, id=1204, stack(0x00000064ce800000,0x00000064ce900000)]
  0x0000018166989800 JavaThread "Unconstrained build operations Thread 70" [_thread_blocked, id=784, stack(0x00000064ce900000,0x00000064cea00000)]
  0x000001816698a000 JavaThread "Unconstrained build operations Thread 71" [_thread_blocked, id=12212, stack(0x00000064cea00000,0x00000064ceb00000)]
  0x0000018166984800 JavaThread "Unconstrained build operations Thread 72" [_thread_blocked, id=16652, stack(0x00000064ceb00000,0x00000064cec00000)]
  0x000001816698b000 JavaThread "Unconstrained build operations Thread 73" [_thread_blocked, id=8620, stack(0x00000064cec00000,0x00000064ced00000)]
  0x000001816a3df000 JavaThread "Unconstrained build operations Thread 74" [_thread_blocked, id=3688, stack(0x00000064ced00000,0x00000064cee00000)]
  0x000001816a3e2800 JavaThread "Unconstrained build operations Thread 75" [_thread_blocked, id=14228, stack(0x00000064cee00000,0x00000064cef00000)]
  0x000001816a3dd800 JavaThread "Unconstrained build operations Thread 76" [_thread_blocked, id=4316, stack(0x00000064cef00000,0x00000064cf000000)]
  0x000001816a3e1800 JavaThread "Unconstrained build operations Thread 77" [_thread_blocked, id=2280, stack(0x00000064cf000000,0x00000064cf100000)]
  0x000001816a3dc800 JavaThread "Unconstrained build operations Thread 78" [_thread_blocked, id=15676, stack(0x00000064cf100000,0x00000064cf200000)]
  0x000001816a3e0000 JavaThread "Unconstrained build operations Thread 79" [_thread_blocked, id=13924, stack(0x00000064cf200000,0x00000064cf300000)]
  0x000001816a3e3800 JavaThread "Unconstrained build operations Thread 80" [_thread_blocked, id=472, stack(0x00000064cf300000,0x00000064cf400000)]
  0x000001816a3e1000 JavaThread "Memory manager" [_thread_blocked, id=212, stack(0x00000064cf600000,0x00000064cf700000)]
  0x000001816a3de800 JavaThread "C2 CompilerThread1" daemon [_thread_in_native, id=8704, stack(0x00000064cf400000,0x00000064cf500000)]
=>0x000001816a3e9000 JavaThread "C2 CompilerThread2" daemon [_thread_in_native, id=14524, stack(0x00000064cf500000,0x00000064cf600000)]

Other Threads:
  0x0000018163da0800 VMThread "VM Thread" [stack: 0x00000064c7300000,0x00000064c7400000] [id=144]
  0x00000181648af000 WatcherThread [stack: 0x00000064c7d00000,0x00000064c7e00000] [id=13232]
  0x0000018149942000 GCTaskThread "GC Thread#0" [stack: 0x00000064c6e00000,0x00000064c6f00000] [id=6188]
  0x0000018165282800 GCTaskThread "GC Thread#1" [stack: 0x00000064c7f00000,0x00000064c8000000] [id=15724]
  0x0000018165334800 GCTaskThread "GC Thread#2" [stack: 0x00000064c8000000,0x00000064c8100000] [id=16324]
  0x00000181669d5800 GCTaskThread "GC Thread#3" [stack: 0x00000064c8700000,0x00000064c8800000] [id=10384]
  0x0000018164e92800 GCTaskThread "GC Thread#4" [stack: 0x00000064c8800000,0x00000064c8900000] [id=12948]
  0x0000018165d7a800 GCTaskThread "GC Thread#5" [stack: 0x00000064c8900000,0x00000064c8a00000] [id=2632]
  0x0000018164f2b000 GCTaskThread "GC Thread#6" [stack: 0x00000064c8a00000,0x00000064c8b00000] [id=6364]
  0x00000181668fc800 GCTaskThread "GC Thread#7" [stack: 0x00000064c8b00000,0x00000064c8c00000] [id=6176]
  0x0000018149979000 ConcurrentGCThread "G1 Main Marker" [stack: 0x00000064c6f00000,0x00000064c7000000] [id=12864]
  0x000001814997a000 ConcurrentGCThread "G1 Conc#0" [stack: 0x00000064c7000000,0x00000064c7100000] [id=15272]
  0x0000018165367800 ConcurrentGCThread "G1 Conc#1" [stack: 0x00000064c8f00000,0x00000064c9000000] [id=2540]
  0x0000018163bf0800 ConcurrentGCThread "G1 Refine#0" [stack: 0x00000064c7100000,0x00000064c7200000] [id=3772]
  0x000001816629d800 ConcurrentGCThread "G1 Refine#1" [stack: 0x00000064c8c00000,0x00000064c8d00000] [id=240]
  0x0000018163bf1800 ConcurrentGCThread "G1 Young RemSet Sampling" [stack: 0x00000064c7200000,0x00000064c7300000] [id=9728]

Threads with active compile tasks:
C2 CompilerThread0 211541 8162       4       sun.reflect.generics.parser.SignatureParser::parsePackageNameAndSimpleClassTypeSignature (119 bytes)
C2 CompilerThread1 211542 7999 %     4       org.gradle.internal.instantiation.generator.AbstractClassGenerator::inspectType @ 250 (560 bytes)
C2 CompilerThread2 211542 8163       4       sun.reflect.generics.parser.SignatureParser::parseClassTypeSignature (118 bytes)

VM state:not at safepoint (normal execution)

VM Mutex/Monitor currently owned by a thread: None

Heap address: 0x0000000080000000, size: 2048 MB, Compressed Oops mode: 32-bit
Narrow klass base: 0x0000000000000000, Narrow klass shift: 3
Compressed class space size: 1073741824 Address: 0x0000000100000000

Heap:
 garbage-first heap   total 129024K, used 85938K [0x0000000080000000, 0x0000000100000000)
  region size 1024K, 6 young (6144K), 4 survivors (4096K)
 Metaspace       used 76743K, capacity 78859K, committed 79024K, reserved 1118208K
  class space    used 9970K, capacity 10685K, committed 10752K, reserved 1048576K
Heap Regions: E=young(eden), S=young(survivor), O=old, HS=humongous(starts), HC=humongous(continues), CS=collection set, F=free, A=archive, TAMS=top-at-mark-start (previous, next)
|   0|0x0000000080000000, 0x0000000080100000, 0x0000000080100000|100%| O|  |TAMS 0x0000000080100000, 0x0000000080100000| Untracked 
|   1|0x0000000080100000, 0x0000000080200000, 0x0000000080200000|100%| O|  |TAMS 0x0000000080200000, 0x0000000080200000| Untracked 
|   2|0x0000000080200000, 0x0000000080300000, 0x0000000080300000|100%| O|  |TAMS 0x0000000080300000, 0x0000000080300000| Untracked 
|   3|0x0000000080300000, 0x0000000080400000, 0x0000000080400000|100%|HS|  |TAMS 0x0000000080400000, 0x0000000080400000| Complete 
|   4|0x0000000080400000, 0x0000000080500000, 0x0000000080500000|100%|HC|  |TAMS 0x0000000080500000, 0x0000000080500000| Complete 
|   5|0x0000000080500000, 0x0000000080600000, 0x0000000080600000|100%|HC|  |TAMS 0x0000000080600000, 0x0000000080600000| Complete 
|   6|0x0000000080600000, 0x0000000080700000, 0x0000000080700000|100%| O|  |TAMS 0x0000000080700000, 0x0000000080700000| Untracked 
|   7|0x0000000080700000, 0x0000000080800000, 0x0000000080800000|100%| O|  |TAMS 0x0000000080800000, 0x0000000080800000| Untracked 
|   8|0x0000000080800000, 0x0000000080900000, 0x0000000080900000|100%| O|  |TAMS 0x0000000080900000, 0x0000000080900000| Untracked 
|   9|0x0000000080900000, 0x0000000080a00000, 0x0000000080a00000|100%| O|  |TAMS 0x0000000080a00000, 0x0000000080a00000| Untracked 
|  10|0x0000000080a00000, 0x0000000080b00000, 0x0000000080b00000|100%| O|  |TAMS 0x0000000080b00000, 0x0000000080b00000| Untracked 
|  11|0x0000000080b00000, 0x0000000080c00000, 0x0000000080c00000|100%| O|  |TAMS 0x0000000080c00000, 0x0000000080c00000| Untracked 
|  12|0x0000000080c00000, 0x0000000080d00000, 0x0000000080d00000|100%| O|  |TAMS 0x0000000080d00000, 0x0000000080d00000| Untracked 
|  13|0x0000000080d00000, 0x0000000080e00000, 0x0000000080e00000|100%| O|  |TAMS 0x0000000080e00000, 0x0000000080e00000| Untracked 
|  14|0x0000000080e00000, 0x0000000080f00000, 0x0000000080f00000|100%| O|  |TAMS 0x0000000080f00000, 0x0000000080f00000| Untracked 
|  15|0x0000000080f00000, 0x0000000081000000, 0x0000000081000000|100%| O|  |TAMS 0x0000000081000000, 0x0000000081000000| Untracked 
|  16|0x0000000081000000, 0x0000000081100000, 0x0000000081100000|100%|HS|  |TAMS 0x0000000081100000, 0x0000000081100000| Complete 
|  17|0x0000000081100000, 0x0000000081200000, 0x0000000081200000|100%|HC|  |TAMS 0x0000000081200000, 0x0000000081200000| Complete 
|  18|0x0000000081200000, 0x0000000081300000, 0x0000000081300000|100%|HS|  |TAMS 0x0000000081300000, 0x0000000081300000| Complete 
|  19|0x0000000081300000, 0x0000000081400000, 0x0000000081400000|100%|HC|  |TAMS 0x0000000081400000, 0x0000000081400000| Complete 
|  20|0x0000000081400000, 0x0000000081500000, 0x0000000081500000|100%|HC|  |TAMS 0x0000000081500000, 0x0000000081500000| Complete 
|  21|0x0000000081500000, 0x0000000081600000, 0x0000000081600000|100%|HS|  |TAMS 0x0000000081600000, 0x0000000081600000| Complete 
|  22|0x0000000081600000, 0x0000000081700000, 0x0000000081700000|100%|HC|  |TAMS 0x0000000081700000, 0x0000000081700000| Complete 
|  23|0x0000000081700000, 0x0000000081800000, 0x0000000081800000|100%|HC|  |TAMS 0x0000000081800000, 0x0000000081800000| Complete 
|  24|0x0000000081800000, 0x0000000081900000, 0x0000000081900000|100%|HC|  |TAMS 0x0000000081900000, 0x0000000081900000| Complete 
|  25|0x0000000081900000, 0x0000000081a00000, 0x0000000081a00000|100%| O|  |TAMS 0x0000000081a00000, 0x0000000081a00000| Untracked 
|  26|0x0000000081a00000, 0x0000000081b00000, 0x0000000081b00000|100%| O|  |TAMS 0x0000000081b00000, 0x0000000081b00000| Untracked 
|  27|0x0000000081b00000, 0x0000000081c00000, 0x0000000081c00000|100%| O|  |TAMS 0x0000000081c00000, 0x0000000081c00000| Untracked 
|  28|0x0000000081c00000, 0x0000000081d00000, 0x0000000081d00000|100%| O|  |TAMS 0x0000000081d00000, 0x0000000081d00000| Untracked 
|  29|0x0000000081d00000, 0x0000000081e00000, 0x0000000081e00000|100%| O|  |TAMS 0x0000000081e00000, 0x0000000081e00000| Untracked 
|  30|0x0000000081e00000, 0x0000000081f00000, 0x0000000081f00000|100%| O|  |TAMS 0x0000000081f00000, 0x0000000081f00000| Untracked 
|  31|0x0000000081f00000, 0x0000000082000000, 0x0000000082000000|100%| O|  |TAMS 0x0000000082000000, 0x0000000082000000| Untracked 
|  32|0x0000000082000000, 0x0000000082100000, 0x0000000082100000|100%| O|  |TAMS 0x0000000082100000, 0x0000000082100000| Untracked 
|  33|0x0000000082100000, 0x0000000082200000, 0x0000000082200000|100%|HS|  |TAMS 0x0000000082200000, 0x0000000082200000| Complete 
|  34|0x0000000082200000, 0x0000000082300000, 0x0000000082300000|100%|HC|  |TAMS 0x0000000082300000, 0x0000000082300000| Complete 
|  35|0x0000000082300000, 0x0000000082400000, 0x0000000082400000|100%|HC|  |TAMS 0x0000000082400000, 0x0000000082400000| Complete 
|  36|0x0000000082400000, 0x0000000082500000, 0x0000000082500000|100%| O|  |TAMS 0x0000000082500000, 0x0000000082500000| Untracked 
|  37|0x0000000082500000, 0x0000000082600000, 0x0000000082600000|100%| O|  |TAMS 0x0000000082600000, 0x0000000082600000| Untracked 
|  38|0x0000000082600000, 0x0000000082700000, 0x0000000082700000|100%| O|  |TAMS 0x0000000082700000, 0x0000000082700000| Untracked 
|  39|0x0000000082700000, 0x0000000082800000, 0x0000000082800000|100%| O|  |TAMS 0x0000000082800000, 0x0000000082800000| Untracked 
|  40|0x0000000082800000, 0x0000000082900000, 0x0000000082900000|100%| O|  |TAMS 0x0000000082900000, 0x0000000082900000| Untracked 
|  41|0x0000000082900000, 0x0000000082a00000, 0x0000000082a00000|100%| O|  |TAMS 0x0000000082a00000, 0x0000000082a00000| Untracked 
|  42|0x0000000082a00000, 0x0000000082b00000, 0x0000000082b00000|100%|HS|  |TAMS 0x0000000082b00000, 0x0000000082b00000| Complete 
|  43|0x0000000082b00000, 0x0000000082c00000, 0x0000000082c00000|100%|HC|  |TAMS 0x0000000082c00000, 0x0000000082c00000| Complete 
|  44|0x0000000082c00000, 0x0000000082d00000, 0x0000000082d00000|100%|HC|  |TAMS 0x0000000082d00000, 0x0000000082d00000| Complete 
|  45|0x0000000082d00000, 0x0000000082e00000, 0x0000000082e00000|100%|HC|  |TAMS 0x0000000082e00000, 0x0000000082e00000| Complete 
|  46|0x0000000082e00000, 0x0000000082f00000, 0x0000000082f00000|100%| O|  |TAMS 0x0000000082f00000, 0x0000000082f00000| Untracked 
|  47|0x0000000082f00000, 0x0000000083000000, 0x0000000083000000|100%| O|  |TAMS 0x0000000083000000, 0x0000000083000000| Untracked 
|  48|0x0000000083000000, 0x0000000083100000, 0x0000000083100000|100%| O|  |TAMS 0x0000000083100000, 0x0000000083100000| Untracked 
|  49|0x0000000083100000, 0x0000000083200000, 0x0000000083200000|100%| O|  |TAMS 0x0000000083200000, 0x0000000083200000| Untracked 
|  50|0x0000000083200000, 0x0000000083300000, 0x0000000083300000|100%| O|  |TAMS 0x0000000083300000, 0x0000000083300000| Untracked 
|  51|0x0000000083300000, 0x0000000083400000, 0x0000000083400000|100%| O|  |TAMS 0x0000000083400000, 0x0000000083400000| Untracked 
|  52|0x0000000083400000, 0x0000000083500000, 0x0000000083500000|100%| O|  |TAMS 0x0000000083500000, 0x0000000083500000| Untracked 
|  53|0x0000000083500000, 0x0000000083600000, 0x0000000083600000|100%|HS|  |TAMS 0x0000000083600000, 0x0000000083600000| Complete 
|  54|0x0000000083600000, 0x0000000083700000, 0x0000000083700000|100%|HS|  |TAMS 0x0000000083700000, 0x0000000083700000| Complete 
|  55|0x0000000083700000, 0x0000000083800000, 0x0000000083800000|100%|HS|  |TAMS 0x0000000083800000, 0x0000000083800000| Complete 
|  56|0x0000000083800000, 0x0000000083900000, 0x0000000083900000|100%| O|  |TAMS 0x0000000083900000, 0x0000000083900000| Untracked 
|  57|0x0000000083900000, 0x0000000083a00000, 0x0000000083a00000|100%| O|  |TAMS 0x0000000083a00000, 0x0000000083a00000| Untracked 
|  58|0x0000000083a00000, 0x0000000083b00000, 0x0000000083b00000|100%| O|  |TAMS 0x0000000083b00000, 0x0000000083b00000| Untracked 
|  59|0x0000000083b00000, 0x0000000083c00000, 0x0000000083c00000|100%| O|  |TAMS 0x0000000083c00000, 0x0000000083c00000| Untracked 
|  60|0x0000000083c00000, 0x0000000083d00000, 0x0000000083d00000|100%| O|  |TAMS 0x0000000083d00000, 0x0000000083d00000| Untracked 
|  61|0x0000000083d00000, 0x0000000083e00000, 0x0000000083e00000|100%|HS|  |TAMS 0x0000000083e00000, 0x0000000083e00000| Complete 
|  62|0x0000000083e00000, 0x0000000083f00000, 0x0000000083f00000|100%|HC|  |TAMS 0x0000000083f00000, 0x0000000083f00000| Complete 
|  63|0x0000000083f00000, 0x0000000084000000, 0x0000000084000000|100%| O|  |TAMS 0x0000000084000000, 0x0000000084000000| Untracked 
|  64|0x0000000084000000, 0x0000000084100000, 0x0000000084100000|100%| O|  |TAMS 0x0000000084100000, 0x0000000084100000| Untracked 
|  65|0x0000000084100000, 0x0000000084200000, 0x0000000084200000|100%| O|  |TAMS 0x0000000084200000, 0x0000000084200000| Untracked 
|  66|0x0000000084200000, 0x0000000084300000, 0x0000000084300000|100%| O|  |TAMS 0x0000000084300000, 0x0000000084300000| Untracked 
|  67|0x0000000084300000, 0x0000000084400000, 0x0000000084400000|100%| O|  |TAMS 0x0000000084400000, 0x0000000084400000| Untracked 
|  68|0x0000000084400000, 0x0000000084500000, 0x0000000084500000|100%| O|  |TAMS 0x0000000084500000, 0x0000000084500000| Untracked 
|  69|0x0000000084500000, 0x0000000084600000, 0x0000000084600000|100%| O|  |TAMS 0x0000000084600000, 0x0000000084600000| Untracked 
|  70|0x0000000084600000, 0x0000000084700000, 0x0000000084700000|100%| O|  |TAMS 0x0000000084700000, 0x0000000084700000| Untracked 
|  71|0x0000000084700000, 0x0000000084800000, 0x0000000084800000|100%| O|  |TAMS 0x0000000084800000, 0x0000000084800000| Untracked 
|  72|0x0000000084800000, 0x0000000084900000, 0x0000000084900000|100%| O|  |TAMS 0x0000000084900000, 0x0000000084900000| Untracked 
|  73|0x0000000084900000, 0x0000000084a00000, 0x0000000084a00000|100%| O|  |TAMS 0x0000000084a00000, 0x0000000084a00000| Untracked 
|  74|0x0000000084a00000, 0x0000000084b00000, 0x0000000084b00000|100%| O|  |TAMS 0x0000000084a48600, 0x0000000084b00000| Untracked 
|  75|0x0000000084b00000, 0x0000000084c00000, 0x0000000084c00000|100%| O|  |TAMS 0x0000000084c00000, 0x0000000084c00000| Untracked 
|  76|0x0000000084c00000, 0x0000000084d00000, 0x0000000084d00000|100%| O|  |TAMS 0x0000000084d00000, 0x0000000084d00000| Untracked 
|  77|0x0000000084d00000, 0x0000000084e00000, 0x0000000084e00000|100%| O|  |TAMS 0x0000000084d00000, 0x0000000084e00000| Untracked 
|  78|0x0000000084e00000, 0x0000000084f00000, 0x0000000084f00000|100%| O|  |TAMS 0x0000000084e00000, 0x0000000084f00000| Untracked 
|  79|0x0000000084f00000, 0x0000000084fc5200, 0x0000000085000000| 77%| O|  |TAMS 0x0000000084f00000, 0x0000000084fc5200| Untracked 
|  80|0x0000000085000000, 0x0000000085000000, 0x0000000085100000|  0%| F|  |TAMS 0x0000000085000000, 0x0000000085000000| Untracked 
|  81|0x0000000085100000, 0x0000000085100000, 0x0000000085200000|  0%| F|  |TAMS 0x0000000085100000, 0x0000000085100000| Untracked 
|  82|0x0000000085200000, 0x0000000085200000, 0x0000000085300000|  0%| F|  |TAMS 0x0000000085200000, 0x0000000085200000| Untracked 
|  83|0x0000000085300000, 0x0000000085300000, 0x0000000085400000|  0%| F|  |TAMS 0x0000000085300000, 0x0000000085300000| Untracked 
|  84|0x0000000085400000, 0x0000000085400000, 0x0000000085500000|  0%| F|  |TAMS 0x0000000085400000, 0x0000000085400000| Untracked 
|  85|0x0000000085500000, 0x0000000085500000, 0x0000000085600000|  0%| F|  |TAMS 0x0000000085500000, 0x0000000085500000| Untracked 
|  86|0x0000000085600000, 0x0000000085600000, 0x0000000085700000|  0%| F|  |TAMS 0x0000000085600000, 0x0000000085600000| Untracked 
|  87|0x0000000085700000, 0x0000000085700000, 0x0000000085800000|  0%| F|  |TAMS 0x0000000085700000, 0x0000000085700000| Untracked 
|  88|0x0000000085800000, 0x0000000085800000, 0x0000000085900000|  0%| F|  |TAMS 0x0000000085800000, 0x0000000085800000| Untracked 
|  89|0x0000000085900000, 0x0000000085900000, 0x0000000085a00000|  0%| F|  |TAMS 0x0000000085900000, 0x0000000085900000| Untracked 
|  90|0x0000000085a00000, 0x0000000085a00000, 0x0000000085b00000|  0%| F|  |TAMS 0x0000000085a00000, 0x0000000085a00000| Untracked 
|  91|0x0000000085b00000, 0x0000000085b00000, 0x0000000085c00000|  0%| F|  |TAMS 0x0000000085b00000, 0x0000000085b00000| Untracked 
|  92|0x0000000085c00000, 0x0000000085c00000, 0x0000000085d00000|  0%| F|  |TAMS 0x0000000085c00000, 0x0000000085c00000| Untracked 
|  93|0x0000000085d00000, 0x0000000085d00000, 0x0000000085e00000|  0%| F|  |TAMS 0x0000000085d00000, 0x0000000085d00000| Untracked 
|  94|0x0000000085e00000, 0x0000000085e00000, 0x0000000085f00000|  0%| F|  |TAMS 0x0000000085e00000, 0x0000000085e00000| Untracked 
|  95|0x0000000085f00000, 0x0000000085f00000, 0x0000000086000000|  0%| F|  |TAMS 0x0000000085f00000, 0x0000000085f00000| Untracked 
|  96|0x0000000086000000, 0x0000000086000000, 0x0000000086100000|  0%| F|  |TAMS 0x0000000086000000, 0x0000000086000000| Untracked 
|  97|0x0000000086100000, 0x0000000086100000, 0x0000000086200000|  0%| F|  |TAMS 0x0000000086100000, 0x0000000086100000| Untracked 
|  98|0x0000000086200000, 0x0000000086200000, 0x0000000086300000|  0%| F|  |TAMS 0x0000000086200000, 0x0000000086200000| Untracked 
|  99|0x0000000086300000, 0x0000000086300000, 0x0000000086400000|  0%| F|  |TAMS 0x0000000086300000, 0x0000000086300000| Untracked 
| 100|0x0000000086400000, 0x0000000086400000, 0x0000000086500000|  0%| F|  |TAMS 0x0000000086400000, 0x0000000086400000| Untracked 
| 101|0x0000000086500000, 0x0000000086527780, 0x0000000086600000| 15%| S|CS|TAMS 0x0000000086500000, 0x0000000086500000| Complete 
| 102|0x0000000086600000, 0x0000000086700000, 0x0000000086700000|100%| S|CS|TAMS 0x0000000086600000, 0x0000000086600000| Complete 
| 103|0x0000000086700000, 0x0000000086800000, 0x0000000086800000|100%| S|CS|TAMS 0x0000000086700000, 0x0000000086700000| Complete 
| 104|0x0000000086800000, 0x0000000086900000, 0x0000000086900000|100%| S|CS|TAMS 0x0000000086800000, 0x0000000086800000| Complete 
| 105|0x0000000086900000, 0x0000000086900000, 0x0000000086a00000|  0%| F|  |TAMS 0x0000000086900000, 0x0000000086900000| Untracked 
| 106|0x0000000086a00000, 0x0000000086a00000, 0x0000000086b00000|  0%| F|  |TAMS 0x0000000086a00000, 0x0000000086a00000| Untracked 
| 107|0x0000000086b00000, 0x0000000086b00000, 0x0000000086c00000|  0%| F|  |TAMS 0x0000000086b00000, 0x0000000086b00000| Untracked 
| 108|0x0000000086c00000, 0x0000000086c00000, 0x0000000086d00000|  0%| F|  |TAMS 0x0000000086c00000, 0x0000000086c00000| Untracked 
| 109|0x0000000086d00000, 0x0000000086d00000, 0x0000000086e00000|  0%| F|  |TAMS 0x0000000086d00000, 0x0000000086d00000| Untracked 
| 110|0x0000000086e00000, 0x0000000086e00000, 0x0000000086f00000|  0%| F|  |TAMS 0x0000000086e00000, 0x0000000086e00000| Untracked 
| 111|0x0000000086f00000, 0x0000000086f00000, 0x0000000087000000|  0%| F|  |TAMS 0x0000000086f00000, 0x0000000086f00000| Untracked 
| 112|0x0000000087000000, 0x0000000087000000, 0x0000000087100000|  0%| F|  |TAMS 0x0000000087000000, 0x0000000087000000| Untracked 
| 113|0x0000000087100000, 0x0000000087100000, 0x0000000087200000|  0%| F|  |TAMS 0x0000000087100000, 0x0000000087100000| Untracked 
| 114|0x0000000087200000, 0x0000000087200000, 0x0000000087300000|  0%| F|  |TAMS 0x0000000087200000, 0x0000000087200000| Untracked 
| 115|0x0000000087300000, 0x0000000087300000, 0x0000000087400000|  0%| F|  |TAMS 0x0000000087300000, 0x0000000087300000| Untracked 
| 116|0x0000000087400000, 0x0000000087400000, 0x0000000087500000|  0%| F|  |TAMS 0x0000000087400000, 0x0000000087400000| Untracked 
| 117|0x0000000087500000, 0x0000000087500000, 0x0000000087600000|  0%| F|  |TAMS 0x0000000087500000, 0x0000000087500000| Untracked 
| 118|0x0000000087600000, 0x0000000087600000, 0x0000000087700000|  0%| F|  |TAMS 0x0000000087600000, 0x0000000087600000| Untracked 
| 119|0x0000000087700000, 0x0000000087700000, 0x0000000087800000|  0%| F|  |TAMS 0x0000000087700000, 0x0000000087700000| Untracked 
| 120|0x0000000087800000, 0x0000000087800000, 0x0000000087900000|  0%| F|  |TAMS 0x0000000087800000, 0x0000000087800000| Untracked 
| 121|0x0000000087900000, 0x0000000087900000, 0x0000000087a00000|  0%| F|  |TAMS 0x0000000087900000, 0x0000000087900000| Untracked 
| 122|0x0000000087a00000, 0x0000000087a00000, 0x0000000087b00000|  0%| F|  |TAMS 0x0000000087a00000, 0x0000000087a00000| Untracked 
| 123|0x0000000087b00000, 0x0000000087b00000, 0x0000000087c00000|  0%| F|  |TAMS 0x0000000087b00000, 0x0000000087b00000| Untracked 
| 124|0x0000000087c00000, 0x0000000087cd4d88, 0x0000000087d00000| 83%| E|  |TAMS 0x0000000087c00000, 0x0000000087c00000| Complete 
| 125|0x0000000087d00000, 0x0000000087e00000, 0x0000000087e00000|100%| E|CS|TAMS 0x0000000087d00000, 0x0000000087d00000| Complete 

Card table byte_map: [0x000001815cb60000,0x000001815cf60000] _byte_map_base: 0x000001815c760000

Marking Bits (Prev, Next): (CMBitMap*) 0x000001814996ff90, (CMBitMap*) 0x000001814996ff58
 Prev Bits: [0x000001815f360000, 0x0000018161360000)
 Next Bits: [0x000001815d360000, 0x000001815f360000)

Polling page: 0x0000018147880000

Metaspace:

Usage:
  Non-class:     66.64 MB capacity,    65.23 MB ( 98%) used,     1.22 MB (  2%) free+waste,   195.56 KB ( <1%) overhead. 
      Class:     10.43 MB capacity,     9.74 MB ( 93%) used,   619.66 KB (  6%) free+waste,    91.88 KB ( <1%) overhead. 
       Both:     77.07 MB capacity,    74.97 MB ( 97%) used,     1.82 MB (  2%) free+waste,   287.44 KB ( <1%) overhead. 

Virtual space:
  Non-class space:       68.00 MB reserved,      66.67 MB ( 98%) committed 
      Class space:        1.00 GB reserved,      10.50 MB (  1%) committed 
             Both:        1.07 GB reserved,      77.17 MB (  7%) committed 

Chunk freelists:
   Non-Class:  34.00 KB
       Class:  3.00 KB
        Both:  37.00 KB

MaxMetaspaceSize: 17179869184.00 GB
CompressedClassSpaceSize: 1.00 GB

CodeHeap 'non-profiled nmethods': size=120000Kb used=5223Kb max_used=5223Kb free=114776Kb
 bounds [0x0000018154f00000, 0x0000018155420000, 0x000001815c430000]
CodeHeap 'profiled nmethods': size=120000Kb used=17559Kb max_used=17559Kb free=102440Kb
 bounds [0x000001814d9d0000, 0x000001814eb00000, 0x0000018154f00000]
CodeHeap 'non-nmethods': size=5760Kb used=2277Kb max_used=2329Kb free=3482Kb
 bounds [0x000001814d430000, 0x000001814d6a0000, 0x000001814d9d0000]
 total_blobs=9005 nmethods=8126 adapters=790
 compilation: enabled
              stopped_count=0, restarted_count=0
 full_count=0

Compilation events (20 events):
Event: 211.275 Thread 0x0000018163dd0000 8206       3       java.lang.Class::getDeclaredField (54 bytes)
Event: 211.278 Thread 0x0000018163dd0000 nmethod 8206 0x000001814eaeee10 code [0x000001814eaef0c0, 0x000001814eaefb58]
Event: 211.300 Thread 0x0000018163dd0000 8207       1       com.google.common.collect.SingletonImmutableBiMap::size (2 bytes)
Event: 211.300 Thread 0x0000018163dd0000 nmethod 8207 0x0000018155419410 code [0x00000181554195c0, 0x0000018155419678]
Event: 211.328 Thread 0x0000018163dd0000 8208       1       org.gradle.internal.reflect.AnnotationCategory$1::getDisplayName (3 bytes)
Event: 211.328 Thread 0x0000018163dd0000 nmethod 8208 0x0000018155419710 code [0x00000181554198c0, 0x0000018155419978]
Event: 211.329 Thread 0x0000018163dd0000 8209       3       com.google.common.collect.AbstractSetMultimap::<init> (6 bytes)
Event: 211.330 Thread 0x0000018163dd0000 nmethod 8209 0x000001814eaeff10 code [0x000001814eaf0100, 0x000001814eaf0598]
Event: 211.387 Thread 0x0000018163dd0000 8211       3       org.gradle.internal.operations.DefaultBuildOperationExecutor$$Lambda$230/0x00000001003b4840::accept (16 bytes)
Event: 211.388 Thread 0x0000018163dd0000 nmethod 8211 0x000001814eaf0790 code [0x000001814eaf0960, 0x000001814eaf0c88]
Event: 211.388 Thread 0x0000018163dd0000 8212       3       org.gradle.internal.operations.DefaultBuildOperationRunner::run (13 bytes)
Event: 211.389 Thread 0x0000018163dd0000 nmethod 8212 0x000001814eaf0e10 code [0x000001814eaf1040, 0x000001814eaf1888]
Event: 211.390 Thread 0x0000018163dd0000 8213       3       org.gradle.internal.operations.DefaultBuildOperationRunner$1::execute (10 bytes)
Event: 211.390 Thread 0x0000018163dd0000 nmethod 8213 0x000001814eaf1b90 code [0x000001814eaf1d60, 0x000001814eaf20a8]
Event: 211.392 Thread 0x0000018163dd0000 8214   !   3       org.gradle.configuration.internal.DefaultUserCodeApplicationContext$CurrentApplication$1::execute (79 bytes)
Event: 211.393 Thread 0x0000018163dd0000 nmethod 8214 0x000001814eaf2210 code [0x000001814eaf2440, 0x000001814eaf2ae8]
Event: 211.393 Thread 0x0000018163dd0000 8215       3       org.gradle.api.internal.DefaultCollectionCallbackActionDecorator$Operation::description (20 bytes)
Event: 211.395 Thread 0x0000018163dd0000 nmethod 8215 0x000001814eaf2e10 code [0x000001814eaf3020, 0x000001814eaf3678]
Event: 211.395 Thread 0x0000018163dd0000 8216       3       org.gradle.api.internal.DefaultCollectionCallbackActionDecorator$BuildOperationEmittingAction$1::run (26 bytes)
Event: 211.395 Thread 0x0000018163dd0000 nmethod 8216 0x000001814eaf3890 code [0x000001814eaf3a60, 0x000001814eaf3d08]

GC Heap History (20 events):
Event: 192.721 GC heap before
{Heap before GC invocations=13 (full 0):
 garbage-first heap   total 129024K, used 65643K [0x0000000080000000, 0x0000000100000000)
  region size 1024K, 11 young (11264K), 6 survivors (6144K)
 Metaspace       used 51024K, capacity 52622K, committed 52784K, reserved 1095680K
  class space    used 6485K, capacity 7014K, committed 7040K, reserved 1048576K
}
Event: 192.742 GC heap after
{Heap after GC invocations=14 (full 0):
 garbage-first heap   total 129024K, used 65157K [0x0000000080000000, 0x0000000100000000)
  region size 1024K, 3 young (3072K), 3 survivors (3072K)
 Metaspace       used 51024K, capacity 52622K, committed 52784K, reserved 1095680K
  class space    used 6485K, capacity 7014K, committed 7040K, reserved 1048576K
}
Event: 194.617 GC heap before
{Heap before GC invocations=15 (full 0):
 garbage-first heap   total 129024K, used 102021K [0x0000000080000000, 0x0000000100000000)
  region size 1024K, 37 young (37888K), 3 survivors (3072K)
 Metaspace       used 53897K, capacity 55485K, committed 55600K, reserved 1097728K
  class space    used 6957K, capacity 7479K, committed 7552K, reserved 1048576K
}
Event: 194.627 GC heap after
{Heap after GC invocations=16 (full 0):
 garbage-first heap   total 129024K, used 69781K [0x0000000080000000, 0x0000000100000000)
  region size 1024K, 5 young (5120K), 5 survivors (5120K)
 Metaspace       used 53897K, capacity 55485K, committed 55600K, reserved 1097728K
  class space    used 6957K, capacity 7479K, committed 7552K, reserved 1048576K
}
Event: 196.267 GC heap before
{Heap before GC invocations=16 (full 0):
 garbage-first heap   total 129024K, used 102549K [0x0000000080000000, 0x0000000100000000)
  region size 1024K, 37 young (37888K), 5 survivors (5120K)
 Metaspace       used 58032K, capacity 59831K, committed 59952K, reserved 1101824K
  class space    used 7432K, capacity 8009K, committed 8064K, reserved 1048576K
}
Event: 196.285 GC heap after
{Heap after GC invocations=17 (full 0):
 garbage-first heap   total 129024K, used 71567K [0x0000000080000000, 0x0000000100000000)
  region size 1024K, 5 young (5120K), 5 survivors (5120K)
 Metaspace       used 58032K, capacity 59831K, committed 59952K, reserved 1101824K
  class space    used 7432K, capacity 8009K, committed 8064K, reserved 1048576K
}
Event: 198.088 GC heap before
{Heap before GC invocations=18 (full 0):
 garbage-first heap   total 129024K, used 103311K [0x0000000080000000, 0x0000000100000000)
  region size 1024K, 36 young (36864K), 5 survivors (5120K)
 Metaspace       used 62430K, capacity 64263K, committed 64304K, reserved 1105920K
  class space    used 7983K, capacity 8546K, committed 8576K, reserved 1048576K
}
Event: 198.105 GC heap after
{Heap after GC invocations=19 (full 0):
 garbage-first heap   total 129024K, used 72729K [0x0000000080000000, 0x0000000100000000)
  region size 1024K, 3 young (3072K), 3 survivors (3072K)
 Metaspace       used 62430K, capacity 64263K, committed 64304K, reserved 1105920K
  class space    used 7983K, capacity 8546K, committed 8576K, reserved 1048576K
}
Event: 200.152 GC heap before
{Heap before GC invocations=19 (full 0):
 garbage-first heap   total 129024K, used 103449K [0x0000000080000000, 0x0000000100000000)
  region size 1024K, 34 young (34816K), 3 survivors (3072K)
 Metaspace       used 67238K, capacity 69124K, committed 69296K, reserved 1110016K
  class space    used 8578K, capacity 9206K, committed 9216K, reserved 1048576K
}
Event: 200.172 GC heap after
{Heap after GC invocations=20 (full 0):
 garbage-first heap   total 129024K, used 76306K [0x0000000080000000, 0x0000000100000000)
  region size 1024K, 5 young (5120K), 5 survivors (5120K)
 Metaspace       used 67238K, capacity 69124K, committed 69296K, reserved 1110016K
  class space    used 8578K, capacity 9206K, committed 9216K, reserved 1048576K
}
Event: 201.976 GC heap before
{Heap before GC invocations=21 (full 0):
 garbage-first heap   total 129024K, used 104978K [0x0000000080000000, 0x0000000100000000)
  region size 1024K, 34 young (34816K), 5 survivors (5120K)
 Metaspace       used 69680K, capacity 71569K, committed 71728K, reserved 1112064K
  class space    used 8875K, capacity 9503K, committed 9600K, reserved 1048576K
}
Event: 201.990 GC heap after
{Heap after GC invocations=22 (full 0):
 garbage-first heap   total 129024K, used 77507K [0x0000000080000000, 0x0000000100000000)
  region size 1024K, 2 young (2048K), 2 survivors (2048K)
 Metaspace       used 69680K, capacity 71569K, committed 71728K, reserved 1112064K
  class space    used 8875K, capacity 9503K, committed 9600K, reserved 1048576K
}
Event: 202.596 GC heap before
{Heap before GC invocations=22 (full 0):
 garbage-first heap   total 129024K, used 89795K [0x0000000080000000, 0x0000000100000000)
  region size 1024K, 15 young (15360K), 2 survivors (2048K)
 Metaspace       used 70822K, capacity 72722K, committed 72880K, reserved 1112064K
  class space    used 9029K, capacity 9674K, committed 9728K, reserved 1048576K
}
Event: 202.614 GC heap after
{Heap after GC invocations=23 (full 0):
 garbage-first heap   total 129024K, used 78349K [0x0000000080000000, 0x0000000100000000)
  region size 1024K, 3 young (3072K), 3 survivors (3072K)
 Metaspace       used 70822K, capacity 72722K, committed 72880K, reserved 1112064K
  class space    used 9029K, capacity 9674K, committed 9728K, reserved 1048576K
}
Event: 204.185 GC heap before
{Heap before GC invocations=24 (full 0):
 garbage-first heap   total 129024K, used 101901K [0x0000000080000000, 0x0000000100000000)
  region size 1024K, 25 young (25600K), 3 survivors (3072K)
 Metaspace       used 71716K, capacity 73669K, committed 73776K, reserved 1114112K
  class space    used 9162K, capacity 9811K, committed 9856K, reserved 1048576K
}
Event: 204.197 GC heap after
{Heap after GC invocations=25 (full 0):
 garbage-first heap   total 129024K, used 79936K [0x0000000080000000, 0x0000000100000000)
  region size 1024K, 3 young (3072K), 3 survivors (3072K)
 Metaspace       used 71716K, capacity 73669K, committed 73776K, reserved 1114112K
  class space    used 9162K, capacity 9811K, committed 9856K, reserved 1048576K
}
Event: 208.376 GC heap before
{Heap before GC invocations=25 (full 0):
 garbage-first heap   total 129024K, used 102464K [0x0000000080000000, 0x0000000100000000)
  region size 1024K, 25 young (25600K), 3 survivors (3072K)
 Metaspace       used 71798K, capacity 73861K, committed 74032K, reserved 1114112K
  class space    used 9174K, capacity 9853K, committed 9856K, reserved 1048576K
}
Event: 208.399 GC heap after
{Heap after GC invocations=26 (full 0):
 garbage-first heap   total 129024K, used 81747K [0x0000000080000000, 0x0000000100000000)
  region size 1024K, 4 young (4096K), 4 survivors (4096K)
 Metaspace       used 71798K, capacity 73861K, committed 74032K, reserved 1114112K
  class space    used 9174K, capacity 9853K, committed 9856K, reserved 1048576K
}
Event: 210.045 GC heap before
{Heap before GC invocations=27 (full 0):
 garbage-first heap   total 129024K, used 104275K [0x0000000080000000, 0x0000000100000000)
  region size 1024K, 26 young (26624K), 4 survivors (4096K)
 Metaspace       used 73777K, capacity 75820K, committed 75952K, reserved 1116160K
  class space    used 9456K, capacity 10143K, committed 10240K, reserved 1048576K
}
Event: 210.061 GC heap after
{Heap after GC invocations=28 (full 0):
 garbage-first heap   total 129024K, used 83507K [0x0000000080000000, 0x0000000100000000)
  region size 1024K, 4 young (4096K), 4 survivors (4096K)
 Metaspace       used 73777K, capacity 75820K, committed 75952K, reserved 1116160K
  class space    used 9456K, capacity 10143K, committed 10240K, reserved 1048576K
}

Deoptimization events (20 events):
Event: 203.744 Thread 0x00000181669d4000 Uncommon trap: trap_request=0xffffffc6 fr.pc=0x00000181552568e8 relative=0x00000000000005e8
Event: 203.744 Thread 0x00000181669d4000 Uncommon trap: reason=bimorphic_or_optimized_type_check action=maybe_recompile pc=0x00000181552568e8 method=groovy.lang.MetaClassImpl.filterPropertyMethod(Ljava/lang/Object;ZZ)Ljava/lang/Object; @ 165 c2
Event: 203.744 Thread 0x00000181669d4000 DEOPT PACKING pc=0x00000181552568e8 sp=0x00000064c83f8f20
Event: 203.744 Thread 0x00000181669d4000 DEOPT UNPACKING pc=0x000001814d45662f sp=0x00000064c83f8e88 mode 2
Event: 203.807 Thread 0x00000181669d4000 Uncommon trap: trap_request=0xffffffde fr.pc=0x0000018155098d28 relative=0x00000000000009c8
Event: 203.807 Thread 0x00000181669d4000 Uncommon trap: reason=class_check action=maybe_recompile pc=0x0000018155098d28 method=java.util.WeakHashMap.eq(Ljava/lang/Object;Ljava/lang/Object;)Z @ 7 c2
Event: 203.807 Thread 0x00000181669d4000 DEOPT PACKING pc=0x0000018155098d28 sp=0x00000064c83f6c10
Event: 203.807 Thread 0x00000181669d4000 DEOPT UNPACKING pc=0x000001814d45662f sp=0x00000064c83f6b80 mode 2
Event: 203.943 Thread 0x00000181669d4000 Uncommon trap: trap_request=0xffffff4d fr.pc=0x00000181550db36c relative=0x000000000000032c
Event: 203.943 Thread 0x00000181669d4000 Uncommon trap: reason=unstable_if action=reinterpret pc=0x00000181550db36c method=java.util.StringJoiner.add(Ljava/lang/CharSequence;)Ljava/util/StringJoiner; @ 33 c2
Event: 203.944 Thread 0x00000181669d4000 DEOPT PACKING pc=0x00000181550db36c sp=0x00000064c83f5ce0
Event: 203.944 Thread 0x00000181669d4000 DEOPT UNPACKING pc=0x000001814d45662f sp=0x00000064c83f5c90 mode 2
Event: 203.996 Thread 0x00000181669d4000 Uncommon trap: trap_request=0xffffff4d fr.pc=0x0000018155256960 relative=0x0000000000000660
Event: 203.996 Thread 0x00000181669d4000 Uncommon trap: reason=unstable_if action=reinterpret pc=0x0000018155256960 method=groovy.lang.MetaClassImpl.filterPropertyMethod(Ljava/lang/Object;ZZ)Ljava/lang/Object; @ 60 c2
Event: 203.996 Thread 0x00000181669d4000 DEOPT PACKING pc=0x0000018155256960 sp=0x00000064c83f8170
Event: 203.996 Thread 0x00000181669d4000 DEOPT UNPACKING pc=0x000001814d45662f sp=0x00000064c83f80d0 mode 2
Event: 208.470 Thread 0x00000181669d4000 Uncommon trap: trap_request=0xfffffff4 fr.pc=0x00000181553bc390 relative=0x0000000000000970
Event: 208.470 Thread 0x00000181669d4000 Uncommon trap: reason=null_check action=make_not_entrant pc=0x00000181553bc390 method=com.sun.beans.introspect.MethodInfo$MethodOrder.compare(Ljava/lang/reflect/Method;Ljava/lang/reflect/Method;)I @ 133 c2
Event: 208.470 Thread 0x00000181669d4000 DEOPT PACKING pc=0x00000181553bc390 sp=0x00000064c83f29a0
Event: 208.470 Thread 0x00000181669d4000 DEOPT UNPACKING pc=0x000001814d45662f sp=0x00000064c83f2940 mode 2

Classes redefined (0 events):
No events

Internal exceptions (20 events):
Event: 208.460 Thread 0x00000181669d4000 Exception <a 'java/lang/ClassNotFoundException'{0x0000000087d654e0}: com/android/build/gradle/internal/dsl/BuildType$AgpDecoratedBeanInfo> (0x0000000087d654e0) thrown at [./src/hotspot/share/classfile/systemDictionary.cpp, line 231]
Event: 208.466 Thread 0x00000181669d4000 Exception <a 'java/lang/ClassNotFoundException'{0x0000000087d7fb08}: com/android/build/gradle/internal/dsl/BuildTypeBeanInfo> (0x0000000087d7fb08) thrown at [./src/hotspot/share/classfile/systemDictionary.cpp, line 231]
Event: 208.468 Thread 0x00000181669d4000 Exception <a 'java/lang/ClassNotFoundException'{0x0000000087d99f48}: com/android/builder/core/AbstractBuildTypeBeanInfo> (0x0000000087d99f48) thrown at [./src/hotspot/share/classfile/systemDictionary.cpp, line 231]
Event: 208.470 Thread 0x00000181669d4000 Exception <a 'java/lang/ClassNotFoundException'{0x0000000087db4410}: com/android/builder/core/AbstractBuildTypeCustomizer> (0x0000000087db4410) thrown at [./src/hotspot/share/classfile/systemDictionary.cpp, line 231]
Event: 208.470 Thread 0x00000181669d4000 Implicit null exception at 0x00000181553bbd47 to 0x00000181553bc37c
Event: 208.474 Thread 0x00000181669d4000 Exception <a 'java/lang/ClassNotFoundException'{0x0000000087deb050}: com/android/build/gradle/internal/dsl/BuildTypeCustomizer> (0x0000000087deb050) thrown at [./src/hotspot/share/classfile/systemDictionary.cpp, line 231]
Event: 208.487 Thread 0x00000181669d4000 Exception <a 'java/lang/ClassNotFoundException'{0x0000000087c80b60}: com/android/build/gradle/internal/dsl/BuildType$AgpDecoratedCustomizer> (0x0000000087c80b60) thrown at [./src/hotspot/share/classfile/systemDictionary.cpp, line 231]
Event: 208.594 Thread 0x00000181669d4000 Exception <a 'java/lang/ClassNotFoundException'{0x0000000087cce798}: com/android/build/gradle/internal/dsl/BuildType$AgpDecorated_DecoratedCustomizer> (0x0000000087cce798) thrown at [./src/hotspot/share/classfile/systemDictionary.cpp, line 231]
Event: 208.615 Thread 0x00000181669d4000 Exception <a 'java/lang/ClassNotFoundException'{0x0000000087b96600}: build_5n2h1ayqqkwr9j22o2jpej9ud$_run_closure1$_closure4BeanInfo> (0x0000000087b96600) thrown at [./src/hotspot/share/classfile/systemDictionary.cpp, line 231]
Event: 208.616 Thread 0x00000181669d4000 Exception <a 'java/lang/ClassNotFoundException'{0x0000000087ba7ba8}: build_5n2h1ayqqkwr9j22o2jpej9ud$_run_closure1$_closure4Customizer> (0x0000000087ba7ba8) thrown at [./src/hotspot/share/classfile/systemDictionary.cpp, line 231]
Event: 208.623 Thread 0x00000181669d4000 Exception <a 'java/lang/ClassNotFoundException'{0x0000000087bd1458}: build_5n2h1ayqqkwr9j22o2jpej9ud$_run_closure1BeanInfo> (0x0000000087bd1458) thrown at [./src/hotspot/share/classfile/systemDictionary.cpp, line 231]
Event: 208.625 Thread 0x00000181669d4000 Exception <a 'java/lang/ClassNotFoundException'{0x0000000087be21c0}: build_5n2h1ayqqkwr9j22o2jpej9ud$_run_closure1Customizer> (0x0000000087be21c0) thrown at [./src/hotspot/share/classfile/systemDictionary.cpp, line 231]
Event: 208.675 Thread 0x00000181669d4000 Exception <a 'java/lang/ClassNotFoundException'{0x0000000087a41e10}: org/gradle/api/JavaVersionBeanInfo> (0x0000000087a41e10) thrown at [./src/hotspot/share/classfile/systemDictionary.cpp, line 231]
Event: 208.678 Thread 0x00000181669d4000 Exception <a 'java/lang/ClassNotFoundException'{0x0000000087a6cc88}: org/gradle/api/JavaVersionCustomizer> (0x0000000087a6cc88) thrown at [./src/hotspot/share/classfile/systemDictionary.cpp, line 231]
Event: 208.686 Thread 0x00000181669d4000 Exception <a 'java/lang/ClassNotFoundException'{0x0000000087ad4408}: com/android/build/gradle/internal/CompileOptions$AgpDecorated_DecoratedBeanInfo> (0x0000000087ad4408) thrown at [./src/hotspot/share/classfile/systemDictionary.cpp, line 231]
Event: 208.688 Thread 0x00000181669d4000 Exception <a 'java/lang/ClassNotFoundException'{0x0000000087aefe48}: com/android/build/gradle/internal/CompileOptions$AgpDecoratedBeanInfo> (0x0000000087aefe48) thrown at [./src/hotspot/share/classfile/systemDictionary.cpp, line 231]
Event: 208.689 Thread 0x00000181669d4000 Exception <a 'java/lang/ClassNotFoundException'{0x000000008790a238}: com/android/build/gradle/internal/CompileOptionsBeanInfo> (0x000000008790a238) thrown at [./src/hotspot/share/classfile/systemDictionary.cpp, line 231]
Event: 208.691 Thread 0x00000181669d4000 Exception <a 'java/lang/ClassNotFoundException'{0x0000000087924168}: com/android/build/gradle/internal/CompileOptionsCustomizer> (0x0000000087924168) thrown at [./src/hotspot/share/classfile/systemDictionary.cpp, line 231]
Event: 208.693 Thread 0x00000181669d4000 Exception <a 'java/lang/ClassNotFoundException'{0x000000008794b8b8}: com/android/build/gradle/internal/CompileOptions$AgpDecoratedCustomizer> (0x000000008794b8b8) thrown at [./src/hotspot/share/classfile/systemDictionary.cpp, line 231]
Event: 208.696 Thread 0x00000181669d4000 Exception <a 'java/lang/ClassNotFoundException'{0x0000000087976ab8}: com/android/build/gradle/internal/CompileOptions$AgpDecorated_DecoratedCustomizer> (0x0000000087976ab8) thrown at [./src/hotspot/share/classfile/systemDictionary.cpp, line 231]

Events (20 events):
Event: 211.272 loading class org/gradle/internal/reflect/validation/TypeValidationContext
Event: 211.272 loading class org/gradle/internal/reflect/validation/TypeValidationContext done
Event: 211.272 loading class org/gradle/internal/reflect/validation/TypeValidationContext
Event: 211.272 loading class org/gradle/internal/reflect/validation/TypeValidationContext done
Event: 211.286 loading class com/android/build/gradle/internal/DependencyConfigurator$configureGeneralTransforms$8
Event: 211.286 loading class com/android/build/gradle/internal/DependencyConfigurator$configureGeneralTransforms$8 done
Event: 211.290 loading class com/android/build/gradle/internal/DependencyConfigurator$configureGeneralTransforms$8$1
Event: 211.290 loading class com/android/build/gradle/internal/DependencyConfigurator$configureGeneralTransforms$8$1 done
Event: 211.292 loading class com/android/build/gradle/internal/dependency/ExtractProGuardRulesTransform
Event: 211.292 loading class com/android/build/gradle/internal/dependency/ExtractProGuardRulesTransform done
Event: 211.298 loading class com/android/build/gradle/internal/dependency/ExtractProGuardRulesTransform$Companion
Event: 211.298 loading class com/android/build/gradle/internal/dependency/ExtractProGuardRulesTransform$Companion done
Event: 211.308 loading class com/android/build/gradle/internal/dependency/LibrarySymbolTableTransform
Event: 211.308 loading class com/android/build/gradle/internal/dependency/LibrarySymbolTableTransform done
Event: 211.325 loading class com/android/build/gradle/internal/dependency/ExtractJniTransform
Event: 211.325 loading class com/android/build/gradle/internal/dependency/ExtractJniTransform done
Event: 211.340 loading class com/android/build/gradle/internal/DependencyConfigurator$configureGeneralTransforms$12
Event: 211.340 loading class com/android/build/gradle/internal/DependencyConfigurator$configureGeneralTransforms$12 done
Event: 211.396 loading class com/android/build/gradle/internal/dependency/ClassesDirToClassesTransform
Event: 211.396 loading class com/android/build/gradle/internal/dependency/ClassesDirToClassesTransform done


Dynamic libraries:
0x00007ff6e6400000 - 0x00007ff6e640a000 	C:\01)androidstudiofiles\02)androidstudioinstallationfiles\jre\bin\java.exe
0x00007ff90db70000 - 0x00007ff90dd65000 	C:\WINDOWS\SYSTEM32\ntdll.dll
0x00007ff90bf10000 - 0x00007ff90bfce000 	C:\WINDOWS\System32\KERNEL32.DLL
0x00007ff90b880000 - 0x00007ff90bb48000 	C:\WINDOWS\System32\KERNELBASE.dll
0x00007ff90b290000 - 0x00007ff90b390000 	C:\WINDOWS\System32\ucrtbase.dll
0x00007ff9002d0000 - 0x00007ff9002e9000 	C:\01)androidstudiofiles\02)androidstudioinstallationfiles\jre\bin\jli.dll
0x00007ff902830000 - 0x00007ff902847000 	C:\01)androidstudiofiles\02)androidstudioinstallationfiles\jre\bin\VCRUNTIME140.dll
0x00007ff90bd60000 - 0x00007ff90bf00000 	C:\WINDOWS\System32\USER32.dll
0x00007ff90b7c0000 - 0x00007ff90b7e2000 	C:\WINDOWS\System32\win32u.dll
0x00007ff8f1000000 - 0x00007ff8f129a000 	C:\WINDOWS\WinSxS\amd64_microsoft.windows.common-controls_6595b64144ccf1df_6.0.19041.1110_none_60b5254171f9507e\COMCTL32.dll
0x00007ff90c810000 - 0x00007ff90c83b000 	C:\WINDOWS\System32\GDI32.dll
0x00007ff90d020000 - 0x00007ff90d0be000 	C:\WINDOWS\System32\msvcrt.dll
0x00007ff90b390000 - 0x00007ff90b49b000 	C:\WINDOWS\System32\gdi32full.dll
0x00007ff90b4a0000 - 0x00007ff90b53d000 	C:\WINDOWS\System32\msvcp_win.dll
0x00007ff90c0b0000 - 0x00007ff90c0e0000 	C:\WINDOWS\System32\IMM32.DLL
0x00007ff8f3a80000 - 0x00007ff8f3b1d000 	C:\01)androidstudiofiles\02)androidstudioinstallationfiles\jre\bin\msvcp140.dll
0x00007ff8be930000 - 0x00007ff8bf405000 	C:\01)androidstudiofiles\02)androidstudioinstallationfiles\jre\bin\server\jvm.dll
0x00007ff90ca00000 - 0x00007ff90caae000 	C:\WINDOWS\System32\ADVAPI32.dll
0x00007ff90c5c0000 - 0x00007ff90c65c000 	C:\WINDOWS\System32\sechost.dll
0x00007ff90d0c0000 - 0x00007ff90d1e5000 	C:\WINDOWS\System32\RPCRT4.dll
0x00007ff90bf00000 - 0x00007ff90bf08000 	C:\WINDOWS\System32\PSAPI.DLL
0x00007ff8e1a80000 - 0x00007ff8e1a89000 	C:\WINDOWS\SYSTEM32\WSOCK32.dll
0x00007ff90c550000 - 0x00007ff90c5bb000 	C:\WINDOWS\System32\WS2_32.dll
0x00007ff8e4a10000 - 0x00007ff8e4a37000 	C:\WINDOWS\SYSTEM32\WINMM.dll
0x00007ff9005d0000 - 0x00007ff9005da000 	C:\WINDOWS\SYSTEM32\VERSION.dll
0x00007ff909b30000 - 0x00007ff909b42000 	C:\WINDOWS\SYSTEM32\kernel.appcore.dll
0x00007ff902f20000 - 0x00007ff902f31000 	C:\01)androidstudiofiles\02)androidstudioinstallationfiles\jre\bin\verify.dll
0x00007ff906050000 - 0x00007ff906234000 	C:\WINDOWS\SYSTEM32\DBGHELP.DLL
0x00007ff8ea430000 - 0x00007ff8ea45c000 	C:\WINDOWS\SYSTEM32\dbgcore.DLL
0x00007ff90b7f0000 - 0x00007ff90b872000 	C:\WINDOWS\System32\bcryptPrimitives.dll
0x00007ff901af0000 - 0x00007ff901b19000 	C:\01)androidstudiofiles\02)androidstudioinstallationfiles\jre\bin\java.dll
0x00007ff902f60000 - 0x00007ff902f6b000 	C:\01)androidstudiofiles\02)androidstudioinstallationfiles\jre\bin\jimage.dll
0x00007ff901ad0000 - 0x00007ff901ae8000 	C:\01)androidstudiofiles\02)androidstudioinstallationfiles\jre\bin\zip.dll
0x00007ff90d250000 - 0x00007ff90d994000 	C:\WINDOWS\System32\SHELL32.dll
0x00007ff909380000 - 0x00007ff909b14000 	C:\WINDOWS\SYSTEM32\windows.storage.dll
0x00007ff90cab0000 - 0x00007ff90ce04000 	C:\WINDOWS\System32\combase.dll
0x00007ff90acf0000 - 0x00007ff90ad1c000 	C:\WINDOWS\SYSTEM32\Wldp.dll
0x00007ff90c000000 - 0x00007ff90c0ad000 	C:\WINDOWS\System32\SHCORE.dll
0x00007ff90bcf0000 - 0x00007ff90bd45000 	C:\WINDOWS\System32\shlwapi.dll
0x00007ff90b1d0000 - 0x00007ff90b1ef000 	C:\WINDOWS\SYSTEM32\profapi.dll
0x00007ff9019a0000 - 0x00007ff9019ba000 	C:\01)androidstudiofiles\02)androidstudioinstallationfiles\jre\bin\net.dll
0x00007ff904f90000 - 0x00007ff905099000 	C:\WINDOWS\SYSTEM32\WINHTTP.dll
0x00007ff90aa50000 - 0x00007ff90aaba000 	C:\WINDOWS\system32\mswsock.dll
0x00007ff9018c0000 - 0x00007ff9018d4000 	C:\01)androidstudiofiles\02)androidstudioinstallationfiles\jre\bin\nio.dll
0x00007ff9003d0000 - 0x00007ff9003f7000 	C:\Users\Admin\.gradle\native\e1d6ef7f7dcc3fd88c89a11ec53ec762bb8ba0a96d01ffa2cd45eb1d1d8dd5c5\windows-amd64\native-platform.dll
0x00007ff8db300000 - 0x00007ff8db444000 	C:\Users\Admin\.gradle\native\5664cfc778a61ccfe75a443a1ab52a65af34e5dc3c78e0209fed803814484fcb\windows-amd64\native-platform-file-events.dll
0x00007ff902e80000 - 0x00007ff902e8a000 	C:\01)androidstudiofiles\02)androidstudioinstallationfiles\jre\bin\management.dll
0x00007ff901d80000 - 0x00007ff901d8d000 	C:\01)androidstudiofiles\02)androidstudioinstallationfiles\jre\bin\management_ext.dll
0x00007ff90ac40000 - 0x00007ff90ac58000 	C:\WINDOWS\SYSTEM32\CRYPTSP.dll
0x00007ff90a360000 - 0x00007ff90a394000 	C:\WINDOWS\system32\rsaenh.dll
0x00007ff90bb50000 - 0x00007ff90bb77000 	C:\WINDOWS\System32\bcrypt.dll
0x00007ff90b190000 - 0x00007ff90b1be000 	C:\WINDOWS\SYSTEM32\USERENV.dll
0x00007ff90ac60000 - 0x00007ff90ac6c000 	C:\WINDOWS\SYSTEM32\CRYPTBASE.dll
0x00007ff90a6f0000 - 0x00007ff90a72b000 	C:\WINDOWS\SYSTEM32\IPHLPAPI.DLL
0x00007ff90bd50000 - 0x00007ff90bd58000 	C:\WINDOWS\System32\NSI.dll
0x00007ff8fed70000 - 0x00007ff8fed87000 	C:\WINDOWS\SYSTEM32\dhcpcsvc6.DLL
0x00007ff8fd640000 - 0x00007ff8fd65d000 	C:\WINDOWS\SYSTEM32\dhcpcsvc.DLL
0x00007ff90a740000 - 0x00007ff90a80a000 	C:\WINDOWS\SYSTEM32\DNSAPI.dll

dbghelp: loaded successfully - version: 4.0.5 - missing functions: none
symbol engine: initialized successfully - sym options: 0x614 - pdb path: .;C:\01)androidstudiofiles\02)androidstudioinstallationfiles\jre\bin;C:\WINDOWS\SYSTEM32;C:\WINDOWS\WinSxS\amd64_microsoft.windows.common-controls_6595b64144ccf1df_6.0.19041.1110_none_60b5254171f9507e;C:\01)androidstudiofiles\02)androidstudioinstallationfiles\jre\bin\server;C:\Users\Admin\.gradle\native\e1d6ef7f7dcc3fd88c89a11ec53ec762bb8ba0a96d01ffa2cd45eb1d1d8dd5c5\windows-amd64;C:\Users\Admin\.gradle\native\5664cfc778a61ccfe75a443a1ab52a65af34e5dc3c78e0209fed803814484fcb\windows-amd64

VM Arguments:
jvm_args: --add-opens=java.base/java.util=ALL-UNNAMED --add-opens=java.base/java.lang=ALL-UNNAMED --add-opens=java.base/java.lang.invoke=ALL-UNNAMED --add-opens=java.base/java.util=ALL-UNNAMED --add-opens=java.prefs/java.util.prefs=ALL-UNNAMED --add-opens=java.prefs/java.util.prefs=ALL-UNNAMED --add-opens=java.base/java.nio.charset=ALL-UNNAMED --add-opens=java.base/java.net=ALL-UNNAMED --add-opens=java.base/java.util.concurrent.atomic=ALL-UNNAMED -Xmx2048m -Dfile.encoding=UTF-8 -Duser.country=US -Duser.language=en -Duser.variant 
java_command: org.gradle.launcher.daemon.bootstrap.GradleDaemon 7.2
java_class_path (initial): C:\Users\Admin\.gradle\wrapper\dists\gradle-7.2-bin\2dnblmf4td7x66yl1d74lt32g\gradle-7.2\lib\gradle-launcher-7.2.jar
Launcher Type: SUN_STANDARD

[Global flags]
     intx CICompilerCount                          = 4                                         {product} {ergonomic}
     uint ConcGCThreads                            = 2                                         {product} {ergonomic}
     uint G1ConcRefinementThreads                  = 8                                         {product} {ergonomic}
   size_t G1HeapRegionSize                         = 1048576                                   {product} {ergonomic}
    uintx GCDrainStackTargetSize                   = 64                                        {product} {ergonomic}
   size_t InitialHeapSize                          = 132120576                                 {product} {ergonomic}
   size_t MarkStackSize                            = 4194304                                   {product} {ergonomic}
   size_t MaxHeapSize                              = 2147483648                                {product} {command line}
   size_t MaxNewSize                               = 1287651328                                {product} {ergonomic}
   size_t MinHeapDeltaBytes                        = 1048576                                   {product} {ergonomic}
    uintx NonNMethodCodeHeapSize                   = 5836300                                {pd product} {ergonomic}
    uintx NonProfiledCodeHeapSize                  = 122910970                              {pd product} {ergonomic}
    uintx ProfiledCodeHeapSize                     = 122910970                              {pd product} {ergonomic}
    uintx ReservedCodeCacheSize                    = 251658240                              {pd product} {ergonomic}
     bool SegmentedCodeCache                       = true                                      {product} {ergonomic}
     bool UseCompressedClassPointers               = true                                 {lp64_product} {ergonomic}
     bool UseCompressedOops                        = true                                 {lp64_product} {ergonomic}
     bool UseG1GC                                  = true                                      {product} {ergonomic}
     bool UseLargePagesIndividualAllocation        = false                                  {pd product} {ergonomic}

Logging:
Log output configuration:
 #0: stdout all=warning uptime,level,tags
 #1: stderr all=off uptime,level,tags

Environment Variables:
PATH=C:\Program Files (x86)\Common Files\Oracle\Java\javapath;C:\Program Files\Common Files\Oracle\Java\javapath;C:\ProgramData\Oracle\Java\javapath;C:\WINDOWS\system32;C:\WINDOWS;C:\WINDOWS\System32\Wbem;C:\WINDOWS\System32\WindowsPowerShell\v1.0\;C:\WINDOWS\System32\OpenSSH\;C:\Program Files\Java\jdk-14\bin;C:\Program Files\Git\cmd;C:\Program Files\nodejs\;C:\Users\Admin\AppData\Local\Microsoft\WindowsApps;C:\Users\Admin\AppData\Roaming\npm;
USERNAME=Admin
OS=Windows_NT
PROCESSOR_IDENTIFIER=Intel64 Family 6 Model 142 Stepping 10, GenuineIntel



---------------  S Y S T E M  ---------------

OS: Windows 10 , 64 bit Build 19041 (10.0.19041.1566)
OS uptime: 2 days 3:56 hours

CPU:total 8 (initial active 8) (4 cores per cpu, 2 threads per core) family 6 model 142 stepping 10 microcode 0xb4, cmov, cx8, fxsr, mmx, sse, sse2, sse3, ssse3, sse4.1, sse4.2, popcnt, avx, avx2, aes, clmul, erms, 3dnowpref, lzcnt, ht, tsc, tscinvbit, bmi1, bmi2, adx, fma

Memory: 4k page, system-wide physical 8026M (963M free)
TotalPageFile size 9050M (AvailPageFile size 9M)
current process WorkingSet (physical memory assigned to process): 391M, peak: 394M
current process commit charge ("private bytes"): 430M, peak: 436M

vm_info: OpenJDK 64-Bit Server VM (11.0.11+9-b60-7590822) for windows-amd64 JRE (11.0.11+9-b60-7590822), built on Jul 29 2021 21:43:44 by "builder" with MS VC++ 14.0 (VS2015)

END.
