#
# There is insufficient memory for the Java Runtime Environment to continue.
# Native memory allocation (malloc) failed to allocate 32744 bytes for ChunkPool::allocate
# Possible reasons:
#   The system is out of physical RAM or swap space
#   The process is running with CompressedOops enabled, and the Java Heap may be blocking the growth of the native heap
# Possible solutions:
#   Reduce memory load on the system
#   Increase physical memory or swap space
#   Check if swap backing store is full
#   Decrease Java heap size (-Xmx/-Xms)
#   Decrease number of Java threads
#   Decrease Java thread stack sizes (-Xss)
#   Set larger code cache with -XX:ReservedCodeCacheSize=
#   JVM is running with Unscaled Compressed Oops mode in which the Java heap is
#     placed in the first 4GB address space. The Java Heap base address is the
#     maximum limit for the native heap growth. Please use -XX:HeapBaseMinAddress
#     to set the Java Heap base and to place the Java Heap above 4GB virtual address.
# This output file may be truncated or incomplete.
#
#  Out of Memory Error (./src/hotspot/share/memory/arena.cpp:81), pid=11608, tid=8300
#
# JRE version: OpenJDK Runtime Environment (11.0.11+9) (build 11.0.11+9-b60-7590822)
# Java VM: OpenJDK 64-Bit Server VM (11.0.11+9-b60-7590822, mixed mode, tiered, compressed oops, g1 gc, windows-amd64)
# No core dump will be written. Minidumps are not enabled by default on client versions of Windows
#

---------------  S U M M A R Y ------------

Command Line: --add-opens=java.base/java.util=ALL-UNNAMED --add-opens=java.base/java.lang=ALL-UNNAMED --add-opens=java.base/java.lang.invoke=ALL-UNNAMED --add-opens=java.base/java.util=ALL-UNNAMED --add-opens=java.prefs/java.util.prefs=ALL-UNNAMED --add-opens=java.prefs/java.util.prefs=ALL-UNNAMED --add-opens=java.base/java.nio.charset=ALL-UNNAMED --add-opens=java.base/java.net=ALL-UNNAMED --add-opens=java.base/java.util.concurrent.atomic=ALL-UNNAMED -Xmx2048m -Dfile.encoding=UTF-8 -Duser.country=US -Duser.language=en -Duser.variant org.gradle.launcher.daemon.bootstrap.GradleDaemon 7.2

Host: Intel(R) Core(TM) i7-8550U CPU @ 1.80GHz, 8 cores, 7G,  Windows 10 , 64 bit Build 19041 (10.0.19041.1566)
Time: Fri Apr  8 03:36:35 2022 Arab Standard Time elapsed time: 4783.423426 seconds (0d 1h 19m 43s)

---------------  T H R E A D  ---------------

Current thread (0x0000021aa28c7800):  JavaThread "C2 CompilerThread1" daemon [_thread_in_native, id=8300, stack(0x000000e2add00000,0x000000e2ade00000)]


Current CompileTask:
C2:4783423 24778   !   4       org.gradle.api.internal.artifacts.ivyservice.resolveengine.graph.builder.EdgeState::calculateTargetConfigurations (449 bytes)

Stack: [0x000000e2add00000,0x000000e2ade00000]
Native frames: (J=compiled Java code, j=interpreted, Vv=VM code, C=native code)
V  [jvm.dll+0x5f214a]
V  [jvm.dll+0x726fb5]
V  [jvm.dll+0x7285cd]
V  [jvm.dll+0x728c83]
V  [jvm.dll+0x243278]
V  [jvm.dll+0xbc78b]
V  [jvm.dll+0xbca3c]
V  [jvm.dll+0x643f95]
V  [jvm.dll+0x198850]
V  [jvm.dll+0x1fc2ee]
V  [jvm.dll+0x1fb3d4]
V  [jvm.dll+0x183d6c]
V  [jvm.dll+0x209a57]
V  [jvm.dll+0x2082a1]
V  [jvm.dll+0x6ef58f]
V  [jvm.dll+0x6e80b5]
V  [jvm.dll+0x5f1036]
C  [ucrtbase.dll+0x21bb2]
C  [KERNEL32.DLL+0x17034]
C  [ntdll.dll+0x52651]


---------------  P R O C E S S  ---------------

Threads class SMR info:
_java_thread_list=0x0000021aa135c3f0, length=127, elements={
0x0000021afee88800, 0x0000021a9af60000, 0x0000021a9af61800, 0x0000021a9af78800,
0x0000021a9af7c800, 0x0000021a9af7e000, 0x0000021a9af83000, 0x0000021a9af90000,
0x0000021a9af91000, 0x0000021a9ba41800, 0x0000021a9d04f800, 0x0000021a9e850800,
0x0000021a9d44f800, 0x0000021a9e9df800, 0x0000021a9e9db800, 0x0000021a9e9e0800,
0x0000021a9e9e1800, 0x0000021a9e9e2000, 0x0000021a9e9dc800, 0x0000021a9e9dd000,
0x0000021a9ec11000, 0x0000021a9ec12000, 0x0000021a9ec16000, 0x0000021a9ec13800,
0x0000021a9ec14000, 0x0000021a9ec10000, 0x0000021a9e50a000, 0x0000021a9e510000,
0x0000021a9f376000, 0x0000021aa61f1000, 0x0000021aa4707800, 0x0000021aa470e000,
0x0000021aa4704800, 0x0000021aa4705000, 0x0000021aa4703800, 0x0000021aa4706000,
0x0000021aa4700000, 0x0000021aa4707000, 0x0000021aa4701000, 0x0000021aa4702000,
0x0000021aa4708800, 0x0000021aa4702800, 0x0000021aa470f000, 0x0000021aa4709000,
0x0000021aa470d800, 0x0000021aa28c7800, 0x0000021aa470a000, 0x0000021aa470b000,
0x0000021aa470b800, 0x0000021aa470c800, 0x0000021aa61e6000, 0x0000021aa61e7000,
0x0000021aa61e9800, 0x0000021aa61ea000, 0x0000021aa61e8000, 0x0000021aa61e4800,
0x0000021aa61eb000, 0x0000021aa61e5800, 0x0000021aa61ec000, 0x0000021aa61ec800,
0x0000021aa61ee800, 0x0000021aa61ed800, 0x0000021aa61e8800, 0x0000021aa61f1800,
0x0000021aa61ef000, 0x0000021aa61f2800, 0x0000021aa61f3000, 0x0000021a9f377800,
0x0000021a9f372000, 0x0000021a9f378800, 0x0000021a9f373800, 0x0000021a9f372800,
0x0000021a9f376800, 0x0000021a9f379000, 0x0000021a9f37a000, 0x0000021a9f375000,
0x0000021a9f374000, 0x0000021a9f37a800, 0x0000021a9f37d000, 0x0000021a9f37e000,
0x0000021a9f37b800, 0x0000021a9f37c800, 0x0000021a9f37f000, 0x0000021a9e50d800,
0x0000021a9e50f000, 0x0000021a9e50b000, 0x0000021a9e514000, 0x0000021a9e514800,
0x0000021a9e515800, 0x0000021a9e516800, 0x0000021a9e517000, 0x0000021a9e511800,
0x0000021a9e518000, 0x0000021a9e512000, 0x0000021a9e519000, 0x0000021a9e513000,
0x0000021a9ec12800, 0x0000021a9ec15000, 0x0000021a9ec16800, 0x0000021a9e9df000,
0x0000021a9e9de000, 0x0000021aa4f14000, 0x0000021aa4f15000, 0x0000021aa4f13800,
0x0000021aa4f10000, 0x0000021aa4f11800, 0x0000021aa4f12800, 0x0000021aa4f15800,
0x0000021aa4f16800, 0x0000021aa4f11000, 0x0000021aa4f1a800, 0x0000021aa4f1d000,
0x0000021aa4f1a000, 0x0000021aa4f1b800, 0x0000021aa4f19000, 0x0000021aa4f17800,
0x0000021aa4f1e000, 0x0000021aa4f18000, 0x0000021aa4f1e800, 0x0000021aa4f1c800,
0x0000021aa4938000, 0x0000021aa493b800, 0x0000021aa493e800, 0x0000021aa493c000,
0x0000021aa493a000, 0x0000021aa4939000, 0x0000021a9d952000
}

Java Threads: ( => current thread )
  0x0000021afee88800 JavaThread "main" [_thread_blocked, id=9244, stack(0x000000e2aa800000,0x000000e2aa900000)]
  0x0000021a9af60000 JavaThread "Reference Handler" daemon [_thread_blocked, id=8640, stack(0x000000e2aaf00000,0x000000e2ab000000)]
  0x0000021a9af61800 JavaThread "Finalizer" daemon [_thread_blocked, id=11016, stack(0x000000e2ab000000,0x000000e2ab100000)]
  0x0000021a9af78800 JavaThread "Signal Dispatcher" daemon [_thread_blocked, id=8436, stack(0x000000e2ab100000,0x000000e2ab200000)]
  0x0000021a9af7c800 JavaThread "Attach Listener" daemon [_thread_blocked, id=14140, stack(0x000000e2ab200000,0x000000e2ab300000)]
  0x0000021a9af7e000 JavaThread "Service Thread" daemon [_thread_blocked, id=3248, stack(0x000000e2ab300000,0x000000e2ab400000)]
  0x0000021a9af83000 JavaThread "C2 CompilerThread0" daemon [_thread_in_native, id=9300, stack(0x000000e2ab400000,0x000000e2ab500000)]
  0x0000021a9af90000 JavaThread "C1 CompilerThread0" daemon [_thread_blocked, id=4540, stack(0x000000e2ab500000,0x000000e2ab600000)]
  0x0000021a9af91000 JavaThread "Sweeper thread" daemon [_thread_blocked, id=12748, stack(0x000000e2ab600000,0x000000e2ab700000)]
  0x0000021a9ba41800 JavaThread "Common-Cleaner" daemon [_thread_blocked, id=11312, stack(0x000000e2ab700000,0x000000e2ab800000)]
  0x0000021a9d04f800 JavaThread "Daemon health stats" [_thread_blocked, id=14132, stack(0x000000e2abd00000,0x000000e2abe00000)]
  0x0000021a9e850800 JavaThread "Incoming local TCP Connector on port 53637" [_thread_in_native, id=5712, stack(0x000000e2aa600000,0x000000e2aa700000)]
  0x0000021a9d44f800 JavaThread "Daemon periodic checks" [_thread_blocked, id=2128, stack(0x000000e2aa700000,0x000000e2aa800000)]
  0x0000021a9e9df800 JavaThread "Cache worker for journal cache (C:\Users\Admin\.gradle\caches\journal-1)" [_thread_blocked, id=11676, stack(0x000000e2ac300000,0x000000e2ac400000)]
  0x0000021a9e9db800 JavaThread "File lock request listener" [_thread_in_native, id=12476, stack(0x000000e2ac400000,0x000000e2ac500000)]
  0x0000021a9e9e0800 JavaThread "Cache worker for file hash cache (C:\Users\Admin\.gradle\caches\7.2\fileHashes)" [_thread_blocked, id=3936, stack(0x000000e2aca00000,0x000000e2acb00000)]
  0x0000021a9e9e1800 JavaThread "File watcher server" daemon [_thread_in_native, id=13036, stack(0x000000e2acd00000,0x000000e2ace00000)]
  0x0000021a9e9e2000 JavaThread "File watcher consumer" daemon [_thread_blocked, id=13884, stack(0x000000e2ace00000,0x000000e2acf00000)]
  0x0000021a9e9dc800 JavaThread "jar transforms" [_thread_blocked, id=6516, stack(0x000000e2ad000000,0x000000e2ad100000)]
  0x0000021a9e9dd000 JavaThread "jar transforms Thread 2" [_thread_blocked, id=10864, stack(0x000000e2ad100000,0x000000e2ad200000)]
  0x0000021a9ec11000 JavaThread "jar transforms Thread 3" [_thread_blocked, id=13160, stack(0x000000e2ad200000,0x000000e2ad300000)]
  0x0000021a9ec12000 JavaThread "jar transforms Thread 4" [_thread_blocked, id=12712, stack(0x000000e2ad300000,0x000000e2ad400000)]
  0x0000021a9ec16000 JavaThread "jar transforms Thread 5" [_thread_blocked, id=12532, stack(0x000000e2ad400000,0x000000e2ad500000)]
  0x0000021a9ec13800 JavaThread "jar transforms Thread 6" [_thread_blocked, id=7328, stack(0x000000e2ad500000,0x000000e2ad600000)]
  0x0000021a9ec14000 JavaThread "jar transforms Thread 7" [_thread_blocked, id=11364, stack(0x000000e2ad600000,0x000000e2ad700000)]
  0x0000021a9ec10000 JavaThread "jar transforms Thread 8" [_thread_blocked, id=11360, stack(0x000000e2ad700000,0x000000e2ad800000)]
  0x0000021a9e50a000 JavaThread "Cache worker for execution history cache (C:\Users\Admin\.gradle\caches\7.2\executionHistory)" [_thread_blocked, id=13248, stack(0x000000e2acf00000,0x000000e2ad000000)]
  0x0000021a9e510000 JavaThread "Cache worker for file content cache (C:\Users\Admin\.gradle\caches\7.2\fileContent)" [_thread_blocked, id=10628, stack(0x000000e2adc00000,0x000000e2add00000)]
  0x0000021a9f376000 JavaThread "Memory manager" [_thread_blocked, id=4252, stack(0x000000e2b2f00000,0x000000e2b3000000)]
  0x0000021aa61f1000 JavaThread "Cache worker for Java compile cache (C:\Users\Admin\.gradle\caches\7.2\javaCompile)" [_thread_blocked, id=10060, stack(0x000000e2b4200000,0x000000e2b4300000)]
  0x0000021aa4707800 JavaThread "ForkJoinPool.commonPool-worker-1" daemon [_thread_blocked, id=13956, stack(0x000000e2b2e00000,0x000000e2b2f00000)]
  0x0000021aa470e000 JavaThread "ForkJoinPool.commonPool-worker-3" daemon [_thread_blocked, id=4192, stack(0x000000e2b4b00000,0x000000e2b4c00000)]
  0x0000021aa4704800 JavaThread "Daemon Thread 7" [_thread_blocked, id=8496, stack(0x000000e2ab900000,0x000000e2aba00000)]
  0x0000021aa4705000 JavaThread "Handler for socket connection from /127.0.0.1:53637 to /127.0.0.1:49515" [_thread_in_native, id=4772, stack(0x000000e2abc00000,0x000000e2abd00000)]
  0x0000021aa4703800 JavaThread "Cancel handler" [_thread_blocked, id=7816, stack(0x000000e2abe00000,0x000000e2abf00000)]
  0x0000021aa4706000 JavaThread "Daemon worker Thread 7" [_thread_in_Java, id=11744, stack(0x000000e2abf00000,0x000000e2ac000000)]
  0x0000021aa4700000 JavaThread "Asynchronous log dispatcher for DefaultDaemonConnection: socket connection from /127.0.0.1:53637 to /127.0.0.1:49515" [_thread_blocked, id=14012, stack(0x000000e2ac000000,0x000000e2ac100000)]
  0x0000021aa4707000 JavaThread "Stdin handler" [_thread_blocked, id=732, stack(0x000000e2ac100000,0x000000e2ac200000)]
  0x0000021aa4701000 JavaThread "Daemon client event forwarder" [_thread_blocked, id=7092, stack(0x000000e2ac200000,0x000000e2ac300000)]
  0x0000021aa4702000 JavaThread "Cache worker for file hash cache (C:\Users\Admin\login2\.gradle\7.2\fileHashes)" [_thread_blocked, id=13144, stack(0x000000e2acb00000,0x000000e2acc00000)]
  0x0000021aa4708800 JavaThread "Cache worker for checksums cache (C:\Users\Admin\login2\.gradle\checksums)" [_thread_blocked, id=1460, stack(0x000000e2acc00000,0x000000e2acd00000)]
  0x0000021aa4702800 JavaThread "Cache worker for cache directory md-supplier (C:\Users\Admin\.gradle\caches\7.2\md-supplier)" [_thread_blocked, id=13504, stack(0x000000e2ad800000,0x000000e2ad900000)]
  0x0000021aa470f000 JavaThread "Cache worker for cache directory md-rule (C:\Users\Admin\.gradle\caches\7.2\md-rule)" [_thread_blocked, id=1016, stack(0x000000e2ad900000,0x000000e2ada00000)]
  0x0000021aa4709000 JavaThread "Cache worker for dependencies-accessors (C:\Users\Admin\login2\.gradle\7.2\dependencies-accessors)" [_thread_blocked, id=12832, stack(0x000000e2ada00000,0x000000e2adb00000)]
  0x0000021aa470d800 JavaThread "Cache worker for Build Output Cleanup Cache (C:\Users\Admin\login2\.gradle\buildOutputCleanup)" [_thread_blocked, id=4564, stack(0x000000e2adb00000,0x000000e2adc00000)]
=>0x0000021aa28c7800 JavaThread "C2 CompilerThread1" daemon [_thread_in_native, id=8300, stack(0x000000e2add00000,0x000000e2ade00000)]
  0x0000021aa470a000 JavaThread "Unconstrained build operations" [_thread_blocked, id=13820, stack(0x000000e2ade00000,0x000000e2adf00000)]
  0x0000021aa470b000 JavaThread "Unconstrained build operations Thread 2" [_thread_blocked, id=13324, stack(0x000000e2adf00000,0x000000e2ae000000)]
  0x0000021aa470b800 JavaThread "Unconstrained build operations Thread 3" [_thread_blocked, id=5444, stack(0x000000e2ae000000,0x000000e2ae100000)]
  0x0000021aa470c800 JavaThread "Unconstrained build operations Thread 4" [_thread_blocked, id=11940, stack(0x000000e2ae100000,0x000000e2ae200000)]
  0x0000021aa61e6000 JavaThread "Unconstrained build operations Thread 5" [_thread_blocked, id=12900, stack(0x000000e2ae200000,0x000000e2ae300000)]
  0x0000021aa61e7000 JavaThread "Unconstrained build operations Thread 6" [_thread_blocked, id=13572, stack(0x000000e2ae300000,0x000000e2ae400000)]
  0x0000021aa61e9800 JavaThread "Unconstrained build operations Thread 7" [_thread_blocked, id=5400, stack(0x000000e2ae400000,0x000000e2ae500000)]
  0x0000021aa61ea000 JavaThread "Unconstrained build operations Thread 8" [_thread_blocked, id=6988, stack(0x000000e2ae500000,0x000000e2ae600000)]
  0x0000021aa61e8000 JavaThread "Unconstrained build operations Thread 9" [_thread_blocked, id=7340, stack(0x000000e2ae600000,0x000000e2ae700000)]
  0x0000021aa61e4800 JavaThread "Unconstrained build operations Thread 10" [_thread_blocked, id=6880, stack(0x000000e2ae700000,0x000000e2ae800000)]
  0x0000021aa61eb000 JavaThread "Unconstrained build operations Thread 11" [_thread_blocked, id=4028, stack(0x000000e2ae800000,0x000000e2ae900000)]
  0x0000021aa61e5800 JavaThread "Unconstrained build operations Thread 12" [_thread_blocked, id=6920, stack(0x000000e2ae900000,0x000000e2aea00000)]
  0x0000021aa61ec000 JavaThread "Unconstrained build operations Thread 13" [_thread_blocked, id=1912, stack(0x000000e2aea00000,0x000000e2aeb00000)]
  0x0000021aa61ec800 JavaThread "Unconstrained build operations Thread 14" [_thread_blocked, id=12460, stack(0x000000e2aeb00000,0x000000e2aec00000)]
  0x0000021aa61ee800 JavaThread "Unconstrained build operations Thread 15" [_thread_blocked, id=7864, stack(0x000000e2aec00000,0x000000e2aed00000)]
  0x0000021aa61ed800 JavaThread "Unconstrained build operations Thread 16" [_thread_blocked, id=212, stack(0x000000e2aed00000,0x000000e2aee00000)]
  0x0000021aa61e8800 JavaThread "Unconstrained build operations Thread 17" [_thread_blocked, id=5008, stack(0x000000e2aee00000,0x000000e2aef00000)]
  0x0000021aa61f1800 JavaThread "Unconstrained build operations Thread 18" [_thread_blocked, id=11032, stack(0x000000e2aef00000,0x000000e2af000000)]
  0x0000021aa61ef000 JavaThread "Unconstrained build operations Thread 19" [_thread_blocked, id=2460, stack(0x000000e2af000000,0x000000e2af100000)]
  0x0000021aa61f2800 JavaThread "Unconstrained build operations Thread 20" [_thread_blocked, id=9600, stack(0x000000e2af100000,0x000000e2af200000)]
  0x0000021aa61f3000 JavaThread "Unconstrained build operations Thread 21" [_thread_blocked, id=9176, stack(0x000000e2af200000,0x000000e2af300000)]
  0x0000021a9f377800 JavaThread "Unconstrained build operations Thread 22" [_thread_blocked, id=13800, stack(0x000000e2af300000,0x000000e2af400000)]
  0x0000021a9f372000 JavaThread "Unconstrained build operations Thread 23" [_thread_blocked, id=2576, stack(0x000000e2af400000,0x000000e2af500000)]
  0x0000021a9f378800 JavaThread "Unconstrained build operations Thread 24" [_thread_blocked, id=12580, stack(0x000000e2af500000,0x000000e2af600000)]
  0x0000021a9f373800 JavaThread "Unconstrained build operations Thread 25" [_thread_blocked, id=6060, stack(0x000000e2af600000,0x000000e2af700000)]
  0x0000021a9f372800 JavaThread "Unconstrained build operations Thread 26" [_thread_blocked, id=4444, stack(0x000000e2af700000,0x000000e2af800000)]
  0x0000021a9f376800 JavaThread "Unconstrained build operations Thread 27" [_thread_blocked, id=12200, stack(0x000000e2af800000,0x000000e2af900000)]
  0x0000021a9f379000 JavaThread "Unconstrained build operations Thread 28" [_thread_blocked, id=10260, stack(0x000000e2af900000,0x000000e2afa00000)]
  0x0000021a9f37a000 JavaThread "Unconstrained build operations Thread 29" [_thread_blocked, id=4140, stack(0x000000e2afa00000,0x000000e2afb00000)]
  0x0000021a9f375000 JavaThread "Unconstrained build operations Thread 30" [_thread_blocked, id=4484, stack(0x000000e2afb00000,0x000000e2afc00000)]
  0x0000021a9f374000 JavaThread "Unconstrained build operations Thread 31" [_thread_blocked, id=2468, stack(0x000000e2afc00000,0x000000e2afd00000)]
  0x0000021a9f37a800 JavaThread "Unconstrained build operations Thread 32" [_thread_blocked, id=10388, stack(0x000000e2afd00000,0x000000e2afe00000)]
  0x0000021a9f37d000 JavaThread "Unconstrained build operations Thread 33" [_thread_blocked, id=13928, stack(0x000000e2afe00000,0x000000e2aff00000)]
  0x0000021a9f37e000 JavaThread "Unconstrained build operations Thread 34" [_thread_blocked, id=14076, stack(0x000000e2aff00000,0x000000e2b0000000)]
  0x0000021a9f37b800 JavaThread "Unconstrained build operations Thread 35" [_thread_blocked, id=9560, stack(0x000000e2b0000000,0x000000e2b0100000)]
  0x0000021a9f37c800 JavaThread "Unconstrained build operations Thread 36" [_thread_blocked, id=8384, stack(0x000000e2b0100000,0x000000e2b0200000)]
  0x0000021a9f37f000 JavaThread "Unconstrained build operations Thread 37" [_thread_blocked, id=13372, stack(0x000000e2b0200000,0x000000e2b0300000)]
  0x0000021a9e50d800 JavaThread "Unconstrained build operations Thread 38" [_thread_blocked, id=12164, stack(0x000000e2b0300000,0x000000e2b0400000)]
  0x0000021a9e50f000 JavaThread "Unconstrained build operations Thread 39" [_thread_blocked, id=13092, stack(0x000000e2b0400000,0x000000e2b0500000)]
  0x0000021a9e50b000 JavaThread "Unconstrained build operations Thread 40" [_thread_blocked, id=7724, stack(0x000000e2b0500000,0x000000e2b0600000)]
  0x0000021a9e514000 JavaThread "Unconstrained build operations Thread 41" [_thread_blocked, id=4376, stack(0x000000e2b0600000,0x000000e2b0700000)]
  0x0000021a9e514800 JavaThread "Unconstrained build operations Thread 42" [_thread_blocked, id=6224, stack(0x000000e2b0700000,0x000000e2b0800000)]
  0x0000021a9e515800 JavaThread "Unconstrained build operations Thread 43" [_thread_blocked, id=9084, stack(0x000000e2b0800000,0x000000e2b0900000)]
  0x0000021a9e516800 JavaThread "Unconstrained build operations Thread 44" [_thread_blocked, id=13112, stack(0x000000e2b0900000,0x000000e2b0a00000)]
  0x0000021a9e517000 JavaThread "Unconstrained build operations Thread 45" [_thread_blocked, id=14028, stack(0x000000e2b0a00000,0x000000e2b0b00000)]
  0x0000021a9e511800 JavaThread "Unconstrained build operations Thread 46" [_thread_blocked, id=6712, stack(0x000000e2b0b00000,0x000000e2b0c00000)]
  0x0000021a9e518000 JavaThread "Unconstrained build operations Thread 47" [_thread_blocked, id=9500, stack(0x000000e2b0c00000,0x000000e2b0d00000)]
  0x0000021a9e512000 JavaThread "Unconstrained build operations Thread 48" [_thread_blocked, id=9848, stack(0x000000e2b0d00000,0x000000e2b0e00000)]
  0x0000021a9e519000 JavaThread "Unconstrained build operations Thread 49" [_thread_blocked, id=9284, stack(0x000000e2b0e00000,0x000000e2b0f00000)]
  0x0000021a9e513000 JavaThread "Unconstrained build operations Thread 50" [_thread_blocked, id=1696, stack(0x000000e2b0f00000,0x000000e2b1000000)]
  0x0000021a9ec12800 JavaThread "Unconstrained build operations Thread 51" [_thread_blocked, id=5224, stack(0x000000e2b1000000,0x000000e2b1100000)]
  0x0000021a9ec15000 JavaThread "Unconstrained build operations Thread 52" [_thread_blocked, id=2272, stack(0x000000e2b1100000,0x000000e2b1200000)]
  0x0000021a9ec16800 JavaThread "Unconstrained build operations Thread 53" [_thread_blocked, id=13408, stack(0x000000e2b1200000,0x000000e2b1300000)]
  0x0000021a9e9df000 JavaThread "Unconstrained build operations Thread 54" [_thread_blocked, id=9780, stack(0x000000e2b1300000,0x000000e2b1400000)]
  0x0000021a9e9de000 JavaThread "Unconstrained build operations Thread 55" [_thread_blocked, id=1964, stack(0x000000e2b1400000,0x000000e2b1500000)]
  0x0000021aa4f14000 JavaThread "Unconstrained build operations Thread 56" [_thread_blocked, id=12268, stack(0x000000e2b1500000,0x000000e2b1600000)]
  0x0000021aa4f15000 JavaThread "Unconstrained build operations Thread 57" [_thread_blocked, id=4344, stack(0x000000e2b1600000,0x000000e2b1700000)]
  0x0000021aa4f13800 JavaThread "Unconstrained build operations Thread 58" [_thread_blocked, id=32, stack(0x000000e2b1700000,0x000000e2b1800000)]
  0x0000021aa4f10000 JavaThread "Unconstrained build operations Thread 59" [_thread_blocked, id=14248, stack(0x000000e2b1800000,0x000000e2b1900000)]
  0x0000021aa4f11800 JavaThread "Unconstrained build operations Thread 60" [_thread_blocked, id=11048, stack(0x000000e2b1900000,0x000000e2b1a00000)]
  0x0000021aa4f12800 JavaThread "Unconstrained build operations Thread 61" [_thread_blocked, id=5068, stack(0x000000e2b1a00000,0x000000e2b1b00000)]
  0x0000021aa4f15800 JavaThread "Unconstrained build operations Thread 62" [_thread_blocked, id=13840, stack(0x000000e2b1b00000,0x000000e2b1c00000)]
  0x0000021aa4f16800 JavaThread "Unconstrained build operations Thread 63" [_thread_blocked, id=13224, stack(0x000000e2b1c00000,0x000000e2b1d00000)]
  0x0000021aa4f11000 JavaThread "Unconstrained build operations Thread 64" [_thread_blocked, id=13984, stack(0x000000e2b1d00000,0x000000e2b1e00000)]
  0x0000021aa4f1a800 JavaThread "Unconstrained build operations Thread 65" [_thread_blocked, id=14096, stack(0x000000e2b1e00000,0x000000e2b1f00000)]
  0x0000021aa4f1d000 JavaThread "Unconstrained build operations Thread 66" [_thread_blocked, id=9112, stack(0x000000e2b1f00000,0x000000e2b2000000)]
  0x0000021aa4f1a000 JavaThread "Unconstrained build operations Thread 67" [_thread_blocked, id=10396, stack(0x000000e2b2000000,0x000000e2b2100000)]
  0x0000021aa4f1b800 JavaThread "Unconstrained build operations Thread 68" [_thread_blocked, id=1112, stack(0x000000e2b2100000,0x000000e2b2200000)]
  0x0000021aa4f19000 JavaThread "Unconstrained build operations Thread 69" [_thread_blocked, id=3544, stack(0x000000e2b2200000,0x000000e2b2300000)]
  0x0000021aa4f17800 JavaThread "Unconstrained build operations Thread 70" [_thread_blocked, id=3136, stack(0x000000e2b2300000,0x000000e2b2400000)]
  0x0000021aa4f1e000 JavaThread "Unconstrained build operations Thread 71" [_thread_blocked, id=13780, stack(0x000000e2b2400000,0x000000e2b2500000)]
  0x0000021aa4f18000 JavaThread "Unconstrained build operations Thread 72" [_thread_blocked, id=7636, stack(0x000000e2b2500000,0x000000e2b2600000)]
  0x0000021aa4f1e800 JavaThread "Unconstrained build operations Thread 73" [_thread_blocked, id=11896, stack(0x000000e2b2600000,0x000000e2b2700000)]
  0x0000021aa4f1c800 JavaThread "Unconstrained build operations Thread 74" [_thread_blocked, id=9752, stack(0x000000e2b2700000,0x000000e2b2800000)]
  0x0000021aa4938000 JavaThread "Unconstrained build operations Thread 75" [_thread_blocked, id=5556, stack(0x000000e2b2800000,0x000000e2b2900000)]
  0x0000021aa493b800 JavaThread "Unconstrained build operations Thread 76" [_thread_blocked, id=11496, stack(0x000000e2b2900000,0x000000e2b2a00000)]
  0x0000021aa493e800 JavaThread "Unconstrained build operations Thread 77" [_thread_blocked, id=8052, stack(0x000000e2b2a00000,0x000000e2b2b00000)]
  0x0000021aa493c000 JavaThread "Unconstrained build operations Thread 78" [_thread_blocked, id=13784, stack(0x000000e2b2b00000,0x000000e2b2c00000)]
  0x0000021aa493a000 JavaThread "Unconstrained build operations Thread 79" [_thread_blocked, id=10948, stack(0x000000e2b2c00000,0x000000e2b2d00000)]
  0x0000021aa4939000 JavaThread "Unconstrained build operations Thread 80" [_thread_blocked, id=7952, stack(0x000000e2b2d00000,0x000000e2b2e00000)]
  0x0000021a9d952000 JavaThread "C2 CompilerThread2" daemon [_thread_in_native, id=11736, stack(0x000000e2b3000000,0x000000e2b3100000)]

Other Threads:
  0x0000021a9af5e000 VMThread "VM Thread" [stack: 0x000000e2aae00000,0x000000e2aaf00000] [id=976]
  0x0000021a9ba98800 WatcherThread [stack: 0x000000e2ab800000,0x000000e2ab900000] [id=12972]
  0x0000021afeea2800 GCTaskThread "GC Thread#0" [stack: 0x000000e2aa900000,0x000000e2aaa00000] [id=7672]
  0x0000021a9c59e800 GCTaskThread "GC Thread#1" [stack: 0x000000e2aba00000,0x000000e2abb00000] [id=14304]
  0x0000021a9be38800 GCTaskThread "GC Thread#2" [stack: 0x000000e2abb00000,0x000000e2abc00000] [id=10796]
  0x0000021a9d74c800 GCTaskThread "GC Thread#3" [stack: 0x000000e2aa500000,0x000000e2aa600000] [id=12292]
  0x0000021a9ce02800 GCTaskThread "GC Thread#4" [stack: 0x000000e2ac500000,0x000000e2ac600000] [id=2820]
  0x0000021a9be7e000 GCTaskThread "GC Thread#5" [stack: 0x000000e2ac600000,0x000000e2ac700000] [id=12296]
  0x0000021a9b9fd000 GCTaskThread "GC Thread#6" [stack: 0x000000e2ac700000,0x000000e2ac800000] [id=13588]
  0x0000021a9cb6e000 GCTaskThread "GC Thread#7" [stack: 0x000000e2ac800000,0x000000e2ac900000] [id=4908]
  0x0000021afeed4800 ConcurrentGCThread "G1 Main Marker" [stack: 0x000000e2aaa00000,0x000000e2aab00000] [id=2500]
  0x0000021afeed8000 ConcurrentGCThread "G1 Conc#0" [stack: 0x000000e2aab00000,0x000000e2aac00000] [id=12044]
  0x0000021a9d3f2800 ConcurrentGCThread "G1 Conc#1" [stack: 0x000000e2ac900000,0x000000e2aca00000] [id=2324]
  0x0000021a9adb0800 ConcurrentGCThread "G1 Refine#0" [stack: 0x000000e2aac00000,0x000000e2aad00000] [id=13676]
  0x0000021a9adb1800 ConcurrentGCThread "G1 Young RemSet Sampling" [stack: 0x000000e2aad00000,0x000000e2aae00000] [id=14152]

Threads with active compile tasks:
C2 CompilerThread04783540 24785       4       org.gradle.api.internal.artifacts.ivyservice.resolveengine.artifact.ResolvedArtifactsGraphVisitor::getArtifacts (197 bytes)
C2 CompilerThread14783541 24778   !   4       org.gradle.api.internal.artifacts.ivyservice.resolveengine.graph.builder.EdgeState::calculateTargetConfigurations (449 bytes)
C2 CompilerThread24783541 24786   !   4       org.gradle.api.internal.artifacts.ivyservice.ResolvedFilesCollectingVisitor::visitArtifact (39 bytes)

VM state:not at safepoint (normal execution)

VM Mutex/Monitor currently owned by a thread: None

Heap address: 0x0000000080000000, size: 2048 MB, Compressed Oops mode: 32-bit
Narrow klass base: 0x0000000000000000, Narrow klass shift: 3
Compressed class space size: 1073741824 Address: 0x0000000100000000

Heap:
 garbage-first heap   total 270336K, used 173001K [0x0000000080000000, 0x0000000100000000)
  region size 1024K, 30 young (30720K), 2 survivors (2048K)
 Metaspace       used 132950K, capacity 136949K, committed 137320K, reserved 1169408K
  class space    used 16676K, capacity 18202K, committed 18432K, reserved 1048576K
Heap Regions: E=young(eden), S=young(survivor), O=old, HS=humongous(starts), HC=humongous(continues), CS=collection set, F=free, A=archive, TAMS=top-at-mark-start (previous, next)
|   0|0x0000000080000000, 0x0000000080100000, 0x0000000080100000|100%| O|  |TAMS 0x0000000080100000, 0x0000000080000000| Untracked 
|   1|0x0000000080100000, 0x0000000080200000, 0x0000000080200000|100%| O|  |TAMS 0x0000000080200000, 0x0000000080100000| Untracked 
|   2|0x0000000080200000, 0x0000000080200000, 0x0000000080300000|  0%| F|  |TAMS 0x0000000080200000, 0x0000000080200000| Untracked 
|   3|0x0000000080300000, 0x0000000080400000, 0x0000000080400000|100%|HS|  |TAMS 0x0000000080400000, 0x0000000080300000| Complete 
|   4|0x0000000080400000, 0x0000000080500000, 0x0000000080500000|100%|HC|  |TAMS 0x0000000080500000, 0x0000000080400000| Complete 
|   5|0x0000000080500000, 0x0000000080600000, 0x0000000080600000|100%|HC|  |TAMS 0x0000000080600000, 0x0000000080500000| Complete 
|   6|0x0000000080600000, 0x0000000080700000, 0x0000000080700000|100%| O|  |TAMS 0x0000000080700000, 0x0000000080600000| Untracked 
|   7|0x0000000080700000, 0x0000000080800000, 0x0000000080800000|100%| O|  |TAMS 0x0000000080800000, 0x0000000080700000| Untracked 
|   8|0x0000000080800000, 0x0000000080900000, 0x0000000080900000|100%| O|  |TAMS 0x0000000080900000, 0x0000000080800000| Untracked 
|   9|0x0000000080900000, 0x0000000080a00000, 0x0000000080a00000|100%| O|  |TAMS 0x0000000080a00000, 0x0000000080900000| Untracked 
|  10|0x0000000080a00000, 0x0000000080b00000, 0x0000000080b00000|100%| O|  |TAMS 0x0000000080b00000, 0x0000000080a00000| Untracked 
|  11|0x0000000080b00000, 0x0000000080c00000, 0x0000000080c00000|100%| O|  |TAMS 0x0000000080c00000, 0x0000000080b00000| Untracked 
|  12|0x0000000080c00000, 0x0000000080d00000, 0x0000000080d00000|100%| O|  |TAMS 0x0000000080d00000, 0x0000000080c00000| Untracked 
|  13|0x0000000080d00000, 0x0000000080e00000, 0x0000000080e00000|100%| O|  |TAMS 0x0000000080e00000, 0x0000000080d00000| Untracked 
|  14|0x0000000080e00000, 0x0000000080f00000, 0x0000000080f00000|100%| O|  |TAMS 0x0000000080f00000, 0x0000000080e00000| Untracked 
|  15|0x0000000080f00000, 0x0000000081000000, 0x0000000081000000|100%| O|  |TAMS 0x0000000081000000, 0x0000000080f00000| Untracked 
|  16|0x0000000081000000, 0x0000000081100000, 0x0000000081100000|100%|HS|  |TAMS 0x0000000081100000, 0x0000000081000000| Complete 
|  17|0x0000000081100000, 0x0000000081200000, 0x0000000081200000|100%|HC|  |TAMS 0x0000000081200000, 0x0000000081100000| Complete 
|  18|0x0000000081200000, 0x0000000081300000, 0x0000000081300000|100%|HS|  |TAMS 0x0000000081300000, 0x0000000081200000| Complete 
|  19|0x0000000081300000, 0x0000000081400000, 0x0000000081400000|100%|HC|  |TAMS 0x0000000081400000, 0x0000000081300000| Complete 
|  20|0x0000000081400000, 0x0000000081500000, 0x0000000081500000|100%|HC|  |TAMS 0x0000000081500000, 0x0000000081400000| Complete 
|  21|0x0000000081500000, 0x0000000081600000, 0x0000000081600000|100%|HS|  |TAMS 0x0000000081600000, 0x0000000081500000| Complete 
|  22|0x0000000081600000, 0x0000000081700000, 0x0000000081700000|100%|HC|  |TAMS 0x0000000081700000, 0x0000000081600000| Complete 
|  23|0x0000000081700000, 0x0000000081800000, 0x0000000081800000|100%|HC|  |TAMS 0x0000000081800000, 0x0000000081700000| Complete 
|  24|0x0000000081800000, 0x0000000081900000, 0x0000000081900000|100%|HC|  |TAMS 0x0000000081900000, 0x0000000081800000| Complete 
|  25|0x0000000081900000, 0x0000000081a00000, 0x0000000081a00000|100%| O|  |TAMS 0x0000000081a00000, 0x0000000081900000| Untracked 
|  26|0x0000000081a00000, 0x0000000081b00000, 0x0000000081b00000|100%| O|  |TAMS 0x0000000081b00000, 0x0000000081a00000| Untracked 
|  27|0x0000000081b00000, 0x0000000081c00000, 0x0000000081c00000|100%| O|  |TAMS 0x0000000081c00000, 0x0000000081b00000| Untracked 
|  28|0x0000000081c00000, 0x0000000081d00000, 0x0000000081d00000|100%| O|  |TAMS 0x0000000081d00000, 0x0000000081c00000| Untracked 
|  29|0x0000000081d00000, 0x0000000081e00000, 0x0000000081e00000|100%| O|  |TAMS 0x0000000081e00000, 0x0000000081d00000| Untracked 
|  30|0x0000000081e00000, 0x0000000081f00000, 0x0000000081f00000|100%| O|  |TAMS 0x0000000081f00000, 0x0000000081e00000| Untracked 
|  31|0x0000000081f00000, 0x0000000082000000, 0x0000000082000000|100%| O|  |TAMS 0x0000000082000000, 0x0000000081f00000| Untracked 
|  32|0x0000000082000000, 0x0000000082100000, 0x0000000082100000|100%| O|  |TAMS 0x0000000082100000, 0x0000000082000000| Untracked 
|  33|0x0000000082100000, 0x0000000082200000, 0x0000000082200000|100%|HS|  |TAMS 0x0000000082200000, 0x0000000082100000| Complete 
|  34|0x0000000082200000, 0x0000000082300000, 0x0000000082300000|100%|HC|  |TAMS 0x0000000082300000, 0x0000000082200000| Complete 
|  35|0x0000000082300000, 0x0000000082400000, 0x0000000082400000|100%|HC|  |TAMS 0x0000000082400000, 0x0000000082300000| Complete 
|  36|0x0000000082400000, 0x0000000082500000, 0x0000000082500000|100%| O|  |TAMS 0x0000000082500000, 0x0000000082400000| Untracked 
|  37|0x0000000082500000, 0x0000000082600000, 0x0000000082600000|100%| O|  |TAMS 0x0000000082600000, 0x0000000082500000| Untracked 
|  38|0x0000000082600000, 0x0000000082700000, 0x0000000082700000|100%| O|  |TAMS 0x0000000082700000, 0x0000000082600000| Untracked 
|  39|0x0000000082700000, 0x0000000082800000, 0x0000000082800000|100%| O|  |TAMS 0x0000000082800000, 0x0000000082700000| Untracked 
|  40|0x0000000082800000, 0x0000000082900000, 0x0000000082900000|100%| O|  |TAMS 0x0000000082900000, 0x0000000082800000| Untracked 
|  41|0x0000000082900000, 0x0000000082900000, 0x0000000082a00000|  0%| F|  |TAMS 0x0000000082900000, 0x0000000082900000| Untracked 
|  42|0x0000000082a00000, 0x0000000082b00000, 0x0000000082b00000|100%| O|  |TAMS 0x0000000082b00000, 0x0000000082a00000| Untracked 
|  43|0x0000000082b00000, 0x0000000082c00000, 0x0000000082c00000|100%| O|  |TAMS 0x0000000082c00000, 0x0000000082b00000| Untracked 
|  44|0x0000000082c00000, 0x0000000082d00000, 0x0000000082d00000|100%| O|  |TAMS 0x0000000082d00000, 0x0000000082c00000| Untracked 
|  45|0x0000000082d00000, 0x0000000082e00000, 0x0000000082e00000|100%| O|  |TAMS 0x0000000082e00000, 0x0000000082d00000| Untracked 
|  46|0x0000000082e00000, 0x0000000082f00000, 0x0000000082f00000|100%| O|  |TAMS 0x0000000082f00000, 0x0000000082e00000| Untracked 
|  47|0x0000000082f00000, 0x0000000083000000, 0x0000000083000000|100%| O|  |TAMS 0x0000000083000000, 0x0000000082f00000| Untracked 
|  48|0x0000000083000000, 0x0000000083100000, 0x0000000083100000|100%| O|  |TAMS 0x0000000083100000, 0x0000000083000000| Untracked 
|  49|0x0000000083100000, 0x0000000083200000, 0x0000000083200000|100%| O|  |TAMS 0x0000000083200000, 0x0000000083100000| Untracked 
|  50|0x0000000083200000, 0x0000000083300000, 0x0000000083300000|100%| O|  |TAMS 0x0000000083200000, 0x0000000083200000| Untracked 
|  51|0x0000000083300000, 0x0000000083400000, 0x0000000083400000|100%| O|  |TAMS 0x0000000083400000, 0x0000000083300000| Untracked 
|  52|0x0000000083400000, 0x0000000083500000, 0x0000000083500000|100%| O|  |TAMS 0x0000000083400000, 0x0000000083400000| Untracked 
|  53|0x0000000083500000, 0x0000000083600000, 0x0000000083600000|100%|HS|  |TAMS 0x0000000083600000, 0x0000000083500000| Complete 
|  54|0x0000000083600000, 0x0000000083700000, 0x0000000083700000|100%|HS|  |TAMS 0x0000000083700000, 0x0000000083600000| Complete 
|  55|0x0000000083700000, 0x0000000083800000, 0x0000000083800000|100%|HS|  |TAMS 0x0000000083800000, 0x0000000083700000| Complete 
|  56|0x0000000083800000, 0x0000000083900000, 0x0000000083900000|100%| O|  |TAMS 0x0000000083900000, 0x0000000083800000| Untracked 
|  57|0x0000000083900000, 0x0000000083a00000, 0x0000000083a00000|100%| O|  |TAMS 0x0000000083a00000, 0x0000000083900000| Untracked 
|  58|0x0000000083a00000, 0x0000000083b00000, 0x0000000083b00000|100%|HS|  |TAMS 0x0000000083b00000, 0x0000000083a00000| Complete 
|  59|0x0000000083b00000, 0x0000000083c00000, 0x0000000083c00000|100%|HC|  |TAMS 0x0000000083c00000, 0x0000000083b00000| Complete 
|  60|0x0000000083c00000, 0x0000000083d00000, 0x0000000083d00000|100%| O|  |TAMS 0x0000000083d00000, 0x0000000083c00000| Untracked 
|  61|0x0000000083d00000, 0x0000000083e00000, 0x0000000083e00000|100%| O|  |TAMS 0x0000000083e00000, 0x0000000083d00000| Untracked 
|  62|0x0000000083e00000, 0x0000000083f00000, 0x0000000083f00000|100%| O|  |TAMS 0x0000000083f00000, 0x0000000083e00000| Untracked 
|  63|0x0000000083f00000, 0x0000000084000000, 0x0000000084000000|100%| O|  |TAMS 0x0000000084000000, 0x0000000083f00000| Untracked 
|  64|0x0000000084000000, 0x0000000084100000, 0x0000000084100000|100%| O|  |TAMS 0x0000000084100000, 0x0000000084000000| Untracked 
|  65|0x0000000084100000, 0x0000000084100000, 0x0000000084200000|  0%| F|  |TAMS 0x0000000084100000, 0x0000000084100000| Untracked 
|  66|0x0000000084200000, 0x0000000084300000, 0x0000000084300000|100%| O|  |TAMS 0x0000000084300000, 0x0000000084200000| Untracked 
|  67|0x0000000084300000, 0x0000000084400000, 0x0000000084400000|100%| O|  |TAMS 0x0000000084400000, 0x0000000084300000| Untracked 
|  68|0x0000000084400000, 0x0000000084500000, 0x0000000084500000|100%| O|  |TAMS 0x0000000084500000, 0x0000000084400000| Untracked 
|  69|0x0000000084500000, 0x0000000084600000, 0x0000000084600000|100%| O|  |TAMS 0x0000000084600000, 0x0000000084500000| Untracked 
|  70|0x0000000084600000, 0x0000000084700000, 0x0000000084700000|100%| O|  |TAMS 0x0000000084700000, 0x0000000084600000| Untracked 
|  71|0x0000000084700000, 0x0000000084700000, 0x0000000084800000|  0%| F|  |TAMS 0x0000000084700000, 0x0000000084700000| Untracked 
|  72|0x0000000084800000, 0x0000000084800000, 0x0000000084900000|  0%| F|  |TAMS 0x0000000084800000, 0x0000000084800000| Untracked 
|  73|0x0000000084900000, 0x0000000084a00000, 0x0000000084a00000|100%| O|  |TAMS 0x0000000084a00000, 0x0000000084900000| Untracked 
|  74|0x0000000084a00000, 0x0000000084a00000, 0x0000000084b00000|  0%| F|  |TAMS 0x0000000084a00000, 0x0000000084a00000| Untracked 
|  75|0x0000000084b00000, 0x0000000084b00000, 0x0000000084c00000|  0%| F|  |TAMS 0x0000000084b00000, 0x0000000084b00000| Untracked 
|  76|0x0000000084c00000, 0x0000000084c00000, 0x0000000084d00000|  0%| F|  |TAMS 0x0000000084c00000, 0x0000000084c00000| Untracked 
|  77|0x0000000084d00000, 0x0000000084e00000, 0x0000000084e00000|100%| O|  |TAMS 0x0000000084e00000, 0x0000000084d00000| Untracked 
|  78|0x0000000084e00000, 0x0000000084f00000, 0x0000000084f00000|100%| O|  |TAMS 0x0000000084e00000, 0x0000000084e00000| Untracked 
|  79|0x0000000084f00000, 0x0000000084f00000, 0x0000000085000000|  0%| F|  |TAMS 0x0000000084f00000, 0x0000000084f00000| Untracked 
|  80|0x0000000085000000, 0x0000000085000000, 0x0000000085100000|  0%| F|  |TAMS 0x0000000085000000, 0x0000000085000000| Untracked 
|  81|0x0000000085100000, 0x0000000085200000, 0x0000000085200000|100%| O|  |TAMS 0x0000000085200000, 0x0000000085100000| Untracked 
|  82|0x0000000085200000, 0x0000000085300000, 0x0000000085300000|100%|HS|  |TAMS 0x0000000085300000, 0x0000000085200000| Complete 
|  83|0x0000000085300000, 0x0000000085400000, 0x0000000085400000|100%|HC|  |TAMS 0x0000000085400000, 0x0000000085300000| Complete 
|  84|0x0000000085400000, 0x0000000085500000, 0x0000000085500000|100%|HS|  |TAMS 0x0000000085500000, 0x0000000085400000| Complete 
|  85|0x0000000085500000, 0x0000000085600000, 0x0000000085600000|100%|HC|  |TAMS 0x0000000085600000, 0x0000000085500000| Complete 
|  86|0x0000000085600000, 0x0000000085700000, 0x0000000085700000|100%|HC|  |TAMS 0x0000000085700000, 0x0000000085600000| Complete 
|  87|0x0000000085700000, 0x0000000085800000, 0x0000000085800000|100%|HS|  |TAMS 0x0000000085800000, 0x0000000085700000| Complete 
|  88|0x0000000085800000, 0x0000000085900000, 0x0000000085900000|100%|HC|  |TAMS 0x0000000085900000, 0x0000000085800000| Complete 
|  89|0x0000000085900000, 0x0000000085a00000, 0x0000000085a00000|100%|HC|  |TAMS 0x0000000085a00000, 0x0000000085900000| Complete 
|  90|0x0000000085a00000, 0x0000000085b00000, 0x0000000085b00000|100%|HC|  |TAMS 0x0000000085b00000, 0x0000000085a00000| Complete 
|  91|0x0000000085b00000, 0x0000000085c00000, 0x0000000085c00000|100%| O|  |TAMS 0x0000000085c00000, 0x0000000085b00000| Untracked 
|  92|0x0000000085c00000, 0x0000000085d00000, 0x0000000085d00000|100%| O|  |TAMS 0x0000000085c00000, 0x0000000085c00000| Untracked 
|  93|0x0000000085d00000, 0x0000000085d00000, 0x0000000085e00000|  0%| F|  |TAMS 0x0000000085d00000, 0x0000000085d00000| Untracked 
|  94|0x0000000085e00000, 0x0000000085f00000, 0x0000000085f00000|100%| O|  |TAMS 0x0000000085e00000, 0x0000000085e00000| Untracked 
|  95|0x0000000085f00000, 0x0000000086000000, 0x0000000086000000|100%| O|  |TAMS 0x0000000086000000, 0x0000000085f00000| Untracked 
|  96|0x0000000086000000, 0x0000000086100000, 0x0000000086100000|100%| O|  |TAMS 0x0000000086100000, 0x0000000086000000| Untracked 
|  97|0x0000000086100000, 0x0000000086100000, 0x0000000086200000|  0%| F|  |TAMS 0x0000000086100000, 0x0000000086100000| Untracked 
|  98|0x0000000086200000, 0x0000000086300000, 0x0000000086300000|100%| O|  |TAMS 0x0000000086300000, 0x0000000086200000| Untracked 
|  99|0x0000000086300000, 0x0000000086400000, 0x0000000086400000|100%| O|  |TAMS 0x0000000086300000, 0x0000000086300000| Untracked 
| 100|0x0000000086400000, 0x0000000086500000, 0x0000000086500000|100%|HS|  |TAMS 0x0000000086500000, 0x0000000086400000| Complete 
| 101|0x0000000086500000, 0x0000000086600000, 0x0000000086600000|100%|HC|  |TAMS 0x0000000086600000, 0x0000000086500000| Complete 
| 102|0x0000000086600000, 0x0000000086700000, 0x0000000086700000|100%| O|  |TAMS 0x0000000086700000, 0x0000000086600000| Untracked 
| 103|0x0000000086700000, 0x0000000086800000, 0x0000000086800000|100%| O|  |TAMS 0x0000000086800000, 0x0000000086700000| Untracked 
| 104|0x0000000086800000, 0x0000000086900000, 0x0000000086900000|100%| O|  |TAMS 0x0000000086900000, 0x0000000086800000| Untracked 
| 105|0x0000000086900000, 0x0000000086a00000, 0x0000000086a00000|100%| O|  |TAMS 0x0000000086a00000, 0x0000000086900000| Untracked 
| 106|0x0000000086a00000, 0x0000000086b00000, 0x0000000086b00000|100%| O|  |TAMS 0x0000000086b00000, 0x0000000086a00000| Untracked 
| 107|0x0000000086b00000, 0x0000000086c00000, 0x0000000086c00000|100%| O|  |TAMS 0x0000000086c00000, 0x0000000086b00000| Untracked 
| 108|0x0000000086c00000, 0x0000000086d00000, 0x0000000086d00000|100%| O|  |TAMS 0x0000000086d00000, 0x0000000086c00000| Untracked 
| 109|0x0000000086d00000, 0x0000000086e00000, 0x0000000086e00000|100%| O|  |TAMS 0x0000000086e00000, 0x0000000086d00000| Untracked 
| 110|0x0000000086e00000, 0x0000000086f00000, 0x0000000086f00000|100%| O|  |TAMS 0x0000000086f00000, 0x0000000086e00000| Untracked 
| 111|0x0000000086f00000, 0x0000000087000000, 0x0000000087000000|100%| O|  |TAMS 0x0000000087000000, 0x0000000086f00000| Untracked 
| 112|0x0000000087000000, 0x0000000087100000, 0x0000000087100000|100%| O|  |TAMS 0x0000000087000000, 0x0000000087000000| Untracked 
| 113|0x0000000087100000, 0x0000000087200000, 0x0000000087200000|100%| O|  |TAMS 0x0000000087100000, 0x0000000087100000| Untracked 
| 114|0x0000000087200000, 0x0000000087200000, 0x0000000087300000|  0%| F|  |TAMS 0x0000000087200000, 0x0000000087200000| Untracked 
| 115|0x0000000087300000, 0x0000000087300000, 0x0000000087400000|  0%| F|  |TAMS 0x0000000087300000, 0x0000000087300000| Untracked 
| 116|0x0000000087400000, 0x0000000087400000, 0x0000000087500000|  0%| F|  |TAMS 0x0000000087400000, 0x0000000087400000| Untracked 
| 117|0x0000000087500000, 0x0000000087500000, 0x0000000087600000|  0%| F|  |TAMS 0x0000000087500000, 0x0000000087500000| Untracked 
| 118|0x0000000087600000, 0x0000000087700000, 0x0000000087700000|100%| O|  |TAMS 0x0000000087700000, 0x0000000087600000| Untracked 
| 119|0x0000000087700000, 0x0000000087800000, 0x0000000087800000|100%| O|  |TAMS 0x0000000087800000, 0x0000000087700000| Untracked 
| 120|0x0000000087800000, 0x0000000087800000, 0x0000000087900000|  0%| F|  |TAMS 0x0000000087800000, 0x0000000087800000| Untracked 
| 121|0x0000000087900000, 0x0000000087a00000, 0x0000000087a00000|100%| O|  |TAMS 0x0000000087a00000, 0x0000000087900000| Untracked 
| 122|0x0000000087a00000, 0x0000000087b00000, 0x0000000087b00000|100%| O|  |TAMS 0x0000000087a00000, 0x0000000087a00000| Untracked 
| 123|0x0000000087b00000, 0x0000000087c00000, 0x0000000087c00000|100%| O|  |TAMS 0x0000000087c00000, 0x0000000087b00000| Untracked 
| 124|0x0000000087c00000, 0x0000000087d00000, 0x0000000087d00000|100%| O|  |TAMS 0x0000000087d00000, 0x0000000087c00000| Untracked 
| 125|0x0000000087d00000, 0x0000000087e00000, 0x0000000087e00000|100%| O|  |TAMS 0x0000000087e00000, 0x0000000087d00000| Untracked 
| 126|0x0000000087e00000, 0x0000000087f00000, 0x0000000087f00000|100%| O|  |TAMS 0x0000000087e00000, 0x0000000087e00000| Untracked 
| 127|0x0000000087f00000, 0x0000000088000000, 0x0000000088000000|100%| O|  |TAMS 0x0000000088000000, 0x0000000087f00000| Untracked 
| 128|0x0000000088000000, 0x0000000088100000, 0x0000000088100000|100%| O|  |TAMS 0x0000000088000000, 0x0000000088000000| Untracked 
| 129|0x0000000088100000, 0x0000000088200000, 0x0000000088200000|100%| O|  |TAMS 0x0000000088200000, 0x0000000088100000| Untracked 
| 130|0x0000000088200000, 0x0000000088300000, 0x0000000088300000|100%| O|  |TAMS 0x0000000088200000, 0x0000000088200000| Untracked 
| 131|0x0000000088300000, 0x0000000088400000, 0x0000000088400000|100%| O|  |TAMS 0x0000000088300000, 0x0000000088300000| Untracked 
| 132|0x0000000088400000, 0x0000000088500000, 0x0000000088500000|100%| O|  |TAMS 0x0000000088500000, 0x0000000088400000| Untracked 
| 133|0x0000000088500000, 0x0000000088500000, 0x0000000088600000|  0%| F|  |TAMS 0x0000000088500000, 0x0000000088500000| Untracked 
| 134|0x0000000088600000, 0x0000000088700000, 0x0000000088700000|100%| O|  |TAMS 0x0000000088600000, 0x0000000088600000| Untracked 
| 135|0x0000000088700000, 0x0000000088800000, 0x0000000088800000|100%| O|  |TAMS 0x0000000088800000, 0x0000000088700000| Untracked 
| 136|0x0000000088800000, 0x0000000088900000, 0x0000000088900000|100%| O|  |TAMS 0x0000000088800000, 0x0000000088800000| Untracked 
| 137|0x0000000088900000, 0x0000000088a00000, 0x0000000088a00000|100%| O|  |TAMS 0x0000000088a00000, 0x0000000088900000| Untracked 
| 138|0x0000000088a00000, 0x0000000088b00000, 0x0000000088b00000|100%| O|  |TAMS 0x0000000088b00000, 0x0000000088a00000| Untracked 
| 139|0x0000000088b00000, 0x0000000088c00000, 0x0000000088c00000|100%| O|  |TAMS 0x0000000088c00000, 0x0000000088b00000| Untracked 
| 140|0x0000000088c00000, 0x0000000088d00000, 0x0000000088d00000|100%| O|  |TAMS 0x0000000088d00000, 0x0000000088c00000| Untracked 
| 141|0x0000000088d00000, 0x0000000088e00000, 0x0000000088e00000|100%| O|  |TAMS 0x0000000088e00000, 0x0000000088d00000| Untracked 
| 142|0x0000000088e00000, 0x0000000088f00000, 0x0000000088f00000|100%| O|  |TAMS 0x0000000088f00000, 0x0000000088e00000| Untracked 
| 143|0x0000000088f00000, 0x0000000088f00000, 0x0000000089000000|  0%| F|  |TAMS 0x0000000088f00000, 0x0000000088f00000| Untracked 
| 144|0x0000000089000000, 0x0000000089000000, 0x0000000089100000|  0%| F|  |TAMS 0x0000000089000000, 0x0000000089000000| Untracked 
| 145|0x0000000089100000, 0x0000000089200000, 0x0000000089200000|100%| O|  |TAMS 0x0000000089200000, 0x0000000089100000| Untracked 
| 146|0x0000000089200000, 0x0000000089300000, 0x0000000089300000|100%| O|  |TAMS 0x0000000089200000, 0x0000000089200000| Untracked 
| 147|0x0000000089300000, 0x0000000089400000, 0x0000000089400000|100%| O|  |TAMS 0x0000000089400000, 0x0000000089300000| Untracked 
| 148|0x0000000089400000, 0x0000000089500000, 0x0000000089500000|100%| O|  |TAMS 0x0000000089500000, 0x0000000089400000| Untracked 
| 149|0x0000000089500000, 0x0000000089600000, 0x0000000089600000|100%| O|  |TAMS 0x0000000089600000, 0x0000000089500000| Untracked 
| 150|0x0000000089600000, 0x0000000089700000, 0x0000000089700000|100%| O|  |TAMS 0x0000000089700000, 0x0000000089600000| Untracked 
| 151|0x0000000089700000, 0x0000000089700000, 0x0000000089800000|  0%| F|  |TAMS 0x0000000089700000, 0x0000000089700000| Untracked 
| 152|0x0000000089800000, 0x0000000089900000, 0x0000000089900000|100%| O|  |TAMS 0x0000000089800000, 0x0000000089800000| Untracked 
| 153|0x0000000089900000, 0x0000000089900000, 0x0000000089a00000|  0%| F|  |TAMS 0x0000000089900000, 0x0000000089900000| Untracked 
| 154|0x0000000089a00000, 0x0000000089b00000, 0x0000000089b00000|100%| O|  |TAMS 0x0000000089b00000, 0x0000000089a00000| Untracked 
| 155|0x0000000089b00000, 0x0000000089c00000, 0x0000000089c00000|100%| O|  |TAMS 0x0000000089c00000, 0x0000000089b00000| Untracked 
| 156|0x0000000089c00000, 0x0000000089d00000, 0x0000000089d00000|100%| O|  |TAMS 0x0000000089d00000, 0x0000000089c00000| Untracked 
| 157|0x0000000089d00000, 0x0000000089e00000, 0x0000000089e00000|100%|HS|  |TAMS 0x0000000089e00000, 0x0000000089d00000| Complete 
| 158|0x0000000089e00000, 0x0000000089f00000, 0x0000000089f00000|100%|HC|  |TAMS 0x0000000089f00000, 0x0000000089e00000| Complete 
| 159|0x0000000089f00000, 0x0000000089f00000, 0x000000008a000000|  0%| F|  |TAMS 0x0000000089f00000, 0x0000000089f00000| Untracked 
| 160|0x000000008a000000, 0x000000008a100000, 0x000000008a100000|100%| O|  |TAMS 0x000000008a100000, 0x000000008a000000| Untracked 
| 161|0x000000008a100000, 0x000000008a200000, 0x000000008a200000|100%| O|  |TAMS 0x000000008a200000, 0x000000008a100000| Untracked 
| 162|0x000000008a200000, 0x000000008a200000, 0x000000008a300000|  0%| F|  |TAMS 0x000000008a200000, 0x000000008a200000| Untracked 
| 163|0x000000008a300000, 0x000000008a400000, 0x000000008a400000|100%| O|  |TAMS 0x000000008a342200, 0x000000008a300000| Untracked 
| 164|0x000000008a400000, 0x000000008a499000, 0x000000008a500000| 59%| O|  |TAMS 0x000000008a400000, 0x000000008a400000| Untracked 
| 165|0x000000008a500000, 0x000000008a500000, 0x000000008a600000|  0%| F|  |TAMS 0x000000008a500000, 0x000000008a500000| Untracked 
| 166|0x000000008a600000, 0x000000008a600000, 0x000000008a700000|  0%| F|  |TAMS 0x000000008a600000, 0x000000008a600000| Untracked 
| 167|0x000000008a700000, 0x000000008a700000, 0x000000008a800000|  0%| F|  |TAMS 0x000000008a700000, 0x000000008a700000| Untracked 
| 168|0x000000008a800000, 0x000000008a800000, 0x000000008a900000|  0%| F|  |TAMS 0x000000008a800000, 0x000000008a800000| Untracked 
| 169|0x000000008a900000, 0x000000008a900000, 0x000000008aa00000|  0%| F|  |TAMS 0x000000008a900000, 0x000000008a900000| Untracked 
| 170|0x000000008aa00000, 0x000000008aa00000, 0x000000008ab00000|  0%| F|  |TAMS 0x000000008aa00000, 0x000000008aa00000| Untracked 
| 171|0x000000008ab00000, 0x000000008ab00000, 0x000000008ac00000|  0%| F|  |TAMS 0x000000008ab00000, 0x000000008ab00000| Untracked 
| 172|0x000000008ac00000, 0x000000008ac00000, 0x000000008ad00000|  0%| F|  |TAMS 0x000000008ac00000, 0x000000008ac00000| Untracked 
| 173|0x000000008ad00000, 0x000000008ad00000, 0x000000008ae00000|  0%| F|  |TAMS 0x000000008ad00000, 0x000000008ad00000| Untracked 
| 174|0x000000008ae00000, 0x000000008ae00000, 0x000000008af00000|  0%| F|  |TAMS 0x000000008ae00000, 0x000000008ae00000| Untracked 
| 175|0x000000008af00000, 0x000000008af00000, 0x000000008b000000|  0%| F|  |TAMS 0x000000008af00000, 0x000000008af00000| Untracked 
| 176|0x000000008b000000, 0x000000008b000000, 0x000000008b100000|  0%| F|  |TAMS 0x000000008b000000, 0x000000008b000000| Untracked 
| 177|0x000000008b100000, 0x000000008b100000, 0x000000008b200000|  0%| F|  |TAMS 0x000000008b100000, 0x000000008b100000| Untracked 
| 178|0x000000008b200000, 0x000000008b200000, 0x000000008b300000|  0%| F|  |TAMS 0x000000008b200000, 0x000000008b200000| Untracked 
| 179|0x000000008b300000, 0x000000008b300000, 0x000000008b400000|  0%| F|  |TAMS 0x000000008b300000, 0x000000008b300000| Untracked 
| 180|0x000000008b400000, 0x000000008b400000, 0x000000008b500000|  0%| F|  |TAMS 0x000000008b400000, 0x000000008b400000| Untracked 
| 181|0x000000008b500000, 0x000000008b500000, 0x000000008b600000|  0%| F|  |TAMS 0x000000008b500000, 0x000000008b500000| Untracked 
| 182|0x000000008b600000, 0x000000008b600000, 0x000000008b700000|  0%| F|  |TAMS 0x000000008b600000, 0x000000008b600000| Untracked 
| 183|0x000000008b700000, 0x000000008b700000, 0x000000008b800000|  0%| F|  |TAMS 0x000000008b700000, 0x000000008b700000| Untracked 
| 184|0x000000008b800000, 0x000000008b800000, 0x000000008b900000|  0%| F|  |TAMS 0x000000008b800000, 0x000000008b800000| Untracked 
| 185|0x000000008b900000, 0x000000008b900000, 0x000000008ba00000|  0%| F|  |TAMS 0x000000008b900000, 0x000000008b900000| Untracked 
| 186|0x000000008ba00000, 0x000000008ba00000, 0x000000008bb00000|  0%| F|  |TAMS 0x000000008ba00000, 0x000000008ba00000| Untracked 
| 187|0x000000008bb00000, 0x000000008bb00000, 0x000000008bc00000|  0%| F|  |TAMS 0x000000008bb00000, 0x000000008bb00000| Untracked 
| 188|0x000000008bc00000, 0x000000008bc00000, 0x000000008bd00000|  0%| F|  |TAMS 0x000000008bc00000, 0x000000008bc00000| Untracked 
| 189|0x000000008bd00000, 0x000000008bd00000, 0x000000008be00000|  0%| F|  |TAMS 0x000000008bd00000, 0x000000008bd00000| Untracked 
| 190|0x000000008be00000, 0x000000008be00000, 0x000000008bf00000|  0%| F|  |TAMS 0x000000008be00000, 0x000000008be00000| Untracked 
| 191|0x000000008bf00000, 0x000000008bf00000, 0x000000008c000000|  0%| F|  |TAMS 0x000000008bf00000, 0x000000008bf00000| Untracked 
| 192|0x000000008c000000, 0x000000008c000000, 0x000000008c100000|  0%| F|  |TAMS 0x000000008c000000, 0x000000008c000000| Untracked 
| 193|0x000000008c100000, 0x000000008c100000, 0x000000008c200000|  0%| F|  |TAMS 0x000000008c100000, 0x000000008c100000| Untracked 
| 194|0x000000008c200000, 0x000000008c200000, 0x000000008c300000|  0%| F|  |TAMS 0x000000008c200000, 0x000000008c200000| Untracked 
| 195|0x000000008c300000, 0x000000008c300000, 0x000000008c400000|  0%| F|  |TAMS 0x000000008c300000, 0x000000008c300000| Untracked 
| 196|0x000000008c400000, 0x000000008c400000, 0x000000008c500000|  0%| F|  |TAMS 0x000000008c400000, 0x000000008c400000| Untracked 
| 197|0x000000008c500000, 0x000000008c500000, 0x000000008c600000|  0%| F|  |TAMS 0x000000008c500000, 0x000000008c500000| Untracked 
| 198|0x000000008c600000, 0x000000008c600000, 0x000000008c700000|  0%| F|  |TAMS 0x000000008c600000, 0x000000008c600000| Untracked 
| 199|0x000000008c700000, 0x000000008c700000, 0x000000008c800000|  0%| F|  |TAMS 0x000000008c700000, 0x000000008c700000| Untracked 
| 200|0x000000008c800000, 0x000000008c800000, 0x000000008c900000|  0%| F|  |TAMS 0x000000008c800000, 0x000000008c800000| Untracked 
| 201|0x000000008c900000, 0x000000008c900000, 0x000000008ca00000|  0%| F|  |TAMS 0x000000008c900000, 0x000000008c900000| Untracked 
| 202|0x000000008ca00000, 0x000000008ca00000, 0x000000008cb00000|  0%| F|  |TAMS 0x000000008ca00000, 0x000000008ca00000| Untracked 
| 203|0x000000008cb00000, 0x000000008cb00000, 0x000000008cc00000|  0%| F|  |TAMS 0x000000008cb00000, 0x000000008cb00000| Untracked 
| 204|0x000000008cc00000, 0x000000008cc00000, 0x000000008cd00000|  0%| F|  |TAMS 0x000000008cc00000, 0x000000008cc00000| Untracked 
| 205|0x000000008cd00000, 0x000000008cd00000, 0x000000008ce00000|  0%| F|  |TAMS 0x000000008cd00000, 0x000000008cd00000| Untracked 
| 206|0x000000008ce00000, 0x000000008ce00000, 0x000000008cf00000|  0%| F|  |TAMS 0x000000008ce00000, 0x000000008ce00000| Untracked 
| 207|0x000000008cf00000, 0x000000008cf00000, 0x000000008d000000|  0%| F|  |TAMS 0x000000008cf00000, 0x000000008cf00000| Untracked 
| 208|0x000000008d000000, 0x000000008d000000, 0x000000008d100000|  0%| F|  |TAMS 0x000000008d000000, 0x000000008d000000| Untracked 
| 209|0x000000008d100000, 0x000000008d100000, 0x000000008d200000|  0%| F|  |TAMS 0x000000008d100000, 0x000000008d100000| Untracked 
| 210|0x000000008d200000, 0x000000008d200000, 0x000000008d300000|  0%| F|  |TAMS 0x000000008d200000, 0x000000008d200000| Untracked 
| 211|0x000000008d300000, 0x000000008d300000, 0x000000008d400000|  0%| F|  |TAMS 0x000000008d300000, 0x000000008d300000| Untracked 
| 212|0x000000008d400000, 0x000000008d400000, 0x000000008d500000|  0%| F|  |TAMS 0x000000008d400000, 0x000000008d400000| Untracked 
| 213|0x000000008d500000, 0x000000008d500000, 0x000000008d600000|  0%| F|  |TAMS 0x000000008d500000, 0x000000008d500000| Untracked 
| 214|0x000000008d600000, 0x000000008d600000, 0x000000008d700000|  0%| F|  |TAMS 0x000000008d600000, 0x000000008d600000| Untracked 
| 215|0x000000008d700000, 0x000000008d700000, 0x000000008d800000|  0%| F|  |TAMS 0x000000008d700000, 0x000000008d700000| Untracked 
| 216|0x000000008d800000, 0x000000008d800000, 0x000000008d900000|  0%| F|  |TAMS 0x000000008d800000, 0x000000008d800000| Untracked 
| 217|0x000000008d900000, 0x000000008d900000, 0x000000008da00000|  0%| F|  |TAMS 0x000000008d900000, 0x000000008d900000| Untracked 
| 218|0x000000008da00000, 0x000000008da00000, 0x000000008db00000|  0%| F|  |TAMS 0x000000008da00000, 0x000000008da00000| Untracked 
| 219|0x000000008db00000, 0x000000008db00000, 0x000000008dc00000|  0%| F|  |TAMS 0x000000008db00000, 0x000000008db00000| Untracked 
| 220|0x000000008dc00000, 0x000000008dc00000, 0x000000008dd00000|  0%| F|  |TAMS 0x000000008dc00000, 0x000000008dc00000| Untracked 
| 221|0x000000008dd00000, 0x000000008dd00000, 0x000000008de00000|  0%| F|  |TAMS 0x000000008dd00000, 0x000000008dd00000| Untracked 
| 222|0x000000008de00000, 0x000000008de00000, 0x000000008df00000|  0%| F|  |TAMS 0x000000008de00000, 0x000000008de00000| Untracked 
| 223|0x000000008df00000, 0x000000008df00000, 0x000000008e000000|  0%| F|  |TAMS 0x000000008df00000, 0x000000008df00000| Untracked 
| 224|0x000000008e000000, 0x000000008e000000, 0x000000008e100000|  0%| F|  |TAMS 0x000000008e000000, 0x000000008e000000| Untracked 
| 225|0x000000008e100000, 0x000000008e100000, 0x000000008e200000|  0%| F|  |TAMS 0x000000008e100000, 0x000000008e100000| Untracked 
| 226|0x000000008e200000, 0x000000008e200000, 0x000000008e300000|  0%| F|  |TAMS 0x000000008e200000, 0x000000008e200000| Untracked 
| 227|0x000000008e300000, 0x000000008e300000, 0x000000008e400000|  0%| F|  |TAMS 0x000000008e300000, 0x000000008e300000| Untracked 
| 228|0x000000008e400000, 0x000000008e400000, 0x000000008e500000|  0%| F|  |TAMS 0x000000008e400000, 0x000000008e400000| Untracked 
| 229|0x000000008e500000, 0x000000008e500000, 0x000000008e600000|  0%| F|  |TAMS 0x000000008e500000, 0x000000008e500000| Untracked 
| 230|0x000000008e600000, 0x000000008e600000, 0x000000008e700000|  0%| F|  |TAMS 0x000000008e600000, 0x000000008e600000| Untracked 
| 231|0x000000008e700000, 0x000000008e700000, 0x000000008e800000|  0%| F|  |TAMS 0x000000008e700000, 0x000000008e700000| Untracked 
| 232|0x000000008e800000, 0x000000008e800000, 0x000000008e900000|  0%| F|  |TAMS 0x000000008e800000, 0x000000008e800000| Untracked 
| 233|0x000000008e900000, 0x000000008e900000, 0x000000008ea00000|  0%| F|  |TAMS 0x000000008e900000, 0x000000008e900000| Untracked 
| 234|0x000000008ea00000, 0x000000008eae6b00, 0x000000008eb00000| 90%| E|  |TAMS 0x000000008ea00000, 0x000000008ea00000| Complete 
| 235|0x000000008eb00000, 0x000000008ec00000, 0x000000008ec00000|100%| E|CS|TAMS 0x000000008eb00000, 0x000000008eb00000| Complete 
| 236|0x000000008ec00000, 0x000000008ed00000, 0x000000008ed00000|100%| E|CS|TAMS 0x000000008ec00000, 0x000000008ec00000| Complete 
| 237|0x000000008ed00000, 0x000000008ee00000, 0x000000008ee00000|100%| E|CS|TAMS 0x000000008ed00000, 0x000000008ed00000| Complete 
| 238|0x000000008ee00000, 0x000000008ef00000, 0x000000008ef00000|100%| E|CS|TAMS 0x000000008ee00000, 0x000000008ee00000| Complete 
| 239|0x000000008ef00000, 0x000000008f000000, 0x000000008f000000|100%| E|CS|TAMS 0x000000008ef00000, 0x000000008ef00000| Complete 
| 240|0x000000008f000000, 0x000000008f100000, 0x000000008f100000|100%| E|CS|TAMS 0x000000008f000000, 0x000000008f000000| Complete 
| 241|0x000000008f100000, 0x000000008f200000, 0x000000008f200000|100%| E|CS|TAMS 0x000000008f100000, 0x000000008f100000| Complete 
| 242|0x000000008f200000, 0x000000008f300000, 0x000000008f300000|100%| E|CS|TAMS 0x000000008f200000, 0x000000008f200000| Complete 
| 243|0x000000008f300000, 0x000000008f400000, 0x000000008f400000|100%| E|CS|TAMS 0x000000008f300000, 0x000000008f300000| Complete 
| 244|0x000000008f400000, 0x000000008f500000, 0x000000008f500000|100%| E|CS|TAMS 0x000000008f400000, 0x000000008f400000| Complete 
| 245|0x000000008f500000, 0x000000008f600000, 0x000000008f600000|100%| E|CS|TAMS 0x000000008f500000, 0x000000008f500000| Complete 
| 246|0x000000008f600000, 0x000000008f700000, 0x000000008f700000|100%| E|CS|TAMS 0x000000008f600000, 0x000000008f600000| Complete 
| 247|0x000000008f700000, 0x000000008f800000, 0x000000008f800000|100%| E|CS|TAMS 0x000000008f700000, 0x000000008f700000| Complete 
| 248|0x000000008f800000, 0x000000008f900000, 0x000000008f900000|100%| E|CS|TAMS 0x000000008f800000, 0x000000008f800000| Complete 
| 249|0x000000008f900000, 0x000000008fa00000, 0x000000008fa00000|100%| E|CS|TAMS 0x000000008f900000, 0x000000008f900000| Complete 
| 250|0x000000008fa00000, 0x000000008fb00000, 0x000000008fb00000|100%| E|CS|TAMS 0x000000008fa00000, 0x000000008fa00000| Complete 
| 251|0x000000008fb00000, 0x000000008fc00000, 0x000000008fc00000|100%| E|CS|TAMS 0x000000008fb00000, 0x000000008fb00000| Complete 
| 252|0x000000008fc00000, 0x000000008fd00000, 0x000000008fd00000|100%| E|CS|TAMS 0x000000008fc00000, 0x000000008fc00000| Complete 
| 253|0x000000008fd00000, 0x000000008fe00000, 0x000000008fe00000|100%| E|CS|TAMS 0x000000008fd00000, 0x000000008fd00000| Complete 
| 254|0x000000008fe00000, 0x000000008ff00000, 0x000000008ff00000|100%| E|CS|TAMS 0x000000008fe00000, 0x000000008fe00000| Complete 
| 255|0x000000008ff00000, 0x0000000090000000, 0x0000000090000000|100%| E|CS|TAMS 0x000000008ff00000, 0x000000008ff00000| Complete 
| 256|0x0000000090000000, 0x0000000090100000, 0x0000000090100000|100%| E|CS|TAMS 0x0000000090000000, 0x0000000090000000| Complete 
| 257|0x0000000090100000, 0x00000000901594c0, 0x0000000090200000| 34%| S|CS|TAMS 0x0000000090100000, 0x0000000090100000| Complete 
| 258|0x0000000090200000, 0x0000000090300000, 0x0000000090300000|100%| S|CS|TAMS 0x0000000090200000, 0x0000000090200000| Complete 
| 259|0x0000000090300000, 0x0000000090400000, 0x0000000090400000|100%| E|CS|TAMS 0x0000000090300000, 0x0000000090300000| Complete 
| 260|0x0000000090400000, 0x0000000090500000, 0x0000000090500000|100%| E|CS|TAMS 0x0000000090400000, 0x0000000090400000| Complete 
| 261|0x0000000090500000, 0x0000000090600000, 0x0000000090600000|100%| E|CS|TAMS 0x0000000090500000, 0x0000000090500000| Complete 
| 262|0x0000000090600000, 0x0000000090700000, 0x0000000090700000|100%| E|CS|TAMS 0x0000000090600000, 0x0000000090600000| Complete 
| 263|0x0000000090700000, 0x0000000090800000, 0x0000000090800000|100%| E|CS|TAMS 0x0000000090700000, 0x0000000090700000| Complete 

Card table byte_map: [0x0000021a93e30000,0x0000021a94230000] _byte_map_base: 0x0000021a93a30000

Marking Bits (Prev, Next): (CMBitMap*) 0x0000021afeecbb68, (CMBitMap*) 0x0000021afeecbba0
 Prev Bits: [0x0000021a94630000, 0x0000021a96630000)
 Next Bits: [0x0000021a96630000, 0x0000021a98630000)

Polling page: 0x0000021afea90000

Metaspace:

Usage:
  Non-class:    115.96 MB capacity,   113.55 MB ( 98%) used,     1.93 MB (  2%) free+waste,   490.94 KB ( <1%) overhead. 
      Class:     17.78 MB capacity,    16.29 MB ( 92%) used,     1.28 MB (  7%) free+waste,   217.50 KB (  1%) overhead. 
       Both:    133.74 MB capacity,   129.84 MB ( 97%) used,     3.21 MB (  2%) free+waste,   708.44 KB ( <1%) overhead. 

Virtual space:
  Non-class space:      118.00 MB reserved,     116.10 MB ( 98%) committed 
      Class space:        1.00 GB reserved,      18.00 MB (  2%) committed 
             Both:        1.12 GB reserved,     134.10 MB ( 12%) committed 

Chunk freelists:
   Non-Class:  0 bytes
       Class:  160.00 KB
        Both:  160.00 KB

MaxMetaspaceSize: 17179869184.00 GB
CompressedClassSpaceSize: 1.00 GB

CodeHeap 'non-profiled nmethods': size=120000Kb used=16803Kb max_used=16803Kb free=103196Kb
 bounds [0x0000021a8c900000, 0x0000021a8d970000, 0x0000021a93e30000]
CodeHeap 'profiled nmethods': size=120000Kb used=50768Kb max_used=50768Kb free=69231Kb
 bounds [0x0000021a853d0000, 0x0000021a88580000, 0x0000021a8c900000]
CodeHeap 'non-nmethods': size=5760Kb used=2388Kb max_used=2455Kb free=3372Kb
 bounds [0x0000021a84e30000, 0x0000021a850a0000, 0x0000021a853d0000]
 total_blobs=23422 nmethods=22410 adapters=921
 compilation: enabled
              stopped_count=0, restarted_count=0
 full_count=0

Compilation events (20 events):
Event: 4783.045 Thread 0x0000021a9af83000 24777       4       java.util.LinkedList::addAll (182 bytes)
Event: 4783.069 Thread 0x0000021a9af90000 24783       3       org.gradle.api.internal.artifacts.ivyservice.resolveengine.excludes.simple.DefaultModuleIdExclude::hashCode (8 bytes)
Event: 4783.070 Thread 0x0000021a9af90000 nmethod 24783 0x0000021a8855d610 code [0x0000021a8855d7c0, 0x0000021a8855d988]
Event: 4783.093 Thread 0x0000021a9af83000 nmethod 24777 0x0000021a8d966d10 code [0x0000021a8d966ec0, 0x0000021a8d967738]
Event: 4783.093 Thread 0x0000021a9af83000 24776       4       org.gradle.api.internal.artifacts.ivyservice.resolutionstrategy.DefaultCachePolicy::mustRefreshModule (93 bytes)
Event: 4783.140 Thread 0x0000021a9af83000 nmethod 24776 0x0000021a8d967a10 code [0x0000021a8d967c00, 0x0000021a8d968188]
Event: 4783.140 Thread 0x0000021a9af83000 24785       4       org.gradle.api.internal.artifacts.ivyservice.resolveengine.artifact.ResolvedArtifactsGraphVisitor::getArtifacts (197 bytes)
Event: 4783.263 Thread 0x0000021a9af90000 24789       3       org.codehaus.groovy.runtime.MetaClassHelper::calculateParameterDistance (236 bytes)
Event: 4783.268 Thread 0x0000021a9af90000 nmethod 24789 0x0000021a8855da90 code [0x0000021a8855dd80, 0x0000021a8855ee78]
Event: 4783.269 Thread 0x0000021a9af90000 24791       1       org.gradle.model.internal.registry.ModelNodeInternal::getState (5 bytes)
Event: 4783.269 Thread 0x0000021a9d952000 24788       4       org.gradle.cache.internal.LockOnDemandCrossProcessCacheAccess$UnlockAction::run (8 bytes)
Event: 4783.269 Thread 0x0000021a9af90000 nmethod 24791 0x0000021a8d968690 code [0x0000021a8d968840, 0x0000021a8d9688f8]
Event: 4783.269 Thread 0x0000021a9af90000 24790   !   3       org.gradle.internal.dispatch.ProxyDispatchAdapter::<init> (152 bytes)
Event: 4783.271 Thread 0x0000021a9d952000 nmethod 24788 0x0000021a8d968990 code [0x0000021a8d968b40, 0x0000021a8d968be8]
Event: 4783.271 Thread 0x0000021a9d952000 24786   !   4       org.gradle.api.internal.artifacts.ivyservice.ResolvedFilesCollectingVisitor::visitArtifact (39 bytes)
Event: 4783.282 Thread 0x0000021a9af90000 nmethod 24790 0x0000021a8855f410 code [0x0000021a8855f8e0, 0x0000021a885624b8]
Event: 4783.282 Thread 0x0000021a9af90000 24792       1       org.gradle.internal.service.scopes.ProjectScopeServices$ScriptScopedContext::isScript (2 bytes)
Event: 4783.282 Thread 0x0000021a9af90000 nmethod 24792 0x0000021a8d968c90 code [0x0000021a8d968e40, 0x0000021a8d968ef8]
Event: 4783.294 Thread 0x0000021a9af90000 24796       3       java.lang.Character::valueOf (21 bytes)
Event: 4783.295 Thread 0x0000021a9af90000 nmethod 24796 0x0000021a88563510 code [0x0000021a885636e0, 0x0000021a88563958]

GC Heap History (20 events):
Event: 3631.708 GC heap before
{Heap before GC invocations=106 (full 0):
 garbage-first heap   total 270336K, used 159695K [0x0000000080000000, 0x0000000100000000)
  region size 1024K, 13 young (13312K), 5 survivors (5120K)
 Metaspace       used 131095K, capacity 134667K, committed 136552K, reserved 1167360K
  class space    used 16478K, capacity 17840K, committed 18432K, reserved 1048576K
}
Event: 3631.762 GC heap after
{Heap after GC invocations=107 (full 0):
 garbage-first heap   total 270336K, used 143371K [0x0000000080000000, 0x0000000100000000)
  region size 1024K, 2 young (2048K), 2 survivors (2048K)
 Metaspace       used 131095K, capacity 134667K, committed 136552K, reserved 1167360K
  class space    used 16478K, capacity 17840K, committed 18432K, reserved 1048576K
}
Event: 3632.510 GC heap before
{Heap before GC invocations=107 (full 0):
 garbage-first heap   total 270336K, used 158731K [0x0000000080000000, 0x0000000100000000)
  region size 1024K, 19 young (19456K), 2 survivors (2048K)
 Metaspace       used 131107K, capacity 134673K, committed 136552K, reserved 1167360K
  class space    used 16480K, capacity 17842K, committed 18432K, reserved 1048576K
}
Event: 3632.527 GC heap after
{Heap after GC invocations=108 (full 0):
 garbage-first heap   total 270336K, used 142537K [0x0000000080000000, 0x0000000100000000)
  region size 1024K, 1 young (1024K), 1 survivors (1024K)
 Metaspace       used 131107K, capacity 134673K, committed 136552K, reserved 1167360K
  class space    used 16480K, capacity 17842K, committed 18432K, reserved 1048576K
}
Event: 4406.586 GC heap before
{Heap before GC invocations=109 (full 0):
 garbage-first heap   total 270336K, used 225481K [0x0000000080000000, 0x0000000100000000)
  region size 1024K, 78 young (79872K), 1 survivors (1024K)
 Metaspace       used 131360K, capacity 134925K, committed 136552K, reserved 1167360K
  class space    used 16496K, capacity 17871K, committed 18432K, reserved 1048576K
}
Event: 4406.612 GC heap after
{Heap after GC invocations=110 (full 0):
 garbage-first heap   total 270336K, used 148281K [0x0000000080000000, 0x0000000100000000)
  region size 1024K, 10 young (10240K), 10 survivors (10240K)
 Metaspace       used 131360K, capacity 134925K, committed 136552K, reserved 1167360K
  class space    used 16496K, capacity 17871K, committed 18432K, reserved 1048576K
}
Event: 4406.730 GC heap before
{Heap before GC invocations=110 (full 0):
 garbage-first heap   total 270336K, used 151353K [0x0000000080000000, 0x0000000100000000)
  region size 1024K, 13 young (13312K), 10 survivors (10240K)
 Metaspace       used 131360K, capacity 134925K, committed 136552K, reserved 1167360K
  class space    used 16496K, capacity 17871K, committed 18432K, reserved 1048576K
}
Event: 4406.774 GC heap after
{Heap after GC invocations=111 (full 0):
 garbage-first heap   total 270336K, used 141822K [0x0000000080000000, 0x0000000100000000)
  region size 1024K, 2 young (2048K), 2 survivors (2048K)
 Metaspace       used 131360K, capacity 134925K, committed 136552K, reserved 1167360K
  class space    used 16496K, capacity 17871K, committed 18432K, reserved 1048576K
}
Event: 4410.707 GC heap before
{Heap before GC invocations=111 (full 0):
 garbage-first heap   total 270336K, used 211454K [0x0000000080000000, 0x0000000100000000)
  region size 1024K, 72 young (73728K), 2 survivors (2048K)
 Metaspace       used 131724K, capacity 135353K, committed 136552K, reserved 1167360K
  class space    used 16497K, capacity 17872K, committed 18432K, reserved 1048576K
}
Event: 4410.741 GC heap after
{Heap after GC invocations=112 (full 0):
 garbage-first heap   total 270336K, used 147159K [0x0000000080000000, 0x0000000100000000)
  region size 1024K, 7 young (7168K), 7 survivors (7168K)
 Metaspace       used 131724K, capacity 135353K, committed 136552K, reserved 1167360K
  class space    used 16497K, capacity 17872K, committed 18432K, reserved 1048576K
}
Event: 4454.065 GC heap before
{Heap before GC invocations=113 (full 0):
 garbage-first heap   total 270336K, used 230103K [0x0000000080000000, 0x0000000100000000)
  region size 1024K, 79 young (80896K), 7 survivors (7168K)
 Metaspace       used 132168K, capacity 135915K, committed 136552K, reserved 1167360K
  class space    used 16544K, capacity 17959K, committed 18432K, reserved 1048576K
}
Event: 4454.105 GC heap after
{Heap after GC invocations=114 (full 0):
 garbage-first heap   total 270336K, used 159682K [0x0000000080000000, 0x0000000100000000)
  region size 1024K, 10 young (10240K), 10 survivors (10240K)
 Metaspace       used 132168K, capacity 135915K, committed 136552K, reserved 1167360K
  class space    used 16544K, capacity 17959K, committed 18432K, reserved 1048576K
}
Event: 4454.158 GC heap before
{Heap before GC invocations=114 (full 0):
 garbage-first heap   total 270336K, used 162754K [0x0000000080000000, 0x0000000100000000)
  region size 1024K, 13 young (13312K), 10 survivors (10240K)
 Metaspace       used 132170K, capacity 135915K, committed 136552K, reserved 1167360K
  class space    used 16544K, capacity 17959K, committed 18432K, reserved 1048576K
}
Event: 4454.226 GC heap after
{Heap after GC invocations=115 (full 0):
 garbage-first heap   total 270336K, used 151816K [0x0000000080000000, 0x0000000100000000)
  region size 1024K, 2 young (2048K), 2 survivors (2048K)
 Metaspace       used 132170K, capacity 135915K, committed 136552K, reserved 1167360K
  class space    used 16544K, capacity 17959K, committed 18432K, reserved 1048576K
}
Event: 4456.273 GC heap before
{Heap before GC invocations=115 (full 0):
 garbage-first heap   total 270336K, used 197896K [0x0000000080000000, 0x0000000100000000)
  region size 1024K, 49 young (50176K), 2 survivors (2048K)
 Metaspace       used 132309K, capacity 136126K, committed 136808K, reserved 1167360K
  class space    used 16545K, capacity 17960K, committed 18432K, reserved 1048576K
}
Event: 4456.305 GC heap after
{Heap after GC invocations=116 (full 0):
 garbage-first heap   total 270336K, used 155168K [0x0000000080000000, 0x0000000100000000)
  region size 1024K, 6 young (6144K), 6 survivors (6144K)
 Metaspace       used 132309K, capacity 136126K, committed 136808K, reserved 1167360K
  class space    used 16545K, capacity 17960K, committed 18432K, reserved 1048576K
}
Event: 4463.122 GC heap before
{Heap before GC invocations=117 (full 0):
 garbage-first heap   total 270336K, used 221728K [0x0000000080000000, 0x0000000100000000)
  region size 1024K, 64 young (65536K), 6 survivors (6144K)
 Metaspace       used 132798K, capacity 136797K, committed 137320K, reserved 1169408K
  class space    used 16650K, capacity 18153K, committed 18432K, reserved 1048576K
}
Event: 4463.155 GC heap after
{Heap after GC invocations=118 (full 0):
 garbage-first heap   total 270336K, used 160717K [0x0000000080000000, 0x0000000100000000)
  region size 1024K, 8 young (8192K), 8 survivors (8192K)
 Metaspace       used 132798K, capacity 136797K, committed 137320K, reserved 1169408K
  class space    used 16650K, capacity 18153K, committed 18432K, reserved 1048576K
}
Event: 4580.522 GC heap before
{Heap before GC invocations=118 (full 0):
 garbage-first heap   total 270336K, used 165837K [0x0000000080000000, 0x0000000100000000)
  region size 1024K, 13 young (13312K), 8 survivors (8192K)
 Metaspace       used 132900K, capacity 136948K, committed 137320K, reserved 1169408K
  class space    used 16676K, capacity 18202K, committed 18432K, reserved 1048576K
}
Event: 4580.573 GC heap after
{Heap after GC invocations=119 (full 0):
 garbage-first heap   total 270336K, used 145353K [0x0000000080000000, 0x0000000100000000)
  region size 1024K, 2 young (2048K), 2 survivors (2048K)
 Metaspace       used 132900K, capacity 136948K, committed 137320K, reserved 1169408K
  class space    used 16676K, capacity 18202K, committed 18432K, reserved 1048576K
}

Deoptimization events (20 events):
Event: 4451.757 Thread 0x0000021aa493d000 DEOPT PACKING pc=0x0000021a85bb6a5a sp=0x000000e2abff93a0
Event: 4451.757 Thread 0x0000021aa493d000 DEOPT UNPACKING pc=0x0000021a84e56dde sp=0x000000e2abff88c0 mode 0
Event: 4451.794 Thread 0x0000021aa493d000 DEOPT PACKING pc=0x0000021a85bb6a5a sp=0x000000e2abff92d0
Event: 4451.794 Thread 0x0000021aa493d000 DEOPT UNPACKING pc=0x0000021a84e56dde sp=0x000000e2abff87f0 mode 0
Event: 4454.227 Thread 0x0000021aa493d000 Uncommon trap: trap_request=0xfffffff4 fr.pc=0x0000021a8d413a90 relative=0x0000000000000d90
Event: 4454.227 Thread 0x0000021aa493d000 Uncommon trap: reason=null_check action=make_not_entrant pc=0x0000021a8d413a90 method=com.sun.tools.javac.util.UnsharedNameTable.fromUtf([BII)Lcom/sun/tools/javac/util/Name; @ 50 c2
Event: 4454.227 Thread 0x0000021aa493d000 DEOPT PACKING pc=0x0000021a8d413a90 sp=0x000000e2abff55a0
Event: 4454.227 Thread 0x0000021aa493d000 DEOPT UNPACKING pc=0x0000021a84e5662f sp=0x000000e2abff5548 mode 2
Event: 4454.322 Thread 0x0000021aa493d000 DEOPT PACKING pc=0x0000021a8783cf8f sp=0x000000e2abff5270
Event: 4454.322 Thread 0x0000021aa493d000 DEOPT UNPACKING pc=0x0000021a84e56dde sp=0x000000e2abff4728 mode 0
Event: 4454.561 Thread 0x0000021aa493d000 DEOPT PACKING pc=0x0000021a8783cf8f sp=0x000000e2abff5510
Event: 4454.561 Thread 0x0000021aa493d000 DEOPT UNPACKING pc=0x0000021a84e56dde sp=0x000000e2abff49c8 mode 0
Event: 4462.037 Thread 0x0000021a9e518000 DEOPT PACKING pc=0x0000021a86bde858 sp=0x000000e2b33fd700
Event: 4462.037 Thread 0x0000021a9e518000 DEOPT UNPACKING pc=0x0000021a84e56dde sp=0x000000e2b33fcbd0 mode 0
Event: 4462.549 Thread 0x0000021a9ec12800 DEOPT PACKING pc=0x0000021a8599163c sp=0x000000e2b35fd820
Event: 4462.549 Thread 0x0000021a9ec12800 DEOPT UNPACKING pc=0x0000021a84e56dde sp=0x000000e2b35fcce0 mode 0
Event: 4463.204 Thread 0x0000021aa493d000 DEOPT PACKING pc=0x0000021a8599163c sp=0x000000e2abffa2c0
Event: 4463.204 Thread 0x0000021aa493d000 DEOPT UNPACKING pc=0x0000021a84e56dde sp=0x000000e2abff9780 mode 0
Event: 4463.559 Thread 0x0000021aa4705000 DEOPT PACKING pc=0x0000021a87c6369a sp=0x000000e2b19ff0a0
Event: 4463.560 Thread 0x0000021aa4705000 DEOPT UNPACKING pc=0x0000021a84e56dde sp=0x000000e2b19fe540 mode 0

Classes redefined (0 events):
No events

Internal exceptions (20 events):
Event: 4455.198 Thread 0x0000021aa4f11800 Exception <a 'sun/nio/fs/WindowsException'{0x000000008efa3fe8}> (0x000000008efa3fe8) thrown at [./src/hotspot/share/prims/jni.cpp, line 615]
Event: 4455.232 Thread 0x0000021aa4f1a000 Exception <a 'sun/nio/fs/WindowsException'{0x000000008eecec48}> (0x000000008eecec48) thrown at [./src/hotspot/share/prims/jni.cpp, line 615]
Event: 4455.249 Thread 0x0000021aa4f1a000 Exception <a 'sun/nio/fs/WindowsException'{0x000000008ed9d888}> (0x000000008ed9d888) thrown at [./src/hotspot/share/prims/jni.cpp, line 615]
Event: 4455.302 Thread 0x0000021aa4f11800 Exception <a 'sun/nio/fs/WindowsException'{0x000000008ecd1400}> (0x000000008ecd1400) thrown at [./src/hotspot/share/prims/jni.cpp, line 615]
Event: 4455.381 Thread 0x0000021aa4f11800 Exception <a 'sun/nio/fs/WindowsException'{0x000000008ebe8f10}> (0x000000008ebe8f10) thrown at [./src/hotspot/share/prims/jni.cpp, line 615]
Event: 4455.642 Thread 0x0000021aa4f17800 Exception <a 'sun/nio/fs/WindowsException'{0x000000008e83a748}> (0x000000008e83a748) thrown at [./src/hotspot/share/prims/jni.cpp, line 615]
Event: 4455.676 Thread 0x0000021aa4f17800 Exception <a 'sun/nio/fs/WindowsException'{0x000000008e7a4f00}> (0x000000008e7a4f00) thrown at [./src/hotspot/share/prims/jni.cpp, line 615]
Event: 4456.534 Thread 0x0000021aa493d000 Exception <a 'sun/nio/fs/WindowsException'{0x00000000907f05c8}> (0x00000000907f05c8) thrown at [./src/hotspot/share/prims/jni.cpp, line 615]
Event: 4456.534 Thread 0x0000021aa493d000 Exception <a 'sun/nio/fs/WindowsException'{0x00000000907f0708}> (0x00000000907f0708) thrown at [./src/hotspot/share/prims/jni.cpp, line 615]
Event: 4456.535 Thread 0x0000021aa493d000 Exception <a 'sun/nio/fs/WindowsException'{0x00000000907f1fe0}> (0x00000000907f1fe0) thrown at [./src/hotspot/share/prims/jni.cpp, line 615]
Event: 4461.522 Thread 0x0000021aa493d000 Exception <a 'sun/nio/fs/WindowsException'{0x000000008f099920}> (0x000000008f099920) thrown at [./src/hotspot/share/prims/jni.cpp, line 615]
Event: 4461.680 Thread 0x0000021aa493d000 Exception <a 'java/lang/NoClassDefFoundError'{0x000000008ec0edb0}: org/jetbrains/kotlin/gradle/plugin/KotlinBasePluginWrapper> (0x000000008ec0edb0) thrown at [./src/hotspot/share/oops/constantPool.cpp, line 775]
Event: 4461.863 Thread 0x0000021aa493d000 Exception <a 'sun/nio/fs/WindowsException'{0x000000008eaccb28}> (0x000000008eaccb28) thrown at [./src/hotspot/share/prims/jni.cpp, line 615]
Event: 4461.883 Thread 0x0000021aa493d000 Exception <a 'sun/nio/fs/WindowsException'{0x000000008e968218}> (0x000000008e968218) thrown at [./src/hotspot/share/prims/jni.cpp, line 615]
Event: 4461.883 Thread 0x0000021aa493d000 Exception <a 'sun/nio/fs/WindowsException'{0x000000008e969480}> (0x000000008e969480) thrown at [./src/hotspot/share/prims/jni.cpp, line 615]
Event: 4461.884 Thread 0x0000021aa493d000 Exception <a 'sun/nio/fs/WindowsException'{0x000000008e96a738}> (0x000000008e96a738) thrown at [./src/hotspot/share/prims/jni.cpp, line 615]
Event: 4461.885 Thread 0x0000021aa493d000 Exception <a 'sun/nio/fs/WindowsException'{0x000000008e96b9f0}> (0x000000008e96b9f0) thrown at [./src/hotspot/share/prims/jni.cpp, line 615]
Event: 4463.331 Thread 0x0000021aa493d000 Exception <a 'sun/nio/fs/WindowsException'{0x00000000906429f0}> (0x00000000906429f0) thrown at [./src/hotspot/share/prims/jni.cpp, line 615]
Event: 4463.331 Thread 0x0000021aa493d000 Exception <a 'sun/nio/fs/WindowsException'{0x0000000090642b30}> (0x0000000090642b30) thrown at [./src/hotspot/share/prims/jni.cpp, line 615]
Event: 4463.332 Thread 0x0000021aa493d000 Exception <a 'sun/nio/fs/WindowsException'{0x0000000090644408}> (0x0000000090644408) thrown at [./src/hotspot/share/prims/jni.cpp, line 615]

Events (20 events):
Event: 4783.158 Thread 0x0000021aa4f1d000 Thread added: 0x0000021aa4f1d000
Event: 4783.158 Thread 0x0000021aa4f1a000 Thread added: 0x0000021aa4f1a000
Event: 4783.158 Thread 0x0000021aa4f1b800 Thread added: 0x0000021aa4f1b800
Event: 4783.159 Thread 0x0000021aa4f19000 Thread added: 0x0000021aa4f19000
Event: 4783.159 Thread 0x0000021aa4f17800 Thread added: 0x0000021aa4f17800
Event: 4783.160 Thread 0x0000021aa4f1e000 Thread added: 0x0000021aa4f1e000
Event: 4783.160 Thread 0x0000021aa4f18000 Thread added: 0x0000021aa4f18000
Event: 4783.161 Thread 0x0000021aa4f1e800 Thread added: 0x0000021aa4f1e800
Event: 4783.161 Thread 0x0000021aa4f1c800 Thread added: 0x0000021aa4f1c800
Event: 4783.162 Thread 0x0000021aa4938000 Thread added: 0x0000021aa4938000
Event: 4783.162 Thread 0x0000021aa493b800 Thread added: 0x0000021aa493b800
Event: 4783.162 Thread 0x0000021aa493e800 Thread added: 0x0000021aa493e800
Event: 4783.163 Thread 0x0000021aa493c000 Thread added: 0x0000021aa493c000
Event: 4783.163 Thread 0x0000021aa493a000 Thread added: 0x0000021aa493a000
Event: 4783.164 Thread 0x0000021aa4939000 Thread added: 0x0000021aa4939000
Event: 4783.164 Executing VM operation: RevokeBias
Event: 4783.172 Executing coalesced safepoint VM operation: RevokeBias
Event: 4783.172 Executing coalesced safepoint VM operation: RevokeBias done
Event: 4783.172 Executing VM operation: RevokeBias done
Event: 4783.269 Thread 0x0000021a9d952000 Thread added: 0x0000021a9d952000


Dynamic libraries:
0x00007ff7d6c00000 - 0x00007ff7d6c0a000 	C:\01)androidstudiofiles\02)androidstudioinstallationfiles\jre\bin\java.exe
0x00007ffa728f0000 - 0x00007ffa72ae5000 	C:\WINDOWS\SYSTEM32\ntdll.dll
0x00007ffa72370000 - 0x00007ffa7242e000 	C:\WINDOWS\System32\KERNEL32.DLL
0x00007ffa70360000 - 0x00007ffa70628000 	C:\WINDOWS\System32\KERNELBASE.dll
0x00007ffa70820000 - 0x00007ffa70920000 	C:\WINDOWS\System32\ucrtbase.dll
0x00007ffa4f7c0000 - 0x00007ffa4f7d9000 	C:\01)androidstudiofiles\02)androidstudioinstallationfiles\jre\bin\jli.dll
0x00007ffa709e0000 - 0x00007ffa70b80000 	C:\WINDOWS\System32\USER32.dll
0x00007ffa42a50000 - 0x00007ffa42a67000 	C:\01)androidstudiofiles\02)androidstudioinstallationfiles\jre\bin\VCRUNTIME140.dll
0x00007ffa70920000 - 0x00007ffa70942000 	C:\WINDOWS\System32\win32u.dll
0x00007ffa563e0000 - 0x00007ffa5667a000 	C:\WINDOWS\WinSxS\amd64_microsoft.windows.common-controls_6595b64144ccf1df_6.0.19041.1110_none_60b5254171f9507e\COMCTL32.dll
0x00007ffa72880000 - 0x00007ffa728ab000 	C:\WINDOWS\System32\GDI32.dll
0x00007ffa72560000 - 0x00007ffa725fe000 	C:\WINDOWS\System32\msvcrt.dll
0x00007ffa70010000 - 0x00007ffa7011b000 	C:\WINDOWS\System32\gdi32full.dll
0x00007ffa70730000 - 0x00007ffa707cd000 	C:\WINDOWS\System32\msvcp_win.dll
0x00007ffa70c00000 - 0x00007ffa70c30000 	C:\WINDOWS\System32\IMM32.DLL
0x00007ffa2bf10000 - 0x00007ffa2bfad000 	C:\01)androidstudiofiles\02)androidstudioinstallationfiles\jre\bin\msvcp140.dll
0x00007ffa1cbf0000 - 0x00007ffa1d6c5000 	C:\01)androidstudiofiles\02)androidstudioinstallationfiles\jre\bin\server\jvm.dll
0x00007ffa71ee0000 - 0x00007ffa71f8e000 	C:\WINDOWS\System32\ADVAPI32.dll
0x00007ffa72600000 - 0x00007ffa7269c000 	C:\WINDOWS\System32\sechost.dll
0x00007ffa726a0000 - 0x00007ffa727c5000 	C:\WINDOWS\System32\RPCRT4.dll
0x00007ffa71bb0000 - 0x00007ffa71bb8000 	C:\WINDOWS\System32\PSAPI.DLL
0x00007ffa46fb0000 - 0x00007ffa46fb9000 	C:\WINDOWS\SYSTEM32\WSOCK32.dll
0x00007ffa720c0000 - 0x00007ffa7212b000 	C:\WINDOWS\System32\WS2_32.dll
0x00007ffa49860000 - 0x00007ffa49887000 	C:\WINDOWS\SYSTEM32\WINMM.dll
0x00007ffa64440000 - 0x00007ffa6444a000 	C:\WINDOWS\SYSTEM32\VERSION.dll
0x00007ffa6e8b0000 - 0x00007ffa6e8c2000 	C:\WINDOWS\SYSTEM32\kernel.appcore.dll
0x00007ffa3f5a0000 - 0x00007ffa3f5b1000 	C:\01)androidstudiofiles\02)androidstudioinstallationfiles\jre\bin\verify.dll
0x00007ffa6add0000 - 0x00007ffa6afb4000 	C:\WINDOWS\SYSTEM32\DBGHELP.DLL
0x00007ffa4e8f0000 - 0x00007ffa4e91c000 	C:\WINDOWS\SYSTEM32\dbgcore.DLL
0x00007ffa70630000 - 0x00007ffa706b2000 	C:\WINDOWS\System32\bcryptPrimitives.dll
0x00007ffa3c930000 - 0x00007ffa3c959000 	C:\01)androidstudiofiles\02)androidstudioinstallationfiles\jre\bin\java.dll
0x00007ffa64c90000 - 0x00007ffa64c9b000 	C:\01)androidstudiofiles\02)androidstudioinstallationfiles\jre\bin\jimage.dll
0x00007ffa3cc90000 - 0x00007ffa3cca8000 	C:\01)androidstudiofiles\02)androidstudioinstallationfiles\jre\bin\zip.dll
0x00007ffa71460000 - 0x00007ffa71ba4000 	C:\WINDOWS\System32\SHELL32.dll
0x00007ffa6afc0000 - 0x00007ffa6b754000 	C:\WINDOWS\SYSTEM32\windows.storage.dll
0x00007ffa710a0000 - 0x00007ffa713f4000 	C:\WINDOWS\System32\combase.dll
0x00007ffa6fa70000 - 0x00007ffa6fa9c000 	C:\WINDOWS\SYSTEM32\Wldp.dll
0x00007ffa727d0000 - 0x00007ffa7287d000 	C:\WINDOWS\System32\SHCORE.dll
0x00007ffa71400000 - 0x00007ffa71455000 	C:\WINDOWS\System32\shlwapi.dll
0x00007ffa6ff50000 - 0x00007ffa6ff6f000 	C:\WINDOWS\SYSTEM32\profapi.dll
0x00007ffa3c910000 - 0x00007ffa3c92a000 	C:\01)androidstudiofiles\02)androidstudioinstallationfiles\jre\bin\net.dll
0x00007ffa67e30000 - 0x00007ffa67f39000 	C:\WINDOWS\SYSTEM32\WINHTTP.dll
0x00007ffa6f7d0000 - 0x00007ffa6f83a000 	C:\WINDOWS\system32\mswsock.dll
0x00007ffa3c8f0000 - 0x00007ffa3c904000 	C:\01)androidstudiofiles\02)androidstudioinstallationfiles\jre\bin\nio.dll
0x00007ffa2a0a0000 - 0x00007ffa2a0c7000 	C:\Users\Admin\.gradle\native\e1d6ef7f7dcc3fd88c89a11ec53ec762bb8ba0a96d01ffa2cd45eb1d1d8dd5c5\windows-amd64\native-platform.dll
0x00007ffa2bb50000 - 0x00007ffa2bc94000 	C:\Users\Admin\.gradle\native\5664cfc778a61ccfe75a443a1ab52a65af34e5dc3c78e0209fed803814484fcb\windows-amd64\native-platform-file-events.dll
0x00007ffa61140000 - 0x00007ffa6114a000 	C:\01)androidstudiofiles\02)androidstudioinstallationfiles\jre\bin\management.dll
0x00007ffa563d0000 - 0x00007ffa563dd000 	C:\01)androidstudiofiles\02)androidstudioinstallationfiles\jre\bin\management_ext.dll
0x00007ffa6f9c0000 - 0x00007ffa6f9d8000 	C:\WINDOWS\SYSTEM32\CRYPTSP.dll
0x00007ffa6f0e0000 - 0x00007ffa6f114000 	C:\WINDOWS\system32\rsaenh.dll
0x00007ffa701d0000 - 0x00007ffa701f7000 	C:\WINDOWS\System32\bcrypt.dll
0x00007ffa6ff10000 - 0x00007ffa6ff3e000 	C:\WINDOWS\SYSTEM32\USERENV.dll
0x00007ffa6f9e0000 - 0x00007ffa6f9ec000 	C:\WINDOWS\SYSTEM32\CRYPTBASE.dll
0x00007ffa6f470000 - 0x00007ffa6f4ab000 	C:\WINDOWS\SYSTEM32\IPHLPAPI.DLL
0x00007ffa72360000 - 0x00007ffa72368000 	C:\WINDOWS\System32\NSI.dll
0x00007ffa613e0000 - 0x00007ffa613f7000 	C:\WINDOWS\SYSTEM32\dhcpcsvc6.DLL
0x00007ffa61410000 - 0x00007ffa6142d000 	C:\WINDOWS\SYSTEM32\dhcpcsvc.DLL
0x00007ffa6f4c0000 - 0x00007ffa6f58a000 	C:\WINDOWS\SYSTEM32\DNSAPI.dll
0x00007ffa6ed10000 - 0x00007ffa6ed43000 	C:\WINDOWS\SYSTEM32\ntmarta.dll
0x00007ffa55ce0000 - 0x00007ffa55d07000 	C:\01)androidstudiofiles\02)androidstudioinstallationfiles\jre\bin\sunec.dll

dbghelp: loaded successfully - version: 4.0.5 - missing functions: none
symbol engine: initialized successfully - sym options: 0x614 - pdb path: .;C:\01)androidstudiofiles\02)androidstudioinstallationfiles\jre\bin;C:\WINDOWS\SYSTEM32;C:\WINDOWS\WinSxS\amd64_microsoft.windows.common-controls_6595b64144ccf1df_6.0.19041.1110_none_60b5254171f9507e;C:\01)androidstudiofiles\02)androidstudioinstallationfiles\jre\bin\server;C:\Users\Admin\.gradle\native\e1d6ef7f7dcc3fd88c89a11ec53ec762bb8ba0a96d01ffa2cd45eb1d1d8dd5c5\windows-amd64;C:\Users\Admin\.gradle\native\5664cfc778a61ccfe75a443a1ab52a65af34e5dc3c78e0209fed803814484fcb\windows-amd64

VM Arguments:
jvm_args: --add-opens=java.base/java.util=ALL-UNNAMED --add-opens=java.base/java.lang=ALL-UNNAMED --add-opens=java.base/java.lang.invoke=ALL-UNNAMED --add-opens=java.base/java.util=ALL-UNNAMED --add-opens=java.prefs/java.util.prefs=ALL-UNNAMED --add-opens=java.prefs/java.util.prefs=ALL-UNNAMED --add-opens=java.base/java.nio.charset=ALL-UNNAMED --add-opens=java.base/java.net=ALL-UNNAMED --add-opens=java.base/java.util.concurrent.atomic=ALL-UNNAMED -Xmx2048m -Dfile.encoding=UTF-8 -Duser.country=US -Duser.language=en -Duser.variant 
java_command: org.gradle.launcher.daemon.bootstrap.GradleDaemon 7.2
java_class_path (initial): C:\Users\Admin\.gradle\wrapper\dists\gradle-7.2-bin\2dnblmf4td7x66yl1d74lt32g\gradle-7.2\lib\gradle-launcher-7.2.jar
Launcher Type: SUN_STANDARD

[Global flags]
     intx CICompilerCount                          = 4                                         {product} {ergonomic}
     uint ConcGCThreads                            = 2                                         {product} {ergonomic}
     uint G1ConcRefinementThreads                  = 8                                         {product} {ergonomic}
   size_t G1HeapRegionSize                         = 1048576                                   {product} {ergonomic}
    uintx GCDrainStackTargetSize                   = 64                                        {product} {ergonomic}
   size_t InitialHeapSize                          = 132120576                                 {product} {ergonomic}
   size_t MarkStackSize                            = 4194304                                   {product} {ergonomic}
   size_t MaxHeapSize                              = 2147483648                                {product} {command line}
   size_t MaxNewSize                               = 1287651328                                {product} {ergonomic}
   size_t MinHeapDeltaBytes                        = 1048576                                   {product} {ergonomic}
    uintx NonNMethodCodeHeapSize                   = 5836300                                {pd product} {ergonomic}
    uintx NonProfiledCodeHeapSize                  = 122910970                              {pd product} {ergonomic}
    uintx ProfiledCodeHeapSize                     = 122910970                              {pd product} {ergonomic}
    uintx ReservedCodeCacheSize                    = 251658240                              {pd product} {ergonomic}
     bool SegmentedCodeCache                       = true                                      {product} {ergonomic}
     bool UseCompressedClassPointers               = true                                 {lp64_product} {ergonomic}
     bool UseCompressedOops                        = true                                 {lp64_product} {ergonomic}
     bool UseG1GC                                  = true                                      {product} {ergonomic}
     bool UseLargePagesIndividualAllocation        = false                                  {pd product} {ergonomic}

Logging:
Log output configuration:
 #0: stdout all=warning uptime,level,tags
 #1: stderr all=off uptime,level,tags

Environment Variables:
PATH=C:\Program Files (x86)\Common Files\Oracle\Java\javapath;C:\Program Files\Common Files\Oracle\Java\javapath;C:\ProgramData\Oracle\Java\javapath;C:\WINDOWS\system32;C:\WINDOWS;C:\WINDOWS\System32\Wbem;C:\WINDOWS\System32\WindowsPowerShell\v1.0\;C:\WINDOWS\System32\OpenSSH\;C:\Program Files\Java\jdk-14\bin;C:\Program Files\Git\cmd;C:\Program Files\nodejs\;C:\Users\Admin\AppData\Local\Microsoft\WindowsApps;C:\Users\Admin\AppData\Roaming\npm;
USERNAME=Admin
OS=Windows_NT
PROCESSOR_IDENTIFIER=Intel64 Family 6 Model 142 Stepping 10, GenuineIntel



---------------  S Y S T E M  ---------------

OS: Windows 10 , 64 bit Build 19041 (10.0.19041.1566)
OS uptime: 0 days 1:57 hours

CPU:total 8 (initial active 8) (4 cores per cpu, 2 threads per core) family 6 model 142 stepping 10 microcode 0xb4, cmov, cx8, fxsr, mmx, sse, sse2, sse3, ssse3, sse4.1, sse4.2, popcnt, avx, avx2, aes, clmul, erms, 3dnowpref, lzcnt, ht, tsc, tscinvbit, bmi1, bmi2, adx, fma

Memory: 4k page, system-wide physical 8026M (1751M free)
TotalPageFile size 9050M (AvailPageFile size 54M)
current process WorkingSet (physical memory assigned to process): 545M, peak: 599M
current process commit charge ("private bytes"): 680M, peak: 718M

vm_info: OpenJDK 64-Bit Server VM (11.0.11+9-b60-7590822) for windows-amd64 JRE (11.0.11+9-b60-7590822), built on Jul 29 2021 21:43:44 by "builder" with MS VC++ 14.0 (VS2015)

END.
